<?xml version="1.0" encoding="UTF-8"?>
<coverage generated="1771806442089" clover="3.2.0">
  <project timestamp="1771806442089" name="All files">
    <metrics statements="2121" coveredstatements="1507" conditionals="1642" coveredconditionals="933" methods="563" coveredmethods="324" elements="4326" coveredelements="2764" complexity="0" loc="2121" ncloc="2121" packages="29" files="106" classes="106"/>
    <package name="src">
      <metrics statements="19" coveredstatements="0" conditionals="6" coveredconditionals="0" methods="6" coveredmethods="0"/>
      <file name="App.tsx" path="/Users/bibhutipoudyal/Projects/crcit/cleave-form-builder/src/App.tsx">
        <metrics statements="4" coveredstatements="0" conditionals="0" coveredconditionals="0" methods="1" coveredmethods="0"/>
        <line num="1" count="0" type="stmt"/>
        <line num="2" count="0" type="stmt"/>
        <line num="5" count="0" type="stmt"/>
        <line num="29" count="0" type="stmt"/>
      </file>
      <file name="BuilderPanel.tsx" path="/Users/bibhutipoudyal/Projects/crcit/cleave-form-builder/src/BuilderPanel.tsx">
        <metrics statements="11" coveredstatements="0" conditionals="6" coveredconditionals="0" methods="2" coveredmethods="0"/>
        <line num="1" count="0" type="stmt"/>
        <line num="2" count="0" type="stmt"/>
        <line num="3" count="0" type="stmt"/>
        <line num="4" count="0" type="stmt"/>
        <line num="5" count="0" type="stmt"/>
        <line num="8" count="0" type="stmt"/>
        <line num="9" count="0" type="stmt"/>
        <line num="11" count="0" type="stmt"/>
        <line num="12" count="0" type="stmt"/>
        <line num="15" count="0" type="stmt"/>
        <line num="33" count="0" type="stmt"/>
      </file>
      <file name="ComponentShowcase.tsx" path="/Users/bibhutipoudyal/Projects/crcit/cleave-form-builder/src/ComponentShowcase.tsx">
        <metrics statements="2" coveredstatements="0" conditionals="0" coveredconditionals="0" methods="1" coveredmethods="0"/>
        <line num="1" count="0" type="stmt"/>
        <line num="2" count="0" type="stmt"/>
      </file>
      <file name="index.tsx" path="/Users/bibhutipoudyal/Projects/crcit/cleave-form-builder/src/index.tsx">
        <metrics statements="2" coveredstatements="0" conditionals="0" coveredconditionals="0" methods="2" coveredmethods="0"/>
        <line num="1" count="0" type="stmt"/>
        <line num="2" count="0" type="stmt"/>
      </file>
    </package>
    <package name="src.BuilderPanelTabs.FormBuilder">
      <metrics statements="25" coveredstatements="7" conditionals="0" coveredconditionals="0" methods="9" coveredmethods="0"/>
      <file name="FormBuilder.tsx" path="/Users/bibhutipoudyal/Projects/crcit/cleave-form-builder/src/BuilderPanelTabs/FormBuilder/FormBuilder.tsx">
        <metrics statements="7" coveredstatements="0" conditionals="0" coveredconditionals="0" methods="1" coveredmethods="0"/>
        <line num="1" count="0" type="stmt"/>
        <line num="2" count="0" type="stmt"/>
        <line num="3" count="0" type="stmt"/>
        <line num="5" count="0" type="stmt"/>
        <line num="9" count="0" type="stmt"/>
        <line num="11" count="0" type="stmt"/>
        <line num="12" count="0" type="stmt"/>
      </file>
      <file name="constants.ts" path="/Users/bibhutipoudyal/Projects/crcit/cleave-form-builder/src/BuilderPanelTabs/FormBuilder/constants.ts">
        <metrics statements="7" coveredstatements="7" conditionals="0" coveredconditionals="0" methods="0" coveredmethods="0"/>
        <line num="3" count="38" type="stmt"/>
        <line num="4" count="38" type="stmt"/>
        <line num="7" count="38" type="stmt"/>
        <line num="16" count="38" type="stmt"/>
        <line num="17" count="38" type="stmt"/>
        <line num="18" count="38" type="stmt"/>
        <line num="20" count="38" type="stmt"/>
      </file>
      <file name="foundation.ts" path="/Users/bibhutipoudyal/Projects/crcit/cleave-form-builder/src/BuilderPanelTabs/FormBuilder/foundation.ts">
        <metrics statements="3" coveredstatements="0" conditionals="0" coveredconditionals="0" methods="0" coveredmethods="0"/>
        <line num="7" count="0" type="stmt"/>
        <line num="10" count="0" type="stmt"/>
        <line num="12" count="0" type="stmt"/>
      </file>
      <file name="index.tsx" path="/Users/bibhutipoudyal/Projects/crcit/cleave-form-builder/src/BuilderPanelTabs/FormBuilder/index.tsx">
        <metrics statements="8" coveredstatements="0" conditionals="0" coveredconditionals="0" methods="8" coveredmethods="0"/>
        <line num="1" count="0" type="stmt"/>
        <line num="2" count="0" type="stmt"/>
        <line num="3" count="0" type="stmt"/>
        <line num="4" count="0" type="stmt"/>
        <line num="5" count="0" type="stmt"/>
        <line num="6" count="0" type="stmt"/>
        <line num="7" count="0" type="stmt"/>
        <line num="8" count="0" type="stmt"/>
      </file>
    </package>
    <package name="src.BuilderPanelTabs.FormBuilder.components">
      <metrics statements="45" coveredstatements="23" conditionals="10" coveredconditionals="2" methods="14" coveredmethods="7"/>
      <file name="BuilderShell.tsx" path="/Users/bibhutipoudyal/Projects/crcit/cleave-form-builder/src/BuilderPanelTabs/FormBuilder/components/BuilderShell.tsx">
        <metrics statements="21" coveredstatements="0" conditionals="8" coveredconditionals="0" methods="6" coveredmethods="0"/>
        <line num="1" count="0" type="stmt"/>
        <line num="3" count="0" type="stmt"/>
        <line num="4" count="0" type="stmt"/>
        <line num="5" count="0" type="stmt"/>
        <line num="6" count="0" type="stmt"/>
        <line num="7" count="0" type="stmt"/>
        <line num="8" count="0" type="stmt"/>
        <line num="9" count="0" type="stmt"/>
        <line num="11" count="0" type="stmt"/>
        <line num="12" count="0" type="stmt"/>
        <line num="13" count="0" type="stmt"/>
        <line num="15" count="0" type="stmt"/>
        <line num="16" count="0" type="stmt"/>
        <line num="20" count="0" type="stmt"/>
        <line num="21" count="0" type="cond" truecount="0" falsecount="4"/>
        <line num="22" count="0" type="stmt"/>
        <line num="23" count="0" type="cond" truecount="0" falsecount="2"/>
        <line num="24" count="0" type="stmt"/>
        <line num="29" count="0" type="stmt"/>
        <line num="36" count="0" type="stmt"/>
        <line num="42" count="0" type="stmt"/>
      </file>
      <file name="LinkModal.tsx" path="/Users/bibhutipoudyal/Projects/crcit/cleave-form-builder/src/BuilderPanelTabs/FormBuilder/components/LinkModal.tsx">
        <metrics statements="24" coveredstatements="23" conditionals="2" coveredconditionals="2" methods="8" coveredmethods="7"/>
        <line num="1" count="1" type="stmt"/>
        <line num="2" count="1" type="stmt"/>
        <line num="3" count="1" type="stmt"/>
        <line num="4" count="1" type="stmt"/>
        <line num="13" count="1" type="stmt"/>
        <line num="19" count="129" type="stmt"/>
        <line num="20" count="129" type="stmt"/>
        <line num="21" count="129" type="stmt"/>
        <line num="22" count="129" type="stmt"/>
        <line num="23" count="129" type="stmt"/>
        <line num="26" count="129" type="stmt"/>
        <line num="27" count="30" type="stmt"/>
        <line num="30" count="129" type="stmt"/>
        <line num="32" count="8" type="stmt"/>
        <line num="33" count="8" type="stmt"/>
        <line num="34" count="8" type="stmt"/>
        <line num="38" count="129" type="stmt"/>
        <line num="47" count="14" type="stmt"/>
        <line num="61" count="72" type="stmt"/>
        <line num="96" count="1" type="stmt"/>
        <line num="97" count="0" type="stmt"/>
        <line num="98" count="1" type="stmt"/>
        <line num="109" count="129" type="stmt"/>
        <line num="127" count="129" type="stmt"/>
      </file>
    </package>
    <package name="src.BuilderPanelTabs.FormBuilder.components.Canvas">
      <metrics statements="110" coveredstatements="57" conditionals="62" coveredconditionals="30" methods="23" coveredmethods="13"/>
      <file name="AddLinkButton.tsx" path="/Users/bibhutipoudyal/Projects/crcit/cleave-form-builder/src/BuilderPanelTabs/FormBuilder/components/Canvas/AddLinkButton.tsx">
        <metrics statements="43" coveredstatements="43" conditionals="25" coveredconditionals="18" methods="9" coveredmethods="9"/>
        <line num="1" count="1" type="stmt"/>
        <line num="2" count="1" type="stmt"/>
        <line num="3" count="1" type="stmt"/>
        <line num="4" count="1" type="stmt"/>
        <line num="5" count="1" type="stmt"/>
        <line num="6" count="1" type="stmt"/>
        <line num="12" count="1" type="stmt"/>
        <line num="13" count="40" type="stmt"/>
        <line num="14" count="40" type="stmt"/>
        <line num="15" count="40" type="stmt"/>
        <line num="18" count="40" type="stmt"/>
        <line num="19" count="18" type="stmt"/>
        <line num="20" count="12" type="stmt"/>
        <line num="21" count="12" type="cond" truecount="1" falsecount="1"/>
        <line num="24" count="12" type="stmt"/>
        <line num="25" count="12" type="cond" truecount="1" falsecount="1"/>
        <line num="26" count="12" type="stmt"/>
        <line num="27" count="12" type="cond" truecount="2" falsecount="0"/>
        <line num="28" count="1" type="stmt"/>
        <line num="32" count="11" type="stmt"/>
        <line num="34" count="11" type="cond" truecount="3" falsecount="1"/>
        <line num="35" count="11" type="stmt"/>
        <line num="39" count="18" type="stmt"/>
        <line num="40" count="18" type="stmt"/>
        <line num="43" count="40" type="stmt"/>
        <line num="44" count="7" type="cond" truecount="1" falsecount="1"/>
        <line num="45" count="7" type="stmt"/>
        <line num="49" count="40" type="stmt"/>
        <line num="50" count="3" type="cond" truecount="1" falsecount="1"/>
        <line num="52" count="3" type="stmt"/>
        <line num="53" count="3" type="cond" truecount="3" falsecount="1"/>
        <line num="56" count="3" type="cond" truecount="1" falsecount="1"/>
        <line num="57" count="3" type="stmt"/>
        <line num="59" count="3" type="stmt"/>
        <line num="60" count="3" type="stmt"/>
        <line num="61" count="3" type="stmt"/>
        <line num="64" count="40" type="stmt"/>
        <line num="65" count="1" type="stmt"/>
        <line num="66" count="1" type="stmt"/>
        <line num="70" count="60" type="stmt"/>
        <line num="71" count="40" type="cond" truecount="3" falsecount="0"/>
        <line num="75" count="40" type="cond" truecount="2" falsecount="0"/>
        <line num="77" count="40" type="stmt"/>
      </file>
      <file name="Canvas.tsx" path="/Users/bibhutipoudyal/Projects/crcit/cleave-form-builder/src/BuilderPanelTabs/FormBuilder/components/Canvas/Canvas.tsx">
        <metrics statements="19" coveredstatements="0" conditionals="2" coveredconditionals="0" methods="3" coveredmethods="0"/>
        <line num="1" count="0" type="stmt"/>
        <line num="2" count="0" type="stmt"/>
        <line num="3" count="0" type="stmt"/>
        <line num="5" count="0" type="stmt"/>
        <line num="6" count="0" type="stmt"/>
        <line num="7" count="0" type="stmt"/>
        <line num="8" count="0" type="stmt"/>
        <line num="9" count="0" type="stmt"/>
        <line num="10" count="0" type="stmt"/>
        <line num="11" count="0" type="stmt"/>
        <line num="20" count="0" type="stmt"/>
        <line num="21" count="0" type="stmt"/>
        <line num="22" count="0" type="stmt"/>
        <line num="25" count="0" type="stmt"/>
        <line num="27" count="0" type="stmt"/>
        <line num="29" count="0" type="stmt"/>
        <line num="37" count="0" type="stmt"/>
        <line num="41" count="0" type="stmt"/>
        <line num="42" count="0" type="stmt"/>
      </file>
      <file name="CanvasResizer.tsx" path="/Users/bibhutipoudyal/Projects/crcit/cleave-form-builder/src/BuilderPanelTabs/FormBuilder/components/Canvas/CanvasResizer.tsx">
        <metrics statements="30" coveredstatements="0" conditionals="14" coveredconditionals="0" methods="6" coveredmethods="0"/>
        <line num="1" count="0" type="stmt"/>
        <line num="2" count="0" type="stmt"/>
        <line num="12" count="0" type="stmt"/>
        <line num="19" count="0" type="stmt"/>
        <line num="21" count="0" type="stmt"/>
        <line num="22" count="0" type="stmt"/>
        <line num="23" count="0" type="stmt"/>
        <line num="26" count="0" type="stmt"/>
        <line num="27" count="0" type="stmt"/>
        <line num="28" count="0" type="cond" truecount="0" falsecount="4"/>
        <line num="30" count="0" type="stmt"/>
        <line num="31" count="0" type="stmt"/>
        <line num="34" count="0" type="cond" truecount="0" falsecount="4"/>
        <line num="35" count="0" type="stmt"/>
        <line num="39" count="0" type="stmt"/>
        <line num="40" count="0" type="stmt"/>
        <line num="41" count="0" type="cond" truecount="0" falsecount="4"/>
        <line num="42" count="0" type="stmt"/>
        <line num="43" count="0" type="stmt"/>
        <line num="47" count="0" type="cond" truecount="0" falsecount="2"/>
        <line num="48" count="0" type="stmt"/>
        <line num="49" count="0" type="stmt"/>
        <line num="50" count="0" type="stmt"/>
        <line num="51" count="0" type="stmt"/>
        <line num="54" count="0" type="stmt"/>
        <line num="55" count="0" type="stmt"/>
        <line num="56" count="0" type="stmt"/>
        <line num="57" count="0" type="stmt"/>
        <line num="58" count="0" type="stmt"/>
        <line num="62" count="0" type="stmt"/>
      </file>
      <file name="CanvasToolbar.tsx" path="/Users/bibhutipoudyal/Projects/crcit/cleave-form-builder/src/BuilderPanelTabs/FormBuilder/components/Canvas/CanvasToolbar.tsx">
        <metrics statements="14" coveredstatements="14" conditionals="12" coveredconditionals="12" methods="4" coveredmethods="4"/>
        <line num="1" count="1" type="stmt"/>
        <line num="2" count="1" type="stmt"/>
        <line num="3" count="1" type="stmt"/>
        <line num="4" count="1" type="stmt"/>
        <line num="12" count="1" type="stmt"/>
        <line num="14" count="29" type="stmt"/>
        <line num="15" count="29" type="cond" truecount="2" falsecount="0"/>
        <line num="16" count="28" type="cond" truecount="2" falsecount="0"/>
        <line num="17" count="27" type="cond" truecount="2" falsecount="0"/>
        <line num="18" count="4" type="cond" truecount="2" falsecount="0"/>
        <line num="19" count="2" type="cond" truecount="2" falsecount="0"/>
        <line num="20" count="1" type="stmt"/>
        <line num="23" count="29" type="stmt"/>
        <line num="29" count="174" type="cond" truecount="2" falsecount="0"/>
      </file>
      <file name="EmptyState.tsx" path="/Users/bibhutipoudyal/Projects/crcit/cleave-form-builder/src/BuilderPanelTabs/FormBuilder/components/Canvas/EmptyState.tsx">
        <metrics statements="4" coveredstatements="0" conditionals="9" coveredconditionals="0" methods="1" coveredmethods="0"/>
        <line num="1" count="0" type="stmt"/>
        <line num="2" count="0" type="stmt"/>
        <line num="8" count="0" type="stmt"/>
        <line num="11" count="0" type="stmt"/>
      </file>
    </package>
    <package name="src.BuilderPanelTabs.FormBuilder.components.ConfigPanel">
      <metrics statements="18" coveredstatements="0" conditionals="26" coveredconditionals="0" methods="3" coveredmethods="0"/>
      <file name="BottomActionBar.tsx" path="/Users/bibhutipoudyal/Projects/crcit/cleave-form-builder/src/BuilderPanelTabs/FormBuilder/components/ConfigPanel/BottomActionBar.tsx">
        <metrics statements="6" coveredstatements="0" conditionals="12" coveredconditionals="0" methods="1" coveredmethods="0"/>
        <line num="1" count="0" type="stmt"/>
        <line num="5" count="0" type="stmt"/>
        <line num="6" count="0" type="stmt"/>
        <line num="28" count="0" type="stmt"/>
        <line num="29" count="0" type="stmt"/>
        <line num="31" count="0" type="stmt"/>
      </file>
      <file name="ConfigPanel.tsx" path="/Users/bibhutipoudyal/Projects/crcit/cleave-form-builder/src/BuilderPanelTabs/FormBuilder/components/ConfigPanel/ConfigPanel.tsx">
        <metrics statements="12" coveredstatements="0" conditionals="14" coveredconditionals="0" methods="2" coveredmethods="0"/>
        <line num="1" count="0" type="stmt"/>
        <line num="2" count="0" type="stmt"/>
        <line num="3" count="0" type="stmt"/>
        <line num="4" count="0" type="stmt"/>
        <line num="5" count="0" type="stmt"/>
        <line num="6" count="0" type="stmt"/>
        <line num="13" count="0" type="stmt"/>
        <line num="14" count="0" type="stmt"/>
        <line num="17" count="0" type="cond" truecount="0" falsecount="4"/>
        <line num="18" count="0" type="stmt"/>
        <line num="27" count="0" type="stmt"/>
        <line num="32" count="0" type="cond" truecount="0" falsecount="2"/>
      </file>
    </package>
    <package name="src.BuilderPanelTabs.FormBuilder.components.ElementPalette">
      <metrics statements="24" coveredstatements="0" conditionals="10" coveredconditionals="0" methods="10" coveredmethods="0"/>
      <file name="ElementPalette.tsx" path="/Users/bibhutipoudyal/Projects/crcit/cleave-form-builder/src/BuilderPanelTabs/FormBuilder/components/ElementPalette/ElementPalette.tsx">
        <metrics statements="24" coveredstatements="0" conditionals="10" coveredconditionals="0" methods="10" coveredmethods="0"/>
        <line num="1" count="0" type="stmt"/>
        <line num="2" count="0" type="stmt"/>
        <line num="3" count="0" type="stmt"/>
        <line num="4" count="0" type="stmt"/>
        <line num="24" count="0" type="stmt"/>
        <line num="25" count="0" type="stmt"/>
        <line num="26" count="0" type="stmt"/>
        <line num="41" count="0" type="stmt"/>
        <line num="93" count="0" type="stmt"/>
        <line num="94" count="0" type="stmt"/>
        <line num="103" count="0" type="cond" truecount="0" falsecount="2"/>
        <line num="104" count="0" type="stmt"/>
        <line num="118" count="0" type="stmt"/>
        <line num="136" count="0" type="stmt"/>
        <line num="139" count="0" type="stmt"/>
        <line num="141" count="0" type="stmt"/>
        <line num="144" count="0" type="stmt"/>
        <line num="146" count="0" type="stmt"/>
        <line num="148" count="0" type="stmt"/>
        <line num="158" count="0" type="stmt"/>
        <line num="169" count="0" type="stmt"/>
        <line num="173" count="0" type="stmt"/>
        <line num="193" count="0" type="stmt"/>
        <line num="201" count="0" type="stmt"/>
      </file>
    </package>
    <package name="src.BuilderPanelTabs.FormBuilder.components.FormRenderer">
      <metrics statements="48" coveredstatements="33" conditionals="28" coveredconditionals="11" methods="8" coveredmethods="6"/>
      <file name="FieldRenderer.tsx" path="/Users/bibhutipoudyal/Projects/crcit/cleave-form-builder/src/BuilderPanelTabs/FormBuilder/components/FormRenderer/FieldRenderer.tsx">
        <metrics statements="6" coveredstatements="6" conditionals="2" coveredconditionals="2" methods="1" coveredmethods="1"/>
        <line num="2" count="3" type="stmt"/>
        <line num="10" count="3" type="stmt"/>
        <line num="11" count="53" type="stmt"/>
        <line num="13" count="53" type="cond" truecount="2" falsecount="0"/>
        <line num="14" count="1" type="stmt"/>
        <line num="17" count="52" type="stmt"/>
      </file>
      <file name="FormRenderer.tsx" path="/Users/bibhutipoudyal/Projects/crcit/cleave-form-builder/src/BuilderPanelTabs/FormBuilder/components/FormRenderer/FormRenderer.tsx">
        <metrics statements="42" coveredstatements="27" conditionals="26" coveredconditionals="9" methods="7" coveredmethods="5"/>
        <line num="5" count="2" type="stmt"/>
        <line num="8" count="2" type="stmt"/>
        <line num="9" count="2" type="stmt"/>
        <line num="11" count="2" type="stmt"/>
        <line num="12" count="2" type="stmt"/>
        <line num="13" count="2" type="stmt"/>
        <line num="14" count="2" type="stmt"/>
        <line num="15" count="2" type="stmt"/>
        <line num="26" count="2" type="stmt"/>
        <line num="27" count="16" type="stmt"/>
        <line num="28" count="16" type="stmt"/>
        <line num="30" count="16" type="stmt"/>
        <line num="31" count="0" type="stmt"/>
        <line num="35" count="16" type="stmt"/>
        <line num="37" count="16" type="stmt"/>
        <line num="38" count="32" type="stmt"/>
        <line num="39" count="32" type="cond" truecount="2" falsecount="0"/>
        <line num="41" count="32" type="stmt"/>
        <line num="43" count="32" type="cond" truecount="1" falsecount="1"/>
        <line num="44" count="0" type="stmt"/>
        <line num="47" count="32" type="cond" truecount="1" falsecount="5"/>
        <line num="49" count="32" type="stmt"/>
        <line num="51" count="0" type="stmt"/>
        <line num="53" count="0" type="stmt"/>
        <line num="55" count="0" type="stmt"/>
        <line num="57" count="0" type="stmt"/>
        <line num="59" count="0" type="stmt"/>
        <line num="63" count="16" type="stmt"/>
        <line num="64" count="0" type="stmt"/>
        <line num="65" count="0" type="cond" truecount="0" falsecount="2"/>
        <line num="67" count="0" type="cond" truecount="0" falsecount="5"/>
        <line num="69" count="0" type="stmt"/>
        <line num="71" count="0" type="stmt"/>
        <line num="73" count="0" type="stmt"/>
        <line num="75" count="0" type="stmt"/>
        <line num="77" count="0" type="stmt"/>
        <line num="81" count="16" type="stmt"/>
        <line num="82" count="32" type="stmt"/>
        <line num="83" count="32" type="cond" truecount="2" falsecount="0"/>
        <line num="86" count="16" type="stmt"/>
        <line num="92" count="32" type="stmt"/>
        <line num="98" count="32" type="stmt"/>
      </file>
    </package>
    <package name="src.BuilderPanelTabs.FormBuilder.components.FormRenderer.elements">
      <metrics statements="352" coveredstatements="231" conditionals="472" coveredconditionals="203" methods="92" coveredmethods="38"/>
      <file name="BuilderButton.tsx" path="/Users/bibhutipoudyal/Projects/crcit/cleave-form-builder/src/BuilderPanelTabs/FormBuilder/components/FormRenderer/elements/BuilderButton.tsx">
        <metrics statements="6" coveredstatements="6" conditionals="4" coveredconditionals="2" methods="1" coveredmethods="1"/>
        <line num="6" count="5" type="stmt"/>
        <line num="7" count="5" type="stmt"/>
        <line num="8" count="5" type="stmt"/>
        <line num="16" count="5" type="stmt"/>
        <line num="21" count="3" type="stmt"/>
        <line num="22" count="3" type="stmt"/>
      </file>
      <file name="BuilderCaptcha.tsx" path="/Users/bibhutipoudyal/Projects/crcit/cleave-form-builder/src/BuilderPanelTabs/FormBuilder/components/FormRenderer/elements/BuilderCaptcha.tsx">
        <metrics statements="3" coveredstatements="3" conditionals="0" coveredconditionals="0" methods="1" coveredmethods="1"/>
        <line num="7" count="5" type="stmt"/>
        <line num="15" count="5" type="stmt"/>
        <line num="16" count="3" type="stmt"/>
      </file>
      <file name="BuilderCheckbox.tsx" path="/Users/bibhutipoudyal/Projects/crcit/cleave-form-builder/src/BuilderPanelTabs/FormBuilder/components/FormRenderer/elements/BuilderCheckbox.tsx">
        <metrics statements="7" coveredstatements="7" conditionals="22" coveredconditionals="9" methods="2" coveredmethods="2"/>
        <line num="8" count="5" type="stmt"/>
        <line num="9" count="5" type="stmt"/>
        <line num="10" count="5" type="stmt"/>
        <line num="18" count="5" type="stmt"/>
        <line num="23" count="3" type="stmt"/>
        <line num="24" count="3" type="stmt"/>
        <line num="35" count="6" type="stmt"/>
      </file>
      <file name="BuilderDate.tsx" path="/Users/bibhutipoudyal/Projects/crcit/cleave-form-builder/src/BuilderPanelTabs/FormBuilder/components/FormRenderer/elements/BuilderDate.tsx">
        <metrics statements="7" coveredstatements="7" conditionals="22" coveredconditionals="10" methods="1" coveredmethods="1"/>
        <line num="8" count="5" type="stmt"/>
        <line num="9" count="5" type="stmt"/>
        <line num="10" count="5" type="stmt"/>
        <line num="11" count="5" type="stmt"/>
        <line num="19" count="5" type="stmt"/>
        <line num="20" count="3" type="stmt"/>
        <line num="21" count="3" type="stmt"/>
      </file>
      <file name="BuilderDivider.tsx" path="/Users/bibhutipoudyal/Projects/crcit/cleave-form-builder/src/BuilderPanelTabs/FormBuilder/components/FormRenderer/elements/BuilderDivider.tsx">
        <metrics statements="9" coveredstatements="9" conditionals="2" coveredconditionals="1" methods="1" coveredmethods="1"/>
        <line num="8" count="5" type="stmt"/>
        <line num="9" count="5" type="stmt"/>
        <line num="10" count="5" type="stmt"/>
        <line num="18" count="5" type="stmt"/>
        <line num="23" count="3" type="stmt"/>
        <line num="25" count="3" type="stmt"/>
        <line num="26" count="3" type="cond" truecount="1" falsecount="1"/>
        <line num="27" count="3" type="stmt"/>
        <line num="30" count="3" type="stmt"/>
      </file>
      <file name="BuilderDropdown.tsx" path="/Users/bibhutipoudyal/Projects/crcit/cleave-form-builder/src/BuilderPanelTabs/FormBuilder/components/FormRenderer/elements/BuilderDropdown.tsx">
        <metrics statements="7" coveredstatements="7" conditionals="24" coveredconditionals="11" methods="2" coveredmethods="2"/>
        <line num="8" count="5" type="stmt"/>
        <line num="9" count="5" type="stmt"/>
        <line num="10" count="5" type="stmt"/>
        <line num="18" count="5" type="stmt"/>
        <line num="23" count="3" type="stmt"/>
        <line num="24" count="3" type="stmt"/>
        <line num="52" count="8" type="stmt"/>
      </file>
      <file name="BuilderEmail.tsx" path="/Users/bibhutipoudyal/Projects/crcit/cleave-form-builder/src/BuilderPanelTabs/FormBuilder/components/FormRenderer/elements/BuilderEmail.tsx">
        <metrics statements="7" coveredstatements="7" conditionals="20" coveredconditionals="9" methods="1" coveredmethods="1"/>
        <line num="8" count="5" type="stmt"/>
        <line num="9" count="5" type="stmt"/>
        <line num="10" count="5" type="stmt"/>
        <line num="11" count="5" type="stmt"/>
        <line num="19" count="5" type="stmt"/>
        <line num="20" count="6" type="stmt"/>
        <line num="22" count="6" type="stmt"/>
      </file>
      <file name="BuilderFieldControls.tsx" path="/Users/bibhutipoudyal/Projects/crcit/cleave-form-builder/src/BuilderPanelTabs/FormBuilder/components/FormRenderer/elements/BuilderFieldControls.tsx">
        <metrics statements="19" coveredstatements="15" conditionals="23" coveredconditionals="20" methods="6" coveredmethods="3"/>
        <line num="4" count="3" type="stmt"/>
        <line num="5" count="3" type="stmt"/>
        <line num="27" count="3" type="stmt"/>
        <line num="36" count="40" type="stmt"/>
        <line num="37" count="40" type="cond" truecount="2" falsecount="0"/>
        <line num="39" count="40" type="stmt"/>
        <line num="40" count="40" type="cond" truecount="2" falsecount="0"/>
        <line num="42" count="40" type="cond" truecount="2" falsecount="0"/>
        <line num="43" count="1" type="stmt"/>
        <line num="46" count="39" type="cond" truecount="2" falsecount="0"/>
        <line num="47" count="5" type="stmt"/>
        <line num="50" count="40" type="stmt"/>
        <line num="53" count="40" type="stmt"/>
        <line num="63" count="0" type="stmt"/>
        <line num="64" count="0" type="stmt"/>
        <line num="66" count="0" type="stmt"/>
        <line num="67" count="0" type="stmt"/>
        <line num="85" count="1" type="stmt"/>
        <line num="86" count="1" type="stmt"/>
      </file>
      <file name="BuilderFieldWrapper.tsx" path="/Users/bibhutipoudyal/Projects/crcit/cleave-form-builder/src/BuilderPanelTabs/FormBuilder/components/FormRenderer/elements/BuilderFieldWrapper.tsx">
        <metrics statements="6" coveredstatements="6" conditionals="4" coveredconditionals="2" methods="1" coveredmethods="1"/>
        <line num="8" count="23" type="stmt"/>
        <line num="9" count="23" type="stmt"/>
        <line num="20" count="23" type="stmt"/>
        <line num="26" count="71" type="stmt"/>
        <line num="29" count="71" type="cond" truecount="2" falsecount="2"/>
        <line num="33" count="71" type="stmt"/>
      </file>
      <file name="BuilderHeading.tsx" path="/Users/bibhutipoudyal/Projects/crcit/cleave-form-builder/src/BuilderPanelTabs/FormBuilder/components/FormRenderer/elements/BuilderHeading.tsx">
        <metrics statements="7" coveredstatements="7" conditionals="6" coveredconditionals="3" methods="1" coveredmethods="1"/>
        <line num="10" count="5" type="stmt"/>
        <line num="11" count="5" type="stmt"/>
        <line num="12" count="5" type="stmt"/>
        <line num="21" count="5" type="stmt"/>
        <line num="26" count="7" type="stmt"/>
        <line num="27" count="7" type="cond" truecount="1" falsecount="1"/>
        <line num="29" count="7" type="stmt"/>
      </file>
      <file name="BuilderImage.tsx" path="/Users/bibhutipoudyal/Projects/crcit/cleave-form-builder/src/BuilderPanelTabs/FormBuilder/components/FormRenderer/elements/BuilderImage.tsx">
        <metrics statements="6" coveredstatements="6" conditionals="22" coveredconditionals="8" methods="1" coveredmethods="1"/>
        <line num="8" count="5" type="stmt"/>
        <line num="9" count="5" type="stmt"/>
        <line num="10" count="5" type="stmt"/>
        <line num="18" count="5" type="stmt"/>
        <line num="19" count="3" type="stmt"/>
        <line num="20" count="3" type="stmt"/>
      </file>
      <file name="BuilderNumber.tsx" path="/Users/bibhutipoudyal/Projects/crcit/cleave-form-builder/src/BuilderPanelTabs/FormBuilder/components/FormRenderer/elements/BuilderNumber.tsx">
        <metrics statements="8" coveredstatements="8" conditionals="20" coveredconditionals="8" methods="1" coveredmethods="1"/>
        <line num="8" count="5" type="stmt"/>
        <line num="9" count="5" type="stmt"/>
        <line num="10" count="5" type="stmt"/>
        <line num="11" count="5" type="stmt"/>
        <line num="12" count="5" type="stmt"/>
        <line num="20" count="5" type="stmt"/>
        <line num="21" count="3" type="stmt"/>
        <line num="22" count="3" type="stmt"/>
      </file>
      <file name="BuilderParagraph.tsx" path="/Users/bibhutipoudyal/Projects/crcit/cleave-form-builder/src/BuilderPanelTabs/FormBuilder/components/FormRenderer/elements/BuilderParagraph.tsx">
        <metrics statements="6" coveredstatements="6" conditionals="4" coveredconditionals="2" methods="1" coveredmethods="1"/>
        <line num="8" count="5" type="stmt"/>
        <line num="9" count="5" type="stmt"/>
        <line num="10" count="5" type="stmt"/>
        <line num="18" count="5" type="stmt"/>
        <line num="23" count="3" type="stmt"/>
        <line num="25" count="3" type="stmt"/>
      </file>
      <file name="BuilderPhone.tsx" path="/Users/bibhutipoudyal/Projects/crcit/cleave-form-builder/src/BuilderPanelTabs/FormBuilder/components/FormRenderer/elements/BuilderPhone.tsx">
        <metrics statements="7" coveredstatements="7" conditionals="20" coveredconditionals="9" methods="1" coveredmethods="1"/>
        <line num="8" count="5" type="stmt"/>
        <line num="9" count="5" type="stmt"/>
        <line num="10" count="5" type="stmt"/>
        <line num="11" count="5" type="stmt"/>
        <line num="19" count="5" type="stmt"/>
        <line num="20" count="3" type="stmt"/>
        <line num="21" count="3" type="stmt"/>
      </file>
      <file name="BuilderRadio.tsx" path="/Users/bibhutipoudyal/Projects/crcit/cleave-form-builder/src/BuilderPanelTabs/FormBuilder/components/FormRenderer/elements/BuilderRadio.tsx">
        <metrics statements="7" coveredstatements="7" conditionals="20" coveredconditionals="9" methods="2" coveredmethods="2"/>
        <line num="8" count="5" type="stmt"/>
        <line num="9" count="5" type="stmt"/>
        <line num="10" count="5" type="stmt"/>
        <line num="18" count="5" type="stmt"/>
        <line num="19" count="3" type="stmt"/>
        <line num="20" count="3" type="stmt"/>
        <line num="31" count="6" type="stmt"/>
      </file>
      <file name="BuilderText.tsx" path="/Users/bibhutipoudyal/Projects/crcit/cleave-form-builder/src/BuilderPanelTabs/FormBuilder/components/FormRenderer/elements/BuilderText.tsx">
        <metrics statements="7" coveredstatements="7" conditionals="20" coveredconditionals="12" methods="1" coveredmethods="1"/>
        <line num="8" count="5" type="stmt"/>
        <line num="9" count="5" type="stmt"/>
        <line num="10" count="5" type="stmt"/>
        <line num="11" count="5" type="stmt"/>
        <line num="19" count="5" type="stmt"/>
        <line num="20" count="10" type="stmt"/>
        <line num="21" count="10" type="stmt"/>
      </file>
      <file name="BuilderTextArea.tsx" path="/Users/bibhutipoudyal/Projects/crcit/cleave-form-builder/src/BuilderPanelTabs/FormBuilder/components/FormRenderer/elements/BuilderTextArea.tsx">
        <metrics statements="7" coveredstatements="7" conditionals="22" coveredconditionals="10" methods="1" coveredmethods="1"/>
        <line num="8" count="5" type="stmt"/>
        <line num="9" count="5" type="stmt"/>
        <line num="10" count="5" type="stmt"/>
        <line num="11" count="5" type="stmt"/>
        <line num="19" count="5" type="stmt"/>
        <line num="24" count="3" type="stmt"/>
        <line num="25" count="3" type="stmt"/>
      </file>
      <file name="BuilderTime.tsx" path="/Users/bibhutipoudyal/Projects/crcit/cleave-form-builder/src/BuilderPanelTabs/FormBuilder/components/FormRenderer/elements/BuilderTime.tsx">
        <metrics statements="7" coveredstatements="7" conditionals="22" coveredconditionals="10" methods="1" coveredmethods="1"/>
        <line num="8" count="5" type="stmt"/>
        <line num="9" count="5" type="stmt"/>
        <line num="10" count="5" type="stmt"/>
        <line num="11" count="5" type="stmt"/>
        <line num="19" count="5" type="stmt"/>
        <line num="20" count="3" type="stmt"/>
        <line num="21" count="3" type="stmt"/>
      </file>
      <file name="BuilderUpload.tsx" path="/Users/bibhutipoudyal/Projects/crcit/cleave-form-builder/src/BuilderPanelTabs/FormBuilder/components/FormRenderer/elements/BuilderUpload.tsx">
        <metrics statements="15" coveredstatements="12" conditionals="43" coveredconditionals="21" methods="2" coveredmethods="1"/>
        <line num="7" count="5" type="stmt"/>
        <line num="9" count="5" type="stmt"/>
        <line num="10" count="5" type="stmt"/>
        <line num="11" count="5" type="stmt"/>
        <line num="19" count="5" type="stmt"/>
        <line num="20" count="3" type="stmt"/>
        <line num="21" count="3" type="stmt"/>
        <line num="23" count="3" type="stmt"/>
        <line num="25" count="0" type="cond" truecount="0" falsecount="2"/>
        <line num="26" count="0" type="cond" truecount="0" falsecount="2"/>
        <line num="29" count="0" type="stmt"/>
        <line num="33" count="3" type="cond" truecount="1" falsecount="1"/>
        <line num="38" count="3" type="cond" truecount="2" falsecount="2"/>
        <line num="43" count="3" type="cond" truecount="1" falsecount="1"/>
        <line num="49" count="3" type="stmt"/>
      </file>
      <file name="BuilderUrl.tsx" path="/Users/bibhutipoudyal/Projects/crcit/cleave-form-builder/src/BuilderPanelTabs/FormBuilder/components/FormRenderer/elements/BuilderUrl.tsx">
        <metrics statements="7" coveredstatements="7" conditionals="20" coveredconditionals="8" methods="1" coveredmethods="1"/>
        <line num="8" count="5" type="stmt"/>
        <line num="9" count="5" type="stmt"/>
        <line num="10" count="5" type="stmt"/>
        <line num="11" count="5" type="stmt"/>
        <line num="19" count="5" type="stmt"/>
        <line num="20" count="3" type="stmt"/>
        <line num="21" count="3" type="stmt"/>
      </file>
      <file name="BuilderVideo.tsx" path="/Users/bibhutipoudyal/Projects/crcit/cleave-form-builder/src/BuilderPanelTabs/FormBuilder/components/FormRenderer/elements/BuilderVideo.tsx">
        <metrics statements="28" coveredstatements="17" conditionals="46" coveredconditionals="18" methods="3" coveredmethods="3"/>
        <line num="8" count="5" type="stmt"/>
        <line num="9" count="5" type="stmt"/>
        <line num="10" count="5" type="stmt"/>
        <line num="18" count="5" type="stmt"/>
        <line num="19" count="3" type="stmt"/>
        <line num="21" count="3" type="stmt"/>
        <line num="22" count="3" type="cond" truecount="1" falsecount="1"/>
        <line num="25" count="3" type="cond" truecount="1" falsecount="1"/>
        <line num="26" count="3" type="stmt"/>
        <line num="27" count="3" type="stmt"/>
        <line num="29" count="0" type="cond" truecount="0" falsecount="2"/>
        <line num="30" count="0" type="stmt"/>
        <line num="31" count="0" type="stmt"/>
        <line num="35" count="0" type="cond" truecount="0" falsecount="2"/>
        <line num="36" count="0" type="stmt"/>
        <line num="38" count="0" type="cond" truecount="0" falsecount="2"/>
        <line num="39" count="0" type="stmt"/>
        <line num="44" count="0" type="cond" truecount="0" falsecount="2"/>
        <line num="45" count="0" type="stmt"/>
        <line num="46" count="0" type="stmt"/>
        <line num="49" count="0" type="stmt"/>
        <line num="52" count="3" type="stmt"/>
        <line num="53" count="3" type="cond" truecount="1" falsecount="1"/>
        <line num="54" count="3" type="stmt"/>
        <line num="57" count="3" type="stmt"/>
        <line num="58" count="3" type="stmt"/>
        <line num="59" count="3" type="cond" truecount="1" falsecount="1"/>
        <line num="61" count="3" type="stmt"/>
      </file>
      <file name="PlaceholderStyles.tsx" path="/Users/bibhutipoudyal/Projects/crcit/cleave-form-builder/src/BuilderPanelTabs/FormBuilder/components/FormRenderer/elements/PlaceholderStyles.tsx">
        <metrics statements="13" coveredstatements="10" conditionals="7" coveredconditionals="4" methods="3" coveredmethods="2"/>
        <line num="1" count="12" type="stmt"/>
        <line num="2" count="12" type="stmt"/>
        <line num="3" count="12" type="stmt"/>
        <line num="10" count="12" type="stmt"/>
        <line num="11" count="34" type="stmt"/>
        <line num="13" count="34" type="cond" truecount="2" falsecount="0"/>
        <line num="15" count="4" type="stmt"/>
        <line num="18" count="4" type="stmt"/>
        <line num="19" count="20" type="cond" truecount="1" falsecount="2"/>
        <line num="23" count="0" type="stmt"/>
        <line num="26" count="0" type="stmt"/>
        <line num="30" count="4" type="cond" truecount="1" falsecount="1"/>
        <line num="32" count="0" type="stmt"/>
      </file>
      <file name="RichText.tsx" path="/Users/bibhutipoudyal/Projects/crcit/cleave-form-builder/src/BuilderPanelTabs/FormBuilder/components/FormRenderer/elements/RichText.tsx">
        <metrics statements="156" coveredstatements="56" conditionals="79" coveredconditionals="17" methods="57" coveredmethods="8"/>
        <line num="1" count="3" type="stmt"/>
        <line num="2" count="3" type="stmt"/>
        <line num="3" count="3" type="stmt"/>
        <line num="4" count="3" type="stmt"/>
        <line num="5" count="3" type="stmt"/>
        <line num="6" count="3" type="stmt"/>
        <line num="7" count="3" type="stmt"/>
        <line num="8" count="3" type="stmt"/>
        <line num="9" count="3" type="stmt"/>
        <line num="10" count="3" type="stmt"/>
        <line num="11" count="3" type="stmt"/>
        <line num="12" count="3" type="stmt"/>
        <line num="26" count="3" type="stmt"/>
        <line num="43" count="3" type="stmt"/>
        <line num="63" count="3" type="stmt"/>
        <line num="66" count="0" type="stmt"/>
        <line num="72" count="0" type="cond" truecount="0" falsecount="2"/>
        <line num="74" count="0" type="cond" truecount="0" falsecount="2"/>
        <line num="75" count="0" type="stmt"/>
        <line num="84" count="3" type="stmt"/>
        <line num="87" count="0" type="stmt"/>
        <line num="93" count="0" type="cond" truecount="0" falsecount="2"/>
        <line num="95" count="0" type="cond" truecount="0" falsecount="2"/>
        <line num="96" count="0" type="stmt"/>
        <line num="105" count="3" type="stmt"/>
        <line num="112" count="0" type="stmt"/>
        <line num="131" count="0" type="stmt"/>
        <line num="134" count="0" type="stmt"/>
        <line num="139" count="0" type="cond" truecount="0" falsecount="2"/>
        <line num="142" count="0" type="cond" truecount="0" falsecount="2"/>
        <line num="143" count="0" type="stmt"/>
        <line num="144" count="0" type="cond" truecount="0" falsecount="2"/>
        <line num="145" count="0" type="stmt"/>
        <line num="151" count="0" type="cond" truecount="0" falsecount="2"/>
        <line num="152" count="0" type="stmt"/>
        <line num="153" count="0" type="cond" truecount="0" falsecount="2"/>
        <line num="154" count="0" type="stmt"/>
        <line num="162" count="0" type="cond" truecount="0" falsecount="2"/>
        <line num="163" count="0" type="stmt"/>
        <line num="164" count="0" type="cond" truecount="0" falsecount="4"/>
        <line num="165" count="0" type="stmt"/>
        <line num="173" count="0" type="cond" truecount="0" falsecount="2"/>
        <line num="174" count="0" type="stmt"/>
        <line num="175" count="0" type="cond" truecount="0" falsecount="2"/>
        <line num="176" count="0" type="stmt"/>
        <line num="183" count="0" type="stmt"/>
        <line num="187" count="7" type="stmt"/>
        <line num="188" count="7" type="stmt"/>
        <line num="189" count="7" type="stmt"/>
        <line num="190" count="7" type="stmt"/>
        <line num="191" count="7" type="stmt"/>
        <line num="192" count="7" type="stmt"/>
        <line num="193" count="7" type="stmt"/>
        <line num="194" count="7" type="stmt"/>
        <line num="196" count="7" type="stmt"/>
        <line num="197" count="7" type="cond" truecount="1" falsecount="1"/>
        <line num="198" count="7" type="stmt"/>
        <line num="199" count="7" type="stmt"/>
        <line num="200" count="7" type="stmt"/>
        <line num="201" count="7" type="stmt"/>
        <line num="202" count="7" type="stmt"/>
        <line num="203" count="7" type="stmt"/>
        <line num="207" count="7" type="cond" truecount="1" falsecount="1"/>
        <line num="209" count="7" type="stmt"/>
        <line num="210" count="7" type="stmt"/>
        <line num="211" count="7" type="cond" truecount="2" falsecount="0"/>
        <line num="212" count="7" type="stmt"/>
        <line num="213" count="7" type="cond" truecount="2" falsecount="0"/>
        <line num="214" count="7" type="cond" truecount="2" falsecount="0"/>
        <line num="217" count="7" type="stmt"/>
        <line num="218" count="7" type="stmt"/>
        <line num="220" count="7" type="stmt"/>
        <line num="221" count="91" type="cond" truecount="1" falsecount="1"/>
        <line num="223" count="7" type="stmt"/>
        <line num="224" count="0" type="stmt"/>
        <line num="225" count="0" type="stmt"/>
        <line num="226" count="0" type="cond" truecount="0" falsecount="2"/>
        <line num="227" count="0" type="stmt"/>
        <line num="228" count="0" type="stmt"/>
        <line num="231" count="7" type="stmt"/>
        <line num="232" count="0" type="cond" truecount="0" falsecount="2"/>
        <line num="233" count="0" type="stmt"/>
        <line num="234" count="0" type="stmt"/>
        <line num="235" count="0" type="stmt"/>
        <line num="236" count="0" type="stmt"/>
        <line num="237" count="0" type="stmt"/>
        <line num="238" count="0" type="cond" truecount="0" falsecount="2"/>
        <line num="239" count="0" type="stmt"/>
        <line num="241" count="0" type="stmt"/>
        <line num="246" count="7" type="stmt"/>
        <line num="247" count="0" type="cond" truecount="0" falsecount="2"/>
        <line num="248" count="0" type="stmt"/>
        <line num="249" count="0" type="stmt"/>
        <line num="250" count="0" type="stmt"/>
        <line num="251" count="0" type="stmt"/>
        <line num="252" count="0" type="stmt"/>
        <line num="256" count="7" type="stmt"/>
        <line num="257" count="0" type="stmt"/>
        <line num="258" count="0" type="stmt"/>
        <line num="259" count="0" type="cond" truecount="0" falsecount="2"/>
        <line num="260" count="0" type="stmt"/>
        <line num="261" count="0" type="stmt"/>
        <line num="263" count="0" type="stmt"/>
        <line num="266" count="7" type="stmt"/>
        <line num="267" count="0" type="stmt"/>
        <line num="268" count="0" type="stmt"/>
        <line num="269" count="0" type="cond" truecount="0" falsecount="2"/>
        <line num="271" count="0" type="stmt"/>
        <line num="272" count="0" type="cond" truecount="0" falsecount="2"/>
        <line num="273" count="0" type="stmt"/>
        <line num="274" count="0" type="stmt"/>
        <line num="277" count="0" type="stmt"/>
        <line num="278" count="0" type="cond" truecount="0" falsecount="2"/>
        <line num="279" count="0" type="stmt"/>
        <line num="280" count="0" type="stmt"/>
        <line num="283" count="0" type="stmt"/>
        <line num="294" count="0" type="stmt"/>
        <line num="297" count="7" type="stmt"/>
        <line num="305" count="0" type="stmt"/>
        <line num="314" count="0" type="stmt"/>
        <line num="327" count="0" type="stmt"/>
        <line num="328" count="0" type="stmt"/>
        <line num="332" count="0" type="stmt"/>
        <line num="338" count="98" type="stmt"/>
        <line num="347" count="0" type="stmt"/>
        <line num="348" count="0" type="stmt"/>
        <line num="352" count="0" type="stmt"/>
        <line num="358" count="119" type="stmt"/>
        <line num="365" count="0" type="stmt"/>
        <line num="374" count="0" type="stmt"/>
        <line num="386" count="0" type="stmt"/>
        <line num="395" count="0" type="stmt"/>
        <line num="404" count="0" type="stmt"/>
        <line num="414" count="0" type="stmt"/>
        <line num="423" count="0" type="stmt"/>
        <line num="432" count="0" type="stmt"/>
        <line num="455" count="0" type="stmt"/>
        <line num="465" count="0" type="stmt"/>
        <line num="476" count="0" type="stmt"/>
        <line num="486" count="0" type="stmt"/>
        <line num="487" count="0" type="cond" truecount="0" falsecount="2"/>
        <line num="504" count="0" type="stmt"/>
        <line num="524" count="0" type="stmt"/>
        <line num="534" count="0" type="stmt"/>
        <line num="535" count="0" type="cond" truecount="0" falsecount="2"/>
        <line num="544" count="0" type="stmt"/>
        <line num="563" count="0" type="stmt"/>
        <line num="573" count="0" type="stmt"/>
        <line num="574" count="0" type="cond" truecount="0" falsecount="2"/>
        <line num="583" count="0" type="stmt"/>
        <line num="603" count="0" type="stmt"/>
        <line num="612" count="0" type="stmt"/>
        <line num="623" count="3" type="stmt"/>
        <line num="630" count="8" type="stmt"/>
        <line num="669" count="1" type="stmt"/>
        <line num="673" count="8" type="stmt"/>
      </file>
    </package>
    <package name="src.BuilderPanelTabs.FormBuilder.components.FormRenderer.elements.__tests__">
      <metrics statements="6" coveredstatements="6" conditionals="0" coveredconditionals="0" methods="1" coveredmethods="1"/>
      <file name="MockFormBuilderProvider.tsx" path="/Users/bibhutipoudyal/Projects/crcit/cleave-form-builder/src/BuilderPanelTabs/FormBuilder/components/FormRenderer/elements/__tests__/MockFormBuilderProvider.tsx">
        <metrics statements="6" coveredstatements="6" conditionals="0" coveredconditionals="0" methods="1" coveredmethods="1"/>
        <line num="1" count="23" type="stmt"/>
        <line num="2" count="23" type="stmt"/>
        <line num="3" count="23" type="stmt"/>
        <line num="6" count="23" type="stmt"/>
        <line num="46" count="23" type="stmt"/>
        <line num="47" count="64" type="stmt"/>
      </file>
    </package>
    <package name="src.BuilderPanelTabs.FormBuilder.components.FormSettings">
      <metrics statements="85" coveredstatements="57" conditionals="66" coveredconditionals="57" methods="34" coveredmethods="17"/>
      <file name="FormSettings.tsx" path="/Users/bibhutipoudyal/Projects/crcit/cleave-form-builder/src/BuilderPanelTabs/FormBuilder/components/FormSettings/FormSettings.tsx">
        <metrics statements="65" coveredstatements="45" conditionals="64" coveredconditionals="57" methods="30" coveredmethods="16"/>
        <line num="1" count="4" type="stmt"/>
        <line num="2" count="4" type="stmt"/>
        <line num="3" count="4" type="stmt"/>
        <line num="4" count="4" type="stmt"/>
        <line num="7" count="4" type="stmt"/>
        <line num="8" count="4" type="stmt"/>
        <line num="66" count="4" type="stmt"/>
        <line num="73" count="4" type="stmt"/>
        <line num="85" count="32" type="stmt"/>
        <line num="91" count="1" type="stmt"/>
        <line num="99" count="32" type="stmt"/>
        <line num="115" count="0" type="stmt"/>
        <line num="120" count="0" type="stmt"/>
        <line num="138" count="0" type="stmt"/>
        <line num="143" count="0" type="stmt"/>
        <line num="167" count="1" type="stmt"/>
        <line num="189" count="0" type="stmt"/>
        <line num="212" count="1" type="stmt"/>
        <line num="230" count="0" type="stmt"/>
        <line num="242" count="4" type="stmt"/>
        <line num="257" count="0" type="stmt"/>
        <line num="275" count="0" type="stmt"/>
        <line num="295" count="0" type="stmt"/>
        <line num="316" count="0" type="stmt"/>
        <line num="337" count="0" type="stmt"/>
        <line num="359" count="0" type="stmt"/>
        <line num="381" count="1" type="stmt"/>
        <line num="391" count="0" type="stmt"/>
        <line num="405" count="0" type="stmt"/>
        <line num="406" count="0" type="stmt"/>
        <line num="414" count="21" type="stmt"/>
        <line num="421" count="4" type="stmt"/>
        <line num="426" count="4" type="stmt"/>
        <line num="430" count="8" type="stmt"/>
        <line num="451" count="8" type="cond" truecount="1" falsecount="1"/>
        <line num="452" count="0" type="stmt"/>
        <line num="453" count="0" type="stmt"/>
        <line num="456" count="0" type="stmt"/>
        <line num="457" count="0" type="stmt"/>
        <line num="458" count="0" type="stmt"/>
        <line num="461" count="8" type="stmt"/>
        <line num="471" count="4" type="stmt"/>
        <line num="474" count="60" type="cond" truecount="1" falsecount="1"/>
        <line num="476" count="60" type="stmt"/>
        <line num="478" count="60" type="stmt"/>
        <line num="543" count="4" type="stmt"/>
        <line num="550" count="47" type="stmt"/>
        <line num="556" count="47" type="stmt"/>
        <line num="557" count="47" type="stmt"/>
        <line num="558" count="26" type="cond" truecount="4" falsecount="0"/>
        <line num="559" count="11" type="stmt"/>
        <line num="564" count="26" type="stmt"/>
        <line num="572" count="47" type="stmt"/>
        <line num="574" count="8" type="stmt"/>
        <line num="575" count="8" type="stmt"/>
        <line num="580" count="8" type="stmt"/>
        <line num="581" count="8" type="stmt"/>
        <line num="582" count="8" type="stmt"/>
        <line num="594" count="47" type="stmt"/>
        <line num="595" count="1" type="stmt"/>
        <line num="603" count="47" type="stmt"/>
        <line num="604" count="2" type="stmt"/>
        <line num="608" count="2" type="stmt"/>
        <line num="611" count="47" type="stmt"/>
        <line num="634" count="1" type="stmt"/>
      </file>
      <file name="FormSettingsTrigger.tsx" path="/Users/bibhutipoudyal/Projects/crcit/cleave-form-builder/src/BuilderPanelTabs/FormBuilder/components/FormSettings/FormSettingsTrigger.tsx">
        <metrics statements="20" coveredstatements="12" conditionals="2" coveredconditionals="0" methods="4" coveredmethods="1"/>
        <line num="1" count="1" type="stmt"/>
        <line num="2" count="1" type="stmt"/>
        <line num="3" count="1" type="stmt"/>
        <line num="4" count="1" type="stmt"/>
        <line num="28" count="1" type="stmt"/>
        <line num="30" count="13" type="stmt"/>
        <line num="34" count="13" type="stmt"/>
        <line num="39" count="13" type="stmt"/>
        <line num="45" count="13" type="stmt"/>
        <line num="47" count="0" type="stmt"/>
        <line num="48" count="0" type="stmt"/>
        <line num="55" count="13" type="stmt"/>
        <line num="58" count="0" type="stmt"/>
        <line num="60" count="0" type="stmt"/>
        <line num="67" count="13" type="stmt"/>
        <line num="68" count="0" type="cond" truecount="0" falsecount="2"/>
        <line num="70" count="0" type="stmt"/>
        <line num="72" count="0" type="stmt"/>
        <line num="74" count="0" type="stmt"/>
        <line num="77" count="13" type="stmt"/>
      </file>
    </package>
    <package name="src.BuilderPanelTabs.FormBuilder.components.JsonEditorPanel">
      <metrics statements="14" coveredstatements="0" conditionals="2" coveredconditionals="0" methods="5" coveredmethods="0"/>
      <file name="JsonEditor.tsx" path="/Users/bibhutipoudyal/Projects/crcit/cleave-form-builder/src/BuilderPanelTabs/FormBuilder/components/JsonEditorPanel/JsonEditor.tsx">
        <metrics statements="3" coveredstatements="0" conditionals="0" coveredconditionals="0" methods="1" coveredmethods="0"/>
        <line num="1" count="0" type="stmt"/>
        <line num="11" count="0" type="stmt"/>
        <line num="12" count="0" type="stmt"/>
      </file>
      <file name="JsonEditorPanel.tsx" path="/Users/bibhutipoudyal/Projects/crcit/cleave-form-builder/src/BuilderPanelTabs/FormBuilder/components/JsonEditorPanel/JsonEditorPanel.tsx">
        <metrics statements="10" coveredstatements="0" conditionals="2" coveredconditionals="0" methods="3" coveredmethods="0"/>
        <line num="1" count="0" type="stmt"/>
        <line num="2" count="0" type="stmt"/>
        <line num="3" count="0" type="stmt"/>
        <line num="4" count="0" type="stmt"/>
        <line num="6" count="0" type="stmt"/>
        <line num="7" count="0" type="stmt"/>
        <line num="8" count="0" type="stmt"/>
        <line num="10" count="0" type="stmt"/>
        <line num="22" count="0" type="stmt"/>
        <line num="38" count="0" type="stmt"/>
      </file>
      <file name="index.ts" path="/Users/bibhutipoudyal/Projects/crcit/cleave-form-builder/src/BuilderPanelTabs/FormBuilder/components/JsonEditorPanel/index.ts">
        <metrics statements="1" coveredstatements="0" conditionals="0" coveredconditionals="0" methods="1" coveredmethods="0"/>
        <line num="1" count="0" type="stmt"/>
      </file>
    </package>
    <package name="src.BuilderPanelTabs.FormBuilder.components.PropertyEditor">
      <metrics statements="17" coveredstatements="14" conditionals="14" coveredconditionals="11" methods="5" coveredmethods="3"/>
      <file name="PropertyEditor.tsx" path="/Users/bibhutipoudyal/Projects/crcit/cleave-form-builder/src/BuilderPanelTabs/FormBuilder/components/PropertyEditor/PropertyEditor.tsx">
        <metrics statements="17" coveredstatements="14" conditionals="14" coveredconditionals="11" methods="5" coveredmethods="3"/>
        <line num="1" count="1" type="stmt"/>
        <line num="2" count="1" type="stmt"/>
        <line num="3" count="1" type="stmt"/>
        <line num="4" count="1" type="stmt"/>
        <line num="5" count="1" type="stmt"/>
        <line num="6" count="1" type="stmt"/>
        <line num="7" count="1" type="stmt"/>
        <line num="14" count="1" type="stmt"/>
        <line num="15" count="5" type="stmt"/>
        <line num="16" count="5" type="stmt"/>
        <line num="18" count="5" type="stmt"/>
        <line num="20" count="5" type="cond" truecount="1" falsecount="1"/>
        <line num="21" count="0" type="stmt"/>
        <line num="28" count="5" type="stmt"/>
        <line num="43" count="0" type="stmt"/>
        <line num="52" count="1" type="stmt"/>
        <line num="61" count="0" type="stmt"/>
      </file>
    </package>
    <package name="src.BuilderPanelTabs.FormBuilder.components.PropertyEditor.components">
      <metrics statements="41" coveredstatements="17" conditionals="22" coveredconditionals="12" methods="12" coveredmethods="3"/>
      <file name="ColorControl.tsx" path="/Users/bibhutipoudyal/Projects/crcit/cleave-form-builder/src/BuilderPanelTabs/FormBuilder/components/PropertyEditor/components/ColorControl.tsx">
        <metrics statements="8" coveredstatements="6" conditionals="7" coveredconditionals="6" methods="3" coveredmethods="1"/>
        <line num="1" count="4" type="stmt"/>
        <line num="10" count="4" type="stmt"/>
        <line num="16" count="16" type="stmt"/>
        <line num="17" count="16" type="cond" truecount="1" falsecount="1"/>
        <line num="20" count="16" type="cond" truecount="2" falsecount="0"/>
        <line num="24" count="16" type="stmt"/>
        <line num="45" count="0" type="stmt"/>
        <line num="56" count="0" type="stmt"/>
      </file>
      <file name="ColorPickerField.tsx" path="/Users/bibhutipoudyal/Projects/crcit/cleave-form-builder/src/BuilderPanelTabs/FormBuilder/components/PropertyEditor/components/ColorPickerField.tsx">
        <metrics statements="5" coveredstatements="0" conditionals="0" coveredconditionals="0" methods="3" coveredmethods="0"/>
        <line num="1" count="0" type="stmt"/>
        <line num="9" count="0" type="stmt"/>
        <line num="10" count="0" type="stmt"/>
        <line num="25" count="0" type="stmt"/>
        <line num="33" count="0" type="stmt"/>
      </file>
      <file name="SpacingControl.tsx" path="/Users/bibhutipoudyal/Projects/crcit/cleave-form-builder/src/BuilderPanelTabs/FormBuilder/components/PropertyEditor/components/SpacingControl.tsx">
        <metrics statements="28" coveredstatements="11" conditionals="15" coveredconditionals="6" methods="6" coveredmethods="2"/>
        <line num="1" count="3" type="stmt"/>
        <line num="2" count="3" type="stmt"/>
        <line num="22" count="3" type="stmt"/>
        <line num="32" count="12" type="stmt"/>
        <line num="33" count="0" type="cond" truecount="0" falsecount="2"/>
        <line num="34" count="0" type="cond" truecount="0" falsecount="2"/>
        <line num="35" count="0" type="stmt"/>
        <line num="42" count="0" type="stmt"/>
        <line num="49" count="0" type="cond" truecount="0" falsecount="2"/>
        <line num="50" count="0" type="stmt"/>
        <line num="51" count="0" type="stmt"/>
        <line num="52" count="0" type="stmt"/>
        <line num="53" count="0" type="stmt"/>
        <line num="55" count="0" type="stmt"/>
        <line num="56" count="0" type="stmt"/>
        <line num="57" count="0" type="stmt"/>
        <line num="58" count="0" type="stmt"/>
        <line num="62" count="12" type="stmt"/>
        <line num="63" count="0" type="cond" truecount="0" falsecount="2"/>
        <line num="64" count="0" type="stmt"/>
        <line num="67" count="12" type="stmt"/>
        <line num="74" count="12" type="stmt"/>
        <line num="75" count="12" type="stmt"/>
        <line num="76" count="12" type="stmt"/>
        <line num="78" count="12" type="stmt"/>
        <line num="85" count="48" type="stmt"/>
        <line num="88" count="0" type="stmt"/>
        <line num="101" count="0" type="stmt"/>
      </file>
    </package>
    <package name="src.BuilderPanelTabs.FormBuilder.components.PropertyEditor.tabs.ContentTab">
      <metrics statements="17" coveredstatements="17" conditionals="4" coveredconditionals="4" methods="3" coveredmethods="3"/>
      <file name="index.tsx" path="/Users/bibhutipoudyal/Projects/crcit/cleave-form-builder/src/BuilderPanelTabs/FormBuilder/components/PropertyEditor/tabs/ContentTab/index.tsx">
        <metrics statements="17" coveredstatements="17" conditionals="4" coveredconditionals="4" methods="3" coveredmethods="3"/>
        <line num="1" count="1" type="stmt"/>
        <line num="3" count="1" type="stmt"/>
        <line num="4" count="1" type="stmt"/>
        <line num="5" count="1" type="stmt"/>
        <line num="6" count="1" type="stmt"/>
        <line num="7" count="1" type="stmt"/>
        <line num="8" count="1" type="stmt"/>
        <line num="15" count="1" type="stmt"/>
        <line num="17" count="1" type="stmt"/>
        <line num="18" count="4" type="stmt"/>
        <line num="20" count="4" type="stmt"/>
        <line num="21" count="2" type="stmt"/>
        <line num="24" count="2" type="cond" truecount="4" falsecount="0"/>
        <line num="25" count="1" type="stmt"/>
        <line num="28" count="2" type="stmt"/>
        <line num="31" count="4" type="stmt"/>
        <line num="33" count="4" type="stmt"/>
      </file>
    </package>
    <package name="src.BuilderPanelTabs.FormBuilder.components.PropertyEditor.tabs.ContentTab.components">
      <metrics statements="57" coveredstatements="37" conditionals="105" coveredconditionals="39" methods="28" coveredmethods="11"/>
      <file name="ContentSection.tsx" path="/Users/bibhutipoudyal/Projects/crcit/cleave-form-builder/src/BuilderPanelTabs/FormBuilder/components/PropertyEditor/tabs/ContentTab/components/ContentSection.tsx">
        <metrics statements="25" coveredstatements="12" conditionals="71" coveredconditionals="21" methods="15" coveredmethods="2"/>
        <line num="1" count="2" type="stmt"/>
        <line num="2" count="2" type="stmt"/>
        <line num="3" count="2" type="stmt"/>
        <line num="11" count="2" type="stmt"/>
        <line num="12" count="8" type="stmt"/>
        <line num="13" count="8" type="stmt"/>
        <line num="16" count="8" type="cond" truecount="2" falsecount="0"/>
        <line num="17" count="8" type="cond" truecount="1" falsecount="1"/>
        <line num="19" count="8" type="stmt"/>
        <line num="31" count="2" type="stmt"/>
        <line num="32" count="2" type="cond" truecount="1" falsecount="1"/>
        <line num="33" count="2" type="stmt"/>
        <line num="46" count="0" type="stmt"/>
        <line num="66" count="0" type="stmt"/>
        <line num="84" count="0" type="stmt"/>
        <line num="102" count="0" type="stmt"/>
        <line num="118" count="0" type="stmt"/>
        <line num="132" count="0" type="cond" truecount="0" falsecount="2"/>
        <line num="147" count="0" type="cond" truecount="0" falsecount="2"/>
        <line num="156" count="0" type="cond" truecount="0" falsecount="2"/>
        <line num="167" count="0" type="cond" truecount="0" falsecount="2"/>
        <line num="186" count="0" type="stmt"/>
        <line num="200" count="0" type="stmt"/>
        <line num="219" count="0" type="stmt"/>
        <line num="237" count="0" type="stmt"/>
      </file>
      <file name="MediaSection.tsx" path="/Users/bibhutipoudyal/Projects/crcit/cleave-form-builder/src/BuilderPanelTabs/FormBuilder/components/PropertyEditor/tabs/ContentTab/components/MediaSection.tsx">
        <metrics statements="6" coveredstatements="3" conditionals="8" coveredconditionals="1" methods="3" coveredmethods="1"/>
        <line num="1" count="1" type="stmt"/>
        <line num="9" count="1" type="stmt"/>
        <line num="10" count="4" type="cond" truecount="1" falsecount="1"/>
        <line num="12" count="0" type="stmt"/>
        <line num="19" count="0" type="stmt"/>
        <line num="29" count="0" type="stmt"/>
      </file>
      <file name="OptionsSection.tsx" path="/Users/bibhutipoudyal/Projects/crcit/cleave-form-builder/src/BuilderPanelTabs/FormBuilder/components/PropertyEditor/tabs/ContentTab/components/OptionsSection.tsx">
        <metrics statements="19" coveredstatements="16" conditionals="14" coveredconditionals="7" methods="7" coveredmethods="6"/>
        <line num="1" count="2" type="stmt"/>
        <line num="3" count="2" type="stmt"/>
        <line num="4" count="2" type="stmt"/>
        <line num="28" count="2" type="stmt"/>
        <line num="29" count="9" type="stmt"/>
        <line num="31" count="9" type="cond" truecount="2" falsecount="0"/>
        <line num="33" count="4" type="stmt"/>
        <line num="40" count="1" type="stmt"/>
        <line num="45" count="1" type="cond" truecount="1" falsecount="1"/>
        <line num="46" count="1" type="stmt"/>
        <line num="57" count="8" type="stmt"/>
        <line num="64" count="1" type="cond" truecount="1" falsecount="1"/>
        <line num="65" count="1" type="stmt"/>
        <line num="66" count="1" type="stmt"/>
        <line num="74" count="2" type="stmt"/>
        <line num="75" count="1" type="stmt"/>
        <line num="86" count="0" type="cond" truecount="0" falsecount="2"/>
        <line num="87" count="0" type="stmt"/>
        <line num="88" count="0" type="stmt"/>
      </file>
      <file name="SettingsSection.tsx" path="/Users/bibhutipoudyal/Projects/crcit/cleave-form-builder/src/BuilderPanelTabs/FormBuilder/components/PropertyEditor/tabs/ContentTab/components/SettingsSection.tsx">
        <metrics statements="7" coveredstatements="6" conditionals="12" coveredconditionals="10" methods="3" coveredmethods="2"/>
        <line num="1" count="2" type="stmt"/>
        <line num="10" count="2" type="stmt"/>
        <line num="11" count="7" type="stmt"/>
        <line num="12" count="7" type="stmt"/>
        <line num="14" count="7" type="stmt"/>
        <line num="26" count="2" type="stmt"/>
        <line num="47" count="0" type="stmt"/>
      </file>
    </package>
    <package name="src.BuilderPanelTabs.FormBuilder.components.PropertyEditor.tabs.LogicTab">
      <metrics statements="45" coveredstatements="39" conditionals="21" coveredconditionals="11" methods="9" coveredmethods="8"/>
      <file name="index.tsx" path="/Users/bibhutipoudyal/Projects/crcit/cleave-form-builder/src/BuilderPanelTabs/FormBuilder/components/PropertyEditor/tabs/LogicTab/index.tsx">
        <metrics statements="29" coveredstatements="28" conditionals="8" coveredconditionals="6" methods="7" coveredmethods="6"/>
        <line num="1" count="2" type="stmt"/>
        <line num="3" count="2" type="stmt"/>
        <line num="4" count="2" type="stmt"/>
        <line num="5" count="2" type="stmt"/>
        <line num="6" count="2" type="stmt"/>
        <line num="12" count="2" type="stmt"/>
        <line num="13" count="6" type="stmt"/>
        <line num="14" count="6" type="cond" truecount="1" falsecount="1"/>
        <line num="15" count="6" type="cond" truecount="1" falsecount="1"/>
        <line num="17" count="6" type="stmt"/>
        <line num="19" count="6" type="stmt"/>
        <line num="20" count="6" type="stmt"/>
        <line num="22" count="6" type="stmt"/>
        <line num="23" count="1" type="stmt"/>
        <line num="24" count="1" type="stmt"/>
        <line num="27" count="6" type="stmt"/>
        <line num="28" count="1" type="stmt"/>
        <line num="29" count="1" type="stmt"/>
        <line num="32" count="6" type="stmt"/>
        <line num="33" count="2" type="cond" truecount="2" falsecount="0"/>
        <line num="34" count="1" type="stmt"/>
        <line num="36" count="1" type="stmt"/>
        <line num="38" count="2" type="stmt"/>
        <line num="41" count="6" type="stmt"/>
        <line num="42" count="0" type="stmt"/>
        <line num="46" count="6" type="cond" truecount="2" falsecount="0"/>
        <line num="48" count="6" type="stmt"/>
        <line num="61" count="2" type="stmt"/>
        <line num="62" count="2" type="stmt"/>
      </file>
      <file name="utils.ts" path="/Users/bibhutipoudyal/Projects/crcit/cleave-form-builder/src/BuilderPanelTabs/FormBuilder/components/PropertyEditor/tabs/LogicTab/utils.ts">
        <metrics statements="16" coveredstatements="11" conditionals="13" coveredconditionals="5" methods="2" coveredmethods="2"/>
        <line num="1" count="2" type="stmt"/>
        <line num="2" count="2" type="stmt"/>
        <line num="17" count="2" type="stmt"/>
        <line num="18" count="3" type="cond" truecount="1" falsecount="4"/>
        <line num="19" count="0" type="stmt"/>
        <line num="20" count="0" type="stmt"/>
        <line num="21" count="0" type="stmt"/>
        <line num="22" count="3" type="stmt"/>
        <line num="23" count="0" type="stmt"/>
        <line num="27" count="2" type="stmt"/>
        <line num="28" count="3" type="stmt"/>
        <line num="29" count="3" type="cond" truecount="1" falsecount="1"/>
        <line num="30" count="3" type="cond" truecount="1" falsecount="1"/>
        <line num="31" count="3" type="cond" truecount="1" falsecount="1"/>
        <line num="32" count="3" type="cond" truecount="1" falsecount="1"/>
        <line num="33" count="0" type="stmt"/>
      </file>
    </package>
    <package name="src.BuilderPanelTabs.FormBuilder.components.PropertyEditor.tabs.LogicTab.components">
      <metrics statements="189" coveredstatements="169" conditionals="155" coveredconditionals="110" methods="55" coveredmethods="44"/>
      <file name="LogicActionConfig.tsx" path="/Users/bibhutipoudyal/Projects/crcit/cleave-form-builder/src/BuilderPanelTabs/FormBuilder/components/PropertyEditor/tabs/LogicTab/components/LogicActionConfig.tsx">
        <metrics statements="13" coveredstatements="10" conditionals="10" coveredconditionals="6" methods="8" coveredmethods="5"/>
        <line num="1" count="2" type="stmt"/>
        <line num="3" count="2" type="stmt"/>
        <line num="4" count="2" type="stmt"/>
        <line num="13" count="2" type="stmt"/>
        <line num="14" count="8" type="stmt"/>
        <line num="15" count="16" type="cond" truecount="1" falsecount="1"/>
        <line num="18" count="8" type="stmt"/>
        <line num="32" count="1" type="stmt"/>
        <line num="44" count="1" type="stmt"/>
        <line num="48" count="16" type="stmt"/>
        <line num="63" count="0" type="stmt"/>
        <line num="73" count="0" type="stmt"/>
        <line num="89" count="0" type="stmt"/>
      </file>
      <file name="LogicBuilder.tsx" path="/Users/bibhutipoudyal/Projects/crcit/cleave-form-builder/src/BuilderPanelTabs/FormBuilder/components/PropertyEditor/tabs/LogicTab/components/LogicBuilder.tsx">
        <metrics statements="56" coveredstatements="55" conditionals="60" coveredconditionals="51" methods="22" coveredmethods="21"/>
        <line num="1" count="3" type="stmt"/>
        <line num="2" count="3" type="stmt"/>
        <line num="3" count="3" type="stmt"/>
        <line num="12" count="3" type="stmt"/>
        <line num="20" count="24" type="stmt"/>
        <line num="21" count="4" type="stmt"/>
        <line num="22" count="4" type="stmt"/>
        <line num="23" count="4" type="stmt"/>
        <line num="27" count="24" type="cond" truecount="0" falsecount="1"/>
        <line num="28" count="2" type="stmt"/>
        <line num="37" count="2" type="stmt"/>
        <line num="38" count="2" type="cond" truecount="1" falsecount="1"/>
        <line num="39" count="2" type="stmt"/>
        <line num="40" count="2" type="stmt"/>
        <line num="43" count="2" type="stmt"/>
        <line num="47" count="24" type="stmt"/>
        <line num="48" count="1" type="stmt"/>
        <line num="49" count="1" type="stmt"/>
        <line num="50" count="1" type="stmt"/>
        <line num="54" count="24" type="stmt"/>
        <line num="55" count="2" type="stmt"/>
        <line num="56" count="2" type="stmt"/>
        <line num="57" count="2" type="stmt"/>
        <line num="61" count="24" type="stmt"/>
        <line num="62" count="68" type="cond" truecount="1" falsecount="1"/>
        <line num="66" count="24" type="cond" truecount="2" falsecount="0"/>
        <line num="67" count="4" type="cond" truecount="1" falsecount="1"/>
        <line num="71" count="24" type="stmt"/>
        <line num="72" count="24" type="cond" truecount="2" falsecount="0"/>
        <line num="73" count="21" type="stmt"/>
        <line num="74" count="21" type="stmt"/>
        <line num="75" count="36" type="stmt"/>
        <line num="76" count="36" type="stmt"/>
        <line num="77" count="36" type="cond" truecount="4" falsecount="0"/>
        <line num="78" count="6" type="stmt"/>
        <line num="79" count="6" type="stmt"/>
        <line num="82" count="21" type="cond" truecount="1" falsecount="1"/>
        <line num="83" count="21" type="stmt"/>
        <line num="88" count="24" type="stmt"/>
        <line num="89" count="36" type="cond" truecount="1" falsecount="1"/>
        <line num="95" count="1" type="stmt"/>
        <line num="103" count="68" type="stmt"/>
        <line num="113" count="1" type="stmt"/>
        <line num="146" count="2" type="stmt"/>
        <line num="155" count="1" type="stmt"/>
        <line num="167" count="24" type="stmt"/>
        <line num="168" count="14" type="stmt"/>
        <line num="171" count="1" type="stmt"/>
        <line num="180" count="1" type="stmt"/>
        <line num="192" count="24" type="stmt"/>
        <line num="196" count="27" type="cond" truecount="2" falsecount="0"/>
        <line num="200" count="27" type="stmt"/>
        <line num="212" count="36" type="cond" truecount="1" falsecount="1"/>
        <line num="230" count="0" type="stmt"/>
        <line num="238" count="1" type="stmt"/>
        <line num="244" count="1" type="stmt"/>
      </file>
      <file name="LogicDialog.tsx" path="/Users/bibhutipoudyal/Projects/crcit/cleave-form-builder/src/BuilderPanelTabs/FormBuilder/components/PropertyEditor/tabs/LogicTab/components/LogicDialog.tsx">
        <metrics statements="75" coveredstatements="66" conditionals="67" coveredconditionals="43" methods="11" coveredmethods="8"/>
        <line num="1" count="2" type="stmt"/>
        <line num="2" count="2" type="stmt"/>
        <line num="3" count="2" type="stmt"/>
        <line num="4" count="2" type="stmt"/>
        <line num="7" count="2" type="stmt"/>
        <line num="10" count="2" type="stmt"/>
        <line num="11" count="2" type="stmt"/>
        <line num="22" count="2" type="stmt"/>
        <line num="30" count="15" type="stmt"/>
        <line num="31" count="15" type="stmt"/>
        <line num="34" count="15" type="stmt"/>
        <line num="44" count="15" type="stmt"/>
        <line num="50" count="15" type="stmt"/>
        <line num="51" count="6" type="cond" truecount="2" falsecount="0"/>
        <line num="52" count="2" type="cond" truecount="2" falsecount="0"/>
        <line num="54" count="1" type="stmt"/>
        <line num="56" count="1" type="stmt"/>
        <line num="57" count="1" type="cond" truecount="1" falsecount="1"/>
        <line num="58" count="1" type="cond" truecount="1" falsecount="1"/>
        <line num="59" count="1" type="cond" truecount="1" falsecount="1"/>
        <line num="62" count="1" type="stmt"/>
        <line num="64" count="1" type="stmt"/>
        <line num="70" count="1" type="stmt"/>
        <line num="71" count="1" type="stmt"/>
        <line num="74" count="1" type="stmt"/>
        <line num="75" count="1" type="stmt"/>
        <line num="76" count="1" type="stmt"/>
        <line num="84" count="1" type="stmt"/>
        <line num="89" count="15" type="stmt"/>
        <line num="92" count="1" type="stmt"/>
        <line num="93" count="1" type="stmt"/>
        <line num="94" count="1" type="stmt"/>
        <line num="96" count="1" type="stmt"/>
        <line num="106" count="15" type="stmt"/>
        <line num="107" count="1" type="stmt"/>
        <line num="108" count="1" type="stmt"/>
        <line num="109" count="1" type="stmt"/>
        <line num="110" count="0" type="stmt"/>
        <line num="111" count="0" type="stmt"/>
        <line num="113" count="1" type="stmt"/>
        <line num="116" count="15" type="stmt"/>
        <line num="117" count="10" type="cond" truecount="1" falsecount="1"/>
        <line num="118" count="10" type="stmt"/>
        <line num="121" count="10" type="stmt"/>
        <line num="123" count="10" type="cond" truecount="3" falsecount="0"/>
        <line num="127" count="15" type="stmt"/>
        <line num="128" count="2" type="cond" truecount="3" falsecount="1"/>
        <line num="130" count="2" type="stmt"/>
        <line num="133" count="15" type="stmt"/>
        <line num="135" count="2" type="cond" truecount="2" falsecount="0"/>
        <line num="137" count="2" type="stmt"/>
        <line num="139" count="2" type="cond" truecount="1" falsecount="1"/>
        <line num="140" count="2" type="stmt"/>
        <line num="143" count="2" type="cond" truecount="3" falsecount="1"/>
        <line num="145" count="2" type="cond" truecount="2" falsecount="0"/>
        <line num="147" count="2" type="stmt"/>
        <line num="150" count="2" type="cond" truecount="1" falsecount="1"/>
        <line num="151" count="0" type="stmt"/>
        <line num="153" count="2" type="stmt"/>
        <line num="154" count="2" type="cond" truecount="1" falsecount="1"/>
        <line num="157" count="2" type="stmt"/>
        <line num="158" count="2" type="cond" truecount="1" falsecount="3"/>
        <line num="159" count="2" type="stmt"/>
        <line num="160" count="0" type="stmt"/>
        <line num="161" count="0" type="stmt"/>
        <line num="162" count="0" type="stmt"/>
        <line num="165" count="2" type="stmt"/>
        <line num="184" count="2" type="stmt"/>
        <line num="185" count="2" type="stmt"/>
        <line num="186" count="2" type="stmt"/>
        <line num="189" count="15" type="stmt"/>
        <line num="190" count="0" type="stmt"/>
        <line num="191" count="0" type="stmt"/>
        <line num="194" count="15" type="stmt"/>
        <line num="219" count="0" type="stmt"/>
      </file>
      <file name="LogicHeader.tsx" path="/Users/bibhutipoudyal/Projects/crcit/cleave-form-builder/src/BuilderPanelTabs/FormBuilder/components/PropertyEditor/tabs/LogicTab/components/LogicHeader.tsx">
        <metrics statements="5" coveredstatements="5" conditionals="0" coveredconditionals="0" methods="1" coveredmethods="1"/>
        <line num="1" count="2" type="stmt"/>
        <line num="2" count="2" type="stmt"/>
        <line num="3" count="2" type="stmt"/>
        <line num="9" count="2" type="stmt"/>
        <line num="10" count="6" type="stmt"/>
      </file>
      <file name="LogicList.tsx" path="/Users/bibhutipoudyal/Projects/crcit/cleave-form-builder/src/BuilderPanelTabs/FormBuilder/components/PropertyEditor/tabs/LogicTab/components/LogicList.tsx">
        <metrics statements="21" coveredstatements="17" conditionals="14" coveredconditionals="7" methods="6" coveredmethods="5"/>
[...]
        <line num="10" count="6" type="stmt"/>
        <line num="11" count="11" type="stmt"/>
        <line num="12" count="11" type="stmt"/>
        <line num="14" count="11" type="cond" truecount="4" falsecount="0"/>
        <line num="15" count="1" type="stmt"/>
        <line num="20" count="10" type="cond" truecount="2" falsecount="0"/>
        <line num="21" count="3" type="stmt"/>
        <line num="28" count="11" type="stmt"/>
        <line num="31" count="6" type="stmt"/>
        <line num="32" count="11" type="stmt"/>
        <line num="34" count="11" type="cond" truecount="4" falsecount="0"/>
        <line num="35" count="3" type="stmt"/>
        <line num="40" count="8" type="cond" truecount="2" falsecount="0"/>
        <line num="41" count="1" type="stmt"/>
        <line num="48" count="11" type="stmt"/>
        <line num="51" count="6" type="stmt"/>
        <line num="52" count="9" type="stmt"/>
        <line num="54" count="9" type="cond" truecount="4" falsecount="0"/>
        <line num="55" count="1" type="stmt"/>
        <line num="60" count="1" type="stmt"/>
        <line num="63" count="8" type="stmt"/>
        <line num="65" count="8" type="stmt"/>
        <line num="66" count="8" type="stmt"/>
        <line num="68" count="8" type="cond" truecount="4" falsecount="0"/>
        <line num="69" count="2" type="stmt"/>
        <line num="76" count="8" type="stmt"/>
        <line num="79" count="6" type="stmt"/>
        <line num="80" count="10" type="stmt"/>
        <line num="82" count="10" type="cond" truecount="2" falsecount="0"/>
        <line num="83" count="2" type="stmt"/>
        <line num="88" count="2" type="stmt"/>
        <line num="91" count="8" type="cond" truecount="2" falsecount="0"/>
        <line num="92" count="1" type="stmt"/>
        <line num="97" count="1" type="stmt"/>
        <line num="101" count="7" type="stmt"/>
        <line num="102" count="7" type="stmt"/>
        <line num="103" count="9" type="cond" truecount="4" falsecount="0"/>
        <line num="104" count="2" type="stmt"/>
        <line num="109" count="7" type="cond" truecount="2" falsecount="0"/>
        <line num="110" count="6" type="stmt"/>
        <line num="115" count="7" type="stmt"/>
        <line num="116" count="9" type="stmt"/>
        <line num="117" count="9" type="stmt"/>
        <line num="120" count="7" type="stmt"/>
      </file>
      <file name="index.ts" path="/Users/bibhutipoudyal/Projects/crcit/cleave-form-builder/src/BuilderPanelTabs/FormBuilder/validators/index.ts">
        <metrics statements="31" coveredstatements="31" conditionals="0" coveredconditionals="0" methods="27" coveredmethods="25"/>
        <line num="7" count="6" type="stmt"/>
        <line num="8" count="10" type="stmt"/>
        <line num="9" count="9" type="stmt"/>
        <line num="10" count="11" type="stmt"/>
        <line num="11" count="10" type="stmt"/>
        <line num="12" count="6" type="stmt"/>
        <line num="13" count="10" type="stmt"/>
        <line num="14" count="12" type="stmt"/>
        <line num="15" count="10" type="stmt"/>
        <line num="16" count="6" type="stmt"/>
        <line num="20" count="6" type="stmt"/>
        <line num="21" count="9" type="stmt"/>
        <line num="22" count="9" type="stmt"/>
        <line num="23" count="10" type="stmt"/>
        <line num="24" count="11" type="stmt"/>
        <line num="28" count="6" type="stmt"/>
        <line num="29" count="12" type="stmt"/>
        <line num="30" count="8" type="stmt"/>
        <line num="31" count="12" type="stmt"/>
        <line num="32" count="14" type="stmt"/>
        <line num="33" count="14" type="stmt"/>
        <line num="34" count="13" type="stmt"/>
        <line num="35" count="11" type="stmt"/>
        <line num="36" count="13" type="stmt"/>
        <line num="40" count="6" type="stmt"/>
        <line num="41" count="10" type="stmt"/>
        <line num="42" count="10" type="stmt"/>
        <line num="43" count="11" type="stmt"/>
        <line num="44" count="9" type="stmt"/>
        <line num="48" count="16" type="stmt"/>
        <line num="51" count="12" type="stmt"/>
      </file>
      <file name="logic.validators.ts" path="/Users/bibhutipoudyal/Projects/crcit/cleave-form-builder/src/BuilderPanelTabs/FormBuilder/validators/logic.validators.ts">
        <metrics statements="128" coveredstatements="112" conditionals="115" coveredconditionals="104" methods="14" coveredmethods="13"/>
        <line num="6" count="6" type="stmt"/>
        <line num="15" count="6" type="stmt"/>
        <line num="20" count="16" type="stmt"/>
        <line num="21" count="16" type="stmt"/>
        <line num="23" count="16" type="cond" truecount="3" falsecount="1"/>
        <line num="24" count="0" type="stmt"/>
        <line num="29" count="0" type="stmt"/>
        <line num="32" count="16" type="cond" truecount="4" falsecount="0"/>
        <line num="33" count="3" type="stmt"/>
        <line num="40" count="16" type="cond" truecount="4" falsecount="0"/>
        <line num="41" count="1" type="stmt"/>
        <line num="46" count="15" type="cond" truecount="5" falsecount="0"/>
        <line num="47" count="2" type="stmt"/>
        <line num="54" count="16" type="stmt"/>
        <line num="57" count="6" type="stmt"/>
        <line num="62" count="34" type="stmt"/>
        <line num="63" count="34" type="stmt"/>
        <line num="65" count="34" type="cond" truecount="3" falsecount="1"/>
        <line num="66" count="0" type="stmt"/>
        <line num="71" count="34" type="cond" truecount="2" falsecount="0"/>
        <line num="72" count="2" type="stmt"/>
        <line num="79" count="34" type="stmt"/>
        <line num="82" count="6" type="stmt"/>
        <line num="88" count="32" type="stmt"/>
        <line num="89" count="32" type="cond" truecount="2" falsecount="0"/>
        <line num="91" count="32" type="cond" truecount="3" falsecount="1"/>
        <line num="92" count="0" type="stmt"/>
        <line num="97" count="0" type="stmt"/>
        <line num="100" count="32" type="stmt"/>
        <line num="102" count="32" type="cond" truecount="4" falsecount="0"/>
        <line num="103" count="1" type="stmt"/>
        <line num="111" count="32" type="stmt"/>
        <line num="112" count="32" type="stmt"/>
        <line num="114" count="32" type="cond" truecount="5" falsecount="0"/>
        <line num="115" count="2" type="stmt"/>
        <line num="122" count="32" type="stmt"/>
        <line num="125" count="6" type="stmt"/>
        <line num="130" count="24" type="stmt"/>
        <line num="131" count="24" type="stmt"/>
        <line num="132" count="24" type="cond" truecount="2" falsecount="0"/>
        <line num="134" count="24" type="cond" truecount="3" falsecount="1"/>
        <line num="135" count="0" type="stmt"/>
        <line num="140" count="0" type="stmt"/>
        <line num="143" count="24" type="cond" truecount="4" falsecount="0"/>
        <line num="144" count="2" type="stmt"/>
        <line num="151" count="24" type="cond" truecount="2" falsecount="0"/>
        <line num="152" count="1" type="stmt"/>
        <line num="158" count="23" type="stmt"/>
        <line num="159" count="33" type="stmt"/>
        <line num="162" count="33" type="cond" truecount="2" falsecount="0"/>
        <line num="164" count="6" type="stmt"/>
        <line num="165" count="6" type="stmt"/>
        <line num="166" count="27" type="cond" truecount="2" falsecount="0"/>
        <line num="168" count="26" type="stmt"/>
        <line num="169" count="26" type="stmt"/>
        <line num="172" count="1" type="stmt"/>
        <line num="181" count="24" type="stmt"/>
        <line num="185" count="6" type="stmt"/>
        <line num="192" count="20" type="stmt"/>
        <line num="193" count="20" type="cond" truecount="2" falsecount="0"/>
        <line num="195" count="20" type="cond" truecount="2" falsecount="0"/>
        <line num="196" count="1" type="stmt"/>
        <line num="201" count="1" type="stmt"/>
        <line num="204" count="19" type="cond" truecount="2" falsecount="0"/>
        <line num="205" count="2" type="stmt"/>
        <line num="212" count="19" type="stmt"/>
        <line num="213" count="26" type="cond" truecount="2" falsecount="0"/>
        <line num="214" count="3" type="stmt"/>
        <line num="219" count="23" type="cond" truecount="4" falsecount="0"/>
        <line num="220" count="3" type="stmt"/>
        <line num="228" count="19" type="stmt"/>
        <line num="231" count="6" type="stmt"/>
        <line num="238" count="17" type="stmt"/>
        <line num="239" count="17" type="stmt"/>
        <line num="240" count="17" type="cond" truecount="2" falsecount="0"/>
        <line num="242" count="17" type="cond" truecount="4" falsecount="0"/>
        <line num="243" count="2" type="stmt"/>
        <line num="248" count="2" type="stmt"/>
        <line num="251" count="15" type="cond" truecount="4" falsecount="0"/>
        <line num="252" count="3" type="stmt"/>
        <line num="260" count="15" type="cond" truecount="4" falsecount="0"/>
        <line num="261" count="12" type="stmt"/>
        <line num="262" count="12" type="stmt"/>
        <line num="265" count="15" type="stmt"/>
        <line num="268" count="6" type="stmt"/>
        <line num="273" count="11" type="stmt"/>
        <line num="275" count="11" type="cond" truecount="4" falsecount="0"/>
        <line num="276" count="1" type="stmt"/>
        <line num="281" count="1" type="stmt"/>
        <line num="284" count="10" type="stmt"/>
        <line num="286" count="10" type="cond" truecount="2" falsecount="0"/>
        <line num="287" count="1" type="stmt"/>
        <line num="294" count="10" type="stmt"/>
        <line num="295" count="10" type="stmt"/>
        <line num="297" count="10" type="cond" truecount="1" falsecount="1"/>
        <line num="298" count="0" type="stmt"/>
        <line num="304" count="10" type="stmt"/>
        <line num="305" count="10" type="stmt"/>
        <line num="306" count="10" type="stmt"/>
        <line num="310" count="10" type="cond" truecount="2" falsecount="2"/>
        <line num="311" count="0" type="stmt"/>
        <line num="312" count="0" type="stmt"/>
        <line num="313" count="0" type="stmt"/>
        <line num="317" count="10" type="stmt"/>
        <line num="320" count="6" type="stmt"/>
        <line num="321" count="12" type="stmt"/>
        <line num="323" count="12" type="cond" truecount="4" falsecount="0"/>
        <line num="325" count="6" type="stmt"/>
        <line num="328" count="6" type="cond" truecount="1" falsecount="1"/>
        <line num="329" count="0" type="stmt"/>
        <line num="336" count="6" type="cond" truecount="1" falsecount="1"/>
        <line num="337" count="0" type="stmt"/>
        <line num="342" count="0" type="stmt"/>
        <line num="345" count="6" type="stmt"/>
        <line num="346" count="6" type="stmt"/>
        <line num="347" count="6" type="cond" truecount="4" falsecount="0"/>
        <line num="348" count="1" type="stmt"/>
        <line num="353" count="5" type="cond" truecount="1" falsecount="1"/>
        <line num="354" count="5" type="stmt"/>
        <line num="357" count="6" type="stmt"/>
        <line num="359" count="6" type="stmt"/>
        <line num="360" count="6" type="stmt"/>
        <line num="361" count="2" type="cond" truecount="4" falsecount="1"/>
        <line num="362" count="0" type="stmt"/>
        <line num="363" count="0" type="stmt"/>
        <line num="368" count="2" type="stmt"/>
        <line num="370" count="6" type="stmt"/>
        <line num="373" count="6" type="stmt"/>
      </file>
      <file name="utility.validators.ts" path="/Users/bibhutipoudyal/Projects/crcit/cleave-form-builder/src/BuilderPanelTabs/FormBuilder/validators/utility.validators.ts">
        <metrics statements="29" coveredstatements="28" conditionals="26" coveredconditionals="23" methods="7" coveredmethods="7"/>
        <line num="13" count="6" type="stmt"/>
        <line num="19" count="4" type="stmt"/>
        <line num="20" count="4" type="stmt"/>
        <line num="26" count="6" type="stmt"/>
        <line num="27" count="4" type="stmt"/>
        <line num="28" count="4" type="stmt"/>
        <line num="29" count="2" type="stmt"/>
        <line num="31" count="2" type="stmt"/>
        <line num="58" count="6" type="stmt"/>
        <line num="67" count="5" type="stmt"/>
        <line num="68" count="5" type="stmt"/>
        <line num="72" count="5" type="cond" truecount="4" falsecount="0"/>
        <line num="73" count="2" type="stmt"/>
        <line num="76" count="3" type="stmt"/>
        <line num="82" count="6" type="stmt"/>
        <line num="85" count="7" type="stmt"/>
        <line num="86" count="8" type="stmt"/>
        <line num="88" count="7" type="cond" truecount="4" falsecount="0"/>
        <line num="89" count="4" type="stmt"/>
        <line num="92" count="3" type="stmt"/>
        <line num="94" count="3" type="cond" truecount="4" falsecount="0"/>
        <line num="95" count="1" type="stmt"/>
        <line num="103" count="3" type="cond" truecount="3" falsecount="1"/>
        <line num="104" count="3" type="stmt"/>
        <line num="105" count="3" type="cond" truecount="2" falsecount="0"/>
        <line num="110" count="1" type="stmt"/>
        <line num="117" count="3" type="cond" truecount="1" falsecount="1"/>
        <line num="122" count="0" type="stmt"/>
        <line num="132" count="3" type="stmt"/>
      </file>
      <file name="validation-result-builder.ts" path="/Users/bibhutipoudyal/Projects/crcit/cleave-form-builder/src/BuilderPanelTabs/FormBuilder/validators/validation-result-builder.ts">
        <metrics statements="7" coveredstatements="7" conditionals="1" coveredconditionals="0" methods="4" coveredmethods="4"/>
        <line num="8" count="6" type="stmt"/>
        <line num="9" count="16" type="stmt"/>
        <line num="12" count="14" type="stmt"/>
        <line num="13" count="14" type="stmt"/>
        <line num="17" count="22" type="stmt"/>
        <line num="18" count="22" type="stmt"/>
        <line num="22" count="17" type="stmt"/>
      </file>
    </package>
    <package name="src.components">
      <metrics statements="68" coveredstatements="40" conditionals="49" coveredconditionals="12" methods="23" coveredmethods="5"/>
      <file name="Button.tsx" path="/Users/bibhutipoudyal/Projects/crcit/cleave-form-builder/src/components/Button.tsx">
        <metrics statements="5" coveredstatements="5" conditionals="2" coveredconditionals="0" methods="1" coveredmethods="1"/>
        <line num="1" count="5" type="stmt"/>
        <line num="8" count="5" type="stmt"/>
        <line num="15" count="114" type="stmt"/>
        <line num="17" count="114" type="stmt"/>
        <line num="26" count="114" type="stmt"/>
      </file>
      <file name="Card.tsx" path="/Users/bibhutipoudyal/Projects/crcit/cleave-form-builder/src/components/Card.tsx">
        <metrics statements="3" coveredstatements="2" conditionals="1" coveredconditionals="0" methods="1" coveredmethods="0"/>
        <line num="1" count="4" type="stmt"/>
        <line num="9" count="4" type="cond" truecount="0" falsecount="1"/>
        <line num="10" count="0" type="stmt"/>
      </file>
      <file name="Dialog.tsx" path="/Users/bibhutipoudyal/Projects/crcit/cleave-form-builder/src/components/Dialog.tsx">
        <metrics statements="19" coveredstatements="15" conditionals="26" coveredconditionals="12" methods="5" coveredmethods="3"/>
        <line num="1" count="4" type="stmt"/>
        <line num="2" count="4" type="stmt"/>
        <line num="3" count="4" type="stmt"/>
        <line num="54" count="4" type="stmt"/>
        <line num="69" count="36" type="stmt"/>
        <line num="70" count="27" type="cond" truecount="2" falsecount="0"/>
        <line num="72" count="2" type="stmt"/>
        <line num="74" count="2" type="stmt"/>
        <line num="77" count="2" type="stmt"/>
        <line num="78" count="2" type="stmt"/>
        <line num="84" count="36" type="cond" truecount="2" falsecount="0"/>
        <line num="85" count="25" type="stmt"/>
        <line num="92" count="11" type="stmt"/>
        <line num="94" count="0" type="cond" truecount="0" falsecount="5"/>
        <line num="95" count="0" type="stmt"/>
        <line num="102" count="11" type="stmt"/>
        <line num="103" count="0" type="cond" truecount="0" falsecount="4"/>
        <line num="104" count="0" type="stmt"/>
        <line num="108" count="11" type="stmt"/>
      </file>
      <file name="IconInput.tsx" path="/Users/bibhutipoudyal/Projects/crcit/cleave-form-builder/src/components/IconInput.tsx">
        <metrics statements="3" coveredstatements="2" conditionals="3" coveredconditionals="0" methods="1" coveredmethods="0"/>
        <line num="1" count="4" type="stmt"/>
        <line num="9" count="4" type="stmt"/>
        <line num="16" count="0" type="stmt"/>
      </file>
      <file name="SubNav.tsx" path="/Users/bibhutipoudyal/Projects/crcit/cleave-form-builder/src/components/SubNav.tsx">
        <metrics statements="5" coveredstatements="2" conditionals="4" coveredconditionals="0" methods="3" coveredmethods="0"/>
        <line num="1" count="4" type="stmt"/>
        <line num="15" count="4" type="stmt"/>
        <line num="16" count="0" type="stmt"/>
        <line num="19" count="0" type="stmt"/>
        <line num="21" count="0" type="stmt"/>
      </file>
      <file name="ThemeToggle.tsx" path="/Users/bibhutipoudyal/Projects/crcit/cleave-form-builder/src/components/ThemeToggle.tsx">
        <metrics statements="21" coveredstatements="3" conditionals="13" coveredconditionals="0" methods="3" coveredmethods="0"/>
        <line num="1" count="4" type="stmt"/>
        <line num="2" count="4" type="stmt"/>
        <line num="4" count="4" type="stmt"/>
        <line num="5" count="0" type="stmt"/>
        <line num="7" count="0" type="stmt"/>
        <line num="9" count="0" type="stmt"/>
        <line num="10" count="0" type="stmt"/>
        <line num="12" count="0" type="cond" truecount="0" falsecount="3"/>
        <line num="13" count="0" type="stmt"/>
        <line num="15" count="0" type="cond" truecount="0" falsecount="2"/>
        <line num="16" count="0" type="stmt"/>
        <line num="18" count="0" type="stmt"/>
        <line num="22" count="0" type="stmt"/>
        <line num="23" count="0" type="stmt"/>
        <line num="24" count="0" type="stmt"/>
        <line num="26" count="0" type="cond" truecount="0" falsecount="2"/>
        <line num="27" count="0" type="stmt"/>
        <line num="28" count="0" type="stmt"/>
        <line num="30" count="0" type="stmt"/>
        <line num="31" count="0" type="stmt"/>
        <line num="35" count="0" type="stmt"/>
      </file>
      <file name="TvModal.tsx" path="/Users/bibhutipoudyal/Projects/crcit/cleave-form-builder/src/components/TvModal.tsx">
        <metrics statements="4" coveredstatements="3" conditionals="0" coveredconditionals="0" methods="1" coveredmethods="0"/>
        <line num="1" count="4" type="stmt"/>
        <line num="2" count="4" type="stmt"/>
        <line num="11" count="4" type="stmt"/>
        <line num="12" count="0" type="stmt"/>
      </file>
      <file name="index.ts" path="/Users/bibhutipoudyal/Projects/crcit/cleave-form-builder/src/components/index.ts">
        <metrics statements="8" coveredstatements="8" conditionals="0" coveredconditionals="0" methods="8" coveredmethods="1"/>
        <line num="2" count="115" type="stmt"/>
        <line num="5" count="4" type="stmt"/>
        <line num="8" count="4" type="stmt"/>
        <line num="11" count="4" type="stmt"/>
        <line num="14" count="4" type="stmt"/>
        <line num="17" count="4" type="stmt"/>
        <line num="19" count="4" type="stmt"/>
        <line num="21" count="4" type="stmt"/>
      </file>
    </package>
  </project>
</coverage>
