{"/Users/bibhutipoudyal/Projects/cleave/cleave-form-builder/src/App.tsx": {"path":"/Users/bibhutipoudyal/Projects/cleave/cleave-form-builder/src/App.tsx","statementMap":{"0":{"start":{"line":1,"column":0},"end":{"line":1,"column":73}},"1":{"start":{"line":2,"column":0},"end":{"line":2,"column":43}},"2":{"start":{"line":3,"column":0},"end":{"line":3,"column":31}},"3":{"start":{"line":4,"column":0},"end":{"line":4,"column":33}},"4":{"start":{"line":5,"column":0},"end":{"line":5,"column":45}},"5":{"start":{"line":6,"column":0},"end":{"line":6,"column":45}},"6":{"start":{"line":7,"column":0},"end":{"line":7,"column":35}},"7":{"start":{"line":8,"column":0},"end":{"line":8,"column":47}},"8":{"start":{"line":11,"column":2},"end":{"line":24,"column":null}},"9":{"start":{"line":27,"column":0},"end":{"line":27,"column":null}}},"fnMap":{"0":{"name":"App","decl":{"start":{"line":10,"column":9},"end":{"line":10,"column":12}},"loc":{"start":{"line":10,"column":12},"end":{"line":25,"column":1}}}},"branchMap":{},"s":{"0":0,"1":0,"2":0,"3":0,"4":0,"5":0,"6":0,"7":0,"8":0,"9":0},"f":{"0":0},"b":{}}
,"/Users/bibhutipoudyal/Projects/cleave/cleave-form-builder/src/SidebarLayout.tsx": {"path":"/Users/bibhutipoudyal/Projects/cleave/cleave-form-builder/src/SidebarLayout.tsx","statementMap":{"0":{"start":{"line":13,"column":0},"end":{"line":13,"column":24}},"1":{"start":{"line":1,"column":0},"end":{"line":1,"column":32}},"2":{"start":{"line":2,"column":0},"end":{"line":2,"column":50}},"3":{"start":{"line":3,"column":0},"end":{"line":3,"column":131}},"4":{"start":{"line":4,"column":0},"end":{"line":4,"column":42}},"5":{"start":{"line":6,"column":17},"end":{"line":11,"column":null}},"6":{"start":{"line":14,"column":40},"end":{"line":14,"column":55}},"7":{"start":{"line":16,"column":2},"end":{"line":49,"column":null}},"8":{"start":{"line":19,"column":31},"end":{"line":19,"column":59}},"9":{"start":{"line":25,"column":12},"end":{"line":25,"column":37}},"10":{"start":{"line":25,"column":81},"end":{"line":25,"column":367}}},"fnMap":{"0":{"name":"SidebarLayout","decl":{"start":{"line":13,"column":24},"end":{"line":13,"column":37}},"loc":{"start":{"line":13,"column":37},"end":{"line":50,"column":1}}},"1":{"name":"(anonymous_1)","decl":{"start":{"line":19,"column":25},"end":{"line":19,"column":28}},"loc":{"start":{"line":19,"column":31},"end":{"line":19,"column":59}}},"2":{"name":"(anonymous_2)","decl":{"start":{"line":24,"column":24},"end":{"line":24,"column":25}},"loc":{"start":{"line":25,"column":12},"end":{"line":25,"column":37}}},"3":{"name":"(anonymous_3)","decl":{"start":{"line":25,"column":63},"end":{"line":25,"column":64}},"loc":{"start":{"line":25,"column":81},"end":{"line":25,"column":367}}}},"branchMap":{"0":{"loc":{"start":{"line":18,"column":25},"end":{"line":18,"column":54}},"type":"cond-expr","locations":[{"start":{"line":18,"column":39},"end":{"line":18,"column":45}},{"start":{"line":18,"column":48},"end":{"line":18,"column":54}}]},"1":{"loc":{"start":{"line":20,"column":11},"end":{"line":20,"column":107}},"type":"cond-expr","locations":[{"start":{"line":20,"column":25},"end":{"line":20,"column":65}},{"start":{"line":20,"column":68},"end":{"line":20,"column":107}}]},"2":{"loc":{"start":{"line":25,"column":195},"end":{"line":25,"column":365}},"type":"cond-expr","locations":[{"start":{"line":25,"column":206},"end":{"line":25,"column":287}},{"start":{"line":25,"column":290},"end":{"line":25,"column":365}}]},"3":{"loc":{"start":{"line":27,"column":15},"end":{"line":27,"column":55}},"type":"binary-expr","locations":[{"start":{"line":27,"column":15},"end":{"line":27,"column":27}},{"start":{"line":27,"column":31},"end":{"line":27,"column":55}}]}},"s":{"0":0,"1":0,"2":0,"3":0,"4":0,"5":0,"6":0,"7":0,"8":0,"9":0,"10":0},"f":{"0":0,"1":0,"2":0,"3":0},"b":{"0":[0,0],"1":[0,0],"2":[0,0],"3":[0,0]}}
,"/Users/bibhutipoudyal/Projects/cleave/cleave-form-builder/src/EmailBuilder/EmailBuilder.tsx": {"path":"/Users/bibhutipoudyal/Projects/cleave/cleave-form-builder/src/EmailBuilder/EmailBuilder.tsx","statementMap":{"0":{"start":{"line":9,"column":0},"end":{"line":9,"column":24}},"1":{"start":{"line":1,"column":0},"end":{"line":1,"column":49}},"2":{"start":{"line":2,"column":0},"end":{"line":2,"column":67}},"3":{"start":{"line":4,"column":0},"end":{"line":4,"column":51}},"4":{"start":{"line":7,"column":25},"end":{"line":7,"column":90}},"5":{"start":{"line":10,"column":2},"end":{"line":18,"column":4}}},"fnMap":{"0":{"name":"EmailBuilder","decl":{"start":{"line":9,"column":24},"end":{"line":9,"column":36}},"loc":{"start":{"line":9,"column":36},"end":{"line":19,"column":1}}}},"branchMap":{},"s":{"0":1,"1":1,"2":1,"3":1,"4":1,"5":1},"f":{"0":1},"b":{}}
,"/Users/bibhutipoudyal/Projects/cleave/cleave-form-builder/src/EmailBuilder/constants.ts": {"path":"/Users/bibhutipoudyal/Projects/cleave/cleave-form-builder/src/EmailBuilder/constants.ts","statementMap":{"0":{"start":{"line":1,"column":13},"end":{"line":1,"column":67}},"1":{"start":{"line":2,"column":13},"end":{"line":2,"column":50}},"2":{"start":{"line":11,"column":13},"end":{"line":14,"column":2}},"3":{"start":{"line":16,"column":13},"end":{"line":16,"column":66}},"4":{"start":{"line":17,"column":13},"end":{"line":17,"column":66}},"5":{"start":{"line":18,"column":13},"end":{"line":18,"column":66}},"6":{"start":{"line":20,"column":13},"end":{"line":32,"column":2}},"7":{"start":{"line":40,"column":13},"end":{"line":67,"column":null}},"8":{"start":{"line":69,"column":13},"end":{"line":80,"column":null}},"9":{"start":{"line":82,"column":13},"end":{"line":89,"column":2}},"10":{"start":{"line":92,"column":13},"end":{"line":99,"column":2}},"11":{"start":{"line":101,"column":13},"end":{"line":106,"column":2}},"12":{"start":{"line":109,"column":13},"end":{"line":117,"column":2}},"13":{"start":{"line":119,"column":13},"end":{"line":121,"column":2}},"14":{"start":{"line":123,"column":13},"end":{"line":125,"column":2}},"15":{"start":{"line":127,"column":13},"end":{"line":140,"column":2}},"16":{"start":{"line":142,"column":13},"end":{"line":144,"column":2}},"17":{"start":{"line":146,"column":13},"end":{"line":151,"column":2}},"18":{"start":{"line":153,"column":13},"end":{"line":155,"column":2}},"19":{"start":{"line":157,"column":13},"end":{"line":159,"column":2}},"20":{"start":{"line":161,"column":13},"end":{"line":163,"column":2}},"21":{"start":{"line":165,"column":13},"end":{"line":167,"column":2}},"22":{"start":{"line":169,"column":13},"end":{"line":171,"column":2}}},"fnMap":{},"branchMap":{},"s":{"0":26,"1":26,"2":26,"3":26,"4":26,"5":26,"6":26,"7":26,"8":26,"9":26,"10":26,"11":26,"12":26,"13":26,"14":26,"15":26,"16":26,"17":26,"18":26,"19":26,"20":26,"21":26,"22":26},"f":{},"b":{}}
,"/Users/bibhutipoudyal/Projects/cleave/cleave-form-builder/src/EmailBuilder/index.tsx": {"path":"/Users/bibhutipoudyal/Projects/cleave/cleave-form-builder/src/EmailBuilder/index.tsx","statementMap":{"0":{"start":{"line":1,"column":0},"end":{"line":1,"column":9}},"1":{"start":{"line":1,"column":9},"end":{"line":1,"column":32}}},"fnMap":{"0":{"name":"(anonymous_1)","decl":{"start":{"line":1,"column":9},"end":{"line":1,"column":16}},"loc":{"start":{"line":1,"column":9},"end":{"line":1,"column":32}}}},"branchMap":{},"s":{"0":0,"1":0},"f":{"0":0},"b":{}}
,"/Users/bibhutipoudyal/Projects/cleave/cleave-form-builder/src/EmailBuilder/components/EmailBuilderShell.tsx": {"path":"/Users/bibhutipoudyal/Projects/cleave/cleave-form-builder/src/EmailBuilder/components/EmailBuilderShell.tsx","statementMap":{"0":{"start":{"line":1,"column":0},"end":{"line":1,"column":39}},"1":{"start":{"line":3,"column":0},"end":{"line":3,"column":40}},"2":{"start":{"line":4,"column":0},"end":{"line":4,"column":40}},"3":{"start":{"line":5,"column":0},"end":{"line":5,"column":61}},"4":{"start":{"line":6,"column":0},"end":{"line":6,"column":55}},"5":{"start":{"line":7,"column":0},"end":{"line":7,"column":57}},"6":{"start":{"line":8,"column":0},"end":{"line":8,"column":80}},"7":{"start":{"line":9,"column":0},"end":{"line":9,"column":35}},"8":{"start":{"line":10,"column":0},"end":{"line":10,"column":44}},"9":{"start":{"line":11,"column":0},"end":{"line":11,"column":43}},"10":{"start":{"line":12,"column":0},"end":{"line":12,"column":67}},"11":{"start":{"line":13,"column":0},"end":{"line":13,"column":50}},"12":{"start":{"line":14,"column":0},"end":{"line":14,"column":51}},"13":{"start":{"line":16,"column":43},"end":{"line":80,"column":1}},"14":{"start":{"line":17,"column":81},"end":{"line":17,"column":98}},"15":{"start":{"line":18,"column":48},"end":{"line":18,"column":77}},"16":{"start":{"line":20,"column":31},"end":{"line":22,"column":3}},"17":{"start":{"line":21,"column":4},"end":{"line":21,"column":null}},"18":{"start":{"line":24,"column":2},"end":{"line":31,"column":null}},"19":{"start":{"line":25,"column":4},"end":{"line":30,"column":5}},"20":{"start":{"line":26,"column":26},"end":{"line":26,"column":78}},"21":{"start":{"line":27,"column":6},"end":{"line":29,"column":7}},"22":{"start":{"line":28,"column":8},"end":{"line":28,"column":null}},"23":{"start":{"line":33,"column":25},"end":{"line":33,"column":93}},"24":{"start":{"line":35,"column":2},"end":{"line":79,"column":null}},"25":{"start":{"line":43,"column":8},"end":{"line":44,"column":null}},"26":{"start":{"line":49,"column":8},"end":{"line":75,"column":null}},"27":{"start":{"line":16,"column":13},"end":{"line":16,"column":43}}},"fnMap":{"0":{"name":"(anonymous_10)","decl":{"start":{"line":16,"column":43},"end":{"line":16,"column":46}},"loc":{"start":{"line":16,"column":48},"end":{"line":80,"column":1}}},"1":{"name":"(anonymous_11)","decl":{"start":{"line":20,"column":31},"end":{"line":20,"column":34}},"loc":{"start":{"line":20,"column":36},"end":{"line":22,"column":3}}},"2":{"name":"(anonymous_12)","decl":{"start":{"line":24,"column":18},"end":{"line":24,"column":21}},"loc":{"start":{"line":24,"column":23},"end":{"line":31,"column":3}}},"3":{"name":"(anonymous_13)","decl":{"start":{"line":42,"column":21},"end":{"line":42,"column":22}},"loc":{"start":{"line":43,"column":8},"end":{"line":44,"column":null}}},"4":{"name":"(anonymous_14)","decl":{"start":{"line":48,"column":7},"end":{"line":48,"column":8}},"loc":{"start":{"line":49,"column":8},"end":{"line":75,"column":null}}}},"branchMap":{"0":{"loc":{"start":{"line":25,"column":4},"end":{"line":30,"column":5}},"type":"if","locations":[{"start":{"line":25,"column":4},"end":{"line":30,"column":5}},{"start":{},"end":{}}]},"1":{"loc":{"start":{"line":25,"column":8},"end":{"line":25,"column":45}},"type":"binary-expr","locations":[{"start":{"line":25,"column":8},"end":{"line":25,"column":23}},{"start":{"line":25,"column":27},"end":{"line":25,"column":45}}]},"2":{"loc":{"start":{"line":27,"column":6},"end":{"line":29,"column":7}},"type":"if","locations":[{"start":{"line":27,"column":6},"end":{"line":29,"column":7}},{"start":{},"end":{}}]},"3":{"loc":{"start":{"line":33,"column":25},"end":{"line":33,"column":93}},"type":"binary-expr","locations":[{"start":{"line":33,"column":25},"end":{"line":33,"column":80}},{"start":{"line":33,"column":84},"end":{"line":33,"column":93}}]},"4":{"loc":{"start":{"line":39,"column":14},"end":{"line":39,"column":38}},"type":"binary-expr","locations":[{"start":{"line":39,"column":14},"end":{"line":39,"column":32}},{"start":{"line":39,"column":36},"end":{"line":39,"column":38}}]},"5":{"loc":{"start":{"line":51,"column":13},"end":{"line":51,"column":138}},"type":"binary-expr","locations":[{"start":{"line":51,"column":13},"end":{"line":51,"column":45}},{"start":{"line":51,"column":49},"end":{"line":51,"column":138}}]},"6":{"loc":{"start":{"line":55,"column":15},"end":{"line":71,"column":null}},"type":"cond-expr","locations":[{"start":{"line":56,"column":16},"end":{"line":56,"column":119}},{"start":{"line":58,"column":16},"end":{"line":70,"column":null}}]}},"s":{"0":1,"1":1,"2":1,"3":1,"4":1,"5":1,"6":1,"7":1,"8":1,"9":1,"10":1,"11":1,"12":1,"13":1,"14":4,"15":4,"16":4,"17":0,"18":4,"19":4,"20":1,"21":1,"22":0,"23":4,"24":4,"25":0,"26":4,"27":1},"f":{"0":4,"1":0,"2":4,"3":0,"4":4},"b":{"0":[1,3],"1":[4,1],"2":[0,1],"3":[4,4],"4":[4,0],"5":[4,3],"6":[3,1]}}
,"/Users/bibhutipoudyal/Projects/cleave/cleave-form-builder/src/EmailBuilder/components/Canvas/Canvas.tsx": {"path":"/Users/bibhutipoudyal/Projects/cleave/cleave-form-builder/src/EmailBuilder/components/Canvas/Canvas.tsx","statementMap":{"0":{"start":{"line":1,"column":0},"end":{"line":1,"column":37}},"1":{"start":{"line":2,"column":0},"end":{"line":2,"column":44}},"2":{"start":{"line":3,"column":0},"end":{"line":3,"column":47}},"3":{"start":{"line":4,"column":0},"end":{"line":4,"column":41}},"4":{"start":{"line":5,"column":0},"end":{"line":5,"column":58}},"5":{"start":{"line":6,"column":0},"end":{"line":6,"column":53}},"6":{"start":{"line":7,"column":0},"end":{"line":7,"column":47}},"7":{"start":{"line":8,"column":0},"end":{"line":8,"column":21}},"8":{"start":{"line":16,"column":45},"end":{"line":56,"column":1}},"9":{"start":{"line":17,"column":73},"end":{"line":17,"column":90}},"10":{"start":{"line":18,"column":20},"end":{"line":18,"column":55}},"11":{"start":{"line":19,"column":33},"end":{"line":19,"column":74}},"12":{"start":{"line":20,"column":18},"end":{"line":20,"column":49}},"13":{"start":{"line":22,"column":2},"end":{"line":55,"column":null}},"14":{"start":{"line":25,"column":102},"end":{"line":25,"column":123}},"15":{"start":{"line":28,"column":12},"end":{"line":28,"column":null}},"16":{"start":{"line":29,"column":12},"end":{"line":29,"column":null}},"17":{"start":{"line":16,"column":13},"end":{"line":16,"column":45}}},"fnMap":{"0":{"name":"(anonymous_10)","decl":{"start":{"line":16,"column":45},"end":{"line":16,"column":46}},"loc":{"start":{"line":16,"column":96},"end":{"line":56,"column":1}}},"1":{"name":"(anonymous_11)","decl":{"start":{"line":25,"column":96},"end":{"line":25,"column":99}},"loc":{"start":{"line":25,"column":102},"end":{"line":25,"column":123}}},"2":{"name":"(anonymous_12)","decl":{"start":{"line":27,"column":15},"end":{"line":27,"column":16}},"loc":{"start":{"line":27,"column":24},"end":{"line":30,"column":11}}}},"branchMap":{"0":{"loc":{"start":{"line":40,"column":85},"end":{"line":40,"column":182}},"type":"cond-expr","locations":[{"start":{"line":40,"column":117},"end":{"line":40,"column":170}},{"start":{"line":40,"column":173},"end":{"line":40,"column":182}}]},"1":{"loc":{"start":{"line":42,"column":13},"end":{"line":49,"column":null}},"type":"cond-expr","locations":[{"start":{"line":43,"column":14},"end":{"line":44,"column":null}},{"start":{"line":47,"column":14},"end":{"line":48,"column":null}}]}},"s":{"0":1,"1":1,"2":1,"3":1,"4":1,"5":1,"6":1,"7":1,"8":1,"9":5,"10":5,"11":5,"12":5,"13":5,"14":1,"15":10,"16":10,"17":1},"f":{"0":5,"1":1,"2":10},"b":{"0":[1,4],"1":[4,1]}}
,"/Users/bibhutipoudyal/Projects/cleave/cleave-form-builder/src/EmailBuilder/components/Canvas/CanvasToolbar.tsx": {"path":"/Users/bibhutipoudyal/Projects/cleave/cleave-form-builder/src/EmailBuilder/components/Canvas/CanvasToolbar.tsx","statementMap":{"0":{"start":{"line":1,"column":0},"end":{"line":1,"column":26}},"1":{"start":{"line":2,"column":0},"end":{"line":2,"column":44}},"2":{"start":{"line":3,"column":0},"end":{"line":3,"column":89}},"3":{"start":{"line":4,"column":0},"end":{"line":4,"column":53}},"4":{"start":{"line":11,"column":54},"end":{"line":14,"column":2}},"5":{"start":{"line":16,"column":59},"end":{"line":44,"column":1}},"6":{"start":{"line":17,"column":23},"end":{"line":17,"column":88}},"7":{"start":{"line":19,"column":2},"end":{"line":43,"column":4}},"8":{"start":{"line":25,"column":12},"end":{"line":26,"column":null}},"9":{"start":{"line":29,"column":29},"end":{"line":29,"column":60}},"10":{"start":{"line":16,"column":13},"end":{"line":16,"column":59}}},"fnMap":{"0":{"name":"(anonymous_1)","decl":{"start":{"line":16,"column":59},"end":{"line":16,"column":60}},"loc":{"start":{"line":16,"column":100},"end":{"line":44,"column":1}}},"1":{"name":"(anonymous_2)","decl":{"start":{"line":24,"column":34},"end":{"line":24,"column":35}},"loc":{"start":{"line":25,"column":12},"end":{"line":26,"column":null}}},"2":{"name":"(anonymous_3)","decl":{"start":{"line":29,"column":23},"end":{"line":29,"column":26}},"loc":{"start":{"line":29,"column":29},"end":{"line":29,"column":60}}}},"branchMap":{"0":{"loc":{"start":{"line":17,"column":23},"end":{"line":17,"column":88}},"type":"cond-expr","locations":[{"start":{"line":17,"column":68},"end":{"line":17,"column":76}},{"start":{"line":17,"column":79},"end":{"line":17,"column":88}}]},"1":{"loc":{"start":{"line":27,"column":23},"end":{"line":27,"column":69}},"type":"cond-expr","locations":[{"start":{"line":27,"column":50},"end":{"line":27,"column":59}},{"start":{"line":27,"column":62},"end":{"line":27,"column":69}}]},"2":{"loc":{"start":{"line":28,"column":82},"end":{"line":28,"column":148}},"type":"cond-expr","locations":[{"start":{"line":28,"column":109},"end":{"line":28,"column":111}},{"start":{"line":28,"column":114},"end":{"line":28,"column":148}}]}},"s":{"0":0,"1":0,"2":0,"3":0,"4":0,"5":0,"6":0,"7":0,"8":0,"9":0,"10":0},"f":{"0":0,"1":0,"2":0},"b":{"0":[0,0],"1":[0,0],"2":[0,0]}}
,"/Users/bibhutipoudyal/Projects/cleave/cleave-form-builder/src/EmailBuilder/components/Canvas/EmptyState.tsx": {"path":"/Users/bibhutipoudyal/Projects/cleave/cleave-form-builder/src/EmailBuilder/components/Canvas/EmptyState.tsx","statementMap":{"0":{"start":{"line":1,"column":0},"end":{"line":1,"column":26}},"1":{"start":{"line":2,"column":0},"end":{"line":2,"column":59}},"2":{"start":{"line":8,"column":53},"end":{"line":22,"column":1}},"3":{"start":{"line":9,"column":2},"end":{"line":21,"column":4}},"4":{"start":{"line":8,"column":13},"end":{"line":8,"column":53}}},"fnMap":{"0":{"name":"(anonymous_1)","decl":{"start":{"line":8,"column":53},"end":{"line":8,"column":54}},"loc":{"start":{"line":8,"column":76},"end":{"line":22,"column":1}}}},"branchMap":{"0":{"loc":{"start":{"line":8,"column":56},"end":{"line":8,"column":70}},"type":"default-arg","locations":[{"start":{"line":8,"column":65},"end":{"line":8,"column":70}}]},"1":{"loc":{"start":{"line":10,"column":155},"end":{"line":10,"column":297}},"type":"cond-expr","locations":[{"start":{"line":10,"column":164},"end":{"line":10,"column":214}},{"start":{"line":10,"column":217},"end":{"line":10,"column":297}}]},"2":{"loc":{"start":{"line":11,"column":86},"end":{"line":11,"column":238}},"type":"cond-expr","locations":[{"start":{"line":11,"column":95},"end":{"line":11,"column":168}},{"start":{"line":11,"column":171},"end":{"line":11,"column":238}}]},"3":{"loc":{"start":{"line":14,"column":51},"end":{"line":14,"column":136}},"type":"cond-expr","locations":[{"start":{"line":14,"column":60},"end":{"line":14,"column":97}},{"start":{"line":14,"column":100},"end":{"line":14,"column":136}}]},"4":{"loc":{"start":{"line":15,"column":9},"end":{"line":15,"column":55}},"type":"cond-expr","locations":[{"start":{"line":15,"column":18},"end":{"line":15,"column":35}},{"start":{"line":15,"column":38},"end":{"line":15,"column":55}}]}},"s":{"0":0,"1":0,"2":0,"3":0,"4":0},"f":{"0":0},"b":{"0":[0],"1":[0,0],"2":[0,0],"3":[0,0],"4":[0,0]}}
,"/Users/bibhutipoudyal/Projects/cleave/cleave-form-builder/src/EmailBuilder/components/ConfigPanel/BottomActionBar.tsx": {"path":"/Users/bibhutipoudyal/Projects/cleave/cleave-form-builder/src/EmailBuilder/components/ConfigPanel/BottomActionBar.tsx","statementMap":{"0":{"start":{"line":1,"column":0},"end":{"line":1,"column":null}},"1":{"start":{"line":5,"column":0},"end":{"line":5,"column":77}},"2":{"start":{"line":6,"column":0},"end":{"line":6,"column":48}},"3":{"start":{"line":13,"column":63},"end":{"line":45,"column":1}},"4":{"start":{"line":14,"column":45},"end":{"line":14,"column":62}},"5":{"start":{"line":16,"column":4},"end":{"line":44,"column":6}},"6":{"start":{"line":13,"column":13},"end":{"line":13,"column":63}}},"fnMap":{"0":{"name":"(anonymous_0)","decl":{"start":{"line":13,"column":63},"end":{"line":13,"column":64}},"loc":{"start":{"line":13,"column":91},"end":{"line":45,"column":1}}}},"branchMap":{"0":{"loc":{"start":{"line":18,"column":41},"end":{"line":18,"column":106}},"type":"cond-expr","locations":[{"start":{"line":18,"column":87},"end":{"line":18,"column":98}},{"start":{"line":18,"column":101},"end":{"line":18,"column":106}}]},"1":{"loc":{"start":{"line":18,"column":41},"end":{"line":18,"column":84}},"type":"binary-expr","locations":[{"start":{"line":18,"column":41},"end":{"line":18,"column":52}},{"start":{"line":18,"column":56},"end":{"line":18,"column":84}}]},"2":{"loc":{"start":{"line":21,"column":45},"end":{"line":21,"column":116}},"type":"cond-expr","locations":[{"start":{"line":21,"column":91},"end":{"line":21,"column":102}},{"start":{"line":21,"column":105},"end":{"line":21,"column":116}}]},"3":{"loc":{"start":{"line":21,"column":45},"end":{"line":21,"column":88}},"type":"binary-expr","locations":[{"start":{"line":21,"column":45},"end":{"line":21,"column":56}},{"start":{"line":21,"column":60},"end":{"line":21,"column":88}}]},"4":{"loc":{"start":{"line":25,"column":64},"end":{"line":27,"column":null}},"type":"cond-expr","locations":[{"start":{"line":26,"column":30},"end":{"line":26,"column":121}},{"start":{"line":27,"column":30},"end":{"line":27,"column":null}}]},"5":{"loc":{"start":{"line":35,"column":64},"end":{"line":37,"column":null}},"type":"cond-expr","locations":[{"start":{"line":36,"column":30},"end":{"line":36,"column":121}},{"start":{"line":37,"column":30},"end":{"line":37,"column":null}}]}},"s":{"0":1,"1":1,"2":1,"3":1,"4":4,"5":4,"6":1},"f":{"0":4},"b":{"0":[1,3],"1":[4,1],"2":[1,3],"3":[4,1],"4":[1,3],"5":[1,3]}}
,"/Users/bibhutipoudyal/Projects/cleave/cleave-form-builder/src/EmailBuilder/components/ConfigPanel/ConfigPanel.tsx": {"path":"/Users/bibhutipoudyal/Projects/cleave/cleave-form-builder/src/EmailBuilder/components/ConfigPanel/ConfigPanel.tsx","statementMap":{"0":{"start":{"line":1,"column":0},"end":{"line":1,"column":40}},"1":{"start":{"line":2,"column":0},"end":{"line":2,"column":80}},"2":{"start":{"line":3,"column":0},"end":{"line":3,"column":38}},"3":{"start":{"line":4,"column":0},"end":{"line":4,"column":66}},"4":{"start":{"line":5,"column":0},"end":{"line":5,"column":66}},"5":{"start":{"line":7,"column":0},"end":{"line":7,"column":52}},"6":{"start":{"line":14,"column":55},"end":{"line":42,"column":1}},"7":{"start":{"line":15,"column":40},"end":{"line":15,"column":55}},"8":{"start":{"line":17,"column":2},"end":{"line":24,"column":3}},"9":{"start":{"line":18,"column":4},"end":{"line":23,"column":6}},"10":{"start":{"line":26,"column":2},"end":{"line":41,"column":4}},"11":{"start":{"line":31,"column":53},"end":{"line":31,"column":81}},"12":{"start":{"line":14,"column":13},"end":{"line":14,"column":55}}},"fnMap":{"0":{"name":"(anonymous_9)","decl":{"start":{"line":14,"column":55},"end":{"line":14,"column":56}},"loc":{"start":{"line":14,"column":97},"end":{"line":42,"column":1}}},"1":{"name":"(anonymous_10)","decl":{"start":{"line":31,"column":47},"end":{"line":31,"column":50}},"loc":{"start":{"line":31,"column":53},"end":{"line":31,"column":81}}}},"branchMap":{"0":{"loc":{"start":{"line":17,"column":2},"end":{"line":24,"column":3}},"type":"if","locations":[{"start":{"line":17,"column":2},"end":{"line":24,"column":3}},{"start":{},"end":{}}]},"1":{"loc":{"start":{"line":17,"column":6},"end":{"line":17,"column":41}},"type":"binary-expr","locations":[{"start":{"line":17,"column":6},"end":{"line":17,"column":21}},{"start":{"line":17,"column":25},"end":{"line":17,"column":41}}]},"2":{"loc":{"start":{"line":27,"column":38},"end":{"line":27,"column":76}},"type":"cond-expr","locations":[{"start":{"line":27,"column":52},"end":{"line":27,"column":62}},{"start":{"line":27,"column":65},"end":{"line":27,"column":76}}]},"3":{"loc":{"start":{"line":28,"column":47},"end":{"line":28,"column":102}},"type":"cond-expr","locations":[{"start":{"line":28,"column":61},"end":{"line":28,"column":77}},{"start":{"line":28,"column":80},"end":{"line":28,"column":102}}]},"4":{"loc":{"start":{"line":29,"column":9},"end":{"line":29,"column":114}},"type":"binary-expr","locations":[{"start":{"line":29,"column":9},"end":{"line":29,"column":21}},{"start":{"line":29,"column":25},"end":{"line":29,"column":114}}]},"5":{"loc":{"start":{"line":31,"column":90},"end":{"line":31,"column":141}},"type":"cond-expr","locations":[{"start":{"line":31,"column":104},"end":{"line":31,"column":120}},{"start":{"line":31,"column":123},"end":{"line":31,"column":141}}]},"6":{"loc":{"start":{"line":32,"column":11},"end":{"line":32,"column":173}},"type":"cond-expr","locations":[{"start":{"line":32,"column":25},"end":{"line":32,"column":98}},{"start":{"line":32,"column":101},"end":{"line":32,"column":173}}]}},"s":{"0":1,"1":1,"2":1,"3":1,"4":1,"5":1,"6":1,"7":4,"8":4,"9":1,"10":3,"11":1,"12":1},"f":{"0":4,"1":1},"b":{"0":[1,3],"1":[4,1],"2":[1,2],"3":[1,2],"4":[3,2],"5":[1,2],"6":[1,2]}}
,"/Users/bibhutipoudyal/Projects/cleave/cleave-form-builder/src/EmailBuilder/components/ElementPalette/ElementPalette.tsx": {"path":"/Users/bibhutipoudyal/Projects/cleave/cleave-form-builder/src/EmailBuilder/components/ElementPalette/ElementPalette.tsx","statementMap":{"0":{"start":{"line":1,"column":0},"end":{"line":1,"column":40}},"1":{"start":{"line":2,"column":0},"end":{"line":2,"column":66}},"2":{"start":{"line":3,"column":0},"end":{"line":3,"column":null}},"3":{"start":{"line":16,"column":0},"end":{"line":16,"column":51}},"4":{"start":{"line":17,"column":0},"end":{"line":17,"column":47}},"5":{"start":{"line":18,"column":0},"end":{"line":18,"column":45}},"6":{"start":{"line":32,"column":39},"end":{"line":60,"column":2}},"7":{"start":{"line":62,"column":85},"end":{"line":99,"column":1}},"8":{"start":{"line":63,"column":60},"end":{"line":70,"column":4}},"9":{"start":{"line":72,"column":2},"end":{"line":85,"column":3}},"10":{"start":{"line":73,"column":4},"end":{"line":84,"column":6}},"11":{"start":{"line":87,"column":2},"end":{"line":98,"column":4}},"12":{"start":{"line":105,"column":61},"end":{"line":170,"column":1}},"13":{"start":{"line":106,"column":40},"end":{"line":106,"column":52}},"14":{"start":{"line":108,"column":25},"end":{"line":113,"column":47}},"15":{"start":{"line":108,"column":56},"end":{"line":113,"column":4}},"16":{"start":{"line":111,"column":6},"end":{"line":111,"column":66}},"17":{"start":{"line":113,"column":24},"end":{"line":113,"column":46}},"18":{"start":{"line":115,"column":2},"end":{"line":169,"column":4}},"19":{"start":{"line":123,"column":31},"end":{"line":123,"column":61}},"20":{"start":{"line":134,"column":18},"end":{"line":134,"column":null}},"21":{"start":{"line":138,"column":24},"end":{"line":138,"column":70}},"22":{"start":{"line":155,"column":12},"end":{"line":155,"column":27}},"23":{"start":{"line":162,"column":16},"end":{"line":162,"column":62}},"24":{"start":{"line":105,"column":13},"end":{"line":105,"column":61}}},"fnMap":{"0":{"name":"(anonymous_9)","decl":{"start":{"line":62,"column":85},"end":{"line":62,"column":86}},"loc":{"start":{"line":62,"column":111},"end":{"line":99,"column":1}}},"1":{"name":"(anonymous_10)","decl":{"start":{"line":105,"column":61},"end":{"line":105,"column":62}},"loc":{"start":{"line":105,"column":81},"end":{"line":170,"column":1}}},"2":{"name":"(anonymous_11)","decl":{"start":{"line":108,"column":44},"end":{"line":108,"column":45}},"loc":{"start":{"line":108,"column":56},"end":{"line":113,"column":4}}},"3":{"name":"(anonymous_12)","decl":{"start":{"line":110,"column":30},"end":{"line":110,"column":31}},"loc":{"start":{"line":111,"column":6},"end":{"line":111,"column":66}}},"4":{"name":"(anonymous_13)","decl":{"start":{"line":113,"column":13},"end":{"line":113,"column":14}},"loc":{"start":{"line":113,"column":24},"end":{"line":113,"column":46}}},"5":{"name":"(anonymous_14)","decl":{"start":{"line":123,"column":24},"end":{"line":123,"column":25}},"loc":{"start":{"line":123,"column":31},"end":{"line":123,"column":61}}},"6":{"name":"(anonymous_15)","decl":{"start":{"line":133,"column":35},"end":{"line":133,"column":36}},"loc":{"start":{"line":134,"column":18},"end":{"line":134,"column":null}}},"7":{"name":"(anonymous_16)","decl":{"start":{"line":137,"column":39},"end":{"line":137,"column":40}},"loc":{"start":{"line":138,"column":24},"end":{"line":138,"column":70}}},"8":{"name":"(anonymous_17)","decl":{"start":{"line":154,"column":30},"end":{"line":154,"column":31}},"loc":{"start":{"line":155,"column":12},"end":{"line":155,"column":27}}},"9":{"name":"(anonymous_18)","decl":{"start":{"line":161,"column":31},"end":{"line":161,"column":32}},"loc":{"start":{"line":162,"column":16},"end":{"line":162,"column":62}}}},"branchMap":{"0":{"loc":{"start":{"line":72,"column":2},"end":{"line":85,"column":3}},"type":"if","locations":[{"start":{"line":72,"column":2},"end":{"line":85,"column":3}},{"start":{},"end":{}}]},"1":{"loc":{"start":{"line":78,"column":26},"end":{"line":78,"column":46}},"type":"cond-expr","locations":[{"start":{"line":78,"column":39},"end":{"line":78,"column":42}},{"start":{"line":78,"column":45},"end":{"line":78,"column":46}}]},"2":{"loc":{"start":{"line":88,"column":75},"end":{"line":88,"column":95}},"type":"cond-expr","locations":[{"start":{"line":88,"column":88},"end":{"line":88,"column":91}},{"start":{"line":88,"column":94},"end":{"line":88,"column":95}}]},"3":{"loc":{"start":{"line":117,"column":7},"end":{"line":166,"column":null}},"type":"cond-expr","locations":[{"start":{"line":118,"column":8},"end":{"line":150,"column":null}},{"start":{"line":153,"column":8},"end":{"line":165,"column":null}}]},"4":{"loc":{"start":{"line":132,"column":15},"end":{"line":147,"column":null}},"type":"cond-expr","locations":[{"start":{"line":133,"column":16},"end":{"line":142,"column":18}},{"start":{"line":144,"column":16},"end":{"line":146,"column":null}}]}},"s":{"0":1,"1":1,"2":1,"3":1,"4":1,"5":1,"6":1,"7":1,"8":49,"9":49,"10":12,"11":37,"12":1,"13":6,"14":6,"15":18,"16":72,"17":18,"18":6,"19":2,"20":10,"21":37,"22":3,"23":12,"24":1},"f":{"0":49,"1":6,"2":18,"3":72,"4":18,"5":2,"6":10,"7":37,"8":3,"9":12},"b":{"0":[12,37],"1":[0,12],"2":[0,37],"3":[5,1],"4":[4,1]}}
,"/Users/bibhutipoudyal/Projects/cleave/cleave-form-builder/src/EmailBuilder/components/EmailRenderer/BlockRenderer.tsx": {"path":"/Users/bibhutipoudyal/Projects/cleave/cleave-form-builder/src/EmailBuilder/components/EmailRenderer/BlockRenderer.tsx","statementMap":{"0":{"start":{"line":12,"column":0},"end":{"line":12,"column":24}},"1":{"start":{"line":2,"column":0},"end":{"line":2,"column":57}},"2":{"start":{"line":13,"column":25},"end":{"line":13,"column":50}},"3":{"start":{"line":15,"column":2},"end":{"line":17,"column":3}},"4":{"start":{"line":16,"column":4},"end":{"line":16,"column":null}},"5":{"start":{"line":19,"column":2},"end":{"line":19,"column":null}}},"fnMap":{"0":{"name":"BlockRenderer","decl":{"start":{"line":12,"column":24},"end":{"line":12,"column":37}},"loc":{"start":{"line":12,"column":139},"end":{"line":20,"column":1}}}},"branchMap":{"0":{"loc":{"start":{"line":15,"column":2},"end":{"line":17,"column":3}},"type":"if","locations":[{"start":{"line":15,"column":2},"end":{"line":17,"column":3}},{"start":{},"end":{}}]}},"s":{"0":4,"1":4,"2":5,"3":5,"4":1,"5":4},"f":{"0":5},"b":{"0":[1,4]}}
,"/Users/bibhutipoudyal/Projects/cleave/cleave-form-builder/src/EmailBuilder/components/EmailRenderer/EmailRenderer.tsx": {"path":"/Users/bibhutipoudyal/Projects/cleave/cleave-form-builder/src/EmailBuilder/components/EmailRenderer/EmailRenderer.tsx","statementMap":{"0":{"start":{"line":20,"column":0},"end":{"line":20,"column":24}},"1":{"start":{"line":1,"column":0},"end":{"line":1,"column":25}},"2":{"start":{"line":4,"column":0},"end":{"line":4,"column":43}},"3":{"start":{"line":5,"column":0},"end":{"line":5,"column":66}},"4":{"start":{"line":7,"column":0},"end":{"line":7,"column":53}},"5":{"start":{"line":8,"column":0},"end":{"line":8,"column":47}},"6":{"start":{"line":9,"column":0},"end":{"line":9,"column":66}},"7":{"start":{"line":10,"column":0},"end":{"line":10,"column":66}},"8":{"start":{"line":21,"column":44},"end":{"line":21,"column":61}},"9":{"start":{"line":22,"column":39},"end":{"line":22,"column":51}},"10":{"start":{"line":24,"column":19},"end":{"line":26,"column":3}},"11":{"start":{"line":25,"column":4},"end":{"line":25,"column":null}},"12":{"start":{"line":28,"column":33},"end":{"line":28,"column":123}},"13":{"start":{"line":29,"column":27},"end":{"line":29,"column":90}},"14":{"start":{"line":30,"column":22},"end":{"line":30,"column":67}},"15":{"start":{"line":32,"column":2},"end":{"line":53,"column":null}},"16":{"start":{"line":37,"column":12},"end":{"line":37,"column":null}},"17":{"start":{"line":42,"column":18},"end":{"line":43,"column":null}}},"fnMap":{"0":{"name":"EmailRenderer","decl":{"start":{"line":20,"column":24},"end":{"line":20,"column":37}},"loc":{"start":{"line":20,"column":155},"end":{"line":54,"column":1}}},"1":{"name":"(anonymous_2)","decl":{"start":{"line":24,"column":19},"end":{"line":24,"column":20}},"loc":{"start":{"line":24,"column":39},"end":{"line":26,"column":3}}},"2":{"name":"(anonymous_3)","decl":{"start":{"line":36,"column":22},"end":{"line":36,"column":23}},"loc":{"start":{"line":37,"column":12},"end":{"line":37,"column":null}}},"3":{"name":"(anonymous_4)","decl":{"start":{"line":41,"column":17},"end":{"line":41,"column":18}},"loc":{"start":{"line":42,"column":18},"end":{"line":43,"column":null}}}},"branchMap":{"0":{"loc":{"start":{"line":29,"column":27},"end":{"line":29,"column":90}},"type":"binary-expr","locations":[{"start":{"line":29,"column":27},"end":{"line":29,"column":77}},{"start":{"line":29,"column":81},"end":{"line":29,"column":90}}]},"1":{"loc":{"start":{"line":38,"column":15},"end":{"line":38,"column":59}},"type":"binary-expr","locations":[{"start":{"line":38,"column":15},"end":{"line":38,"column":38}},{"start":{"line":38,"column":42},"end":{"line":38,"column":59}}]},"2":{"loc":{"start":{"line":49,"column":11},"end":{"line":49,"column":87}},"type":"binary-expr","locations":[{"start":{"line":49,"column":11},"end":{"line":49,"column":45}},{"start":{"line":49,"column":49},"end":{"line":49,"column":66}},{"start":{"line":49,"column":70},"end":{"line":49,"column":87}}]}},"s":{"0":0,"1":0,"2":0,"3":0,"4":0,"5":0,"6":0,"7":0,"8":0,"9":0,"10":0,"11":0,"12":0,"13":0,"14":0,"15":0,"16":0,"17":0},"f":{"0":0,"1":0,"2":0,"3":0},"b":{"0":[0,0],"1":[0,0],"2":[0,0,0]}}
,"/Users/bibhutipoudyal/Projects/cleave/cleave-form-builder/src/EmailBuilder/components/EmailRenderer/elements/BuilderBlockControls.tsx": {"path":"/Users/bibhutipoudyal/Projects/cleave/cleave-form-builder/src/EmailBuilder/components/EmailRenderer/elements/BuilderBlockControls.tsx","statementMap":{"0":{"start":{"line":19,"column":0},"end":{"line":19,"column":24}},"1":{"start":{"line":1,"column":0},"end":{"line":1,"column":44}},"2":{"start":{"line":2,"column":0},"end":{"line":2,"column":71}},"3":{"start":{"line":28,"column":36},"end":{"line":28,"column":51}},"4":{"start":{"line":29,"column":25},"end":{"line":29,"column":48}},"5":{"start":{"line":31,"column":23},"end":{"line":33,"column":3}},"6":{"start":{"line":32,"column":4},"end":{"line":32,"column":55}},"7":{"start":{"line":35,"column":2},"end":{"line":91,"column":4}},"8":{"start":{"line":44,"column":26},"end":{"line":44,"column":44}},"9":{"start":{"line":45,"column":26},"end":{"line":45,"column":45}},"10":{"start":{"line":47,"column":8},"end":{"line":47,"column":28}},"11":{"start":{"line":48,"column":8},"end":{"line":48,"column":29}},"12":{"start":{"line":65,"column":16},"end":{"line":65,"column":36}},"13":{"start":{"line":66,"column":16},"end":{"line":66,"column":35}}},"fnMap":{"0":{"name":"BuilderBlockControls","decl":{"start":{"line":19,"column":24},"end":{"line":19,"column":44}},"loc":{"start":{"line":27,"column":38},"end":{"line":92,"column":1}}},"1":{"name":"(anonymous_1)","decl":{"start":{"line":31,"column":23},"end":{"line":31,"column":24}},"loc":{"start":{"line":31,"column":44},"end":{"line":33,"column":3}}},"2":{"name":"(anonymous_2)","decl":{"start":{"line":44,"column":20},"end":{"line":44,"column":23}},"loc":{"start":{"line":44,"column":26},"end":{"line":44,"column":44}}},"3":{"name":"(anonymous_3)","decl":{"start":{"line":45,"column":20},"end":{"line":45,"column":23}},"loc":{"start":{"line":45,"column":26},"end":{"line":45,"column":45}}},"4":{"name":"(anonymous_4)","decl":{"start":{"line":46,"column":15},"end":{"line":46,"column":16}},"loc":{"start":{"line":46,"column":21},"end":{"line":49,"column":7}}},"5":{"name":"(anonymous_5)","decl":{"start":{"line":64,"column":23},"end":{"line":64,"column":24}},"loc":{"start":{"line":64,"column":29},"end":{"line":67,"column":15}}}},"branchMap":{"0":{"loc":{"start":{"line":26,"column":2},"end":{"line":26,"column":20}},"type":"default-arg","locations":[{"start":{"line":26,"column":15},"end":{"line":26,"column":20}}]},"1":{"loc":{"start":{"line":29,"column":25},"end":{"line":29,"column":48}},"type":"binary-expr","locations":[{"start":{"line":29,"column":25},"end":{"line":29,"column":34}},{"start":{"line":29,"column":38},"end":{"line":29,"column":48}}]},"2":{"loc":{"start":{"line":40,"column":10},"end":{"line":40,"column":76}},"type":"cond-expr","locations":[{"start":{"line":40,"column":39},"end":{"line":40,"column":71}},{"start":{"line":40,"column":74},"end":{"line":40,"column":76}}]},"3":{"loc":{"start":{"line":40,"column":10},"end":{"line":40,"column":36}},"type":"binary-expr","locations":[{"start":{"line":40,"column":10},"end":{"line":40,"column":24}},{"start":{"line":40,"column":28},"end":{"line":40,"column":36}}]},"4":{"loc":{"start":{"line":41,"column":10},"end":{"line":41,"column":40}},"type":"cond-expr","locations":[{"start":{"line":41,"column":21},"end":{"line":41,"column":35}},{"start":{"line":41,"column":38},"end":{"line":41,"column":40}}]},"5":{"loc":{"start":{"line":56,"column":12},"end":{"line":56,"column":59}},"type":"cond-expr","locations":[{"start":{"line":56,"column":41},"end":{"line":56,"column":54}},{"start":{"line":56,"column":57},"end":{"line":56,"column":59}}]},"6":{"loc":{"start":{"line":56,"column":12},"end":{"line":56,"column":38}},"type":"binary-expr","locations":[{"start":{"line":56,"column":12},"end":{"line":56,"column":26}},{"start":{"line":56,"column":30},"end":{"line":56,"column":38}}]},"7":{"loc":{"start":{"line":62,"column":11},"end":{"line":72,"column":null}},"type":"binary-expr","locations":[{"start":{"line":62,"column":11},"end":{"line":62,"column":19}},{"start":{"line":63,"column":12},"end":{"line":71,"column":null}}]},"8":{"loc":{"start":{"line":82,"column":16},"end":{"line":82,"column":94}},"type":"cond-expr","locations":[{"start":{"line":82,"column":34},"end":{"line":82,"column":64}},{"start":{"line":82,"column":67},"end":{"line":82,"column":94}}]}},"s":{"0":5,"1":5,"2":5,"3":7,"4":7,"5":7,"6":7,"7":7,"8":0,"9":0,"10":1,"11":1,"12":1,"13":1},"f":{"0":7,"1":7,"2":0,"3":0,"4":1,"5":1},"b":{"0":[4],"1":[7,7],"2":[4,3],"3":[7,4],"4":[1,6],"5":[4,3],"6":[7,4],"7":[7,2],"8":[0,7]}}
,"/Users/bibhutipoudyal/Projects/cleave/cleave-form-builder/src/EmailBuilder/components/EmailRenderer/elements/BuilderBlockWrapper.tsx": {"path":"/Users/bibhutipoudyal/Projects/cleave/cleave-form-builder/src/EmailBuilder/components/EmailRenderer/elements/BuilderBlockWrapper.tsx","statementMap":{"0":{"start":{"line":13,"column":0},"end":{"line":13,"column":24}},"1":{"start":{"line":3,"column":0},"end":{"line":3,"column":68}},"2":{"start":{"line":4,"column":0},"end":{"line":4,"column":51}},"3":{"start":{"line":19,"column":31},"end":{"line":19,"column":48}},"4":{"start":{"line":21,"column":25},"end":{"line":23,"column":8}},"5":{"start":{"line":25,"column":2},"end":{"line":32,"column":4}}},"fnMap":{"0":{"name":"BuilderBlockWrapper","decl":{"start":{"line":13,"column":24},"end":{"line":13,"column":43}},"loc":{"start":{"line":18,"column":30},"end":{"line":33,"column":1}}}},"branchMap":{"0":{"loc":{"start":{"line":21,"column":25},"end":{"line":23,"column":8}},"type":"cond-expr","locations":[{"start":{"line":22,"column":6},"end":{"line":22,"column":41}},{"start":{"line":23,"column":6},"end":{"line":23,"column":8}}]},"1":{"loc":{"start":{"line":21,"column":25},"end":{"line":21,"column":71}},"type":"binary-expr","locations":[{"start":{"line":21,"column":25},"end":{"line":21,"column":35}},{"start":{"line":21,"column":39},"end":{"line":21,"column":71}}]}},"s":{"0":15,"1":15,"2":15,"3":37,"4":37,"5":37},"f":{"0":37},"b":{"0":[0,37],"1":[37,1]}}
,"/Users/bibhutipoudyal/Projects/cleave/cleave-form-builder/src/EmailBuilder/components/EmailRenderer/elements/BuilderButton.tsx": {"path":"/Users/bibhutipoudyal/Projects/cleave/cleave-form-builder/src/EmailBuilder/components/EmailRenderer/elements/BuilderButton.tsx","statementMap":{"0":{"start":{"line":12,"column":0},"end":{"line":12,"column":24}},"1":{"start":{"line":2,"column":0},"end":{"line":2,"column":56}},"2":{"start":{"line":3,"column":0},"end":{"line":3,"column":51}},"3":{"start":{"line":4,"column":0},"end":{"line":4,"column":66}},"4":{"start":{"line":13,"column":31},"end":{"line":13,"column":48}},"5":{"start":{"line":15,"column":2},"end":{"line":27,"column":4}}},"fnMap":{"0":{"name":"BuilderButton","decl":{"start":{"line":12,"column":24},"end":{"line":12,"column":37}},"loc":{"start":{"line":12,"column":107},"end":{"line":28,"column":1}}}},"branchMap":{"0":{"loc":{"start":{"line":17,"column":31},"end":{"line":17,"column":105}},"type":"binary-expr","locations":[{"start":{"line":17,"column":31},"end":{"line":17,"column":93}},{"start":{"line":17,"column":97},"end":{"line":17,"column":105}}]},"1":{"loc":{"start":{"line":21,"column":134},"end":{"line":21,"column":221}},"type":"cond-expr","locations":[{"start":{"line":21,"column":181},"end":{"line":21,"column":216}},{"start":{"line":21,"column":219},"end":{"line":21,"column":221}}]},"2":{"loc":{"start":{"line":21,"column":134},"end":{"line":21,"column":178}},"type":"binary-expr","locations":[{"start":{"line":21,"column":134},"end":{"line":21,"column":144}},{"start":{"line":21,"column":148},"end":{"line":21,"column":178}}]}},"s":{"0":5,"1":5,"2":5,"3":5,"4":3,"5":3},"f":{"0":3},"b":{"0":[3,3],"1":[0,3],"2":[3,0]}}
,"/Users/bibhutipoudyal/Projects/cleave/cleave-form-builder/src/EmailBuilder/components/EmailRenderer/elements/BuilderColumns.tsx": {"path":"/Users/bibhutipoudyal/Projects/cleave/cleave-form-builder/src/EmailBuilder/components/EmailRenderer/elements/BuilderColumns.tsx","statementMap":{"0":{"start":{"line":53,"column":0},"end":{"line":53,"column":24}},"1":{"start":{"line":2,"column":0},"end":{"line":2,"column":44}},"2":{"start":{"line":3,"column":0},"end":{"line":3,"column":55}},"3":{"start":{"line":4,"column":0},"end":{"line":4,"column":44}},"4":{"start":{"line":5,"column":0},"end":{"line":5,"column":57}},"5":{"start":{"line":6,"column":0},"end":{"line":6,"column":50}},"6":{"start":{"line":16,"column":36},"end":{"line":16,"column":126}},"7":{"start":{"line":16,"column":82},"end":{"line":16,"column":126}},"8":{"start":{"line":16,"column":13},"end":{"line":16,"column":36}},"9":{"start":{"line":31,"column":26},"end":{"line":31,"column":43}},"10":{"start":{"line":32,"column":33},"end":{"line":32,"column":102}},"11":{"start":{"line":34,"column":2},"end":{"line":50,"column":null}},"12":{"start":{"line":43,"column":12},"end":{"line":43,"column":45}},"13":{"start":{"line":54,"column":2},"end":{"line":62,"column":null}},"14":{"start":{"line":58,"column":10},"end":{"line":58,"column":39}}},"fnMap":{"0":{"name":"(anonymous_1)","decl":{"start":{"line":16,"column":36},"end":{"line":16,"column":37}},"loc":{"start":{"line":16,"column":82},"end":{"line":16,"column":126}}},"1":{"name":"ColumnDropZone","decl":{"start":{"line":18,"column":9},"end":{"line":18,"column":23}},"loc":{"start":{"line":30,"column":2},"end":{"line":51,"column":1}}},"2":{"name":"(anonymous_3)","decl":{"start":{"line":42,"column":29},"end":{"line":42,"column":30}},"loc":{"start":{"line":43,"column":12},"end":{"line":43,"column":45}}},"3":{"name":"BuilderColumns","decl":{"start":{"line":53,"column":24},"end":{"line":53,"column":38}},"loc":{"start":{"line":53,"column":141},"end":{"line":63,"column":1}}},"4":{"name":"(anonymous_5)","decl":{"start":{"line":57,"column":27},"end":{"line":57,"column":28}},"loc":{"start":{"line":58,"column":10},"end":{"line":58,"column":39}}}},"branchMap":{"0":{"loc":{"start":{"line":35,"column":105},"end":{"line":35,"column":203}},"type":"cond-expr","locations":[{"start":{"line":35,"column":114},"end":{"line":35,"column":162}},{"start":{"line":35,"column":165},"end":{"line":35,"column":203}}]},"1":{"loc":{"start":{"line":36,"column":7},"end":{"line":47,"column":null}},"type":"cond-expr","locations":[{"start":{"line":37,"column":8},"end":{"line":38,"column":null}},{"start":{"line":41,"column":8},"end":{"line":46,"column":null}}]}},"s":{"0":4,"1":4,"2":4,"3":4,"4":4,"5":4,"6":4,"7":7,"8":4,"9":7,"10":7,"11":7,"12":1,"13":3,"14":7},"f":{"0":7,"1":7,"2":1,"3":3,"4":7},"b":{"0":[0,7],"1":[6,1]}}
,"/Users/bibhutipoudyal/Projects/cleave/cleave-form-builder/src/EmailBuilder/components/EmailRenderer/elements/BuilderDiscountCode.tsx": {"path":"/Users/bibhutipoudyal/Projects/cleave/cleave-form-builder/src/EmailBuilder/components/EmailRenderer/elements/BuilderDiscountCode.tsx","statementMap":{"0":{"start":{"line":12,"column":0},"end":{"line":12,"column":24}},"1":{"start":{"line":2,"column":0},"end":{"line":2,"column":56}},"2":{"start":{"line":3,"column":0},"end":{"line":3,"column":66}},"3":{"start":{"line":4,"column":0},"end":{"line":4,"column":51}},"4":{"start":{"line":13,"column":31},"end":{"line":13,"column":48}},"5":{"start":{"line":15,"column":2},"end":{"line":28,"column":4}}},"fnMap":{"0":{"name":"BuilderDiscountCode","decl":{"start":{"line":12,"column":24},"end":{"line":12,"column":43}},"loc":{"start":{"line":12,"column":119},"end":{"line":29,"column":1}}}},"branchMap":{"0":{"loc":{"start":{"line":18,"column":9},"end":{"line":19,"column":null}},"type":"binary-expr","locations":[{"start":{"line":18,"column":9},"end":{"line":18,"column":26}},{"start":{"line":19,"column":10},"end":{"line":19,"column":94}}]},"1":{"loc":{"start":{"line":21,"column":149},"end":{"line":21,"column":236}},"type":"cond-expr","locations":[{"start":{"line":21,"column":196},"end":{"line":21,"column":231}},{"start":{"line":21,"column":234},"end":{"line":21,"column":236}}]},"2":{"loc":{"start":{"line":21,"column":149},"end":{"line":21,"column":193}},"type":"binary-expr","locations":[{"start":{"line":21,"column":149},"end":{"line":21,"column":159}},{"start":{"line":21,"column":163},"end":{"line":21,"column":193}}]}},"s":{"0":5,"1":5,"2":5,"3":5,"4":3,"5":3},"f":{"0":3},"b":{"0":[3,1],"1":[0,3],"2":[3,0]}}
,"/Users/bibhutipoudyal/Projects/cleave/cleave-form-builder/src/EmailBuilder/components/EmailRenderer/elements/BuilderDivider.tsx": {"path":"/Users/bibhutipoudyal/Projects/cleave/cleave-form-builder/src/EmailBuilder/components/EmailRenderer/elements/BuilderDivider.tsx","statementMap":{"0":{"start":{"line":12,"column":0},"end":{"line":12,"column":24}},"1":{"start":{"line":2,"column":0},"end":{"line":2,"column":56}},"2":{"start":{"line":3,"column":0},"end":{"line":3,"column":68}},"3":{"start":{"line":4,"column":0},"end":{"line":4,"column":51}},"4":{"start":{"line":13,"column":31},"end":{"line":13,"column":48}},"5":{"start":{"line":15,"column":25},"end":{"line":15,"column":79}},"6":{"start":{"line":16,"column":22},"end":{"line":16,"column":61}},"7":{"start":{"line":18,"column":2},"end":{"line":22,"column":4}}},"fnMap":{"0":{"name":"BuilderDivider","decl":{"start":{"line":12,"column":24},"end":{"line":12,"column":38}},"loc":{"start":{"line":12,"column":109},"end":{"line":23,"column":1}}}},"branchMap":{"0":{"loc":{"start":{"line":16,"column":22},"end":{"line":16,"column":61}},"type":"binary-expr","locations":[{"start":{"line":16,"column":22},"end":{"line":16,"column":48}},{"start":{"line":16,"column":52},"end":{"line":16,"column":61}}]}},"s":{"0":5,"1":5,"2":5,"3":5,"4":2,"5":2,"6":2,"7":2},"f":{"0":2},"b":{"0":[2,1]}}
,"/Users/bibhutipoudyal/Projects/cleave/cleave-form-builder/src/EmailBuilder/components/EmailRenderer/elements/BuilderHeading.tsx": {"path":"/Users/bibhutipoudyal/Projects/cleave/cleave-form-builder/src/EmailBuilder/components/EmailRenderer/elements/BuilderHeading.tsx","statementMap":{"0":{"start":{"line":13,"column":0},"end":{"line":13,"column":24}},"1":{"start":{"line":3,"column":0},"end":{"line":3,"column":56}},"2":{"start":{"line":4,"column":0},"end":{"line":4,"column":66}},"3":{"start":{"line":5,"column":0},"end":{"line":5,"column":51}},"4":{"start":{"line":14,"column":31},"end":{"line":14,"column":48}},"5":{"start":{"line":15,"column":15},"end":{"line":15,"column":41}},"6":{"start":{"line":17,"column":2},"end":{"line":25,"column":4}}},"fnMap":{"0":{"name":"BuilderHeading","decl":{"start":{"line":13,"column":24},"end":{"line":13,"column":38}},"loc":{"start":{"line":13,"column":109},"end":{"line":26,"column":1}}}},"branchMap":{"0":{"loc":{"start":{"line":15,"column":15},"end":{"line":15,"column":41}},"type":"binary-expr","locations":[{"start":{"line":15,"column":15},"end":{"line":15,"column":33}},{"start":{"line":15,"column":37},"end":{"line":15,"column":41}}]},"1":{"loc":{"start":{"line":22,"column":86},"end":{"line":22,"column":186}},"type":"cond-expr","locations":[{"start":{"line":22,"column":133},"end":{"line":22,"column":181}},{"start":{"line":22,"column":184},"end":{"line":22,"column":186}}]},"2":{"loc":{"start":{"line":22,"column":86},"end":{"line":22,"column":130}},"type":"binary-expr","locations":[{"start":{"line":22,"column":86},"end":{"line":22,"column":96}},{"start":{"line":22,"column":100},"end":{"line":22,"column":130}}]}},"s":{"0":5,"1":5,"2":5,"3":5,"4":4,"5":4,"6":4},"f":{"0":4},"b":{"0":[4,2],"1":[0,4],"2":[4,0]}}
,"/Users/bibhutipoudyal/Projects/cleave/cleave-form-builder/src/EmailBuilder/components/EmailRenderer/elements/BuilderHtml.tsx": {"path":"/Users/bibhutipoudyal/Projects/cleave/cleave-form-builder/src/EmailBuilder/components/EmailRenderer/elements/BuilderHtml.tsx","statementMap":{"0":{"start":{"line":10,"column":0},"end":{"line":10,"column":24}},"1":{"start":{"line":2,"column":0},"end":{"line":2,"column":56}},"2":{"start":{"line":11,"column":2},"end":{"line":18,"column":4}}},"fnMap":{"0":{"name":"BuilderHtml","decl":{"start":{"line":10,"column":24},"end":{"line":10,"column":35}},"loc":{"start":{"line":10,"column":103},"end":{"line":19,"column":1}}}},"branchMap":{"0":{"loc":{"start":{"line":14,"column":30},"end":{"line":14,"column":125}},"type":"cond-expr","locations":[{"start":{"line":14,"column":77},"end":{"line":14,"column":120}},{"start":{"line":14,"column":123},"end":{"line":14,"column":125}}]},"1":{"loc":{"start":{"line":14,"column":30},"end":{"line":14,"column":74}},"type":"binary-expr","locations":[{"start":{"line":14,"column":30},"end":{"line":14,"column":40}},{"start":{"line":14,"column":44},"end":{"line":14,"column":74}}]}},"s":{"0":5,"1":5,"2":2},"f":{"0":2},"b":{"0":[0,2],"1":[2,0]}}
,"/Users/bibhutipoudyal/Projects/cleave/cleave-form-builder/src/EmailBuilder/components/EmailRenderer/elements/BuilderImage.tsx": {"path":"/Users/bibhutipoudyal/Projects/cleave/cleave-form-builder/src/EmailBuilder/components/EmailRenderer/elements/BuilderImage.tsx","statementMap":{"0":{"start":{"line":12,"column":0},"end":{"line":12,"column":24}},"1":{"start":{"line":2,"column":0},"end":{"line":2,"column":55}},"2":{"start":{"line":3,"column":0},"end":{"line":3,"column":50}},"3":{"start":{"line":4,"column":0},"end":{"line":4,"column":55}},"4":{"start":{"line":13,"column":50},"end":{"line":13,"column":67}},"5":{"start":{"line":15,"column":2},"end":{"line":26,"column":null}}},"fnMap":{"0":{"name":"BuilderImage","decl":{"start":{"line":12,"column":24},"end":{"line":12,"column":36}},"loc":{"start":{"line":12,"column":105},"end":{"line":27,"column":1}}}},"branchMap":{"0":{"loc":{"start":{"line":17,"column":7},"end":{"line":23,"column":null}},"type":"cond-expr","locations":[{"start":{"line":18,"column":8},"end":{"line":18,"column":231}},{"start":{"line":20,"column":8},"end":{"line":22,"column":null}}]},"1":{"loc":{"start":{"line":18,"column":34},"end":{"line":18,"column":54}},"type":"binary-expr","locations":[{"start":{"line":18,"column":34},"end":{"line":18,"column":43}},{"start":{"line":18,"column":47},"end":{"line":18,"column":54}}]},"2":{"loc":{"start":{"line":18,"column":84},"end":{"line":18,"column":171}},"type":"cond-expr","locations":[{"start":{"line":18,"column":131},"end":{"line":18,"column":166}},{"start":{"line":18,"column":169},"end":{"line":18,"column":171}}]},"3":{"loc":{"start":{"line":18,"column":84},"end":{"line":18,"column":128}},"type":"binary-expr","locations":[{"start":{"line":18,"column":84},"end":{"line":18,"column":94}},{"start":{"line":18,"column":98},"end":{"line":18,"column":128}}]},"4":{"loc":{"start":{"line":20,"column":118},"end":{"line":20,"column":205}},"type":"cond-expr","locations":[{"start":{"line":20,"column":165},"end":{"line":20,"column":200}},{"start":{"line":20,"column":203},"end":{"line":20,"column":205}}]},"5":{"loc":{"start":{"line":20,"column":118},"end":{"line":20,"column":162}},"type":"binary-expr","locations":[{"start":{"line":20,"column":118},"end":{"line":20,"column":128}},{"start":{"line":20,"column":132},"end":{"line":20,"column":162}}]}},"s":{"0":5,"1":5,"2":5,"3":5,"4":3,"5":3},"f":{"0":3},"b":{"0":[2,1],"1":[2,1],"2":[0,2],"3":[2,0],"4":[0,1],"5":[1,0]}}
,"/Users/bibhutipoudyal/Projects/cleave/cleave-form-builder/src/EmailBuilder/components/EmailRenderer/elements/BuilderMenu.tsx": {"path":"/Users/bibhutipoudyal/Projects/cleave/cleave-form-builder/src/EmailBuilder/components/EmailRenderer/elements/BuilderMenu.tsx","statementMap":{"0":{"start":{"line":12,"column":0},"end":{"line":12,"column":24}},"1":{"start":{"line":2,"column":0},"end":{"line":2,"column":56}},"2":{"start":{"line":3,"column":0},"end":{"line":3,"column":66}},"3":{"start":{"line":4,"column":0},"end":{"line":4,"column":51}},"4":{"start":{"line":13,"column":31},"end":{"line":13,"column":48}},"5":{"start":{"line":15,"column":2},"end":{"line":29,"column":4}},"6":{"start":{"line":19,"column":10},"end":{"line":20,"column":null}}},"fnMap":{"0":{"name":"BuilderMenu","decl":{"start":{"line":12,"column":24},"end":{"line":12,"column":35}},"loc":{"start":{"line":12,"column":103},"end":{"line":30,"column":1}}},"1":{"name":"(anonymous_2)","decl":{"start":{"line":18,"column":25},"end":{"line":18,"column":26}},"loc":{"start":{"line":19,"column":10},"end":{"line":20,"column":null}}}},"branchMap":{"0":{"loc":{"start":{"line":17,"column":74},"end":{"line":17,"column":174}},"type":"cond-expr","locations":[{"start":{"line":17,"column":121},"end":{"line":17,"column":169}},{"start":{"line":17,"column":172},"end":{"line":17,"column":174}}]},"1":{"loc":{"start":{"line":17,"column":74},"end":{"line":17,"column":118}},"type":"binary-expr","locations":[{"start":{"line":17,"column":74},"end":{"line":17,"column":84}},{"start":{"line":17,"column":88},"end":{"line":17,"column":118}}]}},"s":{"0":5,"1":5,"2":5,"3":5,"4":2,"5":2,"6":4},"f":{"0":2,"1":4},"b":{"0":[0,2],"1":[2,0]}}
,"/Users/bibhutipoudyal/Projects/cleave/cleave-form-builder/src/EmailBuilder/components/EmailRenderer/elements/BuilderSocialLinks.tsx": {"path":"/Users/bibhutipoudyal/Projects/cleave/cleave-form-builder/src/EmailBuilder/components/EmailRenderer/elements/BuilderSocialLinks.tsx","statementMap":{"0":{"start":{"line":68,"column":0},"end":{"line":68,"column":24}},"1":{"start":{"line":2,"column":0},"end":{"line":2,"column":55}},"2":{"start":{"line":10,"column":22},"end":{"line":66,"column":1}},"3":{"start":{"line":11,"column":24},"end":{"line":11,"column":44}},"4":{"start":{"line":13,"column":2},"end":{"line":65,"column":3}},"5":{"start":{"line":15,"column":6},"end":{"line":19,"column":null}},"6":{"start":{"line":21,"column":6},"end":{"line":25,"column":null}},"7":{"start":{"line":27,"column":6},"end":{"line":31,"column":null}},"8":{"start":{"line":33,"column":6},"end":{"line":37,"column":null}},"9":{"start":{"line":39,"column":6},"end":{"line":43,"column":null}},"10":{"start":{"line":45,"column":6},"end":{"line":49,"column":null}},"11":{"start":{"line":51,"column":6},"end":{"line":55,"column":null}},"12":{"start":{"line":57,"column":6},"end":{"line":64,"column":null}},"13":{"start":{"line":69,"column":2},"end":{"line":79,"column":null}},"14":{"start":{"line":73,"column":10},"end":{"line":73,"column":29}}},"fnMap":{"0":{"name":"(anonymous_1)","decl":{"start":{"line":10,"column":22},"end":{"line":10,"column":23}},"loc":{"start":{"line":10,"column":43},"end":{"line":66,"column":1}}},"1":{"name":"BuilderSocialLinks","decl":{"start":{"line":68,"column":24},"end":{"line":68,"column":42}},"loc":{"start":{"line":68,"column":117},"end":{"line":80,"column":1}}},"2":{"name":"(anonymous_3)","decl":{"start":{"line":72,"column":25},"end":{"line":72,"column":26}},"loc":{"start":{"line":73,"column":10},"end":{"line":73,"column":29}}}},"branchMap":{"0":{"loc":{"start":{"line":13,"column":2},"end":{"line":65,"column":3}},"type":"switch","locations":[{"start":{"line":14,"column":4},"end":{"line":19,"column":null}},{"start":{"line":20,"column":4},"end":{"line":25,"column":null}},{"start":{"line":26,"column":4},"end":{"line":31,"column":null}},{"start":{"line":32,"column":4},"end":{"line":37,"column":null}},{"start":{"line":38,"column":4},"end":{"line":43,"column":null}},{"start":{"line":44,"column":4},"end":{"line":49,"column":null}},{"start":{"line":50,"column":4},"end":{"line":55,"column":null}},{"start":{"line":56,"column":4},"end":{"line":64,"column":null}}]},"1":{"loc":{"start":{"line":71,"column":64},"end":{"line":71,"column":163}},"type":"cond-expr","locations":[{"start":{"line":71,"column":111},"end":{"line":71,"column":158}},{"start":{"line":71,"column":161},"end":{"line":71,"column":163}}]},"2":{"loc":{"start":{"line":71,"column":64},"end":{"line":71,"column":108}},"type":"binary-expr","locations":[{"start":{"line":71,"column":64},"end":{"line":71,"column":74}},{"start":{"line":71,"column":78},"end":{"line":71,"column":108}}]}},"s":{"0":5,"1":5,"2":5,"3":7,"4":7,"5":2,"6":2,"7":1,"8":1,"9":1,"10":0,"11":0,"12":0,"13":3,"14":7},"f":{"0":7,"1":3,"2":7},"b":{"0":[2,2,1,1,1,0,0,0],"1":[0,3],"2":[3,0]}}
,"/Users/bibhutipoudyal/Projects/cleave/cleave-form-builder/src/EmailBuilder/components/EmailRenderer/elements/BuilderSpacer.tsx": {"path":"/Users/bibhutipoudyal/Projects/cleave/cleave-form-builder/src/EmailBuilder/components/EmailRenderer/elements/BuilderSpacer.tsx","statementMap":{"0":{"start":{"line":10,"column":0},"end":{"line":10,"column":24}},"1":{"start":{"line":2,"column":0},"end":{"line":2,"column":56}},"2":{"start":{"line":11,"column":2},"end":{"line":18,"column":4}}},"fnMap":{"0":{"name":"BuilderSpacer","decl":{"start":{"line":10,"column":24},"end":{"line":10,"column":37}},"loc":{"start":{"line":10,"column":107},"end":{"line":19,"column":1}}}},"branchMap":{"0":{"loc":{"start":{"line":14,"column":44},"end":{"line":14,"column":149}},"type":"cond-expr","locations":[{"start":{"line":14,"column":57},"end":{"line":14,"column":144}},{"start":{"line":14,"column":147},"end":{"line":14,"column":149}}]},"1":{"loc":{"start":{"line":15,"column":28},"end":{"line":15,"column":46}},"type":"binary-expr","locations":[{"start":{"line":15,"column":28},"end":{"line":15,"column":40}},{"start":{"line":15,"column":44},"end":{"line":15,"column":46}}]}},"s":{"0":5,"1":5,"2":3},"f":{"0":3},"b":{"0":[1,2],"1":[3,0]}}
,"/Users/bibhutipoudyal/Projects/cleave/cleave-form-builder/src/EmailBuilder/components/EmailRenderer/elements/BuilderText.tsx": {"path":"/Users/bibhutipoudyal/Projects/cleave/cleave-form-builder/src/EmailBuilder/components/EmailRenderer/elements/BuilderText.tsx","statementMap":{"0":{"start":{"line":12,"column":0},"end":{"line":12,"column":24}},"1":{"start":{"line":2,"column":0},"end":{"line":2,"column":56}},"2":{"start":{"line":3,"column":0},"end":{"line":3,"column":66}},"3":{"start":{"line":4,"column":0},"end":{"line":4,"column":51}},"4":{"start":{"line":13,"column":31},"end":{"line":13,"column":48}},"5":{"start":{"line":15,"column":2},"end":{"line":23,"column":4}}},"fnMap":{"0":{"name":"BuilderText","decl":{"start":{"line":12,"column":24},"end":{"line":12,"column":35}},"loc":{"start":{"line":12,"column":103},"end":{"line":24,"column":1}}}},"branchMap":{"0":{"loc":{"start":{"line":20,"column":83},"end":{"line":20,"column":183}},"type":"cond-expr","locations":[{"start":{"line":20,"column":130},"end":{"line":20,"column":178}},{"start":{"line":20,"column":181},"end":{"line":20,"column":183}}]},"1":{"loc":{"start":{"line":20,"column":83},"end":{"line":20,"column":127}},"type":"binary-expr","locations":[{"start":{"line":20,"column":83},"end":{"line":20,"column":93}},{"start":{"line":20,"column":97},"end":{"line":20,"column":127}}]}},"s":{"0":5,"1":5,"2":5,"3":5,"4":4,"5":4},"f":{"0":4},"b":{"0":[0,4],"1":[4,0]}}
,"/Users/bibhutipoudyal/Projects/cleave/cleave-form-builder/src/EmailBuilder/components/EmailRenderer/elements/BuilderVideo.tsx": {"path":"/Users/bibhutipoudyal/Projects/cleave/cleave-form-builder/src/EmailBuilder/components/EmailRenderer/elements/BuilderVideo.tsx","statementMap":{"0":{"start":{"line":12,"column":0},"end":{"line":12,"column":24}},"1":{"start":{"line":2,"column":0},"end":{"line":2,"column":56}},"2":{"start":{"line":3,"column":0},"end":{"line":3,"column":51}},"3":{"start":{"line":4,"column":0},"end":{"line":4,"column":62}},"4":{"start":{"line":13,"column":50},"end":{"line":13,"column":67}},"5":{"start":{"line":15,"column":22},"end":{"line":22,"column":3}},"6":{"start":{"line":16,"column":4},"end":{"line":16,"column":26}},"7":{"start":{"line":16,"column":14},"end":{"line":16,"column":26}},"8":{"start":{"line":17,"column":25},"end":{"line":17,"column":86}},"9":{"start":{"line":18,"column":4},"end":{"line":18,"column":80}},"10":{"start":{"line":18,"column":22},"end":{"line":18,"column":80}},"11":{"start":{"line":19,"column":23},"end":{"line":19,"column":53}},"12":{"start":{"line":20,"column":4},"end":{"line":20,"column":77}},"13":{"start":{"line":20,"column":20},"end":{"line":20,"column":77}},"14":{"start":{"line":21,"column":4},"end":{"line":21,"column":16}},"15":{"start":{"line":24,"column":19},"end":{"line":24,"column":41}},"16":{"start":{"line":26,"column":2},"end":{"line":45,"column":4}}},"fnMap":{"0":{"name":"BuilderVideo","decl":{"start":{"line":12,"column":24},"end":{"line":12,"column":36}},"loc":{"start":{"line":12,"column":105},"end":{"line":46,"column":1}}},"1":{"name":"(anonymous_2)","decl":{"start":{"line":15,"column":22},"end":{"line":15,"column":23}},"loc":{"start":{"line":15,"column":53},"end":{"line":22,"column":3}}}},"branchMap":{"0":{"loc":{"start":{"line":16,"column":4},"end":{"line":16,"column":26}},"type":"if","locations":[{"start":{"line":16,"column":4},"end":{"line":16,"column":26}},{"start":{},"end":{}}]},"1":{"loc":{"start":{"line":18,"column":4},"end":{"line":18,"column":80}},"type":"if","locations":[{"start":{"line":18,"column":4},"end":{"line":18,"column":80}},{"start":{},"end":{}}]},"2":{"loc":{"start":{"line":20,"column":4},"end":{"line":20,"column":77}},"type":"if","locations":[{"start":{"line":20,"column":4},"end":{"line":20,"column":77}},{"start":{},"end":{}}]},"3":{"loc":{"start":{"line":28,"column":7},"end":{"line":42,"column":null}},"type":"cond-expr","locations":[{"start":{"line":29,"column":8},"end":{"line":36,"column":null}},{"start":{"line":39,"column":8},"end":{"line":41,"column":null}}]},"4":{"loc":{"start":{"line":34,"column":19},"end":{"line":34,"column":39}},"type":"binary-expr","locations":[{"start":{"line":34,"column":19},"end":{"line":34,"column":28}},{"start":{"line":34,"column":32},"end":{"line":34,"column":39}}]},"5":{"loc":{"start":{"line":39,"column":118},"end":{"line":39,"column":205}},"type":"cond-expr","locations":[{"start":{"line":39,"column":165},"end":{"line":39,"column":200}},{"start":{"line":39,"column":203},"end":{"line":39,"column":205}}]},"6":{"loc":{"start":{"line":39,"column":118},"end":{"line":39,"column":162}},"type":"binary-expr","locations":[{"start":{"line":39,"column":118},"end":{"line":39,"column":128}},{"start":{"line":39,"column":132},"end":{"line":39,"column":162}}]}},"s":{"0":5,"1":5,"2":5,"3":5,"4":5,"5":5,"6":5,"7":1,"8":4,"9":4,"10":2,"11":2,"12":2,"13":1,"14":1,"15":5,"16":5},"f":{"0":5,"1":5},"b":{"0":[1,4],"1":[2,2],"2":[1,1],"3":[3,2],"4":[3,3],"5":[0,2],"6":[2,0]}}
,"/Users/bibhutipoudyal/Projects/cleave/cleave-form-builder/src/EmailBuilder/components/EmailRenderer/elements/__tests__/MockEmailBuilderProvider.tsx": {"path":"/Users/bibhutipoudyal/Projects/cleave/cleave-form-builder/src/EmailBuilder/components/EmailRenderer/elements/__tests__/MockEmailBuilderProvider.tsx","statementMap":{"0":{"start":{"line":1,"column":0},"end":{"line":1,"column":26}},"1":{"start":{"line":2,"column":0},"end":{"line":2,"column":78}},"2":{"start":{"line":3,"column":0},"end":{"line":3,"column":54}},"3":{"start":{"line":5,"column":25},"end":{"line":39,"column":2}},"4":{"start":{"line":41,"column":94},"end":{"line":47,"column":1}},"5":{"start":{"line":42,"column":4},"end":{"line":46,"column":6}},"6":{"start":{"line":41,"column":13},"end":{"line":41,"column":94}}},"fnMap":{"0":{"name":"(anonymous_1)","decl":{"start":{"line":41,"column":94},"end":{"line":41,"column":95}},"loc":{"start":{"line":41,"column":118},"end":{"line":47,"column":1}}}},"branchMap":{},"s":{"0":20,"1":20,"2":20,"3":20,"4":20,"5":68,"6":20},"f":{"0":68},"b":{}}
,"/Users/bibhutipoudyal/Projects/cleave/cleave-form-builder/src/EmailBuilder/components/EmailSettings/EmailSettings.tsx": {"path":"/Users/bibhutipoudyal/Projects/cleave/cleave-form-builder/src/EmailBuilder/components/EmailSettings/EmailSettings.tsx","statementMap":{"0":{"start":{"line":1,"column":0},"end":{"line":1,"column":72}},"1":{"start":{"line":2,"column":0},"end":{"line":2,"column":45}},"2":{"start":{"line":4,"column":0},"end":{"line":4,"column":38}},"3":{"start":{"line":5,"column":0},"end":{"line":5,"column":66}},"4":{"start":{"line":6,"column":0},"end":{"line":6,"column":73}},"5":{"start":{"line":16,"column":19},"end":{"line":16,"column":216}},"6":{"start":{"line":17,"column":19},"end":{"line":17,"column":115}},"7":{"start":{"line":18,"column":21},"end":{"line":18,"column":79}},"8":{"start":{"line":20,"column":15},"end":{"line":29,"column":null}},"9":{"start":{"line":21,"column":4},"end":{"line":28,"column":null}},"10":{"start":{"line":25,"column":23},"end":{"line":25,"column":41}},"11":{"start":{"line":32,"column":59},"end":{"line":323,"column":1}},"12":{"start":{"line":39,"column":32},"end":{"line":42,"column":6}},"13":{"start":{"line":44,"column":26},"end":{"line":44,"column":39}},"14":{"start":{"line":45,"column":4},"end":{"line":53,"column":32}},"15":{"start":{"line":46,"column":8},"end":{"line":51,"column":9}},"16":{"start":{"line":47,"column":12},"end":{"line":50,"column":15}},"17":{"start":{"line":52,"column":8},"end":{"line":52,"column":39}},"18":{"start":{"line":55,"column":25},"end":{"line":63,"column":null}},"19":{"start":{"line":57,"column":12},"end":{"line":61,"column":15}},"20":{"start":{"line":58,"column":32},"end":{"line":58,"column":57}},"21":{"start":{"line":59,"column":16},"end":{"line":59,"column":42}},"22":{"start":{"line":60,"column":16},"end":{"line":60,"column":31}},"23":{"start":{"line":66,"column":33},"end":{"line":77,"column":null}},"24":{"start":{"line":68,"column":12},"end":{"line":75,"column":15}},"25":{"start":{"line":69,"column":32},"end":{"line":72,"column":18}},"26":{"start":{"line":73,"column":16},"end":{"line":73,"column":42}},"27":{"start":{"line":74,"column":16},"end":{"line":74,"column":31}},"28":{"start":{"line":80,"column":25},"end":{"line":83,"column":33}},"29":{"start":{"line":81,"column":8},"end":{"line":81,"column":40}},"30":{"start":{"line":82,"column":8},"end":{"line":82,"column":19}},"31":{"start":{"line":85,"column":42},"end":{"line":85,"column":68}},"32":{"start":{"line":87,"column":28},"end":{"line":89,"column":5}},"33":{"start":{"line":88,"column":8},"end":{"line":88,"column":83}},"34":{"start":{"line":91,"column":31},"end":{"line":94,"column":5}},"35":{"start":{"line":92,"column":24},"end":{"line":92,"column":95}},"36":{"start":{"line":92,"column":52},"end":{"line":92,"column":94}},"37":{"start":{"line":93,"column":8},"end":{"line":93,"column":47}},"38":{"start":{"line":96,"column":31},"end":{"line":98,"column":5}},"39":{"start":{"line":97,"column":8},"end":{"line":97,"column":83}},"40":{"start":{"line":97,"column":69},"end":{"line":97,"column":80}},"41":{"start":{"line":100,"column":25},"end":{"line":100,"column":53}},"42":{"start":{"line":102,"column":4},"end":{"line":322,"column":6}},"43":{"start":{"line":123,"column":49},"end":{"line":123,"column":88}},"44":{"start":{"line":134,"column":49},"end":{"line":134,"column":90}},"45":{"start":{"line":153,"column":49},"end":{"line":153,"column":89}},"46":{"start":{"line":164,"column":49},"end":{"line":164,"column":90}},"47":{"start":{"line":175,"column":49},"end":{"line":175,"column":88}},"48":{"start":{"line":189,"column":49},"end":{"line":189,"column":80}},"49":{"start":{"line":201,"column":57},"end":{"line":201,"column":91}},"50":{"start":{"line":211,"column":57},"end":{"line":211,"column":92}},"51":{"start":{"line":243,"column":36},"end":{"line":243,"column":53}},"52":{"start":{"line":249,"column":65},"end":{"line":249,"column":114}},"53":{"start":{"line":256,"column":65},"end":{"line":256,"column":115}},"54":{"start":{"line":262,"column":59},"end":{"line":262,"column":84}},"55":{"start":{"line":284,"column":49},"end":{"line":284,"column":109}},"56":{"start":{"line":293,"column":49},"end":{"line":293,"column":99}},"57":{"start":{"line":306,"column":45},"end":{"line":306,"column":87}},"58":{"start":{"line":32,"column":13},"end":{"line":32,"column":59}}},"fnMap":{"0":{"name":"(anonymous_9)","decl":{"start":{"line":20,"column":15},"end":{"line":20,"column":16}},"loc":{"start":{"line":21,"column":4},"end":{"line":28,"column":null}}},"1":{"name":"(anonymous_10)","decl":{"start":{"line":25,"column":17},"end":{"line":25,"column":20}},"loc":{"start":{"line":25,"column":23},"end":{"line":25,"column":41}}},"2":{"name":"(anonymous_11)","decl":{"start":{"line":32,"column":59},"end":{"line":32,"column":60}},"loc":{"start":{"line":38,"column":5},"end":{"line":323,"column":1}}},"3":{"name":"(anonymous_12)","decl":{"start":{"line":45,"column":14},"end":{"line":45,"column":17}},"loc":{"start":{"line":45,"column":19},"end":{"line":53,"column":5}}},"4":{"name":"(anonymous_13)","decl":{"start":{"line":56,"column":8},"end":{"line":56,"column":9}},"loc":{"start":{"line":56,"column":52},"end":{"line":62,"column":9}}},"5":{"name":"(anonymous_14)","decl":{"start":{"line":57,"column":22},"end":{"line":57,"column":23}},"loc":{"start":{"line":57,"column":31},"end":{"line":61,"column":13}}},"6":{"name":"(anonymous_15)","decl":{"start":{"line":67,"column":8},"end":{"line":67,"column":9}},"loc":{"start":{"line":67,"column":36},"end":{"line":76,"column":9}}},"7":{"name":"(anonymous_16)","decl":{"start":{"line":68,"column":22},"end":{"line":68,"column":23}},"loc":{"start":{"line":68,"column":31},"end":{"line":75,"column":13}}},"8":{"name":"(anonymous_17)","decl":{"start":{"line":80,"column":37},"end":{"line":80,"column":40}},"loc":{"start":{"line":80,"column":42},"end":{"line":83,"column":5}}},"9":{"name":"(anonymous_18)","decl":{"start":{"line":87,"column":28},"end":{"line":87,"column":31}},"loc":{"start":{"line":87,"column":33},"end":{"line":89,"column":5}}},"10":{"name":"(anonymous_19)","decl":{"start":{"line":91,"column":31},"end":{"line":91,"column":32}},"loc":{"start":{"line":91,"column":91},"end":{"line":94,"column":5}}},"11":{"name":"(anonymous_20)","decl":{"start":{"line":92,"column":42},"end":{"line":92,"column":43}},"loc":{"start":{"line":92,"column":52},"end":{"line":92,"column":94}}},"12":{"name":"(anonymous_21)","decl":{"start":{"line":96,"column":31},"end":{"line":96,"column":32}},"loc":{"start":{"line":96,"column":49},"end":{"line":98,"column":5}}},"13":{"name":"(anonymous_22)","decl":{"start":{"line":97,"column":59},"end":{"line":97,"column":60}},"loc":{"start":{"line":97,"column":69},"end":{"line":97,"column":80}}},"14":{"name":"(anonymous_23)","decl":{"start":{"line":123,"column":42},"end":{"line":123,"column":43}},"loc":{"start":{"line":123,"column":49},"end":{"line":123,"column":88}}},"15":{"name":"(anonymous_24)","decl":{"start":{"line":134,"column":42},"end":{"line":134,"column":43}},"loc":{"start":{"line":134,"column":49},"end":{"line":134,"column":90}}},"16":{"name":"(anonymous_25)","decl":{"start":{"line":153,"column":42},"end":{"line":153,"column":43}},"loc":{"start":{"line":153,"column":49},"end":{"line":153,"column":89}}},"17":{"name":"(anonymous_26)","decl":{"start":{"line":164,"column":42},"end":{"line":164,"column":43}},"loc":{"start":{"line":164,"column":49},"end":{"line":164,"column":90}}},"18":{"name":"(anonymous_27)","decl":{"start":{"line":175,"column":42},"end":{"line":175,"column":43}},"loc":{"start":{"line":175,"column":49},"end":{"line":175,"column":88}}},"19":{"name":"(anonymous_28)","decl":{"start":{"line":189,"column":42},"end":{"line":189,"column":43}},"loc":{"start":{"line":189,"column":49},"end":{"line":189,"column":80}}},"20":{"name":"(anonymous_29)","decl":{"start":{"line":201,"column":50},"end":{"line":201,"column":51}},"loc":{"start":{"line":201,"column":57},"end":{"line":201,"column":91}}},"21":{"name":"(anonymous_30)","decl":{"start":{"line":211,"column":50},"end":{"line":211,"column":51}},"loc":{"start":{"line":211,"column":57},"end":{"line":211,"column":92}}},"22":{"name":"(anonymous_31)","decl":{"start":{"line":242,"column":51},"end":{"line":242,"column":52}},"loc":{"start":{"line":243,"column":36},"end":{"line":243,"column":53}}},"23":{"name":"(anonymous_32)","decl":{"start":{"line":249,"column":58},"end":{"line":249,"column":59}},"loc":{"start":{"line":249,"column":65},"end":{"line":249,"column":114}}},"24":{"name":"(anonymous_33)","decl":{"start":{"line":256,"column":58},"end":{"line":256,"column":59}},"loc":{"start":{"line":256,"column":65},"end":{"line":256,"column":115}}},"25":{"name":"(anonymous_34)","decl":{"start":{"line":262,"column":53},"end":{"line":262,"column":56}},"loc":{"start":{"line":262,"column":59},"end":{"line":262,"column":84}}},"26":{"name":"(anonymous_35)","decl":{"start":{"line":284,"column":42},"end":{"line":284,"column":43}},"loc":{"start":{"line":284,"column":49},"end":{"line":284,"column":109}}},"27":{"name":"(anonymous_36)","decl":{"start":{"line":293,"column":42},"end":{"line":293,"column":43}},"loc":{"start":{"line":293,"column":49},"end":{"line":293,"column":99}}},"28":{"name":"(anonymous_37)","decl":{"start":{"line":306,"column":38},"end":{"line":306,"column":39}},"loc":{"start":{"line":306,"column":45},"end":{"line":306,"column":87}}}},"branchMap":{"0":{"loc":{"start":{"line":26,"column":147},"end":{"line":26,"column":202}},"type":"cond-expr","locations":[{"start":{"line":26,"column":157},"end":{"line":26,"column":169}},{"start":{"line":26,"column":172},"end":{"line":26,"column":202}}]},"1":{"loc":{"start":{"line":28,"column":122},"end":{"line":28,"column":165}},"type":"cond-expr","locations":[{"start":{"line":28,"column":132},"end":{"line":28,"column":147}},{"start":{"line":28,"column":150},"end":{"line":28,"column":165}}]},"2":{"loc":{"start":{"line":46,"column":8},"end":{"line":51,"column":9}},"type":"if","locations":[{"start":{"line":46,"column":8},"end":{"line":51,"column":9}},{"start":{},"end":{}}]},"3":{"loc":{"start":{"line":46,"column":12},"end":{"line":46,"column":44}},"type":"binary-expr","locations":[{"start":{"line":46,"column":12},"end":{"line":46,"column":18}},{"start":{"line":46,"column":22},"end":{"line":46,"column":44}}]},"4":{"loc":{"start":{"line":85,"column":42},"end":{"line":85,"column":68}},"type":"binary-expr","locations":[{"start":{"line":85,"column":42},"end":{"line":85,"column":62}},{"start":{"line":85,"column":66},"end":{"line":85,"column":68}}]},"5":{"loc":{"start":{"line":92,"column":52},"end":{"line":92,"column":94}},"type":"cond-expr","locations":[{"start":{"line":92,"column":66},"end":{"line":92,"column":90}},{"start":{"line":92,"column":93},"end":{"line":92,"column":94}}]},"6":{"loc":{"start":{"line":100,"column":25},"end":{"line":100,"column":53}},"type":"binary-expr","locations":[{"start":{"line":100,"column":25},"end":{"line":100,"column":44}},{"start":{"line":100,"column":48},"end":{"line":100,"column":53}}]},"7":{"loc":{"start":{"line":122,"column":39},"end":{"line":122,"column":59}},"type":"binary-expr","locations":[{"start":{"line":122,"column":39},"end":{"line":122,"column":53}},{"start":{"line":122,"column":57},"end":{"line":122,"column":59}}]},"8":{"loc":{"start":{"line":133,"column":39},"end":{"line":133,"column":61}},"type":"binary-expr","locations":[{"start":{"line":133,"column":39},"end":{"line":133,"column":55}},{"start":{"line":133,"column":59},"end":{"line":133,"column":61}}]},"9":{"loc":{"start":{"line":152,"column":39},"end":{"line":152,"column":60}},"type":"binary-expr","locations":[{"start":{"line":152,"column":39},"end":{"line":152,"column":54}},{"start":{"line":152,"column":58},"end":{"line":152,"column":60}}]},"10":{"loc":{"start":{"line":163,"column":39},"end":{"line":163,"column":61}},"type":"binary-expr","locations":[{"start":{"line":163,"column":39},"end":{"line":163,"column":55}},{"start":{"line":163,"column":59},"end":{"line":163,"column":61}}]},"11":{"loc":{"start":{"line":174,"column":39},"end":{"line":174,"column":59}},"type":"binary-expr","locations":[{"start":{"line":174,"column":39},"end":{"line":174,"column":53}},{"start":{"line":174,"column":57},"end":{"line":174,"column":59}}]},"12":{"loc":{"start":{"line":193,"column":25},"end":{"line":216,"column":null}},"type":"binary-expr","locations":[{"start":{"line":193,"column":25},"end":{"line":193,"column":37}},{"start":{"line":194,"column":28},"end":{"line":215,"column":null}}]},"13":{"loc":{"start":{"line":200,"column":47},"end":{"line":200,"column":62}},"type":"binary-expr","locations":[{"start":{"line":200,"column":47},"end":{"line":200,"column":56}},{"start":{"line":200,"column":60},"end":{"line":200,"column":62}}]},"14":{"loc":{"start":{"line":210,"column":47},"end":{"line":210,"column":63}},"type":"binary-expr","locations":[{"start":{"line":210,"column":47},"end":{"line":210,"column":57}},{"start":{"line":210,"column":61},"end":{"line":210,"column":63}}]},"15":{"loc":{"start":{"line":236,"column":25},"end":{"line":269,"column":null}},"type":"cond-expr","locations":[{"start":{"line":237,"column":28},"end":{"line":238,"column":null}},{"start":{"line":241,"column":28},"end":{"line":268,"column":null}}]},"16":{"loc":{"start":{"line":283,"column":39},"end":{"line":283,"column":75}},"type":"binary-expr","locations":[{"start":{"line":283,"column":39},"end":{"line":283,"column":68}},{"start":{"line":283,"column":72},"end":{"line":283,"column":75}}]},"17":{"loc":{"start":{"line":292,"column":39},"end":{"line":292,"column":89}},"type":"binary-expr","locations":[{"start":{"line":292,"column":39},"end":{"line":292,"column":66}},{"start":{"line":292,"column":70},"end":{"line":292,"column":89}}]},"18":{"loc":{"start":{"line":305,"column":42},"end":{"line":305,"column":87}},"type":"binary-expr","locations":[{"start":{"line":305,"column":42},"end":{"line":305,"column":74}},{"start":{"line":305,"column":78},"end":{"line":305,"column":87}}]}},"s":{"0":2,"1":2,"2":2,"3":2,"4":2,"5":2,"6":2,"7":2,"8":2,"9":17,"10":1,"11":2,"12":29,"13":29,"14":29,"15":15,"16":6,"17":15,"18":29,"19":3,"20":3,"21":3,"22":3,"23":29,"24":0,"25":0,"26":0,"27":0,"28":29,"29":2,"30":2,"31":29,"32":29,"33":1,"34":29,"35":0,"36":0,"37":0,"38":29,"39":0,"40":0,"41":29,"42":29,"43":1,"44":0,"45":0,"46":0,"47":0,"48":1,"49":0,"50":0,"51":1,"52":0,"53":0,"54":0,"55":0,"56":0,"57":0,"58":2},"f":{"0
[...]
t":{"line":3,"column":0},"end":{"line":3,"column":32}},"2":{"start":{"line":5,"column":14},"end":{"line":16,"column":2}},"3":{"start":{"line":9,"column":2},"end":{"line":14,"column":null}},"4":{"start":{"line":112,"column":2},"end":{"line":112,"column":7}},"5":{"start":{"line":17,"column":0},"end":{"line":17,"column":null}},"6":{"start":{"line":19,"column":20},"end":{"line":24,"column":2}},"7":{"start":{"line":23,"column":2},"end":{"line":23,"column":77}},"8":{"start":{"line":113,"column":2},"end":{"line":113,"column":13}},"9":{"start":{"line":25,"column":0},"end":{"line":25,"column":null}},"10":{"start":{"line":27,"column":18},"end":{"line":36,"column":2}},"11":{"start":{"line":31,"column":2},"end":{"line":34,"column":null}},"12":{"start":{"line":114,"column":2},"end":{"line":114,"column":11}},"13":{"start":{"line":37,"column":0},"end":{"line":37,"column":null}},"14":{"start":{"line":39,"column":20},"end":{"line":51,"column":2}},"15":{"start":{"line":43,"column":2},"end":{"line":49,"column":null}},"16":{"start":{"line":115,"column":2},"end":{"line":115,"column":13}},"17":{"start":{"line":52,"column":0},"end":{"line":52,"column":null}},"18":{"start":{"line":54,"column":17},"end":{"line":66,"column":2}},"19":{"start":{"line":58,"column":2},"end":{"line":64,"column":null}},"20":{"start":{"line":117,"column":2},"end":{"line":117,"column":10}},"21":{"start":{"line":67,"column":0},"end":{"line":67,"column":null}},"22":{"start":{"line":69,"column":18},"end":{"line":81,"column":2}},"23":{"start":{"line":73,"column":2},"end":{"line":79,"column":null}},"24":{"start":{"line":116,"column":2},"end":{"line":116,"column":11}},"25":{"start":{"line":82,"column":0},"end":{"line":82,"column":null}},"26":{"start":{"line":84,"column":18},"end":{"line":96,"column":2}},"27":{"start":{"line":88,"column":2},"end":{"line":94,"column":null}},"28":{"start":{"line":118,"column":2},"end":{"line":118,"column":11}},"29":{"start":{"line":97,"column":0},"end":{"line":97,"column":null}},"30":{"start":{"line":99,"column":21},"end":{"line":108,"column":2}},"31":{"start":{"line":103,"column":2},"end":{"line":106,"column":null}},"32":{"start":{"line":119,"column":2},"end":{"line":119,"column":14}},"33":{"start":{"line":109,"column":0},"end":{"line":109,"column":null}}},"fnMap":{"0":{"name":"(anonymous_9)","decl":{"start":{"line":8,"column":2},"end":{"line":8,"column":3}},"loc":{"start":{"line":9,"column":2},"end":{"line":14,"column":null}}},"1":{"name":"(anonymous_10)","decl":{"start":{"line":22,"column":2},"end":{"line":22,"column":3}},"loc":{"start":{"line":23,"column":2},"end":{"line":23,"column":77}}},"2":{"name":"(anonymous_11)","decl":{"start":{"line":30,"column":2},"end":{"line":30,"column":3}},"loc":{"start":{"line":31,"column":2},"end":{"line":34,"column":null}}},"3":{"name":"(anonymous_12)","decl":{"start":{"line":42,"column":2},"end":{"line":42,"column":3}},"loc":{"start":{"line":43,"column":2},"end":{"line":49,"column":null}}},"4":{"name":"(anonymous_13)","decl":{"start":{"line":57,"column":2},"end":{"line":57,"column":3}},"loc":{"start":{"line":58,"column":2},"end":{"line":64,"column":null}}},"5":{"name":"(anonymous_14)","decl":{"start":{"line":72,"column":2},"end":{"line":72,"column":3}},"loc":{"start":{"line":73,"column":2},"end":{"line":79,"column":null}}},"6":{"name":"(anonymous_15)","decl":{"start":{"line":87,"column":2},"end":{"line":87,"column":3}},"loc":{"start":{"line":88,"column":2},"end":{"line":94,"column":null}}},"7":{"name":"(anonymous_16)","decl":{"start":{"line":102,"column":2},"end":{"line":102,"column":3}},"loc":{"start":{"line":103,"column":2},"end":{"line":106,"column":null}}}},"branchMap":{},"s":{"0":0,"1":0,"2":0,"3":0,"4":0,"5":0,"6":0,"7":0,"8":0,"9":0,"10":0,"11":0,"12":0,"13":0,"14":0,"15":0,"16":0,"17":0,"18":0,"19":0,"20":0,"21":0,"22":0,"23":0,"24":0,"25":0,"26":0,"27":0,"28":0,"29":0,"30":0,"31":0,"32":0,"33":0},"f":{"0":0,"1":0,"2":0,"3":0,"4":0,"5":0,"6":0,"7":0},"b":{}}
,"/Users/bibhutipoudyal/Projects/cleave/cleave-form-builder/src/components/textarea.tsx": {"path":"/Users/bibhutipoudyal/Projects/cleave/cleave-form-builder/src/components/textarea.tsx","statementMap":{"0":{"start":{"line":1,"column":0},"end":{"line":1,"column":30}},"1":{"start":{"line":3,"column":0},"end":{"line":3,"column":32}},"2":{"start":{"line":5,"column":17},"end":{"line":19,"column":2}},"3":{"start":{"line":9,"column":2},"end":{"line":18,"column":null}},"4":{"start":{"line":22,"column":9},"end":{"line":22,"column":17}},"5":{"start":{"line":20,"column":0},"end":{"line":20,"column":null}}},"fnMap":{"0":{"name":"(anonymous_9)","decl":{"start":{"line":8,"column":2},"end":{"line":8,"column":3}},"loc":{"start":{"line":8,"column":35},"end":{"line":19,"column":1}}}},"branchMap":{},"s":{"0":0,"1":0,"2":0,"3":0,"4":0,"5":0},"f":{"0":0},"b":{}}
,"/Users/bibhutipoudyal/Projects/cleave/cleave-form-builder/src/data/parseMockData.ts": {"path":"/Users/bibhutipoudyal/Projects/cleave/cleave-form-builder/src/data/parseMockData.ts","statementMap":{"0":{"start":{"line":1,"column":0},"end":{"line":1,"column":45}},"1":{"start":{"line":2,"column":0},"end":{"line":2,"column":40}},"2":{"start":{"line":3,"column":0},"end":{"line":3,"column":42}},"3":{"start":{"line":6,"column":13},"end":{"line":6,"column":40}},"4":{"start":{"line":7,"column":13},"end":{"line":7,"column":40}},"5":{"start":{"line":9,"column":13},"end":{"line":9,"column":44}},"6":{"start":{"line":10,"column":13},"end":{"line":10,"column":44}},"7":{"start":{"line":12,"column":13},"end":{"line":12,"column":45}},"8":{"start":{"line":13,"column":13},"end":{"line":13,"column":45}},"9":{"start":{"line":15,"column":20},"end":{"line":40,"column":1}},"10":{"start":{"line":21,"column":4},"end":{"line":39,"column":5}},"11":{"start":{"line":22,"column":8},"end":{"line":26,"column":11}},"12":{"start":{"line":27,"column":8},"end":{"line":29,"column":9}},"13":{"start":{"line":28,"column":12},"end":{"line":28,"column":107}},"14":{"start":{"line":28,"column":50},"end":{"line":28,"column":105}},"15":{"start":{"line":31,"column":8},"end":{"line":38,"column":11}},"16":{"start":{"line":43,"column":0},"end":{"line":43,"column":84}},"17":{"start":{"line":43,"column":35},"end":{"line":43,"column":82}},"18":{"start":{"line":45,"column":0},"end":{"line":45,"column":93}},"19":{"start":{"line":45,"column":36},"end":{"line":45,"column":91}},"20":{"start":{"line":47,"column":0},"end":{"line":47,"column":96}},"21":{"start":{"line":47,"column":37},"end":{"line":47,"column":94}}},"fnMap":{"0":{"name":"(anonymous_1)","decl":{"start":{"line":15,"column":20},"end":{"line":15,"column":null}},"loc":{"start":{"line":20,"column":4},"end":{"line":40,"column":1}}},"1":{"name":"(anonymous_2)","decl":{"start":{"line":28,"column":34},"end":{"line":28,"column":35}},"loc":{"start":{"line":28,"column":50},"end":{"line":28,"column":105}}},"2":{"name":"(anonymous_3)","decl":{"start":{"line":43,"column":20},"end":{"line":43,"column":21}},"loc":{"start":{"line":43,"column":35},"end":{"line":43,"column":82}}},"3":{"name":"(anonymous_4)","decl":{"start":{"line":45,"column":21},"end":{"line":45,"column":22}},"loc":{"start":{"line":45,"column":36},"end":{"line":45,"column":91}}},"4":{"name":"(anonymous_5)","decl":{"start":{"line":47,"column":22},"end":{"line":47,"column":23}},"loc":{"start":{"line":47,"column":37},"end":{"line":47,"column":94}}}},"branchMap":{"0":{"loc":{"start":{"line":19,"column":4},"end":{"line":19,"column":34}},"type":"default-arg","locations":[{"start":{"line":19,"column":30},"end":{"line":19,"column":34}}]},"1":{"loc":{"start":{"line":21,"column":4},"end":{"line":39,"column":5}},"type":"if","locations":[{"start":{"line":21,"column":4},"end":{"line":39,"column":5}},{"start":{"line":30,"column":11},"end":{"line":39,"column":5}}]},"2":{"loc":{"start":{"line":27,"column":8},"end":{"line":29,"column":9}},"type":"if","locations":[{"start":{"line":27,"column":8},"end":{"line":29,"column":9}},{"start":{},"end":{}}]},"3":{"loc":{"start":{"line":35,"column":20},"end":{"line":35,"column":45}},"type":"binary-expr","locations":[{"start":{"line":35,"column":20},"end":{"line":35,"column":31}},{"start":{"line":35,"column":35},"end":{"line":35,"column":45}}]},"4":{"loc":{"start":{"line":36,"column":25},"end":{"line":36,"column":55}},"type":"binary-expr","locations":[{"start":{"line":36,"column":25},"end":{"line":36,"column":41}},{"start":{"line":36,"column":45},"end":{"line":36,"column":55}}]}},"s":{"0":0,"1":0,"2":0,"3":0,"4":0,"5":0,"6":0,"7":0,"8":0,"9":0,"10":0,"11":0,"12":0,"13":0,"14":0,"15":0,"16":0,"17":0,"18":0,"19":0,"20":0,"21":0},"f":{"0":0,"1":0,"2":0,"3":0,"4":0},"b":{"0":[0],"1":[0,0],"2":[0,0],"3":[0,0],"4":[0,0]}}
,"/Users/bibhutipoudyal/Projects/cleave/cleave-form-builder/src/lib/utils.ts": {"path":"/Users/bibhutipoudyal/Projects/cleave/cleave-form-builder/src/lib/utils.ts","statementMap":{"0":{"start":{"line":4,"column":0},"end":{"line":4,"column":16}},"1":{"start":{"line":1,"column":0},"end":{"line":1,"column":44}},"2":{"start":{"line":2,"column":0},"end":{"line":2,"column":40}},"3":{"start":{"line":5,"column":2},"end":{"line":5,"column":null}}},"fnMap":{"0":{"name":"cn","decl":{"start":{"line":4,"column":16},"end":{"line":4,"column":18}},"loc":{"start":{"line":4,"column":42},"end":{"line":6,"column":1}}}},"branchMap":{},"s":{"0":10,"1":10,"2":10,"3":208},"f":{"0":208},"b":{}}
,"/Users/bibhutipoudyal/Projects/cleave/cleave-form-builder/src/pages/Automations.tsx": {"path":"/Users/bibhutipoudyal/Projects/cleave/cleave-form-builder/src/pages/Automations.tsx","statementMap":{"0":{"start":{"line":16,"column":0},"end":{"line":16,"column":24}},"1":{"start":{"line":1,"column":0},"end":{"line":1,"column":33}},"2":{"start":{"line":2,"column":0},"end":{"line":2,"column":47}},"3":{"start":{"line":3,"column":0},"end":{"line":3,"column":43}},"4":{"start":{"line":4,"column":0},"end":{"line":4,"column":59}},"5":{"start":{"line":5,"column":0},"end":{"line":5,"column":63}},"6":{"start":{"line":6,"column":0},"end":{"line":6,"column":93}},"7":{"start":{"line":7,"column":0},"end":{"line":7,"column":103}},"8":{"start":{"line":9,"column":45},"end":{"line":14,"column":2}},"9":{"start":{"line":17,"column":21},"end":{"line":17,"column":34}},"10":{"start":{"line":18,"column":44},"end":{"line":18,"column":59}},"11":{"start":{"line":22,"column":30},"end":{"line":22,"column":39}},"12":{"start":{"line":23,"column":20},"end":{"line":23,"column":31}},"13":{"start":{"line":25,"column":28},"end":{"line":27,"column":5}},"14":{"start":{"line":26,"column":8},"end":{"line":26,"column":30}},"15":{"start":{"line":29,"column":35},"end":{"line":33,"column":5}},"16":{"start":{"line":30,"column":8},"end":{"line":30,"column":31}},"17":{"start":{"line":31,"column":8},"end":{"line":31,"column":73}},"18":{"start":{"line":32,"column":8},"end":{"line":32,"column":37}},"19":{"start":{"line":35,"column":4},"end":{"line":53,"column":6}},"20":{"start":{"line":47,"column":31},"end":{"line":47,"column":53}}},"fnMap":{"0":{"name":"Automations","decl":{"start":{"line":16,"column":24},"end":{"line":16,"column":35}},"loc":{"start":{"line":16,"column":35},"end":{"line":54,"column":1}}},"1":{"name":"(anonymous_2)","decl":{"start":{"line":25,"column":28},"end":{"line":25,"column":31}},"loc":{"start":{"line":25,"column":33},"end":{"line":27,"column":5}}},"2":{"name":"(anonymous_3)","decl":{"start":{"line":29,"column":35},"end":{"line":29,"column":36}},"loc":{"start":{"line":29,"column":87},"end":{"line":33,"column":5}}},"3":{"name":"(anonymous_4)","decl":{"start":{"line":47,"column":25},"end":{"line":47,"column":28}},"loc":{"start":{"line":47,"column":31},"end":{"line":47,"column":53}}}},"branchMap":{},"s":{"0":0,"1":0,"2":0,"3":0,"4":0,"5":0,"6":0,"7":0,"8":0,"9":0,"10":0,"11":0,"12":0,"13":0,"14":0,"15":0,"16":0,"17":0,"18":0,"19":0,"20":0},"f":{"0":0,"1":0,"2":0,"3":0},"b":{}}
,"/Users/bibhutipoudyal/Projects/cleave/cleave-form-builder/src/pages/EmailBuilder.tsx": {"path":"/Users/bibhutipoudyal/Projects/cleave/cleave-form-builder/src/pages/EmailBuilder.tsx","statementMap":{"0":{"start":{"line":5,"column":0},"end":{"line":5,"column":24}},"1":{"start":{"line":1,"column":0},"end":{"line":1,"column":50}},"2":{"start":{"line":2,"column":0},"end":{"line":2,"column":59}},"3":{"start":{"line":3,"column":0},"end":{"line":3,"column":64}},"4":{"start":{"line":6,"column":19},"end":{"line":6,"column":30}},"5":{"start":{"line":8,"column":4},"end":{"line":22,"column":null}}},"fnMap":{"0":{"name":"EmailBuilder","decl":{"start":{"line":5,"column":24},"end":{"line":5,"column":36}},"loc":{"start":{"line":5,"column":36},"end":{"line":23,"column":1}}}},"branchMap":{"0":{"loc":{"start":{"line":15,"column":36},"end":{"line":15,"column":67}},"type":"cond-expr","locations":[{"start":{"line":15,"column":51},"end":{"line":15,"column":62}},{"start":{"line":15,"column":65},"end":{"line":15,"column":67}}]}},"s":{"0":0,"1":0,"2":0,"3":0,"4":0,"5":0},"f":{"0":0},"b":{"0":[0,0]}}
,"/Users/bibhutipoudyal/Projects/cleave/cleave-form-builder/src/pages/Emails.tsx": {"path":"/Users/bibhutipoudyal/Projects/cleave/cleave-form-builder/src/pages/Emails.tsx","statementMap":{"0":{"start":{"line":20,"column":0},"end":{"line":20,"column":24}},"1":{"start":{"line":1,"column":0},"end":{"line":1,"column":33}},"2":{"start":{"line":2,"column":0},"end":{"line":2,"column":47}},"3":{"start":{"line":3,"column":0},"end":{"line":3,"column":43}},"4":{"start":{"line":4,"column":0},"end":{"line":4,"column":73}},"5":{"start":{"line":5,"column":0},"end":{"line":5,"column":49}},"6":{"start":{"line":6,"column":0},"end":{"line":6,"column":93}},"7":{"start":{"line":7,"column":0},"end":{"line":7,"column":173}},"8":{"start":{"line":9,"column":40},"end":{"line":18,"column":2}},"9":{"start":{"line":21,"column":21},"end":{"line":21,"column":34}},"10":{"start":{"line":22,"column":44},"end":{"line":22,"column":59}},"11":{"start":{"line":25,"column":26},"end":{"line":25,"column":86}},"12":{"start":{"line":25,"column":60},"end":{"line":25,"column":85}},"13":{"start":{"line":26,"column":20},"end":{"line":26,"column":36}},"14":{"start":{"line":28,"column":28},"end":{"line":30,"column":5}},"15":{"start":{"line":29,"column":8},"end":{"line":29,"column":30}},"16":{"start":{"line":32,"column":30},"end":{"line":37,"column":5}},"17":{"start":{"line":33,"column":8},"end":{"line":33,"column":31}},"18":{"start":{"line":34,"column":8},"end":{"line":34,"column":68}},"19":{"start":{"line":36,"column":8},"end":{"line":36,"column":32}},"20":{"start":{"line":39,"column":4},"end":{"line":57,"column":6}},"21":{"start":{"line":51,"column":31},"end":{"line":51,"column":53}}},"fnMap":{"0":{"name":"Emails","decl":{"start":{"line":20,"column":24},"end":{"line":20,"column":30}},"loc":{"start":{"line":20,"column":30},"end":{"line":58,"column":1}}},"1":{"name":"(anonymous_2)","decl":{"start":{"line":25,"column":48},"end":{"line":25,"column":49}},"loc":{"start":{"line":25,"column":60},"end":{"line":25,"column":85}}},"2":{"name":"(anonymous_3)","decl":{"start":{"line":28,"column":28},"end":{"line":28,"column":31}},"loc":{"start":{"line":28,"column":33},"end":{"line":30,"column":5}}},"3":{"name":"(anonymous_4)","decl":{"start":{"line":32,"column":30},"end":{"line":32,"column":31}},"loc":{"start":{"line":32,"column":82},"end":{"line":37,"column":5}}},"4":{"name":"(anonymous_5)","decl":{"start":{"line":51,"column":25},"end":{"line":51,"column":28}},"loc":{"start":{"line":51,"column":31},"end":{"line":51,"column":53}}}},"branchMap":{},"s":{"0":0,"1":0,"2":0,"3":0,"4":0,"5":0,"6":0,"7":0,"8":0,"9":0,"10":0,"11":0,"12":0,"13":0,"14":0,"15":0,"16":0,"17":0,"18":0,"19":0,"20":0,"21":0},"f":{"0":0,"1":0,"2":0,"3":0,"4":0},"b":{}}
,"/Users/bibhutipoudyal/Projects/cleave/cleave-form-builder/src/pages/FormBuilder.tsx": {"path":"/Users/bibhutipoudyal/Projects/cleave/cleave-form-builder/src/pages/FormBuilder.tsx","statementMap":{"0":{"start":{"line":5,"column":0},"end":{"line":5,"column":24}},"1":{"start":{"line":1,"column":0},"end":{"line":1,"column":50}},"2":{"start":{"line":2,"column":0},"end":{"line":2,"column":59}},"3":{"start":{"line":3,"column":0},"end":{"line":3,"column":61}},"4":{"start":{"line":6,"column":19},"end":{"line":6,"column":30}},"5":{"start":{"line":8,"column":4},"end":{"line":22,"column":null}}},"fnMap":{"0":{"name":"FormBuilder","decl":{"start":{"line":5,"column":24},"end":{"line":5,"column":35}},"loc":{"start":{"line":5,"column":35},"end":{"line":23,"column":1}}}},"branchMap":{"0":{"loc":{"start":{"line":15,"column":35},"end":{"line":15,"column":65}},"type":"cond-expr","locations":[{"start":{"line":15,"column":50},"end":{"line":15,"column":60}},{"start":{"line":15,"column":63},"end":{"line":15,"column":65}}]}},"s":{"0":0,"1":0,"2":0,"3":0,"4":0,"5":0},"f":{"0":0},"b":{"0":[0,0]}}
,"/Users/bibhutipoudyal/Projects/cleave/cleave-form-builder/src/pages/Forms.tsx": {"path":"/Users/bibhutipoudyal/Projects/cleave/cleave-form-builder/src/pages/Forms.tsx","statementMap":{"0":{"start":{"line":16,"column":0},"end":{"line":16,"column":24}},"1":{"start":{"line":1,"column":0},"end":{"line":1,"column":33}},"2":{"start":{"line":2,"column":0},"end":{"line":2,"column":47}},"3":{"start":{"line":3,"column":0},"end":{"line":3,"column":43}},"4":{"start":{"line":4,"column":0},"end":{"line":4,"column":71}},"5":{"start":{"line":5,"column":0},"end":{"line":5,"column":49}},"6":{"start":{"line":6,"column":0},"end":{"line":6,"column":93}},"7":{"start":{"line":7,"column":0},"end":{"line":7,"column":129}},"8":{"start":{"line":9,"column":39},"end":{"line":14,"column":2}},"9":{"start":{"line":17,"column":21},"end":{"line":17,"column":34}},"10":{"start":{"line":18,"column":44},"end":{"line":18,"column":59}},"11":{"start":{"line":21,"column":26},"end":{"line":21,"column":84}},"12":{"start":{"line":21,"column":59},"end":{"line":21,"column":83}},"13":{"start":{"line":22,"column":20},"end":{"line":22,"column":35}},"14":{"start":{"line":24,"column":28},"end":{"line":26,"column":5}},"15":{"start":{"line":25,"column":8},"end":{"line":25,"column":30}},"16":{"start":{"line":28,"column":29},"end":{"line":32,"column":5}},"17":{"start":{"line":29,"column":8},"end":{"line":29,"column":31}},"18":{"start":{"line":30,"column":8},"end":{"line":30,"column":67}},"19":{"start":{"line":31,"column":8},"end":{"line":31,"column":31}},"20":{"start":{"line":34,"column":4},"end":{"line":52,"column":6}},"21":{"start":{"line":46,"column":31},"end":{"line":46,"column":53}}},"fnMap":{"0":{"name":"Forms","decl":{"start":{"line":16,"column":24},"end":{"line":16,"column":29}},"loc":{"start":{"line":16,"column":29},"end":{"line":53,"column":1}}},"1":{"name":"(anonymous_2)","decl":{"start":{"line":21,"column":47},"end":{"line":21,"column":48}},"loc":{"start":{"line":21,"column":59},"end":{"line":21,"column":83}}},"2":{"name":"(anonymous_3)","decl":{"start":{"line":24,"column":28},"end":{"line":24,"column":31}},"loc":{"start":{"line":24,"column":33},"end":{"line":26,"column":5}}},"3":{"name":"(anonymous_4)","decl":{"start":{"line":28,"column":29},"end":{"line":28,"column":30}},"loc":{"start":{"line":28,"column":81},"end":{"line":32,"column":5}}},"4":{"name":"(anonymous_5)","decl":{"start":{"line":46,"column":25},"end":{"line":46,"column":28}},"loc":{"start":{"line":46,"column":31},"end":{"line":46,"column":53}}}},"branchMap":{},"s":{"0":0,"1":0,"2":0,"3":0,"4":0,"5":0,"6":0,"7":0,"8":0,"9":0,"10":0,"11":0,"12":0,"13":0,"14":0,"15":0,"16":0,"17":0,"18":0,"19":0,"20":0,"21":0},"f":{"0":0,"1":0,"2":0,"3":0,"4":0},"b":{}}
,"/Users/bibhutipoudyal/Projects/cleave/cleave-form-builder/src/pages/Home.tsx": {"path":"/Users/bibhutipoudyal/Projects/cleave/cleave-form-builder/src/pages/Home.tsx","statementMap":{"0":{"start":{"line":1,"column":0},"end":{"line":1,"column":24}},"1":{"start":{"line":2,"column":4},"end":{"line":9,"column":null}}},"fnMap":{"0":{"name":"Home","decl":{"start":{"line":1,"column":24},"end":{"line":1,"column":28}},"loc":{"start":{"line":1,"column":28},"end":{"line":10,"column":1}}}},"branchMap":{},"s":{"0":0,"1":0},"f":{"0":0},"b":{}}
}
