{"/Users/bibhutipoudyal/Projects/crcit/cleave-form-builder/src/App.tsx": {"path":"/Users/bibhutipoudyal/Projects/crcit/cleave-form-builder/src/App.tsx","statementMap":{"0":{"start":{"line":1,"column":0},"end":{"line":1,"column":41}},"1":{"start":{"line":2,"column":0},"end":{"line":2,"column":42}},"2":{"start":{"line":5,"column":2},"end":{"line":26,"column":null}},"3":{"start":{"line":29,"column":0},"end":{"line":29,"column":null}}},"fnMap":{"0":{"name":"App","decl":{"start":{"line":4,"column":9},"end":{"line":4,"column":12}},"loc":{"start":{"line":4,"column":12},"end":{"line":27,"column":1}}}},"branchMap":{},"s":{"0":0,"1":0,"2":0,"3":0},"f":{"0":0},"b":{}}
,"/Users/bibhutipoudyal/Projects/crcit/cleave-form-builder/src/BuilderPanel.tsx": {"path":"/Users/bibhutipoudyal/Projects/crcit/cleave-form-builder/src/BuilderPanel.tsx","statementMap":{"0":{"start":{"line":8,"column":0},"end":{"line":8,"column":24}},"1":{"start":{"line":1,"column":0},"end":{"line":1,"column":38}},"2":{"start":{"line":2,"column":0},"end":{"line":2,"column":89}},"3":{"start":{"line":3,"column":0},"end":{"line":3,"column":33}},"4":{"start":{"line":4,"column":0},"end":{"line":4,"column":52}},"5":{"start":{"line":5,"column":0},"end":{"line":5,"column":69}},"6":{"start":{"line":9,"column":36},"end":{"line":9,"column":68}},"7":{"start":{"line":11,"column":25},"end":{"line":13,"column":3}},"8":{"start":{"line":12,"column":4},"end":{"line":12,"column":24}},"9":{"start":{"line":15,"column":22},"end":{"line":31,"column":4}},"10":{"start":{"line":33,"column":2},"end":{"line":61,"column":4}}},"fnMap":{"0":{"name":"BuilderPanel","decl":{"start":{"line":8,"column":24},"end":{"line":8,"column":36}},"loc":{"start":{"line":8,"column":36},"end":{"line":62,"column":1}}},"1":{"name":"(anonymous_2)","decl":{"start":{"line":11,"column":25},"end":{"line":11,"column":26}},"loc":{"start":{"line":11,"column":43},"end":{"line":13,"column":3}}}},"branchMap":{"0":{"loc":{"start":{"line":43,"column":7},"end":{"line":43,"column":54}},"type":"binary-expr","locations":[{"start":{"line":43,"column":7},"end":{"line":43,"column":35}},{"start":{"line":43,"column":39},"end":{"line":43,"column":54}}]},"1":{"loc":{"start":{"line":45,"column":7},"end":{"line":56,"column":null}},"type":"binary-expr","locations":[{"start":{"line":45,"column":7},"end":{"line":45,"column":38}},{"start":{"line":46,"column":8},"end":{"line":55,"column":null}}]},"2":{"loc":{"start":{"line":59,"column":7},"end":{"line":59,"column":66}},"type":"binary-expr","locations":[{"start":{"line":59,"column":7},"end":{"line":59,"column":41}},{"start":{"line":59,"column":45},"end":{"line":59,"column":66}}]}},"s":{"0":0,"1":0,"2":0,"3":0,"4":0,"5":0,"6":0,"7":0,"8":0,"9":0,"10":0},"f":{"0":0,"1":0},"b":{"0":[0,0],"1":[0,0],"2":[0,0]}}
,"/Users/bibhutipoudyal/Projects/crcit/cleave-form-builder/src/ComponentShowcase.tsx": {"path":"/Users/bibhutipoudyal/Projects/crcit/cleave-form-builder/src/ComponentShowcase.tsx","statementMap":{"0":{"start":{"line":1,"column":0},"end":{"line":1,"column":24}},"1":{"start":{"line":2,"column":2},"end":{"line":9,"column":null}}},"fnMap":{"0":{"name":"ComponentShowcase","decl":{"start":{"line":1,"column":24},"end":{"line":1,"column":41}},"loc":{"start":{"line":1,"column":41},"end":{"line":10,"column":1}}}},"branchMap":{},"s":{"0":0,"1":0},"f":{"0":0},"b":{}}
,"/Users/bibhutipoudyal/Projects/crcit/cleave-form-builder/src/index.tsx": {"path":"/Users/bibhutipoudyal/Projects/crcit/cleave-form-builder/src/index.tsx","statementMap":{"0":{"start":{"line":1,"column":0},"end":{"line":1,"column":9}},"1":{"start":{"line":1,"column":9},"end":{"line":1,"column":32}},"2":{"start":{"line":2,"column":0},"end":{"line":2,"column":9}},"3":{"start":{"line":2,"column":9},"end":{"line":2,"column":37}}},"fnMap":{"0":{"name":"(anonymous_1)","decl":{"start":{"line":1,"column":9},"end":{"line":1,"column":16}},"loc":{"start":{"line":1,"column":9},"end":{"line":1,"column":32}}},"1":{"name":"(anonymous_2)","decl":{"start":{"line":2,"column":9},"end":{"line":2,"column":16}},"loc":{"start":{"line":2,"column":9},"end":{"line":2,"column":37}}}},"branchMap":{},"s":{"0":0,"1":0,"2":0,"3":0},"f":{"0":0,"1":0},"b":{}}
,"/Users/bibhutipoudyal/Projects/crcit/cleave-form-builder/src/BuilderPanelTabs/FormBuilder/FormBuilder.tsx": {"path":"/Users/bibhutipoudyal/Projects/crcit/cleave-form-builder/src/BuilderPanelTabs/FormBuilder/FormBuilder.tsx","statementMap":{"0":{"start":{"line":11,"column":0},"end":{"line":11,"column":24}},"1":{"start":{"line":1,"column":0},"end":{"line":1,"column":47}},"2":{"start":{"line":2,"column":0},"end":{"line":2,"column":56}},"3":{"start":{"line":3,"column":0},"end":{"line":3,"column":62}},"4":{"start":{"line":5,"column":0},"end":{"line":5,"column":50}},"5":{"start":{"line":9,"column":21},"end":{"line":9,"column":87}},"6":{"start":{"line":12,"column":2},"end":{"line":21,"column":null}}},"fnMap":{"0":{"name":"FormBuilder","decl":{"start":{"line":11,"column":24},"end":{"line":11,"column":35}},"loc":{"start":{"line":11,"column":35},"end":{"line":22,"column":1}}}},"branchMap":{},"s":{"0":0,"1":0,"2":0,"3":0,"4":0,"5":0,"6":0},"f":{"0":0},"b":{}}
,"/Users/bibhutipoudyal/Projects/crcit/cleave-form-builder/src/BuilderPanelTabs/FormBuilder/constants.ts": {"path":"/Users/bibhutipoudyal/Projects/crcit/cleave-form-builder/src/BuilderPanelTabs/FormBuilder/constants.ts","statementMap":{"0":{"start":{"line":3,"column":13},"end":{"line":3,"column":77}},"1":{"start":{"line":4,"column":13},"end":{"line":4,"column":39}},"2":{"start":{"line":7,"column":13},"end":{"line":14,"column":null}},"3":{"start":{"line":16,"column":13},"end":{"line":16,"column":null}},"4":{"start":{"line":17,"column":13},"end":{"line":17,"column":null}},"5":{"start":{"line":18,"column":13},"end":{"line":18,"column":null}},"6":{"start":{"line":20,"column":13},"end":{"line":54,"column":2}}},"fnMap":{},"branchMap":{},"s":{"0":38,"1":38,"2":38,"3":38,"4":38,"5":38,"6":38},"f":{},"b":{}}
,"/Users/bibhutipoudyal/Projects/crcit/cleave-form-builder/src/BuilderPanelTabs/FormBuilder/foundation.ts": {"path":"/Users/bibhutipoudyal/Projects/crcit/cleave-form-builder/src/BuilderPanelTabs/FormBuilder/foundation.ts","statementMap":{"0":{"start":{"line":7,"column":0},"end":{"line":7,"column":24}},"1":{"start":{"line":10,"column":0},"end":{"line":10,"column":29}},"2":{"start":{"line":12,"column":0},"end":{"line":12,"column":28}}},"fnMap":{},"branchMap":{},"s":{"0":0,"1":0,"2":0},"f":{},"b":{}}
,"/Users/bibhutipoudyal/Projects/crcit/cleave-form-builder/src/BuilderPanelTabs/FormBuilder/index.tsx": {"path":"/Users/bibhutipoudyal/Projects/crcit/cleave-form-builder/src/BuilderPanelTabs/FormBuilder/index.tsx","statementMap":{"0":{"start":{"line":1,"column":0},"end":{"line":1,"column":9}},"1":{"start":{"line":1,"column":9},"end":{"line":1,"column":40}},"2":{"start":{"line":2,"column":0},"end":{"line":2,"column":9}},"3":{"start":{"line":2,"column":9},"end":{"line":2,"column":57}},"4":{"start":{"line":3,"column":0},"end":{"line":3,"column":9}},"5":{"start":{"line":3,"column":9},"end":{"line":3,"column":52}},"6":{"start":{"line":4,"column":0},"end":{"line":4,"column":9}},"7":{"start":{"line":4,"column":9},"end":{"line":4,"column":52}},"8":{"start":{"line":5,"column":0},"end":{"line":5,"column":9}},"9":{"start":{"line":5,"column":9},"end":{"line":5,"column":67}},"10":{"start":{"line":6,"column":0},"end":{"line":6,"column":9}},"11":{"start":{"line":6,"column":9},"end":{"line":6,"column":69}},"12":{"start":{"line":7,"column":0},"end":{"line":7,"column":9}},"13":{"start":{"line":7,"column":9},"end":{"line":7,"column":66}},"14":{"start":{"line":8,"column":0},"end":{"line":8,"column":9}},"15":{"start":{"line":8,"column":9},"end":{"line":8,"column":60}}},"fnMap":{"0":{"name":"(anonymous_1)","decl":{"start":{"line":1,"column":9},"end":{"line":1,"column":16}},"loc":{"start":{"line":1,"column":9},"end":{"line":1,"column":40}}},"1":{"name":"(anonymous_2)","decl":{"start":{"line":2,"column":9},"end":{"line":2,"column":21}},"loc":{"start":{"line":2,"column":9},"end":{"line":2,"column":57}}},"2":{"name":"(anonymous_3)","decl":{"start":{"line":3,"column":9},"end":{"line":3,"column":15}},"loc":{"start":{"line":3,"column":9},"end":{"line":3,"column":52}}},"3":{"name":"(anonymous_4)","decl":{"start":{"line":4,"column":9},"end":{"line":4,"column":15}},"loc":{"start":{"line":4,"column":9},"end":{"line":4,"column":52}}},"4":{"name":"(anonymous_5)","decl":{"start":{"line":5,"column":9},"end":{"line":5,"column":20}},"loc":{"start":{"line":5,"column":9},"end":{"line":5,"column":67}}},"5":{"name":"(anonymous_6)","decl":{"start":{"line":6,"column":9},"end":{"line":6,"column":19}},"loc":{"start":{"line":6,"column":9},"end":{"line":6,"column":69}}},"6":{"name":"(anonymous_7)","decl":{"start":{"line":7,"column":9},"end":{"line":7,"column":22}},"loc":{"start":{"line":7,"column":9},"end":{"line":7,"column":66}}},"7":{"name":"(anonymous_8)","decl":{"start":{"line":8,"column":9},"end":{"line":8,"column":19}},"loc":{"start":{"line":8,"column":9},"end":{"line":8,"column":60}}}},"branchMap":{},"s":{"0":0,"1":0,"2":0,"3":0,"4":0,"5":0,"6":0,"7":0,"8":0,"9":0,"10":0,"11":0,"12":0,"13":0,"14":0,"15":0},"f":{"0":0,"1":0,"2":0,"3":0,"4":0,"5":0,"6":0,"7":0},"b":{}}
,"/Users/bibhutipoudyal/Projects/crcit/cleave-form-builder/src/BuilderPanelTabs/FormBuilder/components/BuilderShell.tsx": {"path":"/Users/bibhutipoudyal/Projects/crcit/cleave-form-builder/src/BuilderPanelTabs/FormBuilder/components/BuilderShell.tsx","statementMap":{"0":{"start":{"line":1,"column":0},"end":{"line":1,"column":40}},"1":{"start":{"line":3,"column":0},"end":{"line":3,"column":41}},"2":{"start":{"line":4,"column":0},"end":{"line":4,"column":41}},"3":{"start":{"line":5,"column":0},"end":{"line":5,"column":56}},"4":{"start":{"line":6,"column":0},"end":{"line":6,"column":57}},"5":{"start":{"line":7,"column":0},"end":{"line":7,"column":80}},"6":{"start":{"line":8,"column":0},"end":{"line":8,"column":36}},"7":{"start":{"line":9,"column":0},"end":{"line":9,"column":44}},"8":{"start":{"line":11,"column":38},"end":{"line":62,"column":1}},"9":{"start":{"line":12,"column":69},"end":{"line":12,"column":85}},"10":{"start":{"line":13,"column":48},"end":{"line":13,"column":77}},"11":{"start":{"line":15,"column":31},"end":{"line":17,"column":3}},"12":{"start":{"line":16,"column":4},"end":{"line":16,"column":29}},"13":{"start":{"line":20,"column":2},"end":{"line":27,"column":44}},"14":{"start":{"line":21,"column":4},"end":{"line":26,"column":5}},"15":{"start":{"line":22,"column":26},"end":{"line":22,"column":90}},"16":{"start":{"line":22,"column":61},"end":{"line":22,"column":89}},"17":{"start":{"line":23,"column":6},"end":{"line":25,"column":7}},"18":{"start":{"line":24,"column":8},"end":{"line":24,"column":33}},"19":{"start":{"line":29,"column":2},"end":{"line":61,"column":4}},"20":{"start":{"line":36,"column":8},"end":{"line":37,"column":null}},"21":{"start":{"line":42,"column":8},"end":{"line":57,"column":null}},"22":{"start":{"line":11,"column":13},"end":{"line":11,"column":38}}},"fnMap":{"0":{"name":"(anonymous_10)","decl":{"start":{"line":11,"column":38},"end":{"line":11,"column":41}},"loc":{"start":{"line":11,"column":43},"end":{"line":62,"column":1}}},"1":{"name":"(anonymous_11)","decl":{"start":{"line":15,"column":31},"end":{"line":15,"column":34}},"loc":{"start":{"line":15,"column":36},"end":{"line":17,"column":3}}},"2":{"name":"(anonymous_12)","decl":{"start":{"line":20,"column":18},"end":{"line":20,"column":21}},"loc":{"start":{"line":20,"column":23},"end":{"line":27,"column":3}}},"3":{"name":"(anonymous_13)","decl":{"start":{"line":22,"column":50},"end":{"line":22,"column":51}},"loc":{"start":{"line":22,"column":61},"end":{"line":22,"column":89}}},"4":{"name":"(anonymous_14)","decl":{"start":{"line":35,"column":21},"end":{"line":35,"column":22}},"loc":{"start":{"line":36,"column":8},"end":{"line":37,"column":null}}},"5":{"name":"(anonymous_15)","decl":{"start":{"line":41,"column":7},"end":{"line":41,"column":8}},"loc":{"start":{"line":42,"column":8},"end":{"line":57,"column":null}}}},"branchMap":{"0":{"loc":{"start":{"line":21,"column":4},"end":{"line":26,"column":5}},"type":"if","locations":[{"start":{"line":21,"column":4},"end":{"line":26,"column":5}},{"start":{},"end":{}}]},"1":{"loc":{"start":{"line":21,"column":8},"end":{"line":21,"column":45}},"type":"binary-expr","locations":[{"start":{"line":21,"column":8},"end":{"line":21,"column":23}},{"start":{"line":21,"column":27},"end":{"line":21,"column":45}}]},"2":{"loc":{"start":{"line":23,"column":6},"end":{"line":25,"column":7}},"type":"if","locations":[{"start":{"line":23,"column":6},"end":{"line":25,"column":7}},{"start":{},"end":{}}]},"3":{"loc":{"start":{"line":33,"column":14},"end":{"line":33,"column":38}},"type":"binary-expr","locations":[{"start":{"line":33,"column":14},"end":{"line":33,"column":32}},{"start":{"line":33,"column":36},"end":{"line":33,"column":38}}]}},"s":{"0":0,"1":0,"2":0,"3":0,"4":0,"5":0,"6":0,"7":0,"8":0,"9":0,"10":0,"11":0,"12":0,"13":0,"14":0,"15":0,"16":0,"17":0,"18":0,"19":0,"20":0,"21":0,"22":0},"f":{"0":0,"1":0,"2":0,"3":0,"4":0,"5":0},"b":{"0":[0,0],"1":[0,0],"2":[0,0],"3":[0,0]}}
,"/Users/bibhutipoudyal/Projects/crcit/cleave-form-builder/src/BuilderPanelTabs/FormBuilder/components/LinkModal.tsx": {"path":"/Users/bibhutipoudyal/Projects/crcit/cleave-form-builder/src/BuilderPanelTabs/FormBuilder/components/LinkModal.tsx","statementMap":{"0":{"start":{"line":1,"column":0},"end":{"line":1,"column":51}},"1":{"start":{"line":2,"column":0},"end":{"line":2,"column":52}},"2":{"start":{"line":3,"column":0},"end":{"line":3,"column":52}},"3":{"start":{"line":4,"column":0},"end":{"line":4,"column":72}},"4":{"start":{"line":13,"column":51},"end":{"line":139,"column":1}},"5":{"start":{"line":19,"column":34},"end":{"line":19,"column":56}},"6":{"start":{"line":20,"column":24},"end":{"line":20,"column":55}},"7":{"start":{"line":21,"column":36},"end":{"line":21,"column":55}},"8":{"start":{"line":22,"column":38},"end":{"line":22,"column":57}},"9":{"start":{"line":23,"column":38},"end":{"line":23,"column":53}},"10":{"start":{"line":26,"column":2},"end":{"line":28,"column":21}},"11":{"start":{"line":27,"column":4},"end":{"line":27,"column":30}},"12":{"start":{"line":30,"column":21},"end":{"line":35,"column":3}},"13":{"start":{"line":32,"column":21},"end":{"line":32,"column":155}},"14":{"start":{"line":33,"column":4},"end":{"line":33,"column":21}},"15":{"start":{"line":34,"column":4},"end":{"line":34,"column":14}},"16":{"start":{"line":38,"column":4},"end":{"line":104,"column":null}},"17":{"start":{"line":47,"column":27},"end":{"line":47,"column":54}},"18":{"start":{"line":61,"column":27},"end":{"line":61,"column":49}},"19":{"start":{"line":96,"column":32},"end":{"line":96,"column":51}},"20":{"start":{"line":97,"column":32},"end":{"line":97,"column":52}},"21":{"start":{"line":98,"column":28},"end":{"line":98,"column":46}},"22":{"start":{"line":109,"column":4},"end":{"line":123,"column":null}},"23":{"start":{"line":127,"column":2},"end":{"line":138,"column":4}},"24":{"start":{"line":13,"column":13},"end":{"line":13,"column":51}}},"fnMap":{"0":{"name":"(anonymous_9)","decl":{"start":{"line":13,"column":51},"end":{"line":13,"column":52}},"loc":{"start":{"line":18,"column":5},"end":{"line":139,"column":1}}},"1":{"name":"(anonymous_10)","decl":{"start":{"line":26,"column":12},"end":{"line":26,"column":15}},"loc":{"start":{"line":26,"column":17},"end":{"line":28,"column":3}}},"2":{"name":"(anonymous_11)","decl":{"start":{"line":30,"column":21},"end":{"line":30,"column":24}},"loc":{"start":{"line":30,"column":26},"end":{"line":35,"column":3}}},"3":{"name":"(anonymous_12)","decl":{"start":{"line":47,"column":20},"end":{"line":47,"column":21}},"loc":{"start":{"line":47,"column":27},"end":{"line":47,"column":54}}},"4":{"name":"(anonymous_13)","decl":{"start":{"line":61,"column":20},"end":{"line":61,"column":21}},"loc":{"start":{"line":61,"column":27},"end":{"line":61,"column":49}}},"5":{"name":"(anonymous_14)","decl":{"start":{"line":96,"column":26},"end":{"line":96,"column":29}},"loc":{"start":{"line":96,"column":32},"end":{"line":96,"column":51}}},"6":{"name":"(anonymous_15)","decl":{"start":{"line":97,"column":26},"end":{"line":97,"column":29}},"loc":{"start":{"line":97,"column":32},"end":{"line":97,"column":52}}},"7":{"name":"(anonymous_16)","decl":{"start":{"line":98,"column":21},"end":{"line":98,"column":22}},"loc":{"start":{"line":98,"column":28},"end":{"line":98,"column":46}}}},"branchMap":{"0":{"loc":{"start":{"line":91,"column":21},"end":{"line":91,"column":56}},"type":"cond-expr","locations":[{"start":{"line":91,"column":34},"end":{"line":91,"column":44}},{"start":{"line":91,"column":47},"end":{"line":91,"column":56}}]}},"s":{"0":1,"1":1,"2":1,"3":1,"4":1,"5":129,"6":129,"7":129,"8":129,"9":129,"10":129,"11":30,"12":129,"13":8,"14":8,"15":8,"16":129,"17":14,"18":72,"19":1,"20":0,"21":1,"22":129,"23":129,"24":1},"f":{"0":129,"1":30,"2":8,"3":14,"4":72,"5":1,"6":0,"7":1},"b":{"0":[2,127]}}
,"/Users/bibhutipoudyal/Projects/crcit/cleave-form-builder/src/BuilderPanelTabs/FormBuilder/components/Canvas/AddLinkButton.tsx": {"path":"/Users/bibhutipoudyal/Projects/crcit/cleave-form-builder/src/BuilderPanelTabs/FormBuilder/components/Canvas/AddLinkButton.tsx","statementMap":{"0":{"start":{"line":1,"column":0},"end":{"line":1,"column":50}},"1":{"start":{"line":2,"column":0},"end":{"line":2,"column":54}},"2":{"start":{"line":3,"column":0},"end":{"line":3,"column":40}},"3":{"start":{"line":4,"column":0},"end":{"line":4,"column":46}},"4":{"start":{"line":5,"column":0},"end":{"line":5,"column":47}},"5":{"start":{"line":6,"column":0},"end":{"line":6,"column":39}},"6":{"start":{"line":12,"column":59},"end":{"line":96,"column":1}},"7":{"start":{"line":13,"column":40},"end":{"line":13,"column":55}},"8":{"start":{"line":14,"column":42},"end":{"line":14,"column":54}},"9":{"start":{"line":15,"column":39},"end":{"line":15,"column":55}},"10":{"start":{"line":18,"column":2},"end":{"line":41,"column":null}},"11":{"start":{"line":19,"column":26},"end":{"line":37,"column":5}},"12":{"start":{"line":20,"column":24},"end":{"line":20,"column":45}},"13":{"start":{"line":21,"column":6},"end":{"line":21,"column":28}},"14":{"start":{"line":21,"column":22},"end":{"line":21,"column":28}},"15":{"start":{"line":24,"column":27},"end":{"line":24,"column":47}},"16":{"start":{"line":25,"column":6},"end":{"line":30,"column":7}},"17":{"start":{"line":26,"column":29},"end":{"line":26,"column":72}},"18":{"start":{"line":27,"column":8},"end":{"line":29,"column":9}},"19":{"start":{"line":28,"column":10},"end":{"line":28,"column":16}},"20":{"start":{"line":32,"column":19},"end":{"line":32,"column":47}},"21":{"start":{"line":34,"column":6},"end":{"line":36,"column":7}},"22":{"start":{"line":35,"column":8},"end":{"line":35,"column":null}},"23":{"start":{"line":39,"column":4},"end":{"line":39,"column":null}},"24":{"start":{"line":40,"column":4},"end":{"line":40,"column":null}},"25":{"start":{"line":40,"column":17},"end":{"line":40,"column":71}},"26":{"start":{"line":43,"column":26},"end":{"line":47,"column":3}},"27":{"start":{"line":44,"column":4},"end":{"line":46,"column":5}},"28":{"start":{"line":45,"column":6},"end":{"line":45,"column":null}},"29":{"start":{"line":49,"column":21},"end":{"line":62,"column":3}},"30":{"start":{"line":50,"column":4},"end":{"line":50,"column":32}},"31":{"start":{"line":50,"column":26},"end":{"line":50,"column":32}},"32":{"start":{"line":52,"column":18},"end":{"line":52,"column":72}},"33":{"start":{"line":52,"column":47},"end":{"line":52,"column":71}},"34":{"start":{"line":53,"column":4},"end":{"line":53,"column":45}},"35":{"start":{"line":53,"column":39},"end":{"line":53,"column":45}},"36":{"start":{"line":56,"column":25},"end":{"line":56,"column":42}},"37":{"start":{"line":57,"column":21},"end":{"line":57,"column":89}},"38":{"start":{"line":59,"column":4},"end":{"line":59,"column":null}},"39":{"start":{"line":60,"column":4},"end":{"line":60,"column":null}},"40":{"start":{"line":61,"column":4},"end":{"line":61,"column":25}},"41":{"start":{"line":64,"column":27},"end":{"line":67,"column":3}},"42":{"start":{"line":65,"column":4},"end":{"line":65,"column":null}},"43":{"start":{"line":66,"column":4},"end":{"line":66,"column":25}},"44":{"start":{"line":70,"column":24},"end":{"line":70,"column":78}},"45":{"start":{"line":70,"column":53},"end":{"line":70,"column":77}},"46":{"start":{"line":71,"column":24},"end":{"line":73,"column":null}},"47":{"start":{"line":75,"column":21},"end":{"line":75,"column":52}},"48":{"start":{"line":77,"column":2},"end":{"line":95,"column":null}},"49":{"start":{"line":12,"column":13},"end":{"line":12,"column":59}}},"fnMap":{"0":{"name":"(anonymous_9)","decl":{"start":{"line":12,"column":59},"end":{"line":12,"column":60}},"loc":{"start":{"line":12,"column":83},"end":{"line":96,"column":1}}},"1":{"name":"(anonymous_10)","decl":{"start":{"line":18,"column":12},"end":{"line":18,"column":15}},"loc":{"start":{"line":18,"column":17},"end":{"line":41,"column":3}}},"2":{"name":"(anonymous_11)","decl":{"start":{"line":19,"column":26},"end":{"line":19,"column":29}},"loc":{"start":{"line":19,"column":31},"end":{"line":37,"column":5}}},"3":{"name":"(anonymous_12)","decl":{"start":{"line":40,"column":11},"end":{"line":40,"column":14}},"loc":{"start":{"line":40,"column":17},"end":{"line":40,"column":71}}},"4":{"name":"(anonymous_13)","decl":{"start":{"line":43,"column":26},"end":{"line":43,"column":29}},"loc":{"start":{"line":43,"column":31},"end":{"line":47,"column":3}}},"5":{"name":"(anonymous_14)","decl":{"start":{"line":49,"column":21},"end":{"line":49,"column":22}},"loc":{"start":{"line":49,"column":42},"end":{"line":62,"column":3}}},"6":{"name":"(anonymous_15)","decl":{"start":{"line":52,"column":42},"end":{"line":52,"column":43}},"loc":{"start":{"line":52,"column":47},"end":{"line":52,"column":71}}},"7":{"name":"(anonymous_16)","decl":{"start":{"line":64,"column":27},"end":{"line":64,"column":30}},"loc":{"start":{"line":64,"column":32},"end":{"line":67,"column":3}}},"8":{"name":"(anonymous_17)","decl":{"start":{"line":70,"column":48},"end":{"line":70,"column":49}},"loc":{"start":{"line":70,"column":53},"end":{"line":70,"column":77}}}},"branchMap":{"0":{"loc":{"start":{"line":21,"column":6},"end":{"line":21,"column":28}},"type":"if","locations":[{"start":{"line":21,"column":6},"end":{"line":21,"column":28}},{"start":{},"end":{}}]},"1":{"loc":{"start":{"line":25,"column":6},"end":{"line":30,"column":7}},"type":"if","locations":[{"start":{"line":25,"column":6},"end":{"line":30,"column":7}},{"start":{},"end":{}}]},"2":{"loc":{"start":{"line":27,"column":8},"end":{"line":29,"column":9}},"type":"if","locations":[{"start":{"line":27,"column":8},"end":{"line":29,"column":9}},{"start":{},"end":{}}]},"3":{"loc":{"start":{"line":34,"column":6},"end":{"line":36,"column":7}},"type":"if","locations":[{"start":{"line":34,"column":6},"end":{"line":36,"column":7}},{"start":{},"end":{}}]},"4":{"loc":{"start":{"line":34,"column":10},"end":{"line":34,"column":33}},"type":"binary-expr","locations":[{"start":{"line":34,"column":10},"end":{"line":34,"column":14}},{"start":{"line":34,"column":18},"end":{"line":34,"column":33}}]},"5":{"loc":{"start":{"line":44,"column":4},"end":{"line":46,"column":5}},"type":"if","locations":[{"start":{"line":44,"column":4},"end":{"line":46,"column":5}},{"start":{},"end":{}}]},"6":{"loc":{"start":{"line":50,"column":4},"end":{"line":50,"column":32}},"type":"if","locations":[{"start":{"line":50,"column":4},"end":{"line":50,"column":32}},{"start":{},"end":{}}]},"7":{"loc":{"start":{"line":53,"column":4},"end":{"line":53,"column":45}},"type":"if","locations":[{"start":{"line":53,"column":4},"end":{"line":53,"column":45}},{"start":{},"end":{}}]},"8":{"loc":{"start":{"line":53,"column":8},"end":{"line":53,"column":37}},"type":"binary-expr","locations":[{"start":{"line":53,"column":8},"end":{"line":53,"column":14}},{"start":{"line":53,"column":18},"end":{"line":53,"column":37}}]},"9":{"loc":{"start":{"line":56,"column":25},"end":{"line":56,"column":42}},"type":"binary-expr","locations":[{"start":{"line":56,"column":25},"end":{"line":56,"column":36}},{"start":{"line":56,"column":40},"end":{"line":56,"column":42}}]},"10":{"loc":{"start":{"line":71,"column":24},"end":{"line":73,"column":null}},"type":"binary-expr","locations":[{"start":{"line":71,"column":24},"end":{"line":71,"column":37}},{"start":{"line":72,"column":4},"end":{"line":72,"column":44}},{"start":{"line":73,"column":4},"end":{"line":73,"column":46}}]},"11":{"loc":{"start":{"line":75,"column":21},"end":{"line":75,"column":52}},"type":"binary-expr","locations":[{"start":{"line":75,"column":21},"end":{"line":75,"column":34}},{"start":{"line":75,"column":38},"end":{"line":75,"column":52}}]}},"s":{"0":1,"1":1,"2":1,"3":1,"4":1,"5":1,"6":1,"7":40,"8":40,"9":40,"10":40,"11":18,"12":12,"13":12,"14":0,"15":12,"16":12,"17":12,"18":12,"19":1,"20":11,"21":11,"22":11,"23":18,"24":18,"25":18,"26":40,"27":7,"28":7,"29":40,"30":3,"31":0,"32":3,"33":3,"34":3,"35":0,"36":3,"37":3,"38":3,"39":3,"40":3,"41":40,"42":1,"43":1,"44":40,"45":60,"46":40,"47":40,"48":40,"49":1},"f":{"0":40,"1":18,"2":12,"3":18,"4":7,"5":3,"6":3,"7":1,"8":60},"b":{"0":[0,12],"1":[12,0],"2":[1,11],"3":[11,0],"4":[11,11],"5":[7,0],"6":[0,3],"7":[0,3],"8":[3,3],"9":[3,0],"10":[40,34,5],"11":[40,18]}}
,"/Users/bibhutipoudyal/Projects/crcit/cleave-form-builder/src/BuilderPanelTabs/FormBuilder/components/Canvas/Canvas.tsx": {"path":"/Users/bibhutipoudyal/Projects/crcit/cleave-form-builder/src/BuilderPanelTabs/FormBuilder/components/Canvas/Canvas.tsx","statementMap":{"0":{"start":{"line":1,"column":0},"end":{"line":1,"column":38}},"1":{"start":{"line":2,"column":0},"end":{"line":2,"column":45}},"2":{"start":{"line":3,"column":0},"end":{"line":3,"column":48}},"3":{"start":{"line":5,"column":0},"end":{"line":5,"column":48}},"4":{"start":{"line":6,"column":0},"end":{"line":6,"column":69}},"5":{"start":{"line":7,"column":0},"end":{"line":7,"column":42}},"6":{"start":{"line":8,"column":0},"end":{"line":8,"column":56}},"7":{"start":{"line":9,"column":0},"end":{"line":9,"column":54}},"8":{"start":{"line":10,"column":0},"end":{"line":10,"column":47}},"9":{"start":{"line":11,"column":0},"end":{"line":11,"column":22}},"10":{"start":{"line":20,"column":45},"end":{"line":83,"column":1}},"11":{"start":{"line":21,"column":55},"end":{"line":21,"column":71}},"12":{"start":{"line":22,"column":20},"end":{"line":22,"column":55}},"13":{"start":{"line":25,"column":33},"end":{"line":25,"column":74}},"14":{"start":{"line":27,"column":18},"end":{"line":27,"column":49}},"15":{"start":{"line":29,"column":2},"end":{"line":82,"column":null}},"16":{"start":{"line":37,"column":23},"end":{"line":37,"column":44}},"17":{"start":{"line":41,"column":12},"end":{"line":41,"column":null}},"18":{"start":{"line":42,"column":12},"end":{"line":42,"column":null}},"19":{"start":{"line":20,"column":13},"end":{"line":20,"column":45}}},"fnMap":{"0":{"name":"(anonymous_10)","decl":{"start":{"line":20,"column":45},"end":{"line":20,"column":46}},"loc":{"start":{"line":20,"column":96},"end":{"line":83,"column":1}}},"1":{"name":"(anonymous_11)","decl":{"start":{"line":37,"column":17},"end":{"line":37,"column":20}},"loc":{"start":{"line":37,"column":23},"end":{"line":37,"column":44}}},"2":{"name":"(anonymous_12)","decl":{"start":{"line":40,"column":15},"end":{"line":40,"column":16}},"loc":{"start":{"line":40,"column":24},"end":{"line":43,"column":11}}}},"branchMap":{"0":{"loc":{"start":{"line":54,"column":13},"end":{"line":68,"column":null}},"type":"cond-expr","locations":[{"start":{"line":55,"column":14},"end":{"line":56,"column":null}},{"start":{"line":59,"column":14},"end":{"line":67,"column":null}}]}},"s":{"0":0,"1":0,"2":0,"3":0,"4":0,"5":0,"6":0,"7":0,"8":0,"9":0,"10":0,"11":0,"12":0,"13":0,"14":0,"15":0,"16":0,"17":0,"18":0,"19":0},"f":{"0":0,"1":0,"2":0},"b":{"0":[0,0]}}
,"/Users/bibhutipoudyal/Projects/crcit/cleave-form-builder/src/BuilderPanelTabs/FormBuilder/components/Canvas/CanvasResizer.tsx": {"path":"/Users/bibhutipoudyal/Projects/crcit/cleave-form-builder/src/BuilderPanelTabs/FormBuilder/components/Canvas/CanvasResizer.tsx","statementMap":{"0":{"start":{"line":1,"column":0},"end":{"line":1,"column":51}},"1":{"start":{"line":2,"column":0},"end":{"line":2,"column":67}},"2":{"start":{"line":12,"column":59},"end":{"line":70,"column":1}},"3":{"start":{"line":19,"column":40},"end":{"line":19,"column":55}},"4":{"start":{"line":21,"column":28},"end":{"line":24,"column":5}},"5":{"start":{"line":22,"column":8},"end":{"line":22,"column":27}},"6":{"start":{"line":23,"column":8},"end":{"line":23,"column":28}},"7":{"start":{"line":26,"column":4},"end":{"line":60,"column":62}},"8":{"start":{"line":27,"column":32},"end":{"line":37,"column":9}},"9":{"start":{"line":28,"column":12},"end":{"line":28,"column":58}},"10":{"start":{"line":28,"column":51},"end":{"line":28,"column":58}},"11":{"start":{"line":30,"column":25},"end":{"line":30,"column":66}},"12":{"start":{"line":31,"column":29},"end":{"line":31,"column":50}},"13":{"start":{"line":34,"column":12},"end":{"line":36,"column":13}},"14":{"start":{"line":35,"column":16},"end":{"line":35,"column":47}},"15":{"start":{"line":39,"column":30},"end":{"line":45,"column":9}},"16":{"start":{"line":40,"column":12},"end":{"line":40,"column":33}},"17":{"start":{"line":41,"column":12},"end":{"line":44,"column":13}},"18":{"start":{"line":42,"column":29},"end":{"line":42,"column":70}},"19":{"start":{"line":43,"column":16},"end":{"line":43,"column":52}},"20":{"start":{"line":47,"column":8},"end":{"line":52,"column":9}},"21":{"start":{"line":48,"column":12},"end":{"line":48,"column":68}},"22":{"start":{"line":49,"column":12},"end":{"line":49,"column":64}},"23":{"start":{"line":50,"column":12},"end":{"line":50,"column":53}},"24":{"start":{"line":51,"column":12},"end":{"line":51,"column":52}},"25":{"start":{"line":54,"column":8},"end":{"line":59,"column":10}},"26":{"start":{"line":55,"column":12},"end":{"line":55,"column":71}},"27":{"start":{"line":56,"column":12},"end":{"line":56,"column":67}},"28":{"start":{"line":57,"column":12},"end":{"line":57,"column":44}},"29":{"start":{"line":58,"column":12},"end":{"line":58,"column":48}},"30":{"start":{"line":62,"column":4},"end":{"line":69,"column":6}},"31":{"start":{"line":12,"column":13},"end":{"line":12,"column":59}}},"fnMap":{"0":{"name":"(anonymous_9)","decl":{"start":{"line":12,"column":59},"end":{"line":12,"column":60}},"loc":{"start":{"line":18,"column":5},"end":{"line":70,"column":1}}},"1":{"name":"(anonymous_10)","decl":{"start":{"line":21,"column":28},"end":{"line":21,"column":29}},"loc":{"start":{"line":21,"column":52},"end":{"line":24,"column":5}}},"2":{"name":"(anonymous_11)","decl":{"start":{"line":26,"column":14},"end":{"line":26,"column":17}},"loc":{"start":{"line":26,"column":19},"end":{"line":60,"column":5}}},"3":{"name":"(anonymous_12)","decl":{"start":{"line":27,"column":32},"end":{"line":27,"column":33}},"loc":{"start":{"line":27,"column":50},"end":{"line":37,"column":9}}},"4":{"name":"(anonymous_13)","decl":{"start":{"line":39,"column":30},"end":{"line":39,"column":33}},"loc":{"start":{"line":39,"column":35},"end":{"line":45,"column":9}}},"5":{"name":"(anonymous_14)","decl":{"start":{"line":54,"column":15},"end":{"line":54,"column":18}},"loc":{"start":{"line":54,"column":20},"end":{"line":59,"column":9}}}},"branchMap":{"0":{"loc":{"start":{"line":28,"column":12},"end":{"line":28,"column":58}},"type":"if","locations":[{"start":{"line":28,"column":12},"end":{"line":28,"column":58}},{"start":{},"end":{}}]},"1":{"loc":{"start":{"line":28,"column":16},"end":{"line":28,"column":49}},"type":"binary-expr","locations":[{"start":{"line":28,"column":16},"end":{"line":28,"column":27}},{"start":{"line":28,"column":31},"end":{"line":28,"column":49}}]},"2":{"loc":{"start":{"line":34,"column":12},"end":{"line":36,"column":13}},"type":"if","locations":[{"start":{"line":34,"column":12},"end":{"line":36,"column":13}},{"start":{},"end":{}}]},"3":{"loc":{"start":{"line":34,"column":16},"end":{"line":34,"column":60}},"type":"binary-expr","locations":[{"start":{"line":34,"column":16},"end":{"line":34,"column":36}},{"start":{"line":34,"column":40},"end":{"line":34,"column":60}}]},"4":{"loc":{"start":{"line":41,"column":12},"end":{"line":44,"column":13}},"type":"if","locations":[{"start":{"line":41,"column":12},"end":{"line":44,"column":13}},{"start":{},"end":{}}]},"5":{"loc":{"start":{"line":41,"column":16},"end":{"line":41,"column":48}},"type":"binary-expr","locations":[{"start":{"line":41,"column":16},"end":{"line":41,"column":27}},{"start":{"line":41,"column":31},"end":{"line":41,"column":48}}]},"6":{"loc":{"start":{"line":47,"column":8},"end":{"line":52,"column":9}},"type":"if","locations":[{"start":{"line":47,"column":8},"end":{"line":52,"column":9}},{"start":{},"end":{}}]}},"s":{"0":0,"1":0,"2":0,"3":0,"4":0,"5":0,"6":0,"7":0,"8":0,"9":0,"10":0,"11":0,"12":0,"13":0,"14":0,"15":0,"16":0,"17":0,"18":0,"19":0,"20":0,"21":0,"22":0,"23":0,"24":0,"25":0,"26":0,"27":0,"28":0,"29":0,"30":0,"31":0},"f":{"0":0,"1":0,"2":0,"3":0,"4":0,"5":0},"b":{"0":[0,0],"1":[0,0],"2":[0,0],"3":[0,0],"4":[0,0],"5":[0,0],"6":[0,0]}}
,"/Users/bibhutipoudyal/Projects/crcit/cleave-form-builder/src/BuilderPanelTabs/FormBuilder/components/Canvas/CanvasToolbar.tsx": {"path":"/Users/bibhutipoudyal/Projects/crcit/cleave-form-builder/src/BuilderPanelTabs/FormBuilder/components/Canvas/CanvasToolbar.tsx","statementMap":{"0":{"start":{"line":1,"column":0},"end":{"line":1,"column":25}},"1":{"start":{"line":2,"column":0},"end":{"line":2,"column":53}},"2":{"start":{"line":3,"column":0},"end":{"line":3,"column":64}},"3":{"start":{"line":4,"column":0},"end":{"line":4,"column":47}},"4":{"start":{"line":12,"column":59},"end":{"line":45,"column":1}},"5":{"start":{"line":14,"column":23},"end":{"line":21,"column":6}},"6":{"start":{"line":15,"column":4},"end":{"line":15,"column":null}},"7":{"start":{"line":15,"column":45},"end":{"line":15,"column":null}},"8":{"start":{"line":16,"column":4},"end":{"line":16,"column":null}},"9":{"start":{"line":16,"column":45},"end":{"line":16,"column":null}},"10":{"start":{"line":17,"column":4},"end":{"line":17,"column":null}},"11":{"start":{"line":17,"column":45},"end":{"line":17,"column":null}},"12":{"start":{"line":18,"column":4},"end":{"line":18,"column":null}},"13":{"start":{"line":18,"column":45},"end":{"line":18,"column":null}},"14":{"start":{"line":19,"column":4},"end":{"line":19,"column":null}},"15":{"start":{"line":19,"column":40},"end":{"line":19,"column":null}},"16":{"start":{"line":20,"column":4},"end":{"line":20,"column":null}},"17":{"start":{"line":23,"column":2},"end":{"line":44,"column":null}},"18":{"start":{"line":29,"column":12},"end":{"line":29,"column":34}},"19":{"start":{"line":29,"column":187},"end":{"line":29,"column":218}},"20":{"start":{"line":12,"column":13},"end":{"line":12,"column":59}}},"fnMap":{"0":{"name":"(anonymous_1)","decl":{"start":{"line":12,"column":59},"end":{"line":12,"column":60}},"loc":{"start":{"line":12,"column":117},"end":{"line":45,"column":1}}},"1":{"name":"(anonymous_2)","decl":{"start":{"line":14,"column":24},"end":{"line":14,"column":27}},"loc":{"start":{"line":14,"column":29},"end":{"line":21,"column":3}}},"2":{"name":"(anonymous_3)","decl":{"start":{"line":28,"column":28},"end":{"line":28,"column":29}},"loc":{"start":{"line":29,"column":12},"end":{"line":29,"column":34}}},"3":{"name":"(anonymous_4)","decl":{"start":{"line":29,"column":181},"end":{"line":29,"column":184}},"loc":{"start":{"line":29,"column":187},"end":{"line":29,"column":218}}}},"branchMap":{"0":{"loc":{"start":{"line":15,"column":4},"end":{"line":15,"column":null}},"type":"if","locations":[{"start":{"line":15,"column":4},"end":{"line":15,"column":null}},{"start":{},"end":{}}]},"1":{"loc":{"start":{"line":16,"column":4},"end":{"line":16,"column":null}},"type":"if","locations":[{"start":{"line":16,"column":4},"end":{"line":16,"column":null}},{"start":{},"end":{}}]},"2":{"loc":{"start":{"line":17,"column":4},"end":{"line":17,"column":null}},"type":"if","locations":[{"start":{"line":17,"column":4},"end":{"line":17,"column":null}},{"start":{},"end":{}}]},"3":{"loc":{"start":{"line":18,"column":4},"end":{"line":18,"column":null}},"type":"if","locations":[{"start":{"line":18,"column":4},"end":{"line":18,"column":null}},{"start":{},"end":{}}]},"4":{"loc":{"start":{"line":19,"column":4},"end":{"line":19,"column":null}},"type":"if","locations":[{"start":{"line":19,"column":4},"end":{"line":19,"column":null}},{"start":{},"end":{}}]},"5":{"loc":{"start":{"line":29,"column":43},"end":{"line":29,"column":93}},"type":"cond-expr","locations":[{"start":{"line":29,"column":70},"end":{"line":29,"column":79}},{"start":{"line":29,"column":82},"end":{"line":29,"column":93}}]}},"s":{"0":1,"1":1,"2":1,"3":1,"4":1,"5":29,"6":29,"7":1,"8":28,"9":1,"10":27,"11":23,"12":4,"13":2,"14":2,"15":1,"16":1,"17":29,"18":174,"19":7,"20":1},"f":{"0":29,"1":29,"2":174,"3":7},"b":{"0":[1,28],"1":[1,27],"2":[23,4],"3":[2,2],"4":[1,1],"5":[29,145]}}
,"/Users/bibhutipoudyal/Projects/crcit/cleave-form-builder/src/BuilderPanelTabs/FormBuilder/components/Canvas/EmptyState.tsx": {"path":"/Users/bibhutipoudyal/Projects/crcit/cleave-form-builder/src/BuilderPanelTabs/FormBuilder/components/Canvas/EmptyState.tsx","statementMap":{"0":{"start":{"line":1,"column":0},"end":{"line":1,"column":26}},"1":{"start":{"line":2,"column":0},"end":{"line":2,"column":63}},"2":{"start":{"line":8,"column":53},"end":{"line":24,"column":1}},"3":{"start":{"line":11,"column":2},"end":{"line":23,"column":4}},"4":{"start":{"line":8,"column":13},"end":{"line":8,"column":53}}},"fnMap":{"0":{"name":"(anonymous_1)","decl":{"start":{"line":8,"column":53},"end":{"line":8,"column":54}},"loc":{"start":{"line":10,"column":5},"end":{"line":24,"column":1}}}},"branchMap":{"0":{"loc":{"start":{"line":9,"column":2},"end":{"line":9,"column":16}},"type":"default-arg","locations":[{"start":{"line":9,"column":11},"end":{"line":9,"column":16}}]},"1":{"loc":{"start":{"line":12,"column":155},"end":{"line":12,"column":297}},"type":"cond-expr","locations":[{"start":{"line":12,"column":164},"end":{"line":12,"column":214}},{"start":{"line":12,"column":217},"end":{"line":12,"column":297}}]},"2":{"loc":{"start":{"line":13,"column":86},"end":{"line":13,"column":238}},"type":"cond-expr","locations":[{"start":{"line":13,"column":95},"end":{"line":13,"column":168}},{"start":{"line":13,"column":171},"end":{"line":13,"column":238}}]},"3":{"loc":{"start":{"line":16,"column":51},"end":{"line":16,"column":136}},"type":"cond-expr","locations":[{"start":{"line":16,"column":60},"end":{"line":16,"column":97}},{"start":{"line":16,"column":100},"end":{"line":16,"column":136}}]},"4":{"loc":{"start":{"line":17,"column":9},"end":{"line":17,"column":57}},"type":"cond-expr","locations":[{"start":{"line":17,"column":18},"end":{"line":17,"column":36}},{"start":{"line":17,"column":39},"end":{"line":17,"column":57}}]}},"s":{"0":0,"1":0,"2":0,"3":0,"4":0},"f":{"0":0},"b":{"0":[0],"1":[0,0],"2":[0,0],"3":[0,0],"4":[0,0]}}
,"/Users/bibhutipoudyal/Projects/crcit/cleave-form-builder/src/BuilderPanelTabs/FormBuilder/components/ConfigPanel/BottomActionBar.tsx": {"path":"/Users/bibhutipoudyal/Projects/crcit/cleave-form-builder/src/BuilderPanelTabs/FormBuilder/components/ConfigPanel/BottomActionBar.tsx","statementMap":{"0":{"start":{"line":1,"column":0},"end":{"line":1,"column":null}},"1":{"start":{"line":5,"column":0},"end":{"line":5,"column":74}},"2":{"start":{"line":6,"column":0},"end":{"line":6,"column":47}},"3":{"start":{"line":28,"column":63},"end":{"line":62,"column":1}},"4":{"start":{"line":29,"column":43},"end":{"line":29,"column":59}},"5":{"start":{"line":31,"column":2},"end":{"line":61,"column":4}},"6":{"start":{"line":28,"column":13},"end":{"line":28,"column":63}}},"fnMap":{"0":{"name":"(anonymous_0)","decl":{"start":{"line":28,"column":63},"end":{"line":28,"column":64}},"loc":{"start":{"line":28,"column":91},"end":{"line":62,"column":1}}}},"branchMap":{"0":{"loc":{"start":{"line":33,"column":35},"end":{"line":33,"column":100}},"type":"cond-expr","locations":[{"start":{"line":33,"column":81},"end":{"line":33,"column":92}},{"start":{"line":33,"column":95},"end":{"line":33,"column":100}}]},"1":{"loc":{"start":{"line":33,"column":35},"end":{"line":33,"column":78}},"type":"binary-expr","locations":[{"start":{"line":33,"column":35},"end":{"line":33,"column":46}},{"start":{"line":33,"column":50},"end":{"line":33,"column":78}}]},"2":{"loc":{"start":{"line":38,"column":37},"end":{"line":38,"column":108}},"type":"cond-expr","locations":[{"start":{"line":38,"column":83},"end":{"line":38,"column":94}},{"start":{"line":38,"column":97},"end":{"line":38,"column":108}}]},"3":{"loc":{"start":{"line":38,"column":37},"end":{"line":38,"column":80}},"type":"binary-expr","locations":[{"start":{"line":38,"column":37},"end":{"line":38,"column":48}},{"start":{"line":38,"column":52},"end":{"line":38,"column":80}}]},"4":{"loc":{"start":{"line":42,"column":52},"end":{"line":44,"column":null}},"type":"cond-expr","locations":[{"start":{"line":43,"column":16},"end":{"line":43,"column":107}},{"start":{"line":44,"column":16},"end":{"line":44,"column":null}}]},"5":{"loc":{"start":{"line":52,"column":52},"end":{"line":54,"column":null}},"type":"cond-expr","locations":[{"start":{"line":53,"column":16},"end":{"line":53,"column":107}},{"start":{"line":54,"column":16},"end":{"line":54,"column":null}}]}},"s":{"0":0,"1":0,"2":0,"3":0,"4":0,"5":0,"6":0},"f":{"0":0},"b":{"0":[0,0],"1":[0,0],"2":[0,0],"3":[0,0],"4":[0,0],"5":[0,0]}}
,"/Users/bibhutipoudyal/Projects/crcit/cleave-form-builder/src/BuilderPanelTabs/FormBuilder/components/ConfigPanel/ConfigPanel.tsx": {"path":"/Users/bibhutipoudyal/Projects/crcit/cleave-form-builder/src/BuilderPanelTabs/FormBuilder/components/ConfigPanel/ConfigPanel.tsx","statementMap":{"0":{"start":{"line":1,"column":0},"end":{"line":1,"column":40}},"1":{"start":{"line":2,"column":0},"end":{"line":2,"column":80}},"2":{"start":{"line":3,"column":0},"end":{"line":3,"column":48}},"3":{"start":{"line":4,"column":0},"end":{"line":4,"column":66}},"4":{"start":{"line":5,"column":0},"end":{"line":5,"column":66}},"5":{"start":{"line":6,"column":0},"end":{"line":6,"column":52}},"6":{"start":{"line":13,"column":55},"end":{"line":43,"column":1}},"7":{"start":{"line":14,"column":40},"end":{"line":14,"column":55}},"8":{"start":{"line":17,"column":2},"end":{"line":24,"column":3}},"9":{"start":{"line":18,"column":4},"end":{"line":23,"column":6}},"10":{"start":{"line":27,"column":2},"end":{"line":42,"column":4}},"11":{"start":{"line":32,"column":53},"end":{"line":32,"column":81}},"12":{"start":{"line":13,"column":13},"end":{"line":13,"column":55}}},"fnMap":{"0":{"name":"(anonymous_9)","decl":{"start":{"line":13,"column":55},"end":{"line":13,"column":56}},"loc":{"start":{"line":13,"column":97},"end":{"line":43,"column":1}}},"1":{"name":"(anonymous_10)","decl":{"start":{"line":32,"column":47},"end":{"line":32,"column":50}},"loc":{"start":{"line":32,"column":53},"end":{"line":32,"column":81}}}},"branchMap":{"0":{"loc":{"start":{"line":17,"column":2},"end":{"line":24,"column":3}},"type":"if","locations":[{"start":{"line":17,"column":2},"end":{"line":24,"column":3}},{"start":{},"end":{}}]},"1":{"loc":{"start":{"line":17,"column":6},"end":{"line":17,"column":41}},"type":"binary-expr","locations":[{"start":{"line":17,"column":6},"end":{"line":17,"column":21}},{"start":{"line":17,"column":25},"end":{"line":17,"column":41}}]},"2":{"loc":{"start":{"line":28,"column":38},"end":{"line":28,"column":76}},"type":"cond-expr","locations":[{"start":{"line":28,"column":52},"end":{"line":28,"column":62}},{"start":{"line":28,"column":65},"end":{"line":28,"column":76}}]},"3":{"loc":{"start":{"line":29,"column":47},"end":{"line":29,"column":102}},"type":"cond-expr","locations":[{"start":{"line":29,"column":61},"end":{"line":29,"column":77}},{"start":{"line":29,"column":80},"end":{"line":29,"column":102}}]},"4":{"loc":{"start":{"line":30,"column":9},"end":{"line":30,"column":115}},"type":"binary-expr","locations":[{"start":{"line":30,"column":9},"end":{"line":30,"column":21}},{"start":{"line":30,"column":25},"end":{"line":30,"column":115}}]},"5":{"loc":{"start":{"line":32,"column":90},"end":{"line":32,"column":141}},"type":"cond-expr","locations":[{"start":{"line":32,"column":104},"end":{"line":32,"column":120}},{"start":{"line":32,"column":123},"end":{"line":32,"column":141}}]},"6":{"loc":{"start":{"line":33,"column":11},"end":{"line":33,"column":173}},"type":"cond-expr","locations":[{"start":{"line":33,"column":25},"end":{"line":33,"column":98}},{"start":{"line":33,"column":101},"end":{"line":33,"column":173}}]}},"s":{"0":0,"1":0,"2":0,"3":0,"4":0,"5":0,"6":0,"7":0,"8":0,"9":0,"10":0,"11":0,"12":0},"f":{"0":0,"1":0},"b":{"0":[0,0],"1":[0,0],"2":[0,0],"3":[0,0],"4":[0,0],"5":[0,0],"6":[0,0]}}
,"/Users/bibhutipoudyal/Projects/crcit/cleave-form-builder/src/BuilderPanelTabs/FormBuilder/components/ElementPalette/ElementPalette.tsx": {"path":"/Users/bibhutipoudyal/Projects/crcit/cleave-form-builder/src/BuilderPanelTabs/FormBuilder/components/ElementPalette/ElementPalette.tsx","statementMap":{"0":{"start":{"line":1,"column":0},"end":{"line":1,"column":40}},"1":{"start":{"line":2,"column":0},"end":{"line":2,"column":30}},"2":{"start":{"line":3,"column":0},"end":{"line":3,"column":66}},"3":{"start":{"line":4,"column":0},"end":{"line":4,"column":null}},"4":{"start":{"line":24,"column":0},"end":{"line":24,"column":46}},"5":{"start":{"line":25,"column":0},"end":{"line":25,"column":57}},"6":{"start":{"line":26,"column":0},"end":{"line":26,"column":45}},"7":{"start":{"line":41,"column":39},"end":{"line":87,"column":2}},"8":{"start":{"line":93,"column":85},"end":{"line":130,"column":1}},"9":{"start":{"line":94,"column":60},"end":{"line":101,"column":4}},"10":{"start":{"line":103,"column":2},"end":{"line":116,"column":3}},"11":{"start":{"line":104,"column":4},"end":{"line":115,"column":6}},"12":{"start":{"line":118,"column":2},"end":{"line":129,"column":4}},"13":{"start":{"line":136,"column":61},"end":{"line":213,"column":1}},"14":{"start":{"line":139,"column":40},"end":{"line":139,"column":52}},"15":{"start":{"line":141,"column":25},"end":{"line":146,"column":47}},"16":{"start":{"line":141,"column":56},"end":{"line":146,"column":4}},"17":{"start":{"line":144,"column":6},"end":{"line":144,"column":66}},"18":{"start":{"line":146,"column":24},"end":{"line":146,"column":46}},"19":{"start":{"line":148,"column":2},"end":{"line":212,"column":4}},"20":{"start":{"line":158,"column":31},"end":{"line":158,"column":61}},"21":{"start":{"line":169,"column":18},"end":{"line":169,"column":null}},"22":{"start":{"line":173,"column":24},"end":{"line":174,"column":null}},"23":{"start":{"line":193,"column":12},"end":{"line":193,"column":27}},"24":{"start":{"line":201,"column":16},"end":{"line":202,"column":null}},"25":{"start":{"line":136,"column":13},"end":{"line":136,"column":61}}},"fnMap":{"0":{"name":"(anonymous_9)","decl":{"start":{"line":93,"column":85},"end":{"line":93,"column":86}},"loc":{"start":{"line":93,"column":111},"end":{"line":130,"column":1}}},"1":{"name":"(anonymous_10)","decl":{"start":{"line":136,"column":61},"end":{"line":136,"column":62}},"loc":{"start":{"line":138,"column":5},"end":{"line":213,"column":1}}},"2":{"name":"(anonymous_11)","decl":{"start":{"line":141,"column":44},"end":{"line":141,"column":45}},"loc":{"start":{"line":141,"column":56},"end":{"line":146,"column":4}}},"3":{"name":"(anonymous_12)","decl":{"start":{"line":143,"column":30},"end":{"line":143,"column":31}},"loc":{"start":{"line":144,"column":6},"end":{"line":144,"column":66}}},"4":{"name":"(anonymous_13)","decl":{"start":{"line":146,"column":13},"end":{"line":146,"column":14}},"loc":{"start":{"line":146,"column":24},"end":{"line":146,"column":46}}},"5":{"name":"(anonymous_14)","decl":{"start":{"line":158,"column":24},"end":{"line":158,"column":25}},"loc":{"start":{"line":158,"column":31},"end":{"line":158,"column":61}}},"6":{"name":"(anonymous_15)","decl":{"start":{"line":168,"column":35},"end":{"line":168,"column":36}},"loc":{"start":{"line":169,"column":18},"end":{"line":169,"column":null}}},"7":{"name":"(anonymous_16)","decl":{"start":{"line":172,"column":39},"end":{"line":172,"column":40}},"loc":{"start":{"line":173,"column":24},"end":{"line":174,"column":null}}},"8":{"name":"(anonymous_17)","decl":{"start":{"line":192,"column":30},"end":{"line":192,"column":31}},"loc":{"start":{"line":193,"column":12},"end":{"line":193,"column":27}}},"9":{"name":"(anonymous_18)","decl":{"start":{"line":200,"column":31},"end":{"line":200,"column":32}},"loc":{"start":{"line":201,"column":16},"end":{"line":202,"column":null}}}},"branchMap":{"0":{"loc":{"start":{"line":103,"column":2},"end":{"line":116,"column":3}},"type":"if","locations":[{"start":{"line":103,"column":2},"end":{"line":116,"column":3}},{"start":{},"end":{}}]},"1":{"loc":{"start":{"line":109,"column":26},"end":{"line":109,"column":46}},"type":"cond-expr","locations":[{"start":{"line":109,"column":39},"end":{"line":109,"column":42}},{"start":{"line":109,"column":45},"end":{"line":109,"column":46}}]},"2":{"loc":{"start":{"line":119,"column":75},"end":{"line":119,"column":95}},"type":"cond-expr","locations":[{"start":{"line":119,"column":88},"end":{"line":119,"column":91}},{"start":{"line":119,"column":94},"end":{"line":119,"column":95}}]},"3":{"loc":{"start":{"line":150,"column":7},"end":{"line":209,"column":null}},"type":"cond-expr","locations":[{"start":{"line":151,"column":8},"end":{"line":188,"column":null}},{"start":{"line":191,"column":8},"end":{"line":208,"column":null}}]},"4":{"loc":{"start":{"line":167,"column":15},"end":{"line":185,"column":null}},"type":"cond-expr","locations":[{"start":{"line":168,"column":16},"end":{"line":180,"column":18}},{"start":{"line":182,"column":16},"end":{"line":184,"column":null}}]}},"s":{"0":0,"1":0,"2":0,"3":0,"4":0,"5":0,"6":0,"7":0,"8":0,"9":0,"10":0,"11":0,"12":0,"13":0,"14":0,"15":0,"16":0,"17":0,"18":0,"19":0,"20":0,"21":0,"22":0,"23":0,"24":0,"25":0},"f":{"0":0,"1":0,"2":0,"3":0,"4":0,"5":0,"6":0,"7":0,"8":0,"9":0},"b":{"0":[0,0],"1":[0,0],"2":[0,0],"3":[0,0],"4":[0,0]}}
,"/Users/bibhutipoudyal/Projects/crcit/cleave-form-builder/src/BuilderPanelTabs/FormBuilder/components/FormRenderer/FieldRenderer.tsx": {"path":"/Users/bibhutipoudyal/Projects/crcit/cleave-form-builder/src/BuilderPanelTabs/FormBuilder/components/FormRenderer/FieldRenderer.tsx","statementMap":{"0":{"start":{"line":10,"column":0},"end":{"line":10,"column":24}},"1":{"start":{"line":2,"column":0},"end":{"line":2,"column":58}},"2":{"start":{"line":11,"column":25},"end":{"line":11,"column":50}},"3":{"start":{"line":13,"column":2},"end":{"line":15,"column":3}},"4":{"start":{"line":14,"column":4},"end":{"line":14,"column":16}},"5":{"start":{"line":17,"column":2},"end":{"line":17,"column":102}}},"fnMap":{"0":{"name":"FieldRenderer","decl":{"start":{"line":10,"column":24},"end":{"line":10,"column":37}},"loc":{"start":{"line":10,"column":107},"end":{"line":18,"column":1}}}},"branchMap":{"0":{"loc":{"start":{"line":13,"column":2},"end":{"line":15,"column":3}},"type":"if","locations":[{"start":{"line":13,"column":2},"end":{"line":15,"column":3}},{"start":{},"end":{}}]}},"s":{"0":3,"1":3,"2":53,"3":53,"4":1,"5":52},"f":{"0":53},"b":{"0":[1,52]}}
,"/Users/bibhutipoudyal/Projects/crcit/cleave-form-builder/src/BuilderPanelTabs/FormBuilder/components/FormRenderer/FormRenderer.tsx": {"path":"/Users/bibhutipoudyal/Projects/crcit/cleave-form-builder/src/BuilderPanelTabs/FormBuilder/components/FormRenderer/FormRenderer.tsx","statementMap":{"0":{"start":{"line":26,"column":0},"end":{"line":26,"column":24}},"1":{"start":{"line":5,"column":0},"end":{"line":5,"column":25}},"2":{"start":{"line":8,"column":0},"end":{"line":8,"column":43}},"3":{"start":{"line":9,"column":0},"end":{"line":9,"column":66}},"4":{"start":{"line":11,"column":0},"end":{"line":11,"column":53}},"5":{"start":{"line":12,"column":0},"end":{"line":12,"column":46}},"6":{"start":{"line":13,"column":0},"end":{"line":13,"column":66}},"7":{"start":{"line":14,"column":0},"end":{"line":14,"column":50}},"8":{"start":{"line":15,"column":0},"end":{"line":15,"column":107}},"9":{"start":{"line":27,"column":44},"end":{"line":27,"column":60}},"10":{"start":{"line":28,"column":35},"end":{"line":28,"column":43}},"11":{"start":{"line":30,"column":19},"end":{"line":32,"column":3}},"12":{"start":{"line":31,"column":4},"end":{"line":31,"column":null}},"13":{"start":{"line":35,"column":41},"end":{"line":35,"column":73}},"14":{"start":{"line":37,"column":24},"end":{"line":61,"column":3}},"15":{"start":{"line":38,"column":26},"end":{"line":38,"column":79}},"16":{"start":{"line":39,"column":18},"end":{"line":39,"column":47}},"17":{"start":{"line":41,"column":26},"end":{"line":41,"column":56}},"18":{"start":{"line":43,"column":4},"end":{"line":45,"column":5}},"19":{"start":{"line":44,"column":6},"end":{"line":44,"column":null}},"20":{"start":{"line":47,"column":4},"end":{"line":60,"column":5}},"21":{"start":{"line":49,"column":8},"end":{"line":49,"column":null}},"22":{"start":{"line":51,"column":8},"end":{"line":51,"column":null}},"23":{"start":{"line":53,"column":8},"end":{"line":53,"column":null}},"24":{"start":{"line":55,"column":8},"end":{"line":55,"column":null}},"25":{"start":{"line":57,"column":8},"end":{"line":57,"column":null}},"26":{"start":{"line":59,"column":8},"end":{"line":59,"column":null}},"27":{"start":{"line":63,"column":28},"end":{"line":79,"column":3}},"28":{"start":{"line":64,"column":26},"end":{"line":64,"column":79}},"29":{"start":{"line":65,"column":22},"end":{"line":65,"column":55}},"30":{"start":{"line":67,"column":4},"end":{"line":78,"column":5}},"31":{"start":{"line":69,"column":8},"end":{"line":69,"column":null}},"32":{"start":{"line":71,"column":8},"end":{"line":71,"column":null}},"33":{"start":{"line":73,"column":8},"end":{"line":73,"column":null}},"34":{"start":{"line":75,"column":8},"end":{"line":75,"column":null}},"35":{"start":{"line":77,"column":8},"end":{"line":77,"column":null}},"36":{"start":{"line":81,"column":25},"end":{"line":84,"column":3}},"37":{"start":{"line":82,"column":26},"end":{"line":82,"column":79}},"38":{"start":{"line":83,"column":4},"end":{"line":83,"column":null}},"39":{"start":{"line":86,"column":2},"end":{"line":110,"column":null}},"40":{"start":{"line":92,"column":12},"end":{"line":92,"column":null}},"41":{"start":{"line":98,"column":18},"end":{"line":99,"column":null}}},"fnMap":{"0":{"name":"FormRenderer","decl":{"start":{"line":26,"column":24},"end":{"line":26,"column":36}},"loc":{"start":{"line":26,"column":135},"end":{"line":111,"column":1}}},"1":{"name":"(anonymous_2)","decl":{"start":{"line":30,"column":19},"end":{"line":30,"column":20}},"loc":{"start":{"line":30,"column":39},"end":{"line":32,"column":3}}},"2":{"name":"(anonymous_3)","decl":{"start":{"line":37,"column":24},"end":{"line":37,"column":25}},"loc":{"start":{"line":37,"column":62},"end":{"line":61,"column":3}}},"3":{"name":"(anonymous_4)","decl":{"start":{"line":63,"column":28},"end":{"line":63,"column":29}},"loc":{"start":{"line":63,"column":66},"end":{"line":79,"column":3}}},"4":{"name":"(anonymous_5)","decl":{"start":{"line":81,"column":25},"end":{"line":81,"column":26}},"loc":{"start":{"line":81,"column":64},"end":{"line":84,"column":3}}},"5":{"name":"(anonymous_6)","decl":{"start":{"line":91,"column":22},"end":{"line":91,"column":23}},"loc":{"start":{"line":92,"column":12},"end":{"line":92,"column":null}}},"6":{"name":"(anonymous_7)","decl":{"start":{"line":97,"column":17},"end":{"line":97,"column":18}},"loc":{"start":{"line":98,"column":18},"end":{"line":99,"column":null}}}},"branchMap":{"0":{"loc":{"start":{"line":39,"column":18},"end":{"line":39,"column":47}},"type":"binary-expr","locations":[{"start":{"line":39,"column":18},"end":{"line":39,"column":37}},{"start":{"line":39,"column":41},"end":{"line":39,"column":47}}]},"1":{"loc":{"start":{"line":43,"column":4},"end":{"line":45,"column":5}},"type":"if","locations":[{"start":{"line":43,"column":4},"end":{"line":45,"column":5}},{"start":{},"end":{}}]},"2":{"loc":{"start":{"line":47,"column":4},"end":{"line":60,"column":5}},"type":"switch","locations":[{"start":{"line":48,"column":6},"end":{"line":49,"column":null}},{"start":{"line":50,"column":6},"end":{"line":51,"column":null}},{"start":{"line":52,"column":6},"end":{"line":53,"column":null}},{"start":{"line":54,"column":6},"end":{"line":55,"column":null}},{"start":{"line":56,"column":6},"end":{"line":57,"column":null}},{"start":{"line":58,"column":6},"end":{"line":59,"column":null}}]},"3":{"loc":{"start":{"line":65,"column":22},"end":{"line":65,"column":55}},"type":"binary-expr","locations":[{"start":{"line":65,"column":22},"end":{"line":65,"column":45}},{"start":{"line":65,"column":49},"end":{"line":65,"column":55}}]},"4":{"loc":{"start":{"line":67,"column":4},"end":{"line":78,"column":5}},"type":"switch","locations":[{"start":{"line":68,"column":6},"end":{"line":69,"column":null}},{"start":{"line":70,"column":6},"end":{"line":71,"column":null}},{"start":{"line":72,"column":6},"end":{"line":73,"column":null}},{"start":{"line":74,"column":6},"end":{"line":75,"column":null}},{"start":{"line":76,"column":6},"end":{"line":77,"column":null}}]},"5":{"loc":{"start":{"line":83,"column":11},"end":{"line":83,"column":71}},"type":"binary-expr","locations":[{"start":{"line":83,"column":11},"end":{"line":83,"column":34}},{"start":{"line":83,"column":38},"end":{"line":83,"column":71}}]},"6":{"loc":{"start":{"line":94,"column":15},"end":{"line":94,"column":88}},"type":"binary-expr","locations":[{"start":{"line":94,"column":15},"end":{"line":94,"column":38}},{"start":{"line":94,"column":42},"end":{"line":94,"column":88}}]},"7":{"loc":{"start":{"line":96,"column":147},"end":{"line":96,"column":200}},"type":"cond-expr","locations":[{"start":{"line":96,"column":171},"end":{"line":96,"column":195}},{"start":{"line":96,"column":198},"end":{"line":96,"column":200}}]},"8":{"loc":{"start":{"line":106,"column":11},"end":{"line":106,"column":109}},"type":"binary-expr","locations":[{"start":{"line":106,"column":11},"end":{"line":106,"column":45}},{"start":{"line":106,"column":49},"end":{"line":106,"column":66}},{"start":{"line":106,"column":70},"end":{"line":106,"column":109}}]}},"s":{"0":2,"1":2,"2":2,"3":2,"4":2,"5":2,"6":2,"7":2,"8":2,"9":16,"10":16,"11":16,"12":0,"13":16,"14":16,"15":32,"16":32,"17":32,"18":32,"19":0,"20":32,"21":32,"22":0,"23":0,"24":0,"25":0,"26":0,"27":16,"28":0,"29":0,"30":0,"31":0,"32":0,"33":0,"34":0,"35":0,"36":16,"37":32,"38":32,"39":16,"40":32,"41":32},"f":{"0":16,"1":0,"2":32,"3":0,"4":32,"5":32,"6":32},"b":{"0":[32,32],"1":[0,32],"2":[32,0,0,0,0,0],"3":[0,0],"4":[0,0,0,0,0],"5":[32,1],"6":[32,0],"7":[0,32],"8":[16,0,0]}}
,"/Users/bibhutipoudyal/Projects/crcit/cleave-form-builder/src/BuilderPanelTabs/FormBuilder/components/FormRenderer/elements/BuilderButton.tsx": {"path":"/Users/bibhutipoudyal/Projects/crcit/cleave-form-builder/src/BuilderPanelTabs/FormBuilder/components/FormRenderer/elements/BuilderButton.tsx","statementMap":{"0":{"start":{"line":16,"column":0},"end":{"line":16,"column":24}},"1":{"start":{"line":6,"column":0},"end":{"line":6,"column":56}},"2":{"start":{"line":7,"column":0},"end":{"line":7,"column":50}},"3":{"start":{"line":8,"column":0},"end":{"line":8,"column":59}},"4":{"start":{"line":21,"column":31},"end":{"line":21,"column":47}},"5":{"start":{"line":22,"column":2},"end":{"line":32,"column":4}}},"fnMap":{"0":{"name":"BuilderButton","decl":{"start":{"line":16,"column":24},"end":{"line":16,"column":37}},"loc":{"start":{"line":20,"column":31},"end":{"line":33,"column":1}}}},"branchMap":{"0":{"loc":{"start":{"line":27,"column":129},"end":{"line":27,"column":214}},"type":"cond-expr","locations":[{"start":{"line":27,"column":174},"end":{"line":27,"column":209}},{"start":{"line":27,"column":212},"end":{"line":27,"column":214}}]},"1":{"loc":{"start":{"line":27,"column":129},"end":{"line":27,"column":171}},"type":"binary-expr","locations":[{"start":{"line":27,"column":129},"end":{"line":27,"column":139}},{"start":{"line":27,"column":143},"end":{"line":27,"column":171}}]}},"s":{"0":5,"1":5,"2":5,"3":5,"4":3,"5":3},"f":{"0":3},"b":{"0":[0,3],"1":[3,0]}}
,"/Users/bibhutipoudyal/Projects/crcit/cleave-form-builder/src/BuilderPanelTabs/FormBuilder/components/FormRenderer/elements/BuilderCaptcha.tsx": {"path":"/Users/bibhutipoudyal/Projects/crcit/cleave-form-builder/src/BuilderPanelTabs/FormBuilder/components/FormRenderer/elements/BuilderCaptcha.tsx","statementMap":{"0":{"start":{"line":15,"column":0},"end":{"line":15,"column":24}},"1":{"start":{"line":7,"column":0},"end":{"line":7,"column":56}},"2":{"start":{"line":16,"column":2},"end":{"line":22,"column":4}}},"fnMap":{"0":{"name":"BuilderCaptcha","decl":{"start":{"line":15,"column":24},"end":{"line":15,"column":38}},"loc":{"start":{"line":15,"column":109},"end":{"line":23,"column":1}}}},"branchMap":{},"s":{"0":5,"1":5,"2":3},"f":{"0":3},"b":{}}
,"/Users/bibhutipoudyal/Projects/crcit/cleave-form-builder/src/BuilderPanelTabs/FormBuilder/components/FormRenderer/elements/BuilderCheckbox.tsx": {"path":"/Users/bibhutipoudyal/Projects/crcit/cleave-form-builder/src/BuilderPanelTabs/FormBuilder/components/FormRenderer/elements/BuilderCheckbox.tsx","statementMap":{"0":{"start":{"line":18,"column":0},"end":{"line":18,"column":24}},"1":{"start":{"line":8,"column":0},"end":{"line":8,"column":56}},"2":{"start":{"line":9,"column":0},"end":{"line":9,"column":50}},"3":{"start":{"line":10,"column":0},"end":{"line":10,"column":78}},"4":{"start":{"line":23,"column":44},"end":{"line":23,"column":60}},"5":{"start":{"line":24,"column":2},"end":{"line":66,"column":4}},"6":{"start":{"line":35,"column":12},"end":{"line":35,"column":36}}},"fnMap":{"0":{"name":"BuilderCheckbox","decl":{"start":{"line":18,"column":24},"end":{"line":18,"column":39}},"loc":{"start":{"line":22,"column":33},"end":{"line":67,"column":1}}},"1":{"name":"(anonymous_2)","decl":{"start":{"line":34,"column":29},"end":{"line":34,"column":30}},"loc":{"start":{"line":35,"column":12},"end":{"line":35,"column":36}}}},"branchMap":{"0":{"loc":{"start":{"line":27,"column":9},"end":{"line":31,"column":null}},"type":"binary-expr","locations":[{"start":{"line":27,"column":9},"end":{"line":27,"column":20}},{"start":{"line":28,"column":10},"end":{"line":30,"column":null}}]},"1":{"loc":{"start":{"line":28,"column":71},"end":{"line":28,"column":156}},"type":"cond-expr","locations":[{"start":{"line":28,"column":116},"end":{"line":28,"column":151}},{"start":{"line":28,"column":154},"end":{"line":28,"column":156}}]},"2":{"loc":{"start":{"line":28,"column":71},"end":{"line":28,"column":113}},"type":"binary-expr","locations":[{"start":{"line":28,"column":71},"end":{"line":28,"column":81}},{"start":{"line":28,"column":85},"end":{"line":28,"column":113}}]},"3":{"loc":{"start":{"line":30,"column":13},"end":{"line":30,"column":75}},"type":"binary-expr","locations":[{"start":{"line":30,"column":13},"end":{"line":30,"column":27}},{"start":{"line":30,"column":31},"end":{"line":30,"column":75}}]},"4":{"loc":{"start":{"line":33,"column":37},"end":{"line":33,"column":159}},"type":"cond-expr","locations":[{"start":{"line":33,"column":107},"end":{"line":33,"column":154}},{"start":{"line":33,"column":157},"end":{"line":33,"column":159}}]},"5":{"loc":{"start":{"line":33,"column":37},"end":{"line":33,"column":104}},"type":"binary-expr","locations":[{"start":{"line":33,"column":37},"end":{"line":33,"column":47}},{"start":{"line":33,"column":51},"end":{"line":33,"column":104}}]},"6":{"loc":{"start":{"line":33,"column":81},"end":{"line":33,"column":103}},"type":"binary-expr","locations":[{"start":{"line":33,"column":81},"end":{"line":33,"column":97}},{"start":{"line":33,"column":101},"end":{"line":33,"column":103}}]},"7":{"loc":{"start":{"line":42,"column":18},"end":{"line":42,"column":68}},"type":"binary-expr","locations":[{"start":{"line":42,"column":18},"end":{"line":42,"column":32}},{"start":{"line":42,"column":36},"end":{"line":42,"column":68}}]},"8":{"loc":{"start":{"line":56,"column":9},"end":{"line":62,"column":null}},"type":"binary-expr","locations":[{"start":{"line":56,"column":9},"end":{"line":56,"column":23}},{"start":{"line":57,"column":10},"end":{"line":61,"column":null}}]},"9":{"loc":{"start":{"line":58,"column":51},"end":{"line":58,"column":135}},"type":"cond-expr","locations":[{"start":{"line":58,"column":95},"end":{"line":58,"column":130}},{"start":{"line":58,"column":133},"end":{"line":58,"column":135}}]},"10":{"loc":{"start":{"line":58,"column":51},"end":{"line":58,"column":92}},"type":"binary-expr","locations":[{"start":{"line":58,"column":51},"end":{"line":58,"column":61}},{"start":{"line":58,"column":65},"end":{"line":58,"column":92}}]}},"s":{"0":5,"1":5,"2":5,"3":5,"4":3,"5":3,"6":6},"f":{"0":3,"1":6},"b":{"0":[3,3],"1":[0,3],"2":[3,0],"3":[3,0],"4":[0,3],"5":[3,0],"6":[0,0],"7":[6,0],"8":[3,0],"9":[0,0],"10":[0,0]}}
,"/Users/bibhutipoudyal/Projects/crcit/cleave-form-builder/src/BuilderPanelTabs/FormBuilder/components/FormRenderer/elements/BuilderDate.tsx": {"path":"/Users/bibhutipoudyal/Projects/crcit/cleave-form-builder/src/BuilderPanelTabs/FormBuilder/components/FormRenderer/elements/BuilderDate.tsx","statementMap":{"0":{"start":{"line":19,"column":0},"end":{"line":19,"column":24}},"1":{"start":{"line":8,"column":0},"end":{"line":8,"column":56}},"2":{"start":{"line":9,"column":0},"end":{"line":9,"column":50}},"3":{"start":{"line":10,"column":0},"end":{"line":10,"column":116}},"4":{"start":{"line":11,"column":0},"end":{"line":11,"column":56}},"5":{"start":{"line":20,"column":44},"end":{"line":20,"column":60}},"6":{"start":{"line":21,"column":2},"end":{"line":68,"column":4}}},"fnMap":{"0":{"name":"BuilderDate","decl":{"start":{"line":19,"column":24},"end":{"line":19,"column":35}},"loc":{"start":{"line":19,"column":103},"end":{"line":69,"column":1}}}},"branchMap":{"0":{"loc":{"start":{"line":25,"column":9},"end":{"line":33,"column":null}},"type":"binary-expr","locations":[{"start":{"line":25,"column":9},"end":{"line":25,"column":20}},{"start":{"line":26,"column":10},"end":{"line":32,"column":null}}]},"1":{"loc":{"start":{"line":28,"column":66},"end":{"line":28,"column":151}},"type":"cond-expr","locations":[{"start":{"line":28,"column":111},"end":{"line":28,"column":146}},{"start":{"line":28,"column":149},"end":{"line":28,"column":151}}]},"2":{"loc":{"start":{"line":28,"column":66},"end":{"line":28,"column":108}},"type":"binary-expr","locations":[{"start":{"line":28,"column":66},"end":{"line":28,"column":76}},{"start":{"line":28,"column":80},"end":{"line":28,"column":108}}]},"3":{"loc":{"start":{"line":32,"column":13},"end":{"line":32,"column":75}},"type":"binary-expr","locations":[{"start":{"line":32,"column":13},"end":{"line":32,"column":27}},{"start":{"line":32,"column":31},"end":{"line":32,"column":75}}]},"4":{"loc":{"start":{"line":37,"column":169},"end":{"line":37,"column":283}},"type":"cond-expr","locations":[{"start":{"line":37,"column":243},"end":{"line":37,"column":278}},{"start":{"line":37,"column":281},"end":{"line":37,"column":283}}]},"5":{"loc":{"start":{"line":37,"column":169},"end":{"line":37,"column":240}},"type":"binary-expr","locations":[{"start":{"line":37,"column":169},"end":{"line":37,"column":179}},{"start":{"line":37,"column":183},"end":{"line":37,"column":240}}]},"6":{"loc":{"start":{"line":37,"column":217},"end":{"line":37,"column":239}},"type":"binary-expr","locations":[{"start":{"line":37,"column":217},"end":{"line":37,"column":233}},{"start":{"line":37,"column":237},"end":{"line":37,"column":239}}]},"7":{"loc":{"start":{"line":41,"column":25},"end":{"line":41,"column":78}},"type":"cond-expr","locations":[{"start":{"line":41,"column":45},"end":{"line":41,"column":60}},{"start":{"line":41,"column":63},"end":{"line":41,"column":78}}]},"8":{"loc":{"start":{"line":58,"column":9},"end":{"line":64,"column":null}},"type":"binary-expr","locations":[{"start":{"line":58,"column":9},"end":{"line":58,"column":23}},{"start":{"line":59,"column":10},"end":{"line":63,"column":null}}]},"9":{"loc":{"start":{"line":60,"column":51},"end":{"line":60,"column":135}},"type":"cond-expr","locations":[{"start":{"line":60,"column":95},"end":{"line":60,"column":130}},{"start":{"line":60,"column":133},"end":{"line":60,"column":135}}]},"10":{"loc":{"start":{"line":60,"column":51},"end":{"line":60,"column":92}},"type":"binary-expr","locations":[{"start":{"line":60,"column":51},"end":{"line":60,"column":61}},{"start":{"line":60,"column":65},"end":{"line":60,"column":92}}]}},"s":{"0":5,"1":5,"2":5,"3":5,"4":5,"5":3,"6":3},"f":{"0":3},"b":{"0":[3,3],"1":[0,3],"2":[3,0],"3":[3,1],"4":[0,3],"5":[3,0],"6":[0,0],"7":[0,3],"8":[3,0],"9":[0,0],"10":[0,0]}}
,"/Users/bibhutipoudyal/Projects/crcit/cleave-form-builder/src/BuilderPanelTabs/FormBuilder/components/FormRenderer/elements/BuilderDivider.tsx": {"path":"/Users/bibhutipoudyal/Projects/crcit/cleave-form-builder/src/BuilderPanelTabs/FormBuilder/components/FormRenderer/elements/BuilderDivider.tsx","statementMap":{"0":{"start":{"line":18,"column":0},"end":{"line":18,"column":24}},"1":{"start":{"line":8,"column":0},"end":{"line":8,"column":56}},"2":{"start":{"line":9,"column":0},"end":{"line":9,"column":59}},"3":{"start":{"line":10,"column":0},"end":{"line":10,"column":50}},"4":{"start":{"line":23,"column":31},"end":{"line":23,"column":47}},"5":{"start":{"line":25,"column":23},"end":{"line":25,"column":68}},"6":{"start":{"line":26,"column":2},"end":{"line":28,"column":3}},"7":{"start":{"line":27,"column":4},"end":{"line":27,"column":45}},"8":{"start":{"line":30,"column":2},"end":{"line":36,"column":4}}},"fnMap":{"0":{"name":"BuilderDivider","decl":{"start":{"line":18,"column":24},"end":{"line":18,"column":38}},"loc":{"start":{"line":22,"column":32},"end":{"line":37,"column":1}}}},"branchMap":{"0":{"loc":{"start":{"line":26,"column":2},"end":{"line":28,"column":3}},"type":"if","locations":[{"start":{"line":26,"column":2},"end":{"line":28,"column":3}},{"start":{},"end":{}}]}},"s":{"0":5,"1":5,"2":5,"3":5,"4":3,"5":3,"6":3,"7":3,"8":3},"f":{"0":3},"b":{"0":[3,0]}}
,"/Users/bibhutipoudyal/Projects/crcit/cleave-form-builder/src/BuilderPanelTabs/FormBuilder/components/FormRenderer/elements/BuilderDropdown.tsx": {"path":"/Users/bibhutipoudyal/Projects/crcit/cleave-form-builder/src/BuilderPanelTabs/FormBuilder/components/FormRenderer/elements/BuilderDropdown.tsx","statementMap":{"0":{"start":{"line":18,"column":0},"end":{"line":18,"column":24}},"1":{"start":{"line":8,"column":0},"end":{"line":8,"column":56}},"2":{"start":{"line":9,"column":0},"end":{"line":9,"column":50}},"3":{"start":{"line":10,"column":0},"end":{"line":10,"column":116}},"4":{"start":{"line":23,"column":44},"end":{"line":23,"column":60}},"5":{"start":{"line":24,"column":2},"end":{"line":67,"column":4}},"6":{"start":{"line":52,"column":12},"end":{"line":52,"column":39}}},"fnMap":{"0":{"name":"BuilderDropdown","decl":{"start":{"line":18,"column":24},"end":{"line":18,"column":39}},"loc":{"start":{"line":22,"column":33},"end":{"line":68,"column":1}}},"1":{"name":"(anonymous_2)","decl":{"start":{"line":51,"column":29},"end":{"line":51,"column":30}},"loc":{"start":{"line":52,"column":12},"end":{"line":52,"column":39}}}},"branchMap":{"0":{"loc":{"start":{"line":27,"column":9},"end":{"line":35,"column":null}},"type":"binary-expr","locations":[{"start":{"line":27,"column":9},"end":{"line":27,"column":20}},{"start":{"line":28,"column":10},"end":{"line":34,"column":null}}]},"1":{"loc":{"start":{"line":30,"column":66},"end":{"line":30,"column":151}},"type":"cond-expr","locations":[{"start":{"line":30,"column":111},"end":{"line":30,"column":146}},{"start":{"line":30,"column":149},"end":{"line":30,"column":151}}]},"2":{"loc":{"start":{"line":30,"column":66},"end":{"line":30,"column":108}},"type":"binary-expr","locations":[{"start":{"line":30,"column":66},"end":{"line":30,"column":76}},{"start":{"line":30,"column":80},"end":{"line":30,"column":108}}]},"3":{"loc":{"start":{"line":34,"column":13},"end":{"line":34,"column":75}},"type":"binary-expr","locations":[{"start":{"line":34,"column":13},"end":{"line":34,"column":27}},{"start":{"line":34,"column":31},"end":{"line":34,"column":75}}]},"4":{"loc":{"start":{"line":42,"column":167},"end":{"line":42,"column":281}},"type":"cond-expr","locations":[{"start":{"line":42,"column":241},"end":{"line":42,"column":276}},{"start":{"line":42,"column":279},"end":{"line":42,"column":281}}]},"5":{"loc":{"start":{"line":42,"column":167},"end":{"line":42,"column":238}},"type":"binary-expr","locations":[{"start":{"line":42,"column":167},"end":{"line":42,"column":177}},{"start":{"line":42,"column":181},"end":{"line":42,"column":238}}]},"6":{"loc":{"start":{"line":42,"column":215},"end":{"line":42,"column":237}},"type":"binary-expr","locations":[{"start":{"line":42,"column":215},"end":{"line":42,"column":231}},{"start":{"line":42,"column":235},"end":{"line":42,"column":237}}]},"7":{"loc":{"start":{"line":45,"column":16},"end":{"line":45,"column":74}},"type":"cond-expr","locations":[{"start":{"line":45,"column":36},"end":{"line":45,"column":69}},{"start":{"line":45,"column":72},"end":{"line":45,"column":74}}]},"8":{"loc":{"start":{"line":48,"column":11},"end":{"line":49,"column":null}},"type":"binary-expr","locations":[{"start":{"line":48,"column":11},"end":{"line":48,"column":28}},{"start":{"line":49,"column":12},"end":{"line":49,"column":57}}]},"9":{"loc":{"start":{"line":57,"column":9},"end":{"line":63,"column":null}},"type":"binary-expr","locations":[{"start":{"line":57,"column":9},"end":{"line":57,"column":23}},{"start":{"line":58,"column":10},"end":{"line":62,"column":null}}]},"10":{"loc":{"start":{"line":59,"column":51},"end":{"line":59,"column":135}},"type":"cond-expr","locations":[{"start":{"line":59,"column":95},"end":{"line":59,"column":130}},{"start":{"line":59,"column":133},"end":{"line":59,"column":135}}]},"11":{"loc":{"start":{"line":59,"column":51},"end":{"line":59,"column":92}},"type":"binary-expr","locations":[{"start":{"line":59,"column":51},"end":{"line":59,"column":61}},{"start":{"line":59,"column":65},"end":{"line":59,"column":92}}]}},"s":{"0":5,"1":5,"2":5,"3":5,"4":3,"5":3,"6":8},"f":{"0":3,"1":8},"b":{"0":[3,3],"1":[0,3],"2":[3,0],"3":[3,2],"4":[0,3],"5":[3,0],"6":[0,0],"7":[0,3],"8":[3,0],"9":[3,0],"10":[0,0],"11":[0,0]}}
,"/Users/bibhutipoudyal/Projects/crcit/cleave-form-builder/src/BuilderPanelTabs/FormBuilder/components/FormRenderer/elements/BuilderEmail.tsx": {"path":"/Users/bibhutipoudyal/Projects/crcit/cleave-form-builder/src/BuilderPanelTabs/FormBuilder/components/FormRenderer/elements/BuilderEmail.tsx","statementMap":{"0":{"start":{"line":19,"column":0},"end":{"line":19,"column":24}},"1":{"start":{"line":8,"column":0},"end":{"line":8,"column":56}},"2":{"start":{"line":9,"column":0},"end":{"line":9,"column":94}},"3":{"start":{"line":10,"column":0},"end":{"line":10,"column":50}},"4":{"start":{"line":11,"column":0},"end":{"line":11,"column":56}},"5":{"start":{"line":20,"column":44},"end":{"line":20,"column":60}},"6":{"start":{"line":22,"column":2},"end":{"line":56,"column":4}}},"fnMap":{"0":{"name":"BuilderEmail","decl":{"start":{"line":19,"column":24},"end":{"line":19,"column":36}},"loc":{"start":{"line":19,"column":105},"end":{"line":57,"column":1}}}},"branchMap":{"0":{"loc":{"start":{"line":26,"column":9},"end":{"line":34,"column":null}},"type":"binary-expr","locations":[{"start":{"line":26,"column":9},"end":{"line":26,"column":20}},{"start":{"line":27,"column":10},"end":{"line":33,"column":null}}]},"1":{"loc":{"start":{"line":29,"column":66},"end":{"line":29,"column":151}},"type":"cond-expr","locations":[{"start":{"line":29,"column":111},"end":{"line":29,"column":146}},{"start":{"line":29,"column":149},"end":{"line":29,"column":151}}]},"2":{"loc":{"start":{"line":29,"column":66},"end":{"line":29,"column":108}},"type":"binary-expr","locations":[{"start":{"line":29,"column":66},"end":{"line":29,"column":76}},{"start":{"line":29,"column":80},"end":{"line":29,"column":108}}]},"3":{"loc":{"start":{"line":33,"column":13},"end":{"line":33,"column":75}},"type":"binary-expr","locations":[{"start":{"line":33,"column":13},"end":{"line":33,"column":27}},{"start":{"line":33,"column":31},"end":{"line":33,"column":75}}]},"4":{"loc":{"start":{"line":43,"column":167},"end":{"line":43,"column":281}},"type":"cond-expr","locations":[{"start":{"line":43,"column":241},"end":{"line":43,"column":276}},{"start":{"line":43,"column":279},"end":{"line":43,"column":281}}]},"5":{"loc":{"start":{"line":43,"column":167},"end":{"line":43,"column":238}},"type":"binary-expr","locations":[{"start":{"line":43,"column":167},"end":{"line":43,"column":177}},{"start":{"line":43,"column":181},"end":{"line":43,"column":238}}]},"6":{"loc":{"start":{"line":43,"column":215},"end":{"line":43,"column":237}},"type":"binary-expr","locations":[{"start":{"line":43,"column":215},"end":{"line":43,"column":231}},{"start":{"line":43,"column":235},"end":{"line":43,"column":237}}]},"7":{"loc":{"start":{"line":46,"column":9},"end":{"line":52,"column":null}},"type":"binary-expr","locations":[{"start":{"line":46,"column":9},"end":{"line":46,"column":23}},{"start":{"line":47,"column":10},"end":{"line":51,"column":null}}]},"8":{"loc":{"start":{"line":48,"column":51},"end":{"line":48,"column":135}},"type":"cond-expr","locations":[{"start":{"line":48,"column":95},"end":{"line":48,"column":130}},{"start":{"line":48,"column":133},"end":{"line":48,"column":135}}]},"9":{"loc":{"start":{"line":48,"column":51},"end":{"line":48,"column":92}},"type":"binary-expr","locations":[{"start":{"line":48,"column":51},"end":{"line":48,"column":61}},{"start":{"line":48,"column":65},"end":{"line":48,"column":92}}]}},"s":{"0":5,"1":5,"2":5,"3":5,"4":5,"5":6,"6":6},"f":{"0":6},"b":{"0":[6,6],"1":[0,6],"2":[6,0],"3":[6,5],"4":[0,6],"5":[6,0],"6":[0,0],"7":[6,0],"8":[0,0],"9":[0,0]}}
[...]
,"/Users/bibhutipoudyal/Projects/crcit/cleave-form-builder/src/components/Button.tsx": {"path":"/Users/bibhutipoudyal/Projects/crcit/cleave-form-builder/src/components/Button.tsx","statementMap":{"0":{"start":{"line":1,"column":0},"end":{"line":1,"column":26}},"1":{"start":{"line":8,"column":45},"end":{"line":35,"column":1}},"2":{"start":{"line":15,"column":21},"end":{"line":15,"column":219}},"3":{"start":{"line":17,"column":24},"end":{"line":24,"column":4}},"4":{"start":{"line":26,"column":2},"end":{"line":34,"column":4}},"5":{"start":{"line":8,"column":13},"end":{"line":8,"column":45}}},"fnMap":{"0":{"name":"(anonymous_1)","decl":{"start":{"line":8,"column":45},"end":{"line":8,"column":46}},"loc":{"start":{"line":14,"column":5},"end":{"line":35,"column":1}}}},"branchMap":{"0":{"loc":{"start":{"line":9,"column":2},"end":{"line":9,"column":21}},"type":"default-arg","locations":[{"start":{"line":9,"column":12},"end":{"line":9,"column":21}}]},"1":{"loc":{"start":{"line":11,"column":2},"end":{"line":11,"column":16}},"type":"default-arg","locations":[{"start":{"line":11,"column":14},"end":{"line":11,"column":16}}]}},"s":{"0":5,"1":5,"2":114,"3":114,"4":114,"5":5},"f":{"0":114},"b":{"0":[0],"1":[0]}}
,"/Users/bibhutipoudyal/Projects/crcit/cleave-form-builder/src/components/Card.tsx": {"path":"/Users/bibhutipoudyal/Projects/crcit/cleave-form-builder/src/components/Card.tsx","statementMap":{"0":{"start":{"line":1,"column":0},"end":{"line":1,"column":26}},"1":{"start":{"line":9,"column":41},"end":{"line":18,"column":1}},"2":{"start":{"line":10,"column":2},"end":{"line":17,"column":4}},"3":{"start":{"line":9,"column":13},"end":{"line":9,"column":41}}},"fnMap":{"0":{"name":"(anonymous_1)","decl":{"start":{"line":9,"column":41},"end":{"line":9,"column":42}},"loc":{"start":{"line":9,"column":78},"end":{"line":18,"column":1}}}},"branchMap":{"0":{"loc":{"start":{"line":9,"column":54},"end":{"line":9,"column":68}},"type":"default-arg","locations":[{"start":{"line":9,"column":66},"end":{"line":9,"column":68}}]}},"s":{"0":4,"1":4,"2":0,"3":4},"f":{"0":0},"b":{"0":[0]}}
,"/Users/bibhutipoudyal/Projects/crcit/cleave-form-builder/src/components/Dialog.tsx": {"path":"/Users/bibhutipoudyal/Projects/crcit/cleave-form-builder/src/components/Dialog.tsx","statementMap":{"0":{"start":{"line":1,"column":0},"end":{"line":1,"column":52}},"1":{"start":{"line":2,"column":0},"end":{"line":2,"column":41}},"2":{"start":{"line":3,"column":0},"end":{"line":3,"column":56}},"3":{"start":{"line":54,"column":67},"end":{"line":184,"column":1}},"4":{"start":{"line":69,"column":2},"end":{"line":81,"column":15}},"5":{"start":{"line":70,"column":4},"end":{"line":80,"column":5}},"6":{"start":{"line":72,"column":31},"end":{"line":72,"column":59}},"7":{"start":{"line":74,"column":6},"end":{"line":74,"column":46}},"8":{"start":{"line":77,"column":6},"end":{"line":79,"column":8}},"9":{"start":{"line":78,"column":8},"end":{"line":78,"column":56}},"10":{"start":{"line":84,"column":2},"end":{"line":86,"column":3}},"11":{"start":{"line":85,"column":4},"end":{"line":85,"column":16}},"12":{"start":{"line":92,"column":30},"end":{"line":97,"column":3}},"13":{"start":{"line":94,"column":4},"end":{"line":96,"column":5}},"14":{"start":{"line":95,"column":6},"end":{"line":95,"column":16}},"15":{"start":{"line":102,"column":22},"end":{"line":106,"column":3}},"16":{"start":{"line":103,"column":4},"end":{"line":105,"column":5}},"17":{"start":{"line":104,"column":6},"end":{"line":104,"column":16}},"18":{"start":{"line":108,"column":2},"end":{"line":183,"column":4}},"19":{"start":{"line":54,"column":13},"end":{"line":54,"column":67}}},"fnMap":{"0":{"name":"(anonymous_9)","decl":{"start":{"line":54,"column":67},"end":{"line":54,"column":68}},"loc":{"start":{"line":64,"column":5},"end":{"line":184,"column":1}}},"1":{"name":"(anonymous_10)","decl":{"start":{"line":69,"column":12},"end":{"line":69,"column":15}},"loc":{"start":{"line":69,"column":17},"end":{"line":81,"column":3}}},"2":{"name":"(anonymous_11)","decl":{"start":{"line":77,"column":13},"end":{"line":77,"column":16}},"loc":{"start":{"line":77,"column":18},"end":{"line":79,"column":7}}},"3":{"name":"(anonymous_12)","decl":{"start":{"line":92,"column":30},"end":{"line":92,"column":31}},"loc":{"start":{"line":92,"column":70},"end":{"line":97,"column":3}}},"4":{"name":"(anonymous_13)","decl":{"start":{"line":102,"column":22},"end":{"line":102,"column":25}},"loc":{"start":{"line":102,"column":27},"end":{"line":106,"column":3}}}},"branchMap":{"0":{"loc":{"start":{"line":61,"column":2},"end":{"line":61,"column":20}},"type":"default-arg","locations":[{"start":{"line":61,"column":16},"end":{"line":61,"column":20}}]},"1":{"loc":{"start":{"line":62,"column":2},"end":{"line":62,"column":16}},"type":"default-arg","locations":[{"start":{"line":62,"column":14},"end":{"line":62,"column":16}}]},"2":{"loc":{"start":{"line":63,"column":2},"end":{"line":63,"column":29}},"type":"default-arg","locations":[{"start":{"line":63,"column":25},"end":{"line":63,"column":29}}]},"3":{"loc":{"start":{"line":70,"column":4},"end":{"line":80,"column":5}},"type":"if","locations":[{"start":{"line":70,"column":4},"end":{"line":80,"column":5}},{"start":{},"end":{}}]},"4":{"loc":{"start":{"line":84,"column":2},"end":{"line":86,"column":3}},"type":"if","locations":[{"start":{"line":84,"column":2},"end":{"line":86,"column":3}},{"start":{},"end":{}}]},"5":{"loc":{"start":{"line":94,"column":4},"end":{"line":96,"column":5}},"type":"if","locations":[{"start":{"line":94,"column":4},"end":{"line":96,"column":5}},{"start":{},"end":{}}]},"6":{"loc":{"start":{"line":94,"column":8},"end":{"line":94,"column":71}},"type":"binary-expr","locations":[{"start":{"line":94,"column":8},"end":{"line":94,"column":36}},{"start":{"line":94,"column":40},"end":{"line":94,"column":60}},{"start":{"line":94,"column":64},"end":{"line":94,"column":71}}]},"7":{"loc":{"start":{"line":103,"column":4},"end":{"line":105,"column":5}},"type":"if","locations":[{"start":{"line":103,"column":4},"end":{"line":105,"column":5}},{"start":{},"end":{}}]},"8":{"loc":{"start":{"line":103,"column":8},"end":{"line":103,"column":30}},"type":"binary-expr","locations":[{"start":{"line":103,"column":8},"end":{"line":103,"column":19}},{"start":{"line":103,"column":23},"end":{"line":103,"column":30}}]},"9":{"loc":{"start":{"line":134,"column":15},"end":{"line":139,"column":null}},"type":"cond-expr","locations":[{"start":{"line":135,"column":16},"end":{"line":136,"column":null}},{"start":{"line":139,"column":16},"end":{"line":139,"column":22}}]},"10":{"loc":{"start":{"line":143,"column":15},"end":{"line":152,"column":null}},"type":"binary-expr","locations":[{"start":{"line":143,"column":15},"end":{"line":143,"column":23}},{"start":{"line":144,"column":16},"end":{"line":151,"column":null}}]},"11":{"loc":{"start":{"line":145,"column":19},"end":{"line":150,"column":null}},"type":"cond-expr","locations":[{"start":{"line":146,"column":20},"end":{"line":147,"column":null}},{"start":{"line":150,"column":20},"end":{"line":150,"column":28}}]},"12":{"loc":{"start":{"line":157,"column":13},"end":{"line":164,"column":null}},"type":"binary-expr","locations":[{"start":{"line":157,"column":13},"end":{"line":157,"column":24}},{"start":{"line":158,"column":14},"end":{"line":163,"column":null}}]},"13":{"loc":{"start":{"line":174,"column":11},"end":{"line":177,"column":null}},"type":"binary-expr","locations":[{"start":{"line":174,"column":11},"end":{"line":174,"column":17}},{"start":{"line":175,"column":12},"end":{"line":176,"column":null}}]}},"s":{"0":4,"1":4,"2":4,"3":4,"4":36,"5":27,"6":2,"7":2,"8":2,"9":2,"10":36,"11":25,"12":11,"13":0,"14":0,"15":11,"16":0,"17":0,"18":11,"19":4},"f":{"0":36,"1":27,"2":2,"3":0,"4":0},"b":{"0":[36],"1":[0],"2":[36],"3":[2,25],"4":[25,11],"5":[0,0],"6":[0,0,0],"7":[0,0],"8":[0,0],"9":[11,0],"10":[11,0],"11":[0,0],"12":[11,11],"13":[11,11]}}
,"/Users/bibhutipoudyal/Projects/crcit/cleave-form-builder/src/components/IconInput.tsx": {"path":"/Users/bibhutipoudyal/Projects/crcit/cleave-form-builder/src/components/IconInput.tsx","statementMap":{"0":{"start":{"line":1,"column":0},"end":{"line":1,"column":26}},"1":{"start":{"line":9,"column":51},"end":{"line":38,"column":1}},"2":{"start":{"line":16,"column":2},"end":{"line":37,"column":4}},"3":{"start":{"line":9,"column":13},"end":{"line":9,"column":51}}},"fnMap":{"0":{"name":"(anonymous_1)","decl":{"start":{"line":9,"column":51},"end":{"line":9,"column":52}},"loc":{"start":{"line":15,"column":5},"end":{"line":38,"column":1}}}},"branchMap":{"0":{"loc":{"start":{"line":11,"column":2},"end":{"line":11,"column":16}},"type":"default-arg","locations":[{"start":{"line":11,"column":14},"end":{"line":11,"column":16}}]},"1":{"loc":{"start":{"line":12,"column":2},"end":{"line":12,"column":22}},"type":"default-arg","locations":[{"start":{"line":12,"column":20},"end":{"line":12,"column":22}}]},"2":{"loc":{"start":{"line":13,"column":2},"end":{"line":13,"column":18}},"type":"default-arg","locations":[{"start":{"line":13,"column":16},"end":{"line":13,"column":18}}]}},"s":{"0":4,"1":4,"2":0,"3":4},"f":{"0":0},"b":{"0":[0],"1":[0],"2":[0]}}
,"/Users/bibhutipoudyal/Projects/crcit/cleave-form-builder/src/components/SubNav.tsx": {"path":"/Users/bibhutipoudyal/Projects/crcit/cleave-form-builder/src/components/SubNav.tsx","statementMap":{"0":{"start":{"line":1,"column":0},"end":{"line":1,"column":26}},"1":{"start":{"line":15,"column":45},"end":{"line":37,"column":1}},"2":{"start":{"line":16,"column":2},"end":{"line":36,"column":4}},"3":{"start":{"line":19,"column":8},"end":{"line":20,"column":null}},"4":{"start":{"line":21,"column":25},"end":{"line":21,"column":47}},"5":{"start":{"line":15,"column":13},"end":{"line":15,"column":45}}},"fnMap":{"0":{"name":"(anonymous_1)","decl":{"start":{"line":15,"column":45},"end":{"line":15,"column":46}},"loc":{"start":{"line":15,"column":82},"end":{"line":37,"column":1}}},"1":{"name":"(anonymous_2)","decl":{"start":{"line":18,"column":17},"end":{"line":18,"column":18}},"loc":{"start":{"line":19,"column":8},"end":{"line":20,"column":null}}},"2":{"name":"(anonymous_3)","decl":{"start":{"line":21,"column":19},"end":{"line":21,"column":22}},"loc":{"start":{"line":21,"column":25},"end":{"line":21,"column":47}}}},"branchMap":{"0":{"loc":{"start":{"line":25,"column":14},"end":{"line":27,"column":null}},"type":"cond-expr","locations":[{"start":{"line":26,"column":16},"end":{"line":26,"column":87}},{"start":{"line":27,"column":16},"end":{"line":27,"column":null}}]},"1":{"loc":{"start":{"line":31,"column":11},"end":{"line":31,"column":68}},"type":"binary-expr","locations":[{"start":{"line":31,"column":11},"end":{"line":31,"column":20}},{"start":{"line":31,"column":24},"end":{"line":31,"column":68}}]}},"s":{"0":4,"1":4,"2":0,"3":0,"4":0,"5":4},"f":{"0":0,"1":0,"2":0},"b":{"0":[0,0],"1":[0,0]}}
,"/Users/bibhutipoudyal/Projects/crcit/cleave-form-builder/src/components/ThemeToggle.tsx": {"path":"/Users/bibhutipoudyal/Projects/crcit/cleave-form-builder/src/components/ThemeToggle.tsx","statementMap":{"0":{"start":{"line":1,"column":0},"end":{"line":1,"column":51}},"1":{"start":{"line":2,"column":0},"end":{"line":2,"column":64}},"2":{"start":{"line":4,"column":37},"end":{"line":49,"column":1}},"3":{"start":{"line":5,"column":30},"end":{"line":5,"column":45}},"4":{"start":{"line":7,"column":2},"end":{"line":20,"column":9}},"5":{"start":{"line":9,"column":23},"end":{"line":9,"column":52}},"6":{"start":{"line":10,"column":24},"end":{"line":10,"column":81}},"7":{"start":{"line":12,"column":25},"end":{"line":12,"column":78}},"8":{"start":{"line":13,"column":4},"end":{"line":13,"column":28}},"9":{"start":{"line":15,"column":4},"end":{"line":19,"column":5}},"10":{"start":{"line":16,"column":6},"end":{"line":16,"column":53}},"11":{"start":{"line":18,"column":6},"end":{"line":18,"column":56}},"12":{"start":{"line":22,"column":22},"end":{"line":33,"column":3}},"13":{"start":{"line":23,"column":22},"end":{"line":23,"column":29}},"14":{"start":{"line":24,"column":4},"end":{"line":24,"column":25}},"15":{"start":{"line":26,"column":4},"end":{"line":32,"column":5}},"16":{"start":{"line":27,"column":6},"end":{"line":27,"column":53}},"17":{"start":{"line":28,"column":6},"end":{"line":28,"column":44}},"18":{"start":{"line":30,"column":6},"end":{"line":30,"column":56}},"19":{"start":{"line":31,"column":6},"end":{"line":31,"column":45}},"20":{"start":{"line":35,"column":2},"end":{"line":48,"column":4}},"21":{"start":{"line":4,"column":13},"end":{"line":4,"column":37}}},"fnMap":{"0":{"name":"(anonymous_9)","decl":{"start":{"line":4,"column":37},"end":{"line":4,"column":40}},"loc":{"start":{"line":4,"column":42},"end":{"line":49,"column":1}}},"1":{"name":"(anonymous_10)","decl":{"start":{"line":7,"column":12},"end":{"line":7,"column":15}},"loc":{"start":{"line":7,"column":17},"end":{"line":20,"column":3}}},"2":{"name":"(anonymous_11)","decl":{"start":{"line":22,"column":22},"end":{"line":22,"column":25}},"loc":{"start":{"line":22,"column":27},"end":{"line":33,"column":3}}}},"branchMap":{"0":{"loc":{"start":{"line":12,"column":25},"end":{"line":12,"column":78}},"type":"binary-expr","locations":[{"start":{"line":12,"column":25},"end":{"line":12,"column":46}},{"start":{"line":12,"column":51},"end":{"line":12,"column":62}},{"start":{"line":12,"column":66},"end":{"line":12,"column":77}}]},"1":{"loc":{"start":{"line":15,"column":4},"end":{"line":19,"column":5}},"type":"if","locations":[{"start":{"line":15,"column":4},"end":{"line":19,"column":5}},{"start":{"line":17,"column":11},"end":{"line":19,"column":5}}]},"2":{"loc":{"start":{"line":26,"column":4},"end":{"line":32,"column":5}},"type":"if","locations":[{"start":{"line":26,"column":4},"end":{"line":32,"column":5}},{"start":{"line":29,"column":11},"end":{"line":32,"column":5}}]},"3":{"loc":{"start":{"line":39,"column":18},"end":{"line":39,"column":73}},"type":"cond-expr","locations":[{"start":{"line":39,"column":27},"end":{"line":39,"column":49}},{"start":{"line":39,"column":52},"end":{"line":39,"column":73}}]},"4":{"loc":{"start":{"line":40,"column":13},"end":{"line":40,"column":68}},"type":"cond-expr","locations":[{"start":{"line":40,"column":22},"end":{"line":40,"column":44}},{"start":{"line":40,"column":47},"end":{"line":40,"column":68}}]},"5":{"loc":{"start":{"line":42,"column":7},"end":{"line":45,"column":null}},"type":"cond-expr","locations":[{"start":{"line":43,"column":8},"end":{"line":43,"column":55}},{"start":{"line":45,"column":8},"end":{"line":45,"column":54}}]}},"s":{"0":4,"1":4,"2":4,"3":0,"4":0,"5":0,"6":0,"7":0,"8":0,"9":0,"10":0,"11":0,"12":0,"13":0,"14":0,"15":0,"16":0,"17":0,"18":0,"19":0,"20":0,"21":4},"f":{"0":0,"1":0,"2":0},"b":{"0":[0,0,0],"1":[0,0],"2":[0,0],"3":[0,0],"4":[0,0],"5":[0,0]}}
,"/Users/bibhutipoudyal/Projects/crcit/cleave-form-builder/src/components/TvModal.tsx": {"path":"/Users/bibhutipoudyal/Projects/crcit/cleave-form-builder/src/components/TvModal.tsx","statementMap":{"0":{"start":{"line":1,"column":0},"end":{"line":1,"column":40}},"1":{"start":{"line":2,"column":0},"end":{"line":2,"column":47}},"2":{"start":{"line":11,"column":47},"end":{"line":54,"column":1}},"3":{"start":{"line":12,"column":2},"end":{"line":53,"column":4}},"4":{"start":{"line":11,"column":13},"end":{"line":11,"column":47}}},"fnMap":{"0":{"name":"(anonymous_9)","decl":{"start":{"line":11,"column":47},"end":{"line":11,"column":48}},"loc":{"start":{"line":11,"column":88},"end":{"line":54,"column":1}}}},"branchMap":{},"s":{"0":4,"1":4,"2":4,"3":0,"4":4},"f":{"0":0},"b":{}}
,"/Users/bibhutipoudyal/Projects/crcit/cleave-form-builder/src/components/index.ts": {"path":"/Users/bibhutipoudyal/Projects/crcit/cleave-form-builder/src/components/index.ts","statementMap":{"0":{"start":{"line":2,"column":0},"end":{"line":2,"column":9}},"1":{"start":{"line":2,"column":9},"end":{"line":2,"column":34}},"2":{"start":{"line":5,"column":0},"end":{"line":5,"column":9}},"3":{"start":{"line":5,"column":9},"end":{"line":5,"column":30}},"4":{"start":{"line":8,"column":0},"end":{"line":8,"column":9}},"5":{"start":{"line":8,"column":9},"end":{"line":8,"column":34}},"6":{"start":{"line":11,"column":0},"end":{"line":11,"column":9}},"7":{"start":{"line":11,"column":9},"end":{"line":11,"column":40}},"8":{"start":{"line":14,"column":0},"end":{"line":14,"column":9}},"9":{"start":{"line":14,"column":9},"end":{"line":14,"column":36}},"10":{"start":{"line":17,"column":0},"end":{"line":17,"column":9}},"11":{"start":{"line":17,"column":9},"end":{"line":17,"column":34}},"12":{"start":{"line":19,"column":0},"end":{"line":19,"column":9}},"13":{"start":{"line":19,"column":9},"end":{"line":19,"column":100}},"14":{"start":{"line":21,"column":0},"end":{"line":21,"column":9}},"15":{"start":{"line":21,"column":9},"end":{"line":21,"column":44}}},"fnMap":{"0":{"name":"(anonymous_0)","decl":{"start":{"line":2,"column":9},"end":{"line":2,"column":15}},"loc":{"start":{"line":2,"column":9},"end":{"line":2,"column":34}}},"1":{"name":"(anonymous_1)","decl":{"start":{"line":5,"column":9},"end":{"line":5,"column":13}},"loc":{"start":{"line":5,"column":9},"end":{"line":5,"column":30}}},"2":{"name":"(anonymous_2)","decl":{"start":{"line":8,"column":9},"end":{"line":8,"column":15}},"loc":{"start":{"line":8,"column":9},"end":{"line":8,"column":34}}},"3":{"name":"(anonymous_3)","decl":{"start":{"line":11,"column":9},"end":{"line":11,"column":18}},"loc":{"start":{"line":11,"column":9},"end":{"line":11,"column":40}}},"4":{"name":"(anonymous_4)","decl":{"start":{"line":14,"column":9},"end":{"line":14,"column":16}},"loc":{"start":{"line":14,"column":9},"end":{"line":14,"column":36}}},"5":{"name":"(anonymous_5)","decl":{"start":{"line":17,"column":9},"end":{"line":17,"column":15}},"loc":{"start":{"line":17,"column":9},"end":{"line":17,"column":34}}},"6":{"name":"(anonymous_6)","decl":{"start":{"line":19,"column":9},"end":{"line":19,"column":21}},"loc":{"start":{"line":19,"column":9},"end":{"line":19,"column":100}}},"7":{"name":"(anonymous_7)","decl":{"start":{"line":21,"column":9},"end":{"line":21,"column":20}},"loc":{"start":{"line":21,"column":9},"end":{"line":21,"column":44}}}},"branchMap":{},"s":{"0":4,"1":115,"2":4,"3":4,"4":4,"5":4,"6":4,"7":4,"8":4,"9":4,"10":4,"11":4,"12":4,"13":4,"14":4,"15":4},"f":{"0":111,"1":0,"2":0,"3":0,"4":0,"5":0,"6":0,"7":0},"b":{}}
}
