TN:
SF:src/App.tsx
FN:4,App
FNF:1
FNH:0
FNDA:0,App
DA:1,0
DA:2,0
DA:5,0
DA:32,0
LF:4
LH:0
BRF:0
BRH:0
end_of_record
TN:
SF:src/BuilderPanel.tsx
FN:8,BuilderPanel
FN:11,(anonymous_2)
FNF:2
FNH:0
FNDA:0,BuilderPanel
FNDA:0,(anonymous_2)
DA:1,0
DA:2,0
DA:3,0
DA:4,0
DA:5,0
DA:8,0
DA:9,0
DA:11,0
DA:12,0
DA:15,0
DA:33,0
LF:11
LH:0
BRDA:43,0,0,0
BRDA:43,0,1,0
BRDA:45,1,0,0
BRDA:45,1,1,0
BRDA:59,2,0,0
BRDA:59,2,1,0
BRF:6
BRH:0
end_of_record
TN:
SF:src/ComponentShowcase.tsx
FN:37,ComponentShowcase
FN:89,(anonymous_1)
FN:91,(anonymous_2)
FN:97,(anonymous_3)
FN:99,(anonymous_4)
FN:100,(anonymous_5)
FN:141,(anonymous_6)
FN:194,(anonymous_7)
FN:215,(anonymous_8)
FN:227,(anonymous_9)
FN:290,(anonymous_10)
FN:294,(anonymous_11)
FN:325,(anonymous_12)
FN:348,(anonymous_13)
FN:351,(anonymous_14)
FN:354,(anonymous_15)
FN:357,(anonymous_16)
FN:360,(anonymous_17)
FN:375,(anonymous_18)
FN:376,(anonymous_19)
FN:385,(anonymous_20)
FN:392,(anonymous_21)
FN:397,(anonymous_22)
FN:409,(anonymous_23)
FNF:24
FNH:0
FNDA:0,ComponentShowcase
FNDA:0,(anonymous_1)
FNDA:0,(anonymous_2)
FNDA:0,(anonymous_3)
FNDA:0,(anonymous_4)
FNDA:0,(anonymous_5)
FNDA:0,(anonymous_6)
FNDA:0,(anonymous_7)
FNDA:0,(anonymous_8)
FNDA:0,(anonymous_9)
FNDA:0,(anonymous_10)
FNDA:0,(anonymous_11)
FNDA:0,(anonymous_12)
FNDA:0,(anonymous_13)
FNDA:0,(anonymous_14)
FNDA:0,(anonymous_15)
FNDA:0,(anonymous_16)
FNDA:0,(anonymous_17)
FNDA:0,(anonymous_18)
FNDA:0,(anonymous_19)
FNDA:0,(anonymous_20)
FNDA:0,(anonymous_21)
FNDA:0,(anonymous_22)
FNDA:0,(anonymous_23)
DA:3,0
DA:24,0
DA:25,0
DA:35,0
DA:37,0
DA:39,0
DA:40,0
DA:41,0
DA:42,0
DA:43,0
DA:44,0
DA:45,0
DA:46,0
DA:47,0
DA:48,0
DA:49,0
DA:50,0
DA:53,0
DA:60,0
DA:67,0
DA:74,0
DA:83,0
DA:89,0
DA:90,0
DA:91,0
DA:92,0
DA:93,0
DA:97,0
DA:98,0
DA:99,0
DA:100,0
DA:101,0
DA:102,0
DA:103,0
DA:105,0
DA:110,0
DA:141,0
DA:194,0
DA:215,0
DA:227,0
DA:291,0
DA:294,0
DA:326,0
DA:348,0
DA:351,0
DA:354,0
DA:357,0
DA:360,0
DA:375,0
DA:377,0
DA:378,0
DA:385,0
DA:392,0
DA:398,0
DA:399,0
DA:409,0
LF:56
LH:0
BRDA:101,0,0,0
BRDA:101,0,1,0
BRDA:131,1,0,0
BRDA:131,1,1,0
BRDA:138,2,0,0
BRDA:138,2,1,0
BRDA:147,3,0,0
BRDA:147,3,1,0
BRDA:147,3,2,0
BRDA:175,4,0,0
BRDA:175,4,1,0
BRDA:329,5,0,0
BRDA:329,5,1,0
BRDA:372,6,0,0
BRDA:372,6,1,0
BRF:15
BRH:0
end_of_record
TN:
SF:src/index.tsx
FN:1,(anonymous_1)
FN:2,(anonymous_2)
FNF:2
FNH:0
FNDA:0,(anonymous_1)
FNDA:0,(anonymous_2)
DA:1,0
DA:2,0
LF:2
LH:0
BRF:0
BRH:0
end_of_record
TN:
SF:src/BuilderPanelTabs/FormBuilder/FormBuilder.tsx
FN:11,FormBuilder
FNF:1
FNH:0
FNDA:0,FormBuilder
DA:1,0
DA:2,0
DA:3,0
DA:5,0
DA:9,0
DA:11,0
DA:12,0
LF:7
LH:0
BRF:0
BRH:0
end_of_record
TN:
SF:src/BuilderPanelTabs/FormBuilder/JsonEditor.tsx
FN:12,(anonymous_9)
FN:17,(anonymous_10)
FN:21,(anonymous_11)
FN:76,(anonymous_12)
FN:87,(anonymous_13)
FNF:5
FNH:0
FNDA:0,(anonymous_9)
FNDA:0,(anonymous_10)
FNDA:0,(anonymous_11)
FNDA:0,(anonymous_12)
FNDA:0,(anonymous_13)
DA:1,0
DA:2,0
DA:3,0
DA:12,0
DA:13,0
DA:14,0
DA:15,0
DA:17,0
DA:18,0
DA:21,0
DA:22,0
DA:23,0
DA:26,0
DA:27,0
DA:28,0
DA:29,0
DA:31,0
DA:32,0
DA:33,0
DA:35,0
DA:36,0
DA:39,0
DA:40,0
DA:49,0
DA:50,0
DA:54,0
DA:76,0
DA:88,0
LF:28
LH:0
BRDA:26,0,0,0
BRDA:26,0,1,0
BRDA:31,1,0,0
BRDA:31,1,1,0
BRDA:43,2,0,0
BRDA:43,2,1,0
BRDA:60,3,0,0
BRDA:60,3,1,0
BRDA:80,4,0,0
BRDA:80,4,1,0
BRDA:80,4,2,0
BRF:11
BRH:0
end_of_record
TN:
SF:src/BuilderPanelTabs/FormBuilder/constants.ts
FNF:0
FNH:0
DA:3,2
DA:12,2
DA:13,2
DA:14,2
DA:16,2
LF:5
LH:5
BRF:0
BRH:0
end_of_record
TN:
SF:src/BuilderPanelTabs/FormBuilder/foundation.ts
FNF:0
FNH:0
DA:7,0
DA:10,0
DA:12,0
LF:3
LH:0
BRF:0
BRH:0
end_of_record
TN:
SF:src/BuilderPanelTabs/FormBuilder/index.tsx
FN:1,(anonymous_1)
FN:2,(anonymous_2)
FN:3,(anonymous_3)
FN:4,(anonymous_4)
FN:5,(anonymous_5)
FN:6,(anonymous_6)
FN:7,(anonymous_7)
FN:8,(anonymous_8)
FNF:8
FNH:0
FNDA:0,(anonymous_1)
FNDA:0,(anonymous_2)
FNDA:0,(anonymous_3)
FNDA:0,(anonymous_4)
FNDA:0,(anonymous_5)
FNDA:0,(anonymous_6)
FNDA:0,(anonymous_7)
FNDA:0,(anonymous_8)
DA:1,0
DA:2,0
DA:3,0
DA:4,0
DA:5,0
DA:6,0
DA:7,0
DA:8,0
LF:8
LH:0
BRF:0
BRH:0
end_of_record
TN:
SF:src/BuilderPanelTabs/FormBuilder/components/BuilderShell.tsx
FN:11,(anonymous_10)
FN:15,(anonymous_11)
FN:24,(anonymous_12)
FN:30,(anonymous_13)
FNF:4
FNH:0
FNDA:0,(anonymous_10)
FNDA:0,(anonymous_11)
FNDA:0,(anonymous_12)
FNDA:0,(anonymous_13)
DA:1,0
DA:3,0
DA:4,0
DA:5,0
DA:6,0
DA:7,0
DA:8,0
DA:9,0
DA:11,0
DA:12,0
DA:13,0
DA:15,0
DA:16,0
DA:19,0
DA:25,0
DA:31,0
LF:16
LH:0
BRDA:23,0,0,0
BRDA:23,0,1,0
BRF:2
BRH:0
end_of_record
TN:
SF:src/BuilderPanelTabs/FormBuilder/components/LinkModal.tsx
FN:13,(anonymous_9)
FN:26,(anonymous_10)
FN:30,(anonymous_11)
FN:47,(anonymous_12)
FN:61,(anonymous_13)
FN:96,(anonymous_14)
FN:97,(anonymous_15)
FN:98,(anonymous_16)
FNF:8
FNH:0
FNDA:0,(anonymous_9)
FNDA:0,(anonymous_10)
FNDA:0,(anonymous_11)
FNDA:0,(anonymous_12)
FNDA:0,(anonymous_13)
FNDA:0,(anonymous_14)
FNDA:0,(anonymous_15)
FNDA:0,(anonymous_16)
DA:1,0
DA:2,0
DA:3,0
DA:4,0
DA:13,0
DA:19,0
DA:20,0
DA:21,0
DA:22,0
DA:23,0
DA:26,0
DA:27,0
DA:30,0
DA:32,0
DA:33,0
DA:34,0
DA:38,0
DA:47,0
DA:61,0
DA:96,0
DA:97,0
DA:98,0
DA:109,0
DA:127,0
LF:24
LH:0
BRDA:91,0,0,0
BRDA:91,0,1,0
BRF:2
BRH:0
end_of_record
TN:
SF:src/BuilderPanelTabs/FormBuilder/components/Canvas/AddLinkButton.tsx
FN:12,(anonymous_9)
FN:18,(anonymous_10)
FN:19,(anonymous_11)
FN:40,(anonymous_12)
FN:43,(anonymous_13)
FN:49,(anonymous_14)
FN:52,(anonymous_15)
FN:64,(anonymous_16)
FN:70,(anonymous_17)
FNF:9
FNH:0
FNDA:0,(anonymous_9)
FNDA:0,(anonymous_10)
FNDA:0,(anonymous_11)
FNDA:0,(anonymous_12)
FNDA:0,(anonymous_13)
FNDA:0,(anonymous_14)
FNDA:0,(anonymous_15)
FNDA:0,(anonymous_16)
FNDA:0,(anonymous_17)
DA:1,0
DA:2,0
DA:3,0
DA:4,0
DA:5,0
DA:6,0
DA:12,0
DA:13,0
DA:14,0
DA:15,0
DA:18,0
DA:19,0
DA:20,0
DA:21,0
DA:24,0
DA:25,0
DA:26,0
DA:27,0
DA:28,0
DA:32,0
DA:34,0
DA:35,0
DA:39,0
DA:40,0
DA:43,0
DA:44,0
DA:45,0
DA:49,0
DA:50,0
DA:52,0
DA:53,0
DA:56,0
DA:57,0
DA:59,0
DA:60,0
DA:61,0
DA:64,0
DA:65,0
DA:66,0
DA:70,0
DA:71,0
DA:75,0
DA:77,0
LF:43
LH:0
BRDA:21,0,0,0
BRDA:21,0,1,0
BRDA:25,1,0,0
BRDA:25,1,1,0
BRDA:27,2,0,0
BRDA:27,2,1,0
BRDA:34,3,0,0
BRDA:34,3,1,0
BRDA:34,4,0,0
BRDA:34,4,1,0
BRDA:44,5,0,0
BRDA:44,5,1,0
BRDA:50,6,0,0
BRDA:50,6,1,0
BRDA:53,7,0,0
BRDA:53,7,1,0
BRDA:53,8,0,0
BRDA:53,8,1,0
BRDA:56,9,0,0
BRDA:56,9,1,0
BRDA:71,10,0,0
BRDA:71,10,1,0
BRDA:71,10,2,0
BRDA:75,11,0,0
BRDA:75,11,1,0
BRF:25
BRH:0
end_of_record
TN:
SF:src/BuilderPanelTabs/FormBuilder/components/Canvas/Canvas.tsx
FN:20,(anonymous_10)
FN:30,(anonymous_11)
FN:34,(anonymous_12)
FN:46,(anonymous_13)
FN:49,(anonymous_14)
FNF:5
FNH:0
FNDA:0,(anonymous_10)
FNDA:0,(anonymous_11)
FNDA:0,(anonymous_12)
FNDA:0,(anonymous_13)
FNDA:0,(anonymous_14)
DA:1,0
DA:2,0
DA:3,0
DA:5,0
DA:6,0
DA:7,0
DA:8,0
DA:9,0
DA:10,0
DA:11,0
DA:20,0
DA:21,0
DA:22,0
DA:23,0
DA:26,0
DA:28,0
DA:30,0
DA:31,0
DA:34,0
DA:35,0
DA:38,0
DA:46,0
DA:50,0
DA:51,0
LF:24
LH:0
BRDA:62,0,0,0
BRDA:62,0,1,0
BRF:2
BRH:0
end_of_record
TN:
SF:src/BuilderPanelTabs/FormBuilder/components/Canvas/CanvasResizer.tsx
FN:11,(anonymous_9)
FN:19,(anonymous_10)
FN:24,(anonymous_11)
FN:25,(anonymous_12)
FN:37,(anonymous_13)
FN:48,(anonymous_14)
FNF:6
FNH:0
FNDA:0,(anonymous_9)
FNDA:0,(anonymous_10)
FNDA:0,(anonymous_11)
FNDA:0,(anonymous_12)
FNDA:0,(anonymous_13)
FNDA:0,(anonymous_14)
DA:1,0
DA:2,0
DA:11,0
DA:17,0
DA:19,0
DA:20,0
DA:21,0
DA:24,0
DA:25,0
DA:26,0
DA:28,0
DA:29,0
DA:32,0
DA:33,0
DA:37,0
DA:38,0
DA:41,0
DA:42,0
DA:43,0
DA:44,0
DA:45,0
DA:48,0
DA:49,0
DA:50,0
DA:51,0
DA:52,0
DA:56,0
LF:27
LH:0
BRDA:26,0,0,0
BRDA:26,0,1,0
BRDA:26,1,0,0
BRDA:26,1,1,0
BRDA:32,2,0,0
BRDA:32,2,1,0
BRDA:32,3,0,0
BRDA:32,3,1,0
BRDA:41,4,0,0
BRDA:41,4,1,0
BRF:10
BRH:0
end_of_record
TN:
SF:src/BuilderPanelTabs/FormBuilder/components/Canvas/CanvasToolbar.tsx
FN:12,(anonymous_1)
FN:14,(anonymous_2)
FN:28,(anonymous_3)
FN:29,(anonymous_4)
FNF:4
FNH:0
FNDA:0,(anonymous_1)
FNDA:0,(anonymous_2)
FNDA:0,(anonymous_3)
FNDA:0,(anonymous_4)
DA:1,0
DA:2,0
DA:3,0
DA:4,0
DA:12,0
DA:14,0
DA:15,0
DA:16,0
DA:17,0
DA:18,0
DA:19,0
DA:20,0
DA:23,0
DA:29,0
LF:14
LH:0
BRDA:15,0,0,0
BRDA:15,0,1,0
BRDA:16,1,0,0
BRDA:16,1,1,0
BRDA:17,2,0,0
BRDA:17,2,1,0
BRDA:18,3,0,0
BRDA:18,3,1,0
BRDA:19,4,0,0
BRDA:19,4,1,0
BRDA:29,5,0,0
BRDA:29,5,1,0
BRF:12
BRH:0
end_of_record
TN:
SF:src/BuilderPanelTabs/FormBuilder/components/Canvas/EmptyState.tsx
FN:8,(anonymous_1)
FNF:1
FNH:0
FNDA:0,(anonymous_1)
DA:1,0
DA:2,0
DA:8,0
DA:11,0
LF:4
LH:0
BRDA:9,0,0,0
BRDA:12,1,0,0
BRDA:12,1,1,0
BRDA:13,2,0,0
BRDA:13,2,1,0
BRDA:16,3,0,0
BRDA:16,3,1,0
BRDA:17,4,0,0
BRDA:17,4,1,0
BRF:9
BRH:0
end_of_record
TN:
SF:src/BuilderPanelTabs/FormBuilder/components/ConfigPanel/BottomActionBar.tsx
FN:27,(anonymous_0)
FNF:1
FNH:0
FNDA:0,(anonymous_0)
DA:1,0
DA:5,0
DA:27,0
DA:28,0
LF:4
LH:0
BRDA:30,0,0,0
BRDA:30,0,1,0
BRDA:30,1,0,0
BRDA:30,1,1,0
BRDA:35,2,0,0
BRDA:35,2,1,0
BRDA:35,3,0,0
BRDA:35,3,1,0
BRF:8
BRH:0
end_of_record
TN:
SF:src/BuilderPanelTabs/FormBuilder/components/ConfigPanel/ConfigPanel.tsx
FN:13,(anonymous_9)
FN:32,(anonymous_10)
FNF:2
FNH:0
FNDA:0,(anonymous_9)
FNDA:0,(anonymous_10)
DA:1,0
DA:2,0
DA:3,0
DA:4,0
DA:5,0
DA:6,0
DA:13,0
DA:14,0
DA:17,0
DA:18,0
DA:27,0
DA:32,0
LF:12
LH:0
BRDA:17,0,0,0
BRDA:17,0,1,0
BRDA:17,1,0,0
BRDA:17,1,1,0
BRDA:28,2,0,0
BRDA:28,2,1,0
BRDA:29,3,0,0
BRDA:29,3,1,0
BRDA:30,4,0,0
BRDA:30,4,1,0
BRDA:32,5,0,0
BRDA:32,5,1,0
BRDA:33,6,0,0
BRDA:33,6,1,0
BRF:14
BRH:0
end_of_record
TN:
SF:src/BuilderPanelTabs/FormBuilder/components/ElementPalette/ElementPalette.tsx
FN:93,(anonymous_9)
FN:122,(anonymous_10)
FN:127,(anonymous_11)
FN:129,(anonymous_12)
FN:132,(anonymous_13)
FN:144,(anonymous_14)
FN:154,(anonymous_15)
FN:158,(anonymous_16)
FN:183,(anonymous_17)
FN:191,(anonymous_18)
FNF:10
FNH:0
FNDA:0,(anonymous_9)
FNDA:0,(anonymous_10)
FNDA:0,(anonymous_11)
FNDA:0,(anonymous_12)
FNDA:0,(anonymous_13)
FNDA:0,(anonymous_14)
FNDA:0,(anonymous_15)
FNDA:0,(anonymous_16)
FNDA:0,(anonymous_17)
FNDA:0,(anonymous_18)
DA:1,0
DA:2,0
DA:3,0
DA:4,0
DA:24,0
DA:25,0
DA:26,0
DA:41,0
DA:93,0
DA:94,0
DA:104,0
DA:122,0
DA:125,0
DA:127,0
DA:130,0
DA:132,0
DA:134,0
DA:144,0
DA:155,0
DA:159,0
DA:184,0
DA:192,0
LF:22
LH:0
BRDA:105,0,0,0
BRDA:105,0,1,0
BRDA:136,1,0,0
BRDA:136,1,1,0
BRDA:153,2,0,0
BRDA:153,2,1,0
BRF:6
BRH:0
end_of_record
TN:
SF:src/BuilderPanelTabs/FormBuilder/components/FormRenderer/FieldRenderer.tsx
FN:10,FieldRenderer
FNF:1
FNH:0
FNDA:0,FieldRenderer
DA:2,0
DA:10,0
DA:11,0
DA:13,0
DA:14,0
DA:17,0
LF:6
LH:0
BRDA:13,0,0,0
BRDA:13,0,1,0
BRF:2
BRH:0
end_of_record
TN:
SF:src/BuilderPanelTabs/FormBuilder/components/FormRenderer/FormRenderer.tsx
FN:23,FormRenderer
FN:32,(anonymous_2)
FN:36,(anonymous_3)
FN:65,(anonymous_4)
FN:72,(anonymous_5)
FNF:5
FNH:0
FNDA:0,FormRenderer
FNDA:0,(anonymous_2)
FNDA:0,(anonymous_3)
FNDA:0,(anonymous_4)
FNDA:0,(anonymous_5)
DA:5,0
DA:8,0
DA:9,0
DA:11,0
DA:12,0
DA:13,0
DA:14,0
DA:23,0
DA:29,0
DA:30,0
DA:32,0
DA:33,0
DA:36,0
DA:37,0
DA:38,0
DA:39,0
DA:41,0
DA:42,0
DA:45,0
DA:47,0
DA:49,0
DA:51,0
DA:53,0
DA:55,0
DA:57,0
DA:61,0
DA:66,0
DA:73,0
LF:28
LH:0
BRDA:37,0,0,0
BRDA:37,0,1,0
BRDA:38,1,0,0
BRDA:38,1,1,0
BRDA:41,2,0,0
BRDA:41,2,1,0
BRDA:45,3,0,0
BRDA:45,3,1,0
BRDA:45,3,2,0
BRDA:45,3,3,0
BRDA:45,3,4,0
BRDA:45,3,5,0
BRDA:85,4,0,0
BRDA:85,4,1,0
BRDA:89,5,0,0
BRDA:89,5,1,0
BRDA:89,5,2,0
BRF:17
BRH:0
end_of_record
TN:
SF:src/BuilderPanelTabs/FormBuilder/components/FormRenderer/elements/BuilderButton.tsx
FN:14,BuilderButton
FNF:1
FNH:0
FNDA:0,BuilderButton
DA:6,0
DA:14,0
DA:19,0
LF:3
LH:0
BRDA:24,0,0,0
BRDA:24,0,1,0
BRDA:24,1,0,0
BRDA:24,1,1,0
BRF:4
BRH:0
end_of_record
TN:
SF:src/BuilderPanelTabs/FormBuilder/components/FormRenderer/elements/BuilderCaptcha.tsx
FN:15,BuilderCaptcha
FNF:1
FNH:0
FNDA:0,BuilderCaptcha
DA:7,0
DA:15,0
DA:16,0
LF:3
LH:0
BRF:0
BRH:0
end_of_record
TN:
SF:src/BuilderPanelTabs/FormBuilder/components/FormRenderer/elements/BuilderCheckbox.tsx
FN:18,BuilderCheckbox
FN:34,(anonymous_2)
FNF:2
FNH:0
FNDA:0,BuilderCheckbox
FNDA:0,(anonymous_2)
DA:8,0
DA:9,0
DA:10,0
DA:18,0
DA:23,0
DA:24,0
DA:35,0
LF:7
LH:0
BRDA:27,0,0,0
BRDA:27,0,1,0
BRDA:28,1,0,0
BRDA:28,1,1,0
BRDA:28,2,0,0
BRDA:28,2,1,0
BRDA:30,3,0,0
BRDA:30,3,1,0
BRDA:33,4,0,0
BRDA:33,4,1,0
BRDA:33,5,0,0
BRDA:33,5,1,0
BRDA:33,6,0,0
BRDA:33,6,1,0
BRDA:42,7,0,0
BRDA:42,7,1,0
BRDA:56,8,0,0
BRDA:56,8,1,0
BRDA:58,9,0,0
BRDA:58,9,1,0
BRDA:58,10,0,0
BRDA:58,10,1,0
BRF:22
BRH:0
end_of_record
TN:
SF:src/BuilderPanelTabs/FormBuilder/components/FormRenderer/elements/BuilderDate.tsx
FN:18,BuilderDate
FNF:1
FNH:0
FNDA:0,BuilderDate
DA:8,0
DA:9,0
DA:10,0
DA:18,0
DA:19,0
DA:20,0
LF:6
LH:0
BRDA:23,0,0,0
BRDA:23,0,1,0
BRDA:26,1,0,0
BRDA:26,1,1,0
BRDA:26,2,0,0
BRDA:26,2,1,0
BRDA:29,3,0,0
BRDA:29,3,1,0
BRDA:40,4,0,0
BRDA:40,4,1,0
BRDA:40,5,0,0
BRDA:40,5,1,0
BRDA:40,6,0,0
BRDA:40,6,1,0
BRDA:42,7,0,0
BRDA:42,7,1,0
BRDA:44,8,0,0
BRDA:44,8,1,0
BRDA:44,9,0,0
BRDA:44,9,1,0
BRF:20
BRH:0
end_of_record
TN:
SF:src/BuilderPanelTabs/FormBuilder/components/FormRenderer/elements/BuilderDivider.tsx
FN:16,BuilderDivider
FNF:1
FNH:0
FNDA:0,BuilderDivider
DA:8,0
DA:16,0
DA:21,0
LF:3
LH:0
BRF:0
BRH:0
end_of_record
TN:
SF:src/BuilderPanelTabs/FormBuilder/components/FormRenderer/elements/BuilderDropdown.tsx
FN:18,BuilderDropdown
FN:48,(anonymous_2)
FNF:2
FNH:0
FNDA:0,BuilderDropdown
FNDA:0,(anonymous_2)
DA:8,0
DA:9,0
DA:10,0
DA:18,0
DA:23,0
DA:24,0
DA:49,0
LF:7
LH:0
BRDA:27,0,0,0
BRDA:27,0,1,0
BRDA:30,1,0,0
BRDA:30,1,1,0
BRDA:30,2,0,0
BRDA:30,2,1,0
BRDA:34,3,0,0
BRDA:34,3,1,0
BRDA:42,4,0,0
BRDA:42,4,1,0
BRDA:42,5,0,0
BRDA:42,5,1,0
BRDA:42,6,0,0
BRDA:42,6,1,0
BRDA:45,7,0,0
BRDA:45,7,1,0
BRDA:54,8,0,0
BRDA:54,8,1,0
BRDA:56,9,0,0
BRDA:56,9,1,0
BRDA:56,10,0,0
BRDA:56,10,1,0
BRF:22
BRH:0
end_of_record
TN:
SF:src/BuilderPanelTabs/FormBuilder/components/FormRenderer/elements/BuilderEmail.tsx
FN:19,BuilderEmail
FNF:1
FNH:0
FNDA:0,BuilderEmail
DA:8,0
DA:9,0
DA:10,0
DA:11,0
DA:19,0
DA:20,0
DA:22,0
LF:7
LH:0
BRDA:26,0,0,0
BRDA:26,0,1,0
BRDA:29,1,0,0
BRDA:29,1,1,0
BRDA:29,2,0,0
BRDA:29,2,1,0
BRDA:33,3,0,0
BRDA:33,3,1,0
BRDA:43,4,0,0
BRDA:43,4,1,0
BRDA:43,5,0,0
BRDA:43,5,1,0
BRDA:43,6,0,0
BRDA:43,6,1,0
BRDA:46,7,0,0
BRDA:46,7,1,0
BRDA:48,8,0,0
BRDA:48,8,1,0
BRDA:48,9,0,0
BRDA:48,9,1,0
BRF:20
BRH:0
end_of_record
TN:
SF:src/BuilderPanelTabs/FormBuilder/components/FormRenderer/elements/BuilderFieldControls.tsx
FN:27,BuilderFieldControls
FN:39,(anonymous_1)
FN:59,(anonymous_2)
FN:60,(anonymous_3)
FN:61,(anonymous_4)
FN:80,(anonymous_5)
FNF:6
FNH:0
FNDA:0,BuilderFieldControls
FNDA:0,(anonymous_1)
FNDA:0,(anonymous_2)
FNDA:0,(anonymous_3)
FNDA:0,(anonymous_4)
FNDA:0,(anonymous_5)
DA:4,0
DA:5,0
DA:27,0
DA:36,0
DA:37,0
DA:39,0
DA:40,0
DA:42,0
DA:43,0
DA:46,0
DA:49,0
DA:59,0
DA:60,0
DA:62,0
DA:63,0
DA:81,0
DA:82,0
LF:17
LH:0
BRDA:34,0,0,0
BRDA:37,1,0,0
BRDA:37,1,1,0
BRDA:40,2,0,0
BRDA:40,2,1,0
BRDA:42,3,0,0
BRDA:42,3,1,0
BRDA:54,4,0,0
BRDA:54,4,1,0
BRDA:54,5,0,0
BRDA:54,5,1,0
BRDA:55,6,0,0
BRDA:55,6,1,0
BRDA:72,7,0,0
BRDA:72,7,1,0
BRDA:72,8,0,0
BRDA:72,8,1,0
BRDA:78,9,0,0
BRDA:78,9,1,0
BRDA:99,10,0,0
BRDA:99,10,1,0
BRF:21
BRH:0
end_of_record
TN:
SF:src/BuilderPanelTabs/FormBuilder/components/FormRenderer/elements/BuilderFieldWrapper.tsx
FN:19,BuilderFieldWrapper
FNF:1
FNH:0
FNDA:0,BuilderFieldWrapper
DA:8,0
DA:19,0
DA:27,0
DA:31,0
LF:4
LH:0
BRDA:27,0,0,0
BRDA:27,0,1,0
BRDA:27,1,0,0
BRDA:27,1,1,0
BRF:4
BRH:0
end_of_record
TN:
SF:src/BuilderPanelTabs/FormBuilder/components/FormRenderer/elements/BuilderHeading.tsx
FN:20,BuilderHeading
FNF:1
FNH:0
FNDA:0,BuilderHeading
DA:10,0
DA:11,0
DA:20,0
DA:25,0
DA:27,0
LF:5
LH:0
BRDA:25,0,0,0
BRDA:25,0,1,0
BRDA:32,1,0,0
BRDA:32,1,1,0
BRDA:32,2,0,0
BRDA:32,2,1,0
BRF:6
BRH:0
end_of_record
TN:
SF:src/BuilderPanelTabs/FormBuilder/components/FormRenderer/elements/BuilderImage.tsx
FN:17,BuilderImage
FNF:1
FNH:0
FNDA:0,BuilderImage
DA:8,0
DA:9,0
DA:17,0
DA:18,0
LF:4
LH:0
BRDA:21,0,0,0
BRDA:21,0,1,0
BRDA:23,1,0,0
BRDA:23,1,1,0
BRDA:23,2,0,0
BRDA:23,2,1,0
BRDA:31,3,0,0
BRDA:31,3,1,0
BRDA:31,3,2,0
BRDA:33,4,0,0
BRDA:33,4,1,0
BRDA:33,5,0,0
BRDA:33,5,1,0
BRDA:33,6,0,0
BRDA:33,6,1,0
BRF:15
BRH:0
end_of_record
TN:
SF:src/BuilderPanelTabs/FormBuilder/components/FormRenderer/elements/BuilderNumber.tsx
FN:20,BuilderNumber
FNF:1
FNH:0
FNDA:0,BuilderNumber
DA:8,0
DA:9,0
DA:10,0
DA:11,0
DA:12,0
DA:20,0
DA:21,0
DA:22,0
LF:8
LH:0
BRDA:26,0,0,0
BRDA:26,0,1,0
BRDA:29,1,0,0
BRDA:29,1,1,0
BRDA:29,2,0,0
BRDA:29,2,1,0
BRDA:33,3,0,0
BRDA:33,3,1,0
BRDA:46,4,0,0
BRDA:46,4,1,0
BRDA:46,5,0,0
BRDA:46,5,1,0
BRDA:46,6,0,0
BRDA:46,6,1,0
BRDA:49,7,0,0
BRDA:49,7,1,0
BRDA:51,8,0,0
BRDA:51,8,1,0
BRDA:51,9,0,0
BRDA:51,9,1,0
BRF:20
BRH:0
end_of_record
TN:
SF:src/BuilderPanelTabs/FormBuilder/components/FormRenderer/elements/BuilderParagraph.tsx
FN:17,BuilderParagraph
FNF:1
FNH:0
FNDA:0,BuilderParagraph
DA:8,0
DA:9,0
DA:17,0
DA:22,0
LF:4
LH:0
BRDA:27,0,0,0
BRDA:27,0,1,0
BRDA:27,1,0,0
BRDA:27,1,1,0
BRF:4
BRH:0
end_of_record
TN:
SF:src/BuilderPanelTabs/FormBuilder/components/FormRenderer/elements/BuilderPhone.tsx
FN:19,BuilderPhone
FNF:1
FNH:0
FNDA:0,BuilderPhone
DA:8,0
DA:9,0
DA:10,0
DA:11,0
DA:19,0
DA:20,0
DA:21,0
LF:7
LH:0
BRDA:25,0,0,0
BRDA:25,0,1,0
BRDA:28,1,0,0
BRDA:28,1,1,0
BRDA:28,2,0,0
BRDA:28,2,1,0
BRDA:32,3,0,0
BRDA:32,3,1,0
BRDA:42,4,0,0
BRDA:42,4,1,0
BRDA:42,5,0,0
BRDA:42,5,1,0
BRDA:42,6,0,0
BRDA:42,6,1,0
BRDA:45,7,0,0
BRDA:45,7,1,0
BRDA:47,8,0,0
BRDA:47,8,1,0
BRDA:47,9,0,0
BRDA:47,9,1,0
BRF:20
BRH:0
end_of_record
TN:
SF:src/BuilderPanelTabs/FormBuilder/components/FormRenderer/elements/BuilderRadio.tsx
FN:18,BuilderRadio
FN:30,(anonymous_2)
FNF:2
FNH:0
FNDA:0,BuilderRadio
FNDA:0,(anonymous_2)
DA:8,0
DA:9,0
DA:10,0
DA:18,0
DA:19,0
DA:20,0
DA:31,0
LF:7
LH:0
BRDA:23,0,0,0
BRDA:23,0,1,0
BRDA:24,1,0,0
BRDA:24,1,1,0
BRDA:24,2,0,0
BRDA:24,2,1,0
BRDA:26,3,0,0
BRDA:26,3,1,0
BRDA:29,4,0,0
BRDA:29,4,1,0
BRDA:29,5,0,0
BRDA:29,5,1,0
BRDA:29,6,0,0
BRDA:29,6,1,0
BRDA:50,7,0,0
BRDA:50,7,1,0
BRDA:52,8,0,0
BRDA:52,8,1,0
BRDA:52,9,0,0
BRDA:52,9,1,0
BRF:20
BRH:0
end_of_record
TN:
SF:src/BuilderPanelTabs/FormBuilder/components/FormRenderer/elements/BuilderText.tsx
FN:19,BuilderText
FNF:1
FNH:0
FNDA:0,BuilderText
DA:8,0
DA:9,0
DA:10,0
DA:11,0
DA:19,0
DA:20,0
DA:21,0
LF:7
LH:0
BRDA:25,0,0,0
BRDA:25,0,1,0
BRDA:28,1,0,0
BRDA:28,1,1,0
BRDA:28,2,0,0
BRDA:28,2,1,0
BRDA:33,3,0,0
BRDA:33,3,1,0
BRDA:43,4,0,0
BRDA:43,4,1,0
BRDA:43,5,0,0
BRDA:43,5,1,0
BRDA:43,6,0,0
BRDA:43,6,1,0
BRDA:47,7,0,0
BRDA:47,7,1,0
BRDA:49,8,0,0
BRDA:49,8,1,0
BRDA:49,9,0,0
BRDA:49,9,1,0
BRF:20
BRH:0
end_of_record
TN:
SF:src/BuilderPanelTabs/FormBuilder/components/FormRenderer/elements/BuilderTextArea.tsx
FN:19,BuilderTextArea
FNF:1
FNH:0
FNDA:0,BuilderTextArea
DA:8,0
DA:9,0
DA:10,0
DA:11,0
DA:19,0
DA:24,0
DA:25,0
LF:7
LH:0
BRDA:29,0,0,0
BRDA:29,0,1,0
BRDA:32,1,0,0
BRDA:32,1,1,0
BRDA:32,2,0,0
BRDA:32,2,1,0
BRDA:36,3,0,0
BRDA:36,3,1,0
BRDA:45,4,0,0
BRDA:45,4,1,0
BRDA:48,5,0,0
BRDA:48,5,1,0
BRDA:48,6,0,0
BRDA:48,6,1,0
BRDA:48,7,0,0
BRDA:48,7,1,0
BRDA:51,8,0,0
BRDA:51,8,1,0
BRDA:53,9,0,0
BRDA:53,9,1,0
BRDA:53,10,0,0
BRDA:53,10,1,0
BRF:22
BRH:0
end_of_record
TN:
SF:src/BuilderPanelTabs/FormBuilder/components/FormRenderer/elements/BuilderTime.tsx
FN:18,BuilderTime
FNF:1
FNH:0
FNDA:0,BuilderTime
DA:8,0
DA:9,0
DA:10,0
DA:18,0
DA:19,0
DA:20,0
LF:6
LH:0
BRDA:23,0,0,0
BRDA:23,0,1,0
BRDA:26,1,0,0
BRDA:26,1,1,0
BRDA:26,2,0,0
BRDA:26,2,1,0
BRDA:29,3,0,0
BRDA:29,3,1,0
BRDA:38,4,0,0
BRDA:38,4,1,0
BRDA:38,5,0,0
BRDA:38,5,1,0
BRDA:38,6,0,0
BRDA:38,6,1,0
BRDA:40,7,0,0
BRDA:40,7,1,0
BRDA:42,8,0,0
BRDA:42,8,1,0
BRDA:42,9,0,0
BRDA:42,9,1,0
BRF:20
BRH:0
end_of_record
TN:
SF:src/BuilderPanelTabs/FormBuilder/components/FormRenderer/elements/BuilderUpload.tsx
FN:19,BuilderUpload
FN:24,(anonymous_2)
FNF:2
FNH:0
FNDA:0,BuilderUpload
FNDA:0,(anonymous_2)
DA:7,0
DA:9,0
DA:10,0
DA:11,0
DA:19,0
DA:20,0
DA:21,0
DA:23,0
DA:25,0
DA:26,0
DA:29,0
DA:33,0
DA:38,0
DA:43,0
DA:49,0
LF:15
LH:0
BRDA:25,0,0,0
BRDA:25,0,1,0
BRDA:26,1,0,0
BRDA:26,1,1,0
BRDA:33,2,0,0
BRDA:33,2,1,0
BRDA:38,3,0,0
BRDA:38,3,1,0
BRDA:38,4,0,0
BRDA:38,4,1,0
BRDA:39,5,0,0
BRDA:39,5,1,0
BRDA:43,6,0,0
BRDA:43,6,1,0
BRDA:44,7,0,0
BRDA:44,7,1,0
BRDA:45,8,0,0
BRDA:45,8,1,0
BRDA:52,9,0,0
BRDA:52,9,1,0
BRDA:56,10,0,0
BRDA:56,10,1,0
BRDA:56,11,0,0
BRDA:56,11,1,0
BRDA:59,12,0,0
BRDA:59,12,1,0
BRDA:76,13,0,0
BRDA:76,13,1,0
BRDA:79,14,0,0
BRDA:79,14,1,0
BRDA:79,15,0,0
BRDA:79,15,1,0
BRDA:79,16,0,0
BRDA:79,16,1,0
BRDA:95,17,0,0
BRDA:95,17,1,0
BRDA:95,17,2,0
BRDA:97,18,0,0
BRDA:97,18,1,0
BRDA:97,19,0,0
BRDA:97,19,1,0
BRDA:100,20,0,0
BRDA:100,20,1,0
BRF:43
BRH:0
end_of_record
TN:
SF:src/BuilderPanelTabs/FormBuilder/components/FormRenderer/elements/BuilderUrl.tsx
FN:19,BuilderUrl
FNF:1
FNH:0
FNDA:0,BuilderUrl
DA:8,0
DA:9,0
DA:10,0
DA:11,0
DA:19,0
DA:20,0
DA:21,0
LF:7
LH:0
BRDA:25,0,0,0
BRDA:25,0,1,0
BRDA:28,1,0,0
BRDA:28,1,1,0
BRDA:28,2,0,0
BRDA:28,2,1,0
BRDA:32,3,0,0
BRDA:32,3,1,0
BRDA:42,4,0,0
BRDA:42,4,1,0
BRDA:42,5,0,0
BRDA:42,5,1,0
BRDA:42,6,0,0
BRDA:42,6,1,0
BRDA:45,7,0,0
BRDA:45,7,1,0
BRDA:47,8,0,0
BRDA:47,8,1,0
BRDA:47,9,0,0
BRDA:47,9,1,0
BRF:20
BRH:0
end_of_record
TN:
SF:src/BuilderPanelTabs/FormBuilder/components/FormRenderer/elements/BuilderVideo.tsx
FN:16,BuilderVideo
FN:18,(anonymous_2)
FNF:2
FNH:0
FNDA:0,BuilderVideo
FNDA:0,(anonymous_2)
DA:8,0
DA:16,0
DA:18,0
DA:19,0
DA:21,0
DA:22,0
DA:23,0
DA:25,0
DA:26,0
DA:27,0
DA:29,0
DA:32,0
DA:34,0
LF:13
LH:0
BRDA:19,0,0,0
BRDA:19,0,1,0
BRDA:21,1,0,0
BRDA:21,1,1,0
BRDA:25,2,0,0
BRDA:25,2,1,0
BRDA:37,3,0,0
BRDA:37,3,1,0
BRDA:38,4,0,0
BRDA:38,4,1,0
BRDA:38,5,0,0
BRDA:38,5,1,0
BRDA:42,6,0,0
BRDA:42,6,1,0
BRDA:42,7,0,0
BRDA:42,7,1,0
BRDA:42,8,0,0
BRDA:42,8,1,0
BRDA:45,9,0,0
BRDA:45,9,1,0
BRDA:45,9,2,0
BRF:21
BRH:0
end_of_record
TN:
SF:src/BuilderPanelTabs/FormBuilder/components/FormRenderer/elements/PlaceholderStyles.tsx
FN:9,(anonymous_1)
FN:16,(anonymous_2)
FN:17,(anonymous_3)
FNF:3
FNH:0
FNDA:0,(anonymous_1)
FNDA:0,(anonymous_2)
FNDA:0,(anonymous_3)
DA:1,0
DA:2,0
DA:9,0
DA:10,0
DA:12,0
DA:15,0
DA:16,0
DA:19,0
DA:20,0
DA:24,0
DA:26,0
LF:11
LH:0
BRDA:10,0,0,0
BRDA:10,0,1,0
BRDA:16,1,0,0
BRDA:16,1,1,0
BRDA:16,1,2,0
BRDA:24,2,0,0
BRDA:24,2,1,0
BRF:7
BRH:0
end_of_record
TN:
SF:src/BuilderPanelTabs/FormBuilder/components/FormRenderer/elements/__tests__/MockFormBuilderProvider.tsx
FN:46,(anonymous_1)
FNF:1
FNH:0
FNDA:0,(anonymous_1)
DA:1,0
DA:2,0
DA:3,0
DA:6,0
DA:46,0
DA:47,0
LF:6
LH:0
BRF:0
BRH:0
end_of_record
TN:
SF:src/BuilderPanelTabs/FormBuilder/components/FormSettings/FormSettings.tsx
FN:74,(anonymous_9)
FN:86,(anonymous_10)
FN:115,(anonymous_11)
FN:120,(anonymous_12)
FN:138,(anonymous_13)
FN:143,(anonymous_14)
FN:167,(anonymous_15)
FN:187,(anonymous_16)
FN:207,(anonymous_17)
FN:225,(anonymous_18)
FN:238,(anonymous_19)
FN:253,(anonymous_20)
FN:271,(anonymous_21)
FN:291,(anonymous_22)
FN:312,(anonymous_23)
FN:333,(anonymous_24)
FN:355,(anonymous_25)
FN:377,(anonymous_26)
FN:387,(anonymous_27)
FN:399,(anonymous_28)
FN:409,(anonymous_29)
FN:422,(anonymous_30)
FN:464,(anonymous_31)
FN:536,(anonymous_32)
FN:554,(anonymous_33)
FN:555,(anonymous_34)
FN:575,(anonymous_35)
FN:584,(anonymous_36)
FN:615,(anonymous_37)
FNF:29
FNH:13
FNDA:12,(anonymous_9)
FNDA:1,(anonymous_10)
FNDA:0,(anonymous_11)
FNDA:0,(anonymous_12)
FNDA:0,(anonymous_13)
FNDA:0,(anonymous_14)
FNDA:0,(anonymous_15)
FNDA:0,(anonymous_16)
FNDA:1,(anonymous_17)
FNDA:0,(anonymous_18)
FNDA:2,(anonymous_19)
FNDA:0,(anonymous_20)
FNDA:0,(anonymous_21)
FNDA:0,(anonymous_22)
FNDA:0,(anonymous_23)
FNDA:0,(anonymous_24)
FNDA:0,(anonymous_25)
FNDA:0,(anonymous_26)
FNDA:0,(anonymous_27)
FNDA:0,(anonymous_28)
FNDA:5,(anonymous_29)
FNDA:4,(anonymous_30)
FNDA:27,(anonymous_31)
FNDA:26,(anonymous_32)
FNDA:4,(anonymous_33)
FNDA:4,(anonymous_34)
FNDA:1,(anonymous_35)
FNDA:1,(anonymous_36)
FNDA:1,(anonymous_37)
DA:1,2
DA:2,2
DA:3,2
DA:4,2
DA:7,2
DA:8,2
DA:66,2
DA:73,2
DA:85,12
DA:91,1
DA:99,12
DA:115,0
DA:120,0
DA:138,0
DA:143,0
DA:167,0
DA:187,0
DA:208,1
DA:226,0
DA:238,2
DA:253,0
DA:271,0
DA:291,0
DA:312,0
DA:333,0
DA:355,0
DA:377,0
DA:387,0
DA:401,0
DA:402,0
DA:410,5
DA:417,2
DA:422,2
DA:425,4
DA:445,4
DA:446,0
DA:447,0
DA:450,0
DA:451,0
DA:454,4
DA:464,2
DA:467,27
DA:469,27
DA:471,27
DA:536,2
DA:543,26
DA:553,26
DA:555,4
DA:556,4
DA:561,4
DA:562,4
DA:563,4
DA:575,26
DA:576,1
DA:584,26
DA:585,1
DA:589,1
DA:592,26
DA:615,1
LF:59
LH:38
BRDA:411,0,0,5
BRDA:411,0,1,0
BRDA:445,1,0,0
BRDA:445,1,1,4
BRDA:467,2,0,0
BRDA:467,2,1,27
BRDA:472,3,0,27
BRDA:472,3,1,0
BRDA:473,4,0,27
BRDA:473,4,1,14
BRDA:474,5,0,27
BRDA:474,5,1,14
BRDA:476,6,0,27
BRDA:476,6,1,0
BRDA:477,7,0,27
BRDA:477,7,1,14
BRDA:479,8,0,27
BRDA:479,8,1,14
BRDA:482,9,0,27
BRDA:482,9,1,14
BRDA:484,10,0,27
BRDA:484,10,1,14
BRDA:486,11,0,27
BRDA:486,11,1,14
BRDA:488,12,0,27
BRDA:488,12,1,14
BRDA:490,13,0,27
BRDA:490,13,1,14
BRDA:491,14,0,27
BRDA:491,14,1,14
BRDA:493,15,0,27
BRDA:493,15,1,14
BRDA:495,16,0,27
BRDA:495,16,1,14
BRDA:496,17,0,27
BRDA:496,17,1,14
BRDA:497,18,0,27
BRDA:497,18,1,27
BRDA:498,19,0,27
BRDA:498,19,1,27
BRDA:500,20,0,27
BRDA:500,20,1,27
BRDA:501,21,0,27
BRDA:501,21,1,27
BRDA:503,22,0,27
BRDA:503,22,1,27
BRDA:505,23,0,27
BRDA:505,23,1,27
BRDA:507,24,0,27
BRDA:507,24,1,27
BRDA:511,25,0,27
BRDA:511,25,1,27
BRDA:616,26,0,1
BRDA:616,26,1,25
BRDA:622,27,0,1
BRDA:622,27,1,25
BRF:56
BRH:51
end_of_record
TN:
SF:src/BuilderPanelTabs/FormBuilder/components/FormSettings/FormSettingsTrigger.tsx
FN:28,(anonymous_0)
FN:45,(anonymous_1)
FN:55,(anonymous_2)
FN:67,(anonymous_3)
FNF:4
FNH:1
FNDA:13,(anonymous_0)
FNDA:0,(anonymous_1)
FNDA:0,(anonymous_2)
FNDA:0,(anonymous_3)
DA:1,1
DA:2,1
DA:3,1
DA:4,1
DA:28,1
DA:30,13
DA:34,13
DA:39,13
DA:45,13
DA:47,0
DA:48,0
DA:55,13
DA:58,0
DA:60,0
DA:67,13
DA:68,0
DA:70,0
DA:72,0
DA:74,0
DA:77,13
LF:20
LH:12
BRDA:68,0,0,0
BRDA:68,0,1,0
BRF:2
BRH:0
end_of_record
TN:
SF:src/BuilderPanelTabs/FormBuilder/components/JsonEditorPanel/JsonEditorPanel.tsx
FN:6,(anonymous_9)
FN:22,(anonymous_10)
FN:38,(anonymous_11)
FNF:3
FNH:0
FNDA:0,(anonymous_9)
FNDA:0,(anonymous_10)
FNDA:0,(anonymous_11)
DA:1,0
DA:2,0
DA:3,0
DA:4,0
DA:6,0
DA:7,0
DA:8,0
DA:10,0
DA:22,0
DA:38,0
LF:10
LH:0
BRDA:12,0,0,0
BRDA:12,0,1,0
BRF:2
BRH:0
end_of_record
TN:
SF:src/BuilderPanelTabs/FormBuilder/components/JsonEditorPanel/index.ts
FN:1,(anonymous_0)
FNF:1
FNH:0
FNDA:0,(anonymous_0)
DA:1,0
LF:1
LH:0
BRF:0
BRH:0
end_of_record
TN:
SF:src/BuilderPanelTabs/FormBuilder/components/PropertyEditor/PropertyEditor.tsx
FN:14,(anonymous_1)
FN:18,(anonymous_2)
FN:43,(anonymous_3)
FN:52,(anonymous_4)
FN:61,(anonymous_5)
FNF:5
FNH:0
FNDA:0,(anonymous_1)
FNDA:0,(anonymous_2)
FNDA:0,(anonymous_3)
FNDA:0,(anonymous_4)
FNDA:0,(anonymous_5)
DA:1,0
DA:2,0
DA:3,0
DA:4,0
DA:5,0
DA:6,0
DA:7,0
DA:14,0
DA:15,0
DA:16,0
DA:18,0
DA:20,0
DA:21,0
DA:28,0
DA:43,0
DA:52,0
DA:61,0
LF:17
LH:0
BRDA:20,0,0,0
BRDA:20,0,1,0
BRDA:44,1,0,0
BRDA:44,1,1,0
BRDA:53,2,0,0
BRDA:53,2,1,0
BRDA:62,3,0,0
BRDA:62,3,1,0
BRDA:75,4,0,0
BRDA:75,4,1,0
BRDA:76,5,0,0
BRDA:76,5,1,0
BRDA:77,6,0,0
BRDA:77,6,1,0
BRF:14
BRH:0
end_of_record
TN:
SF:src/BuilderPanelTabs/FormBuilder/components/PropertyEditor/components/ColorControl.tsx
FN:10,(anonymous_9)
FN:40,(anonymous_10)
FN:49,(anonymous_11)
FN:60,(anonymous_12)
FNF:4
FNH:0
FNDA:0,(anonymous_9)
FNDA:0,(anonymous_10)
FNDA:0,(anonymous_11)
FNDA:0,(anonymous_12)
DA:1,0
DA:10,0
DA:16,0
DA:17,0
DA:20,0
DA:24,0
DA:40,0
DA:49,0
DA:60,0
LF:9
LH:0
BRDA:14,0,0,0
BRDA:17,1,0,0
BRDA:17,1,1,0
BRDA:20,2,0,0
BRDA:20,2,1,0
BRDA:26,3,0,0
BRDA:26,3,1,0
BRDA:42,4,0,0
BRDA:42,4,1,0
BRF:9
BRH:0
end_of_record
TN:
SF:src/BuilderPanelTabs/FormBuilder/components/PropertyEditor/components/ColorPickerField.tsx
FN:9,(anonymous_1)
FN:19,(anonymous_2)
FN:25,(anonymous_3)
FN:31,(anonymous_4)
FNF:4
FNH:0
FNDA:0,(anonymous_1)
FNDA:0,(anonymous_2)
FNDA:0,(anonymous_3)
FNDA:0,(anonymous_4)
DA:1,0
DA:9,0
DA:10,0
DA:19,0
DA:25,0
DA:31,0
LF:6
LH:0
BRF:0
BRH:0
end_of_record
TN:
SF:src/BuilderPanelTabs/FormBuilder/components/PropertyEditor/components/SpacingControl.tsx
FN:22,(anonymous_1)
FN:32,(anonymous_2)
FN:62,(anonymous_3)
FN:77,(anonymous_4)
FN:90,(anonymous_5)
FN:101,(anonymous_6)
FN:114,(anonymous_7)
FN:125,(anonymous_8)
FN:138,(anonymous_9)
FN:149,(anonymous_10)
FN:162,(anonymous_11)
FNF:11
FNH:0
FNDA:0,(anonymous_1)
FNDA:0,(anonymous_2)
FNDA:0,(anonymous_3)
FNDA:0,(anonymous_4)
FNDA:0,(anonymous_5)
FNDA:0,(anonymous_6)
FNDA:0,(anonymous_7)
FNDA:0,(anonymous_8)
FNDA:0,(anonymous_9)
FNDA:0,(anonymous_10)
FNDA:0,(anonymous_11)
DA:1,0
DA:2,0
DA:22,0
DA:32,0
DA:33,0
DA:34,0
DA:35,0
DA:42,0
DA:49,0
DA:50,0
DA:51,0
DA:52,0
DA:53,0
DA:55,0
DA:56,0
DA:57,0
DA:58,0
DA:62,0
DA:63,0
DA:64,0
DA:67,0
DA:77,0
DA:90,0
DA:101,0
DA:114,0
DA:125,0
DA:138,0
DA:149,0
DA:162,0
LF:29
LH:0
BRDA:27,0,0,0
BRDA:28,1,0,0
BRDA:29,2,0,0
BRDA:33,3,0,0
BRDA:33,3,1,0
BRDA:34,4,0,0
BRDA:34,4,1,0
BRDA:49,5,0,0
BRDA:49,5,1,0
BRDA:63,6,0,0
BRDA:63,6,1,0
BRDA:88,7,0,0
BRDA:88,7,1,0
BRDA:89,8,0,0
BRDA:89,8,1,0
BRDA:112,9,0,0
BRDA:112,9,1,0
BRDA:113,10,0,0
BRDA:113,10,1,0
BRDA:136,11,0,0
BRDA:136,11,1,0
BRDA:137,12,0,0
BRDA:137,12,1,0
BRDA:160,13,0,0
BRDA:160,13,1,0
BRDA:161,14,0,0
BRDA:161,14,1,0
BRF:27
BRH:0
end_of_record
TN:
SF:src/BuilderPanelTabs/FormBuilder/components/PropertyEditor/tabs/ContentTab/index.tsx
FN:15,(anonymous_1)
FN:17,(anonymous_2)
FN:20,(anonymous_3)
FNF:3
FNH:0
FNDA:0,(anonymous_1)
FNDA:0,(anonymous_2)
FNDA:0,(anonymous_3)
DA:1,0
DA:3,0
DA:4,0
DA:5,0
DA:6,0
DA:7,0
DA:8,0
DA:15,0
DA:17,0
DA:18,0
DA:20,0
DA:21,0
DA:24,0
DA:25,0
DA:28,0
DA:31,0
DA:33,0
LF:17
LH:0
BRDA:24,0,0,0
BRDA:24,0,1,0
BRDA:24,1,0,0
BRDA:24,1,1,0
BRF:4
BRH:0
end_of_record
TN:
SF:src/BuilderPanelTabs/FormBuilder/components/PropertyEditor/tabs/ContentTab/components/ContentSection.tsx
FN:11,(anonymous_1)
FN:30,(anonymous_2)
FN:46,(anonymous_3)
FN:66,(anonymous_4)
FN:84,(anonymous_5)
FN:98,(anonymous_6)
FN:114,(anonymous_7)
FN:128,(anonymous_8)
FN:140,(anonymous_9)
FNF:9
FNH:0
FNDA:0,(anonymous_1)
FNDA:0,(anonymous_2)
FNDA:0,(anonymous_3)
FNDA:0,(anonymous_4)
FNDA:0,(anonymous_5)
FNDA:0,(anonymous_6)
FNDA:0,(anonymous_7)
FNDA:0,(anonymous_8)
FNDA:0,(anonymous_9)
DA:1,0
DA:2,0
DA:3,0
DA:11,0
DA:12,0
DA:13,0
DA:16,0
DA:17,0
DA:19,0
DA:31,0
DA:32,0
DA:33,0
DA:46,0
DA:66,0
DA:84,0
DA:98,0
DA:114,0
DA:128,0
DA:140,0
LF:19
LH:0
BRDA:16,0,0,0
BRDA:16,0,1,0
BRDA:17,1,0,0
BRDA:17,1,1,0
BRDA:22,2,0,0
BRDA:22,2,1,0
BRDA:25,3,0,0
BRDA:25,3,1,0
BRDA:29,4,0,0
BRDA:29,4,1,0
BRDA:32,5,0,0
BRDA:32,5,1,0
BRDA:41,6,0,0
BRDA:41,6,1,0
BRDA:45,7,0,0
BRDA:45,7,1,0
BRDA:60,8,0,0
BRDA:60,8,1,0
BRDA:65,9,0,0
BRDA:65,9,1,0
BRDA:77,10,0,0
BRDA:77,10,1,0
BRDA:83,11,0,0
BRDA:83,11,1,0
BRDA:91,12,0,0
BRDA:91,12,1,0
BRDA:97,13,0,0
BRDA:97,13,1,0
BRDA:108,14,0,0
BRDA:108,14,1,0
BRDA:113,15,0,0
BRDA:113,15,1,0
BRDA:121,16,0,0
BRDA:121,16,1,0
BRDA:127,17,0,0
BRDA:127,17,1,0
BRDA:128,18,0,0
BRDA:128,18,1,0
BRDA:135,19,0,0
BRDA:135,19,1,0
BRDA:139,20,0,0
BRDA:139,20,1,0
BRF:42
BRH:0
end_of_record
TN:
SF:src/BuilderPanelTabs/FormBuilder/components/PropertyEditor/tabs/ContentTab/components/MediaSection.tsx
FN:9,(anonymous_1)
FN:19,(anonymous_2)
FN:29,(anonymous_3)
FNF:3
FNH:0
FNDA:0,(anonymous_1)
FNDA:0,(anonymous_2)
FNDA:0,(anonymous_3)
DA:1,0
DA:9,0
DA:10,0
DA:12,0
DA:19,0
DA:29,0
LF:6
LH:0
BRDA:10,0,0,0
BRDA:10,0,1,0
BRDA:18,1,0,0
BRDA:18,1,1,0
BRDA:20,2,0,0
BRDA:20,2,1,0
BRDA:28,3,0,0
BRDA:28,3,1,0
BRF:8
BRH:0
end_of_record
TN:
SF:src/BuilderPanelTabs/FormBuilder/components/PropertyEditor/tabs/ContentTab/components/OptionsSection.tsx
FN:28,(anonymous_1)
FN:39,(anonymous_2)
FN:56,(anonymous_3)
FN:63,(anonymous_4)
FN:73,(anonymous_5)
FN:74,(anonymous_6)
FN:85,(anonymous_7)
FNF:7
FNH:0
FNDA:0,(anonymous_1)
FNDA:0,(anonymous_2)
FNDA:0,(anonymous_3)
FNDA:0,(anonymous_4)
FNDA:0,(anonymous_5)
FNDA:0,(anonymous_6)
FNDA:0,(anonymous_7)
DA:1,0
DA:3,0
DA:4,0
DA:28,0
DA:29,0
DA:31,0
DA:33,0
DA:40,0
DA:45,0
DA:46,0
DA:57,0
DA:64,0
DA:65,0
DA:66,0
DA:74,0
DA:75,0
DA:86,0
DA:87,0
DA:88,0
LF:19
LH:0
BRDA:31,0,0,0
BRDA:31,0,1,0
BRDA:42,1,0,0
BRDA:42,1,1,0
BRDA:43,2,0,0
BRDA:43,2,1,0
BRDA:45,3,0,0
BRDA:45,3,1,0
BRDA:56,4,0,0
BRDA:56,4,1,0
BRDA:64,5,0,0
BRDA:64,5,1,0
BRDA:86,6,0,0
BRDA:86,6,1,0
BRF:14
BRH:0
end_of_record
TN:
SF:src/BuilderPanelTabs/FormBuilder/components/PropertyEditor/tabs/ContentTab/components/SettingsSection.tsx
FN:10,(anonymous_1)
FN:26,(anonymous_2)
FN:47,(anonymous_3)
FNF:3
FNH:0
FNDA:0,(anonymous_1)
FNDA:0,(anonymous_2)
FNDA:0,(anonymous_3)
DA:1,0
DA:10,0
DA:11,0
DA:12,0
DA:14,0
DA:26,0
DA:47,0
LF:7
LH:0
BRDA:17,0,0,0
BRDA:17,0,1,0
BRDA:25,1,0,0
BRDA:25,1,1,0
BRDA:27,2,0,0
BRDA:27,2,1,0
BRDA:31,3,0,0
BRDA:31,3,1,0
BRDA:39,4,0,0
BRDA:39,4,1,0
BRDA:46,5,0,0
BRDA:46,5,1,0
BRF:12
BRH:0
end_of_record
TN:
SF:src/BuilderPanelTabs/FormBuilder/components/PropertyEditor/tabs/LogicTab/index.tsx
FN:12,(anonymous_9)
FN:20,(anonymous_10)
FN:25,(anonymous_11)
FN:30,(anonymous_12)
FN:39,(anonymous_13)
FN:44,(anonymous_14)
FN:58,(anonymous_15)
FNF:7
FNH:0
FNDA:0,(anonymous_9)
FNDA:0,(anonymous_10)
FNDA:0,(anonymous_11)
FNDA:0,(anonymous_12)
FNDA:0,(anonymous_13)
FNDA:0,(anonymous_14)
FNDA:0,(anonymous_15)
DA:1,0
DA:3,0
DA:4,0
DA:5,0
DA:6,0
DA:12,0
DA:13,0
DA:14,0
DA:15,0
DA:17,0
DA:18,0
DA:20,0
DA:21,0
DA:22,0
DA:25,0
DA:26,0
DA:27,0
DA:30,0
DA:31,0
DA:32,0
DA:34,0
DA:36,0
DA:39,0
DA:40,0
DA:44,0
DA:46,0
DA:58,0
LF:27
LH:0
BRDA:14,0,0,0
BRDA:14,0,1,0
BRDA:15,1,0,0
BRDA:15,1,1,0
BRDA:31,2,0,0
BRDA:31,2,1,0
BRDA:44,3,0,0
BRDA:44,3,1,0
BRF:8
BRH:0
end_of_record
TN:
SF:src/BuilderPanelTabs/FormBuilder/components/PropertyEditor/tabs/LogicTab/utils.ts
FN:17,(anonymous_0)
FN:27,(anonymous_1)
FNF:2
FNH:0
FNDA:0,(anonymous_0)
FNDA:0,(anonymous_1)
DA:1,0
DA:2,0
DA:17,0
DA:18,0
DA:19,0
DA:20,0
DA:21,0
DA:22,0
DA:23,0
DA:27,0
DA:28,0
DA:29,0
DA:30,0
DA:31,0
DA:32,0
DA:33,0
LF:16
LH:0
BRDA:18,0,0,0
BRDA:18,0,1,0
BRDA:18,0,2,0
BRDA:18,0,3,0
BRDA:18,0,4,0
BRDA:29,1,0,0
BRDA:29,1,1,0
BRDA:30,2,0,0
BRDA:30,2,1,0
BRDA:31,3,0,0
BRDA:31,3,1,0
BRDA:32,4,0,0
BRDA:32,4,1,0
BRF:13
BRH:0
end_of_record
TN:
SF:src/BuilderPanelTabs/FormBuilder/components/PropertyEditor/tabs/LogicTab/components/LogicDialog.tsx
FN:25,(anonymous_9)
FN:47,(anonymous_10)
FN:58,(anonymous_11)
FN:96,(anonymous_12)
FN:102,(anonymous_13)
FN:106,(anonymous_14)
FN:108,(anonymous_15)
FN:112,(anonymous_16)
FN:113,(anonymous_17)
FN:116,(anonymous_18)
FN:120,(anonymous_19)
FN:123,(anonymous_20)
FN:130,(anonymous_21)
FN:131,(anonymous_22)
FN:141,(anonymous_23)
FN:146,(anonymous_24)
FN:207,(anonymous_25)
FN:218,(anonymous_26)
FN:229,(anonymous_27)
FN:240,(anonymous_28)
FN:261,(anonymous_29)
FN:270,(anonymous_30)
FN:282,(anonymous_31)
FN:285,(anonymous_32)
FN:296,(anonymous_33)
FN:314,(anonymous_34)
FN:323,(anonymous_35)
FN:355,(anonymous_36)
FN:367,(anonymous_37)
FN:370,(anonymous_38)
FN:386,(anonymous_39)
FN:399,(anonymous_40)
FN:418,(anonymous_41)
FNF:33
FNH:0
FNDA:0,(anonymous_9)
FNDA:0,(anonymous_10)
FNDA:0,(anonymous_11)
FNDA:0,(anonymous_12)
FNDA:0,(anonymous_13)
FNDA:0,(anonymous_14)
FNDA:0,(anonymous_15)
FNDA:0,(anonymous_16)
FNDA:0,(anonymous_17)
FNDA:0,(anonymous_18)
FNDA:0,(anonymous_19)
FNDA:0,(anonymous_20)
FNDA:0,(anonymous_21)
FNDA:0,(anonymous_22)
FNDA:0,(anonymous_23)
FNDA:0,(anonymous_24)
FNDA:0,(anonymous_25)
FNDA:0,(anonymous_26)
FNDA:0,(anonymous_27)
FNDA:0,(anonymous_28)
FNDA:0,(anonymous_29)
FNDA:0,(anonymous_30)
FNDA:0,(anonymous_31)
FNDA:0,(anonymous_32)
FNDA:0,(anonymous_33)
FNDA:0,(anonymous_34)
FNDA:0,(anonymous_35)
FNDA:0,(anonymous_36)
FNDA:0,(anonymous_37)
FNDA:0,(anonymous_38)
FNDA:0,(anonymous_39)
FNDA:0,(anonymous_40)
FNDA:0,(anonymous_41)
DA:1,0
DA:2,0
DA:3,0
DA:4,0
DA:6,0
DA:25,0
DA:33,0
DA:34,0
DA:37,0
DA:38,0
DA:41,0
DA:47,0
DA:48,0
DA:49,0
DA:51,0
DA:53,0
DA:54,0
DA:55,0
DA:56,0
DA:58,0
DA:59,0
DA:60,0
DA:61,0
DA:62,0
DA:63,0
DA:64,0
DA:65,0
DA:67,0
DA:75,0
DA:76,0
DA:77,0
DA:83,0
DA:84,0
DA:87,0
DA:88,0
DA:89,0
DA:90,0
DA:91,0
DA:96,0
DA:97,0
DA:98,0
DA:99,0
DA:102,0
DA:103,0
DA:106,0
DA:107,0
DA:108,0
DA:112,0
DA:113,0
DA:116,0
DA:117,0
DA:120,0
DA:121,0
DA:122,0
DA:123,0
DA:124,0
DA:125,0
DA:127,0
DA:130,0
DA:131,0
DA:132,0
DA:133,0
DA:136,0
DA:138,0
DA:140,0
DA:141,0
DA:142,0
DA:143,0
DA:146,0
DA:147,0
DA:148,0
DA:149,0
DA:150,0
DA:151,0
DA:152,0
DA:153,0
DA:156,0
DA:163,0
DA:164,0
DA:165,0
DA:166,0
DA:167,0
DA:168,0
DA:171,0
DA:193,0
DA:194,0
DA:197,0
DA:207,0
DA:218,0
DA:229,0
DA:240,0
DA:261,0
DA:271,0
DA:282,0
DA:286,0
DA:296,0
DA:314,0
DA:323,0
DA:355,0
DA:367,0
DA:371,0
DA:386,0
DA:399,0
DA:418,0
LF:104
LH:0
BRDA:48,0,0,0
BRDA:48,0,1,0
BRDA:49,1,0,0
BRDA:49,1,1,0
BRDA:54,2,0,0
BRDA:54,2,1,0
BRDA:55,3,0,0
BRDA:55,3,1,0
BRDA:56,4,0,0
BRDA:56,4,1,0
BRDA:60,5,0,0
BRDA:60,5,1,0
BRDA:61,6,0,0
BRDA:61,6,1,0
BRDA:62,7,0,0
BRDA:62,7,1,0
BRDA:63,8,0,0
BRDA:63,8,1,0
BRDA:64,9,0,0
BRDA:64,9,1,0
BRDA:65,10,0,0
BRDA:65,10,1,0
BRDA:65,11,0,0
BRDA:65,11,1,0
BRDA:69,12,0,0
BRDA:69,12,1,0
BRDA:71,13,0,0
BRDA:71,13,1,0
BRDA:75,14,0,0
BRDA:75,14,1,0
BRDA:76,15,0,0
BRDA:76,15,1,0
BRDA:78,16,0,0
BRDA:78,16,1,0
BRDA:78,17,0,0
BRDA:78,17,1,0
BRDA:79,18,0,0
BRDA:79,18,1,0
BRDA:80,19,0,0
BRDA:80,19,1,0
BRDA:81,20,0,0
BRDA:81,20,1,0
BRDA:107,21,0,0
BRDA:107,21,1,0
BRDA:113,22,0,0
BRDA:113,22,1,0
BRDA:117,23,0,0
BRDA:117,23,1,0
BRDA:133,24,0,0
BRDA:133,24,1,0
BRDA:133,24,2,0
BRDA:136,25,0,0
BRDA:136,25,1,0
BRDA:136,26,0,0
BRDA:136,26,1,0
BRDA:138,27,0,0
BRDA:138,27,1,0
BRDA:142,28,0,0
BRDA:142,28,1,0
BRDA:148,29,0,0
BRDA:148,29,1,0
BRDA:148,29,2,0
BRDA:148,29,3,0
BRDA:148,29,4,0
BRDA:164,30,0,0
BRDA:164,30,1,0
BRDA:164,30,2,0
BRDA:164,30,3,0
BRDA:179,31,0,0
BRDA:179,31,1,0
BRDA:185,32,0,0
BRDA:185,32,1,0
BRDA:186,33,0,0
BRDA:186,33,1,0
BRDA:187,34,0,0
BRDA:187,34,1,0
BRDA:188,35,0,0
BRDA:188,35,1,0
BRDA:201,36,0,0
BRDA:201,36,1,0
BRDA:205,37,0,0
BRDA:205,37,1,0
BRDA:273,38,0,0
BRDA:273,38,1,0
BRDA:278,39,0,0
BRDA:278,39,1,0
BRDA:286,40,0,0
BRDA:286,40,1,0
BRDA:292,41,0,0
BRDA:292,41,1,0
BRDA:303,42,0,0
BRDA:303,42,1,0
BRDA:307,43,0,0
BRDA:307,43,1,0
BRDA:308,44,0,0
BRDA:308,44,1,0
BRDA:320,45,0,0
BRDA:320,45,1,0
BRDA:321,46,0,0
BRDA:321,46,1,0
BRDA:348,47,0,0
BRDA:348,47,1,0
BRDA:378,48,0,0
BRDA:378,48,1,0
BRDA:391,49,0,0
BRDA:391,49,1,0
BRDA:404,50,0,0
BRDA:404,50,1,0
BRDA:417,51,0,0
BRDA:417,51,1,0
BRDA:426,52,0,0
BRDA:426,52,1,0
BRDA:428,53,0,0
BRDA:428,53,1,0
BRF:114
BRH:0
end_of_record
TN:
SF:src/BuilderPanelTabs/FormBuilder/components/PropertyEditor/tabs/LogicTab/components/LogicHeader.tsx
FN:9,(anonymous_1)
FNF:1
FNH:0
FNDA:0,(anonymous_1)
DA:1,0
DA:2,0
DA:3,0
DA:9,0
DA:10,0
LF:5
LH:0
BRF:0
BRH:0
end_of_record
TN:
SF:src/BuilderPanelTabs/FormBuilder/components/PropertyEditor/tabs/LogicTab/components/LogicList.tsx
FN:12,(anonymous_1)
FN:13,(anonymous_2)
FN:58,(anonymous_3)
FN:75,(anonymous_4)
FN:78,(anonymous_5)
FNF:5
FNH:0
FNDA:0,(anonymous_1)
FNDA:0,(anonymous_2)
FNDA:0,(anonymous_3)
FNDA:0,(anonymous_4)
FNDA:0,(anonymous_5)
DA:1,0
DA:2,0
DA:3,0
DA:4,0
DA:12,0
DA:13,0
DA:14,0
DA:15,0
DA:17,0
DA:20,0
DA:21,0
DA:22,0
DA:23,0
DA:25,0
DA:26,0
DA:27,0
DA:28,0
DA:29,0
DA:32,0
DA:37,0
DA:38,0
DA:45,0
DA:46,0
DA:53,0
DA:56,0
DA:59,0
DA:60,0
DA:61,0
DA:63,0
DA:75,0
DA:78,0
LF:31
LH:0
BRDA:15,0,0,0
BRDA:15,0,1,0
BRDA:17,1,0,0
BRDA:17,1,1,0
BRDA:21,2,0,0
BRDA:21,2,1,0
BRDA:23,3,0,0
BRDA:23,3,1,0
BRDA:26,4,0,0
BRDA:26,4,1,0
BRDA:27,5,0,0
BRDA:27,5,1,0
BRDA:28,6,0,0
BRDA:28,6,1,0
BRDA:29,7,0,0
BRDA:29,7,1,0
BRDA:33,8,0,0
BRDA:33,8,1,0
BRDA:37,9,0,0
BRDA:37,9,1,0
BRDA:45,10,0,0
BRDA:45,10,1,0
BRF:22
BRH:0
end_of_record
TN:
SF:src/BuilderPanelTabs/FormBuilder/components/PropertyEditor/tabs/StyleTab/index.tsx
FN:12,(anonymous_9)
FN:16,(anonymous_10)
FN:18,(anonymous_11)
FN:24,(anonymous_12)
FN:28,(anonymous_13)
FNF:5
FNH:0
FNDA:0,(anonymous_9)
FNDA:0,(anonymous_10)
FNDA:0,(anonymous_11)
FNDA:0,(anonymous_12)
FNDA:0,(anonymous_13)
DA:1,0
DA:2,0
DA:3,0
DA:4,0
DA:5,0
DA:6,0
DA:12,0
DA:13,0
DA:16,0
DA:18,0
DA:19,0
DA:24,0
DA:25,0
DA:28,0
DA:29,0
DA:32,0
LF:16
LH:0
BRDA:28,0,0,0
BRDA:29,1,0,0
BRDA:29,1,1,0
BRF:3
BRH:0
end_of_record
TN:
SF:src/BuilderPanelTabs/FormBuilder/components/PropertyEditor/tabs/StyleTab/components/DecorationSection.tsx
FN:15,(anonymous_9)
FN:35,(anonymous_10)
FN:47,(anonymous_11)
FN:67,(anonymous_12)
FN:75,(anonymous_13)
FN:92,(anonymous_14)
FN:101,(anonymous_15)
FNF:7
FNH:0
FNDA:0,(anonymous_9)
FNDA:0,(anonymous_10)
FNDA:0,(anonymous_11)
FNDA:0,(anonymous_12)
FNDA:0,(anonymous_13)
FNDA:0,(anonymous_14)
FNDA:0,(anonymous_15)
DA:1,0
DA:3,0
DA:4,0
DA:15,0
DA:22,0
DA:26,0
DA:36,0
DA:37,0
DA:48,0
DA:49,0
DA:67,0
DA:75,0
DA:92,0
DA:101,0
LF:14
LH:0
BRDA:23,0,0,0
BRDA:23,0,1,0
BRDA:32,1,0,0
BRDA:32,1,1,0
BRDA:32,1,2,0
BRDA:39,2,0,0
BRDA:39,2,1,0
BRDA:51,3,0,0
BRDA:51,3,1,0
BRDA:66,4,0,0
BRDA:66,4,1,0
BRF:11
BRH:0
end_of_record
TN:
SF:src/BuilderPanelTabs/FormBuilder/components/PropertyEditor/tabs/StyleTab/components/LayoutSection.tsx
FN:14,(anonymous_9)
FN:33,(anonymous_10)
FN:50,(anonymous_11)
FN:62,(anonymous_12)
FNF:4
FNH:0
FNDA:0,(anonymous_9)
FNDA:0,(anonymous_10)
FNDA:0,(anonymous_11)
FNDA:0,(anonymous_12)
DA:1,0
DA:3,0
DA:14,0
DA:21,0
DA:25,0
DA:33,0
DA:51,0
DA:52,0
DA:63,0
DA:64,0
LF:10
LH:0
BRDA:22,0,0,0
BRDA:22,0,1,0
BRDA:47,1,0,0
BRDA:47,1,1,0
BRDA:47,1,2,0
BRDA:54,2,0,0
BRDA:54,2,1,0
BRDA:66,3,0,0
BRDA:66,3,1,0
BRDA:76,4,0,0
BRDA:76,4,1,0
BRDA:105,5,0,0
BRDA:105,5,1,0
BRF:13
BRH:0
end_of_record
TN:
SF:src/BuilderPanelTabs/FormBuilder/components/PropertyEditor/tabs/StyleTab/components/TypographySection.tsx
FN:13,(anonymous_9)
FN:30,(anonymous_10)
FN:42,(anonymous_11)
FN:56,(anonymous_12)
FN:70,(anonymous_13)
FN:84,(anonymous_14)
FN:107,(anonymous_15)
FN:127,(anonymous_16)
FN:133,(anonymous_17)
FN:147,(anonymous_18)
FN:165,(anonymous_19)
FN:179,(anonymous_20)
FNF:12
FNH:0
FNDA:0,(anonymous_9)
FNDA:0,(anonymous_10)
FNDA:0,(anonymous_11)
FNDA:0,(anonymous_12)
FNDA:0,(anonymous_13)
FNDA:0,(anonymous_14)
FNDA:0,(anonymous_15)
FNDA:0,(anonymous_16)
FNDA:0,(anonymous_17)
FNDA:0,(anonymous_18)
FNDA:0,(anonymous_19)
FNDA:0,(anonymous_20)
DA:1,0
DA:3,0
DA:13,0
DA:19,0
DA:24,0
DA:31,0
DA:38,0
DA:43,0
DA:44,0
DA:57,0
DA:58,0
DA:71,0
DA:72,0
DA:85,0
DA:86,0
DA:107,0
DA:127,0
DA:133,0
DA:147,0
DA:165,0
DA:179,0
LF:21
LH:0
BRDA:20,0,0,0
BRDA:20,0,1,0
BRDA:21,1,0,0
BRDA:21,1,1,0
BRDA:38,2,0,0
BRDA:38,2,1,0
BRDA:40,3,0,0
BRDA:40,3,1,0
BRDA:46,4,0,0
BRDA:46,4,1,0
BRDA:54,5,0,0
BRDA:54,5,1,0
BRDA:60,6,0,0
BRDA:60,6,1,0
BRDA:68,7,0,0
BRDA:68,7,1,0
BRDA:74,8,0,0
BRDA:74,8,1,0
BRDA:82,9,0,0
BRDA:82,9,1,0
BRDA:88,10,0,0
BRDA:88,10,1,0
BRDA:107,11,0,0
BRDA:107,11,1,0
BRDA:126,12,0,0
BRDA:126,12,1,0
BRDA:160,13,0,0
BRDA:160,13,1,0
BRDA:178,14,0,0
BRDA:178,14,1,0
BRDA:178,15,0,0
BRDA:178,15,1,0
BRDA:178,16,0,0
BRDA:178,16,1,0
BRF:34
BRH:0
end_of_record
TN:
SF:src/BuilderPanelTabs/FormBuilder/components/PropertyEditor/utils/htmlUtils.ts
FN:10,(anonymous_0)
FN:30,(anonymous_1)
FN:72,(anonymous_2)
FN:86,(anonymous_3)
FNF:4
FNH:0
FNDA:0,(anonymous_0)
FNDA:0,(anonymous_1)
FNDA:0,(anonymous_2)
FNDA:0,(anonymous_3)
DA:10,0
DA:11,0
DA:30,0
DA:31,0
DA:32,0
DA:33,0
DA:36,0
DA:39,0
DA:40,0
DA:41,0
DA:44,0
DA:45,0
DA:48,0
DA:50,0
DA:51,0
DA:59,0
DA:63,0
DA:72,0
DA:76,0
DA:79,0
DA:80,0
DA:83,0
DA:84,0
DA:86,0
DA:88,0
DA:90,0
DA:92,0
DA:95,0
DA:97,0
DA:102,0
DA:104,0
LF:31
LH:0
BRDA:50,0,0,0
BRDA:50,0,1,0
BRDA:53,1,0,0
BRDA:53,1,1,0
BRDA:54,2,0,0
BRDA:54,2,1,0
BRDA:79,3,0,0
BRDA:79,3,1,0
BRDA:90,4,0,0
BRDA:90,4,1,0
BRF:10
BRH:0
end_of_record
TN:
SF:src/BuilderPanelTabs/FormBuilder/components/TopBar/TopBar.tsx
FN:6,(anonymous_9)
FN:13,(anonymous_10)
FN:17,(anonymous_11)
FN:21,(anonymous_12)
FN:25,(anonymous_13)
FN:45,(anonymous_14)
FN:53,(anonymous_15)
FN:76,(anonymous_16)
FN:86,(anonymous_17)
FN:117,(anonymous_18)
FNF:10
FNH:0
FNDA:0,(anonymous_9)
FNDA:0,(anonymous_10)
FNDA:0,(anonymous_11)
FNDA:0,(anonymous_12)
FNDA:0,(anonymous_13)
FNDA:0,(anonymous_14)
FNDA:0,(anonymous_15)
FNDA:0,(anonymous_16)
FNDA:0,(anonymous_17)
FNDA:0,(anonymous_18)
DA:1,0
DA:2,0
DA:3,0
DA:4,0
DA:6,0
DA:7,0
DA:8,0
DA:10,0
DA:11,0
DA:13,0
DA:14,0
DA:17,0
DA:18,0
DA:21,0
DA:22,0
DA:25,0
DA:27,0
DA:32,0
DA:34,0
DA:43,0
DA:44,0
DA:45,0
DA:48,0
DA:53,0
DA:76,0
DA:87,0
DA:91,0
DA:93,0
DA:117,0
LF:29
LH:0
BRDA:8,0,0,0
BRDA:8,0,1,0
BRDA:27,1,0,0
BRDA:27,1,1,0
BRDA:32,2,0,0
BRDA:32,2,1,0
BRDA:87,3,0,0
BRDA:87,3,1,0
BRDA:91,4,0,0
BRDA:91,4,1,0
BRDA:108,5,0,0
BRDA:108,5,1,0
BRDA:121,6,0,0
BRDA:121,6,1,0
BRF:14
BRH:0
end_of_record
TN:
SF:src/BuilderPanelTabs/FormBuilder/components/dnd/DndProvider.tsx
FN:35,DndProvider
FN:46,(anonymous_10)
FN:52,(anonymous_11)
FN:57,(anonymous_12)
FN:65,(anonymous_13)
FN:75,(anonymous_14)
FN:76,(anonymous_15)
FN:77,(anonymous_16)
FN:88,(anonymous_17)
FN:104,(anonymous_18)
FN:109,(anonymous_19)
FN:109,(anonymous_20)
FN:114,(anonymous_21)
FNF:13
FNH:0
FNDA:0,DndProvider
FNDA:0,(anonymous_10)
FNDA:0,(anonymous_11)
FNDA:0,(anonymous_12)
FNDA:0,(anonymous_13)
FNDA:0,(anonymous_14)
FNDA:0,(anonymous_15)
FNDA:0,(anonymous_16)
FNDA:0,(anonymous_17)
FNDA:0,(anonymous_18)
FNDA:0,(anonymous_19)
FNDA:0,(anonymous_20)
FNDA:0,(anonymous_21)
DA:6,0
DA:7,0
DA:10,0
DA:13,0
DA:15,0
DA:35,0
DA:42,0
DA:43,0
DA:46,0
DA:47,0
DA:48,0
DA:52,0
DA:53,0
DA:57,0
DA:58,0
DA:65,0
DA:66,0
DA:68,0
DA:69,0
DA:75,0
DA:76,0
DA:77,0
DA:79,0
DA:81,0
DA:88,0
DA:89,0
DA:90,0
DA:92,0
DA:94,0
DA:95,0
DA:97,0
DA:98,0
DA:99,0
DA:100,0
DA:104,0
DA:105,0
DA:108,0
DA:109,0
DA:114,0
DA:115,0
DA:116,0
DA:118,0
DA:121,0
DA:123,0
LF:44
LH:0
BRDA:58,0,0,0
BRDA:58,0,1,0
BRDA:66,1,0,0
BRDA:66,1,1,0
BRDA:68,2,0,0
BRDA:68,2,1,0
BRDA:79,3,0,0
BRDA:79,3,1,0
BRDA:79,4,0,0
BRDA:79,4,1,0
BRDA:79,4,2,0
BRDA:92,5,0,0
BRDA:92,5,1,0
BRDA:97,6,0,0
BRDA:97,6,1,0
BRDA:99,7,0,0
BRDA:99,7,1,0
BRDA:115,8,0,0
BRDA:115,8,1,0
BRDA:115,9,0,0
BRDA:115,9,1,0
BRDA:115,9,2,0
BRDA:121,10,0,0
BRDA:121,10,1,0
BRDA:135,11,0,0
BRDA:135,11,1,0
BRDA:135,11,2,0
BRDA:135,11,3,0
BRDA:137,12,0,0
BRDA:137,12,1,0
BRDA:137,13,0,0
BRDA:137,13,1,0
BRF:32
BRH:0
end_of_record
TN:
SF:src/BuilderPanelTabs/FormBuilder/components/dnd/DropIndicator.tsx
FN:8,(anonymous_1)
FNF:1
FNH:0
FNDA:0,(anonymous_1)
DA:6,0
DA:8,0
LF:2
LH:0
BRF:0
BRH:0
end_of_record
TN:
SF:src/BuilderPanelTabs/FormBuilder/components/dnd/SortableItem.tsx
FN:29,SortableItem
FNF:1
FNH:0
FNDA:0,SortableItem
DA:6,0
DA:7,0
DA:29,0
DA:37,0
DA:40,0
DA:44,0
DA:51,0
LF:7
LH:0
BRDA:40,0,0,0
BRDA:40,0,1,0
BRDA:47,1,0,0
BRDA:47,1,1,0
BRDA:48,2,0,0
BRDA:48,2,1,0
BRF:6
BRH:0
end_of_record
TN:
SF:src/BuilderPanelTabs/FormBuilder/components/dnd/SortableList.tsx
FN:19,SortableList
FN:21,(anonymous_2)
FNF:2
FNH:0
FNDA:0,SortableList
FNDA:0,(anonymous_2)
DA:6,0
DA:7,0
DA:19,0
DA:20,0
DA:21,0
LF:5
LH:0
BRF:0
BRH:0
end_of_record
TN:
SF:src/BuilderPanelTabs/FormBuilder/components/dnd/index.ts
FN:6,(anonymous_0)
FN:7,(anonymous_1)
FN:8,(anonymous_2)
FN:9,(anonymous_3)
FNF:4
FNH:0
FNDA:0,(anonymous_0)
FNDA:0,(anonymous_1)
FNDA:0,(anonymous_2)
FNDA:0,(anonymous_3)
DA:6,0
DA:7,0
DA:8,0
DA:9,0
LF:4
LH:0
BRF:0
BRH:0
end_of_record
TN:
SF:src/BuilderPanelTabs/FormBuilder/context/FormBuilderContext.tsx
FN:39,(anonymous_9)
FN:52,(anonymous_10)
FN:57,(anonymous_11)
FN:62,(anonymous_12)
FN:63,(anonymous_13)
FN:72,(anonymous_14)
FN:73,(anonymous_15)
FN:82,(anonymous_16)
FN:83,(anonymous_17)
FN:96,(anonymous_18)
FN:97,(anonymous_19)
FN:109,(anonymous_20)
FN:119,(anonymous_21)
FN:120,(anonymous_22)
FN:122,(anonymous_23)
FN:128,(anonymous_24)
FN:129,(anonymous_25)
FN:131,(anonymous_26)
FN:139,(anonymous_27)
FN:140,(anonymous_28)
FN:142,(anonymous_29)
FN:146,(anonymous_30)
FN:147,(anonymous_31)
FN:154,(anonymous_32)
FN:155,(anonymous_33)
FN:164,(anonymous_34)
FN:165,(anonymous_35)
FN:169,(anonymous_36)
FN:176,(anonymous_37)
FN:177,(anonymous_38)
FN:181,(anonymous_39)
FN:187,(anonymous_40)
FN:192,(anonymous_41)
FN:197,(anonymous_42)
FN:203,(anonymous_43)
FNF:35
FNH:0
FNDA:0,(anonymous_9)
FNDA:0,(anonymous_10)
FNDA:0,(anonymous_11)
FNDA:0,(anonymous_12)
FNDA:0,(anonymous_13)
FNDA:0,(anonymous_14)
FNDA:0,(anonymous_15)
FNDA:0,(anonymous_16)
FNDA:0,(anonymous_17)
FNDA:0,(anonymous_18)
FNDA:0,(anonymous_19)
FNDA:0,(anonymous_20)
FNDA:0,(anonymous_21)
FNDA:0,(anonymous_22)
FNDA:0,(anonymous_23)
FNDA:0,(anonymous_24)
FNDA:0,(anonymous_25)
FNDA:0,(anonymous_26)
FNDA:0,(anonymous_27)
FNDA:0,(anonymous_28)
FNDA:0,(anonymous_29)
FNDA:0,(anonymous_30)
FNDA:0,(anonymous_31)
FNDA:0,(anonymous_32)
FNDA:0,(anonymous_33)
FNDA:0,(anonymous_34)
FNDA:0,(anonymous_35)
FNDA:0,(anonymous_36)
FNDA:0,(anonymous_37)
FNDA:0,(anonymous_38)
FNDA:0,(anonymous_39)
FNDA:0,(anonymous_40)
FNDA:0,(anonymous_41)
FNDA:0,(anonymous_42)
FNDA:0,(anonymous_43)
DA:1,0
DA:3,0
DA:37,0
DA:39,0
DA:40,0
DA:41,0
DA:42,0
DA:44,0
DA:52,0
DA:53,0
DA:54,0
DA:57,0
DA:58,0
DA:62,0
DA:63,0
DA:72,0
DA:73,0
DA:82,0
DA:83,0
DA:96,0
DA:97,0
DA:98,0
DA:100,0
DA:102,0
DA:109,0
DA:110,0
DA:112,0
DA:119,0
DA:120,0
DA:123,0
DA:128,0
DA:129,0
DA:132,0
DA:139,0
DA:140,0
DA:142,0
DA:146,0
DA:147,0
DA:154,0
DA:155,0
DA:164,0
DA:165,0
DA:170,0
DA:176,0
DA:177,0
DA:181,0
DA:187,0
DA:188,0
DA:192,0
DA:193,0
DA:197,0
DA:198,0
DA:202,0
DA:203,0
DA:244,0
LF:55
LH:0
BRDA:41,0,0,0
BRDA:41,0,1,0
BRDA:98,1,0,0
BRDA:98,1,1,0
BRDA:100,2,0,0
BRDA:100,2,1,0
BRDA:110,3,0,0
BRDA:110,3,1,0
BRDA:123,4,0,0
BRDA:123,4,1,0
BRDA:132,5,0,0
BRDA:132,5,1,0
BRDA:158,6,0,0
BRDA:158,6,1,0
BRDA:159,7,0,0
BRDA:159,7,1,0
BRDA:168,8,0,0
BRDA:168,8,1,0
BRDA:169,9,0,0
BRDA:169,9,1,0
BRDA:170,10,0,0
BRDA:170,10,1,0
BRDA:180,11,0,0
BRDA:180,11,1,0
BRDA:181,12,0,0
BRDA:181,12,1,0
BRF:26
BRH:0
end_of_record
TN:
SF:src/BuilderPanelTabs/FormBuilder/context/index.ts
FNF:0
FNH:0
DA:1,0
LF:1
LH:0
BRF:0
BRH:0
end_of_record
TN:
SF:src/BuilderPanelTabs/FormBuilder/types/dnd.ts
FNF:0
FNH:0
DA:32,0
LF:1
LH:0
BRF:0
BRH:0
end_of_record
TN:
SF:src/BuilderPanelTabs/FormBuilder/types/enums.ts
FN:6,(anonymous_0)
FN:12,(anonymous_1)
FN:39,(anonymous_2)
FN:45,(anonymous_3)
FN:54,(anonymous_4)
FN:61,(anonymous_5)
FN:71,(anonymous_6)
FN:85,(anonymous_7)
FN:91,(anonymous_8)
FN:98,(anonymous_9)
FN:105,(anonymous_10)
FNF:11
FNH:11
FNDA:2,(anonymous_0)
FNDA:2,(anonymous_1)
FNDA:2,(anonymous_2)
FNDA:2,(anonymous_3)
FNDA:2,(anonymous_4)
FNDA:2,(anonymous_5)
FNDA:2,(anonymous_6)
FNDA:2,(anonymous_7)
FNDA:2,(anonymous_8)
FNDA:2,(anonymous_9)
FNDA:2,(anonymous_10)
DA:6,2
DA:7,2
DA:8,2
DA:9,2
DA:12,2
DA:14,2
DA:15,2
DA:16,2
DA:17,2
DA:18,2
DA:21,2
DA:22,2
DA:23,2
DA:24,2
DA:25,2
DA:26,2
DA:27,2
DA:28,2
DA:29,2
DA:30,2
DA:31,2
DA:32,2
DA:35,2
DA:36,2
DA:39,2
DA:40,2
DA:41,2
DA:42,2
DA:45,2
DA:46,2
DA:47,2
DA:48,2
DA:49,2
DA:50,2
DA:51,2
DA:54,2
DA:55,2
DA:56,2
DA:57,2
DA:58,2
DA:61,2
DA:62,2
DA:63,2
DA:64,2
DA:65,2
DA:66,2
DA:67,2
DA:68,2
DA:71,2
DA:72,2
DA:73,2
DA:74,2
DA:75,2
DA:76,2
DA:77,2
DA:78,2
DA:79,2
DA:80,2
DA:81,2
DA:82,2
DA:85,2
DA:86,2
DA:87,2
DA:88,2
DA:91,2
DA:92,2
DA:93,2
DA:94,2
DA:95,2
DA:98,2
DA:99,2
DA:100,2
DA:101,2
DA:102,2
DA:105,2
DA:106,2
DA:107,2
DA:108,2
DA:109,2
DA:110,2
LF:80
LH:80
BRDA:6,0,0,2
BRDA:6,0,1,2
BRDA:12,1,0,2
BRDA:12,1,1,2
BRDA:39,2,0,2
BRDA:39,2,1,2
BRDA:45,3,0,2
BRDA:45,3,1,2
BRDA:54,4,0,2
BRDA:54,4,1,2
BRDA:61,5,0,2
BRDA:61,5,1,2
BRDA:71,6,0,2
BRDA:71,6,1,2
BRDA:85,7,0,2
BRDA:85,7,1,2
BRDA:91,8,0,2
BRDA:91,8,1,2
BRDA:98,9,0,2
BRDA:98,9,1,2
BRDA:105,10,0,2
BRDA:105,10,1,2
BRF:22
BRH:22
end_of_record
TN:
SF:src/BuilderPanelTabs/FormBuilder/types/field-capabilities.ts
FN:268,getFieldCapabilities
FNF:1
FNH:0
FNDA:0,getFieldCapabilities
DA:6,0
DA:28,0
DA:268,0
DA:269,0
LF:4
LH:0
BRF:0
BRH:0
end_of_record
TN:
SF:src/BuilderPanelTabs/FormBuilder/types/index.ts
FNF:0
FNH:0
DA:7,0
DA:10,0
DA:13,0
DA:14,0
DA:15,0
DA:18,0
DA:21,0
DA:24,0
DA:27,0
DA:30,0
LF:10
LH:0
BRF:0
BRH:0
end_of_record
TN:
SF:src/BuilderPanelTabs/FormBuilder/utils/fieldRegistry.ts
FNF:0
FNH:0
DA:3,0
DA:4,0
DA:5,0
DA:6,0
DA:7,0
DA:8,0
DA:9,0
DA:10,0
DA:11,0
DA:12,0
DA:13,0
DA:14,0
DA:15,0
DA:16,0
DA:17,0
DA:18,0
DA:19,0
DA:20,0
DA:21,0
DA:30,0
LF:20
LH:0
BRF:0
BRH:0
end_of_record
TN:
SF:src/BuilderPanelTabs/FormBuilder/utils/styleUtils.ts
FN:5,(anonymous_0)
FN:19,(anonymous_1)
FN:48,(anonymous_2)
FN:86,(anonymous_3)
FN:98,(anonymous_4)
FN:115,(anonymous_5)
FNF:6
FNH:0
FNDA:0,(anonymous_0)
FNDA:0,(anonymous_1)
FNDA:0,(anonymous_2)
FNDA:0,(anonymous_3)
FNDA:0,(anonymous_4)
FNDA:0,(anonymous_5)
DA:5,0
DA:6,0
DA:8,0
DA:11,0
DA:12,0
DA:16,0
DA:19,0
DA:20,0
DA:48,0
DA:49,0
DA:83,0
DA:86,0
DA:87,0
DA:96,0
DA:98,0
DA:100,0
DA:101,0
DA:102,0
DA:104,0
DA:115,0
DA:116,0
LF:21
LH:0
BRDA:5,0,0,0
BRDA:6,1,0,0
BRDA:6,1,1,0
BRDA:6,2,0,0
BRDA:6,2,1,0
BRDA:6,2,2,0
BRDA:11,3,0,0
BRDA:11,3,1,0
BRDA:19,4,0,0
BRDA:48,5,0,0
BRDA:62,6,0,0
BRDA:62,6,1,0
BRDA:63,7,0,0
BRDA:63,7,1,0
BRDA:63,8,0,0
BRDA:63,8,1,0
BRDA:86,9,0,0
BRDA:89,10,0,0
BRDA:89,10,1,0
BRDA:90,11,0,0
BRDA:90,11,1,0
BRDA:90,12,0,0
BRDA:90,12,1,0
BRDA:98,13,0,0
BRDA:100,14,0,0
BRDA:100,14,1,0
BRDA:101,15,0,0
BRDA:101,15,1,0
BRDA:102,16,0,0
BRDA:102,16,1,0
BRDA:106,17,0,0
BRDA:106,17,1,0
BRDA:107,18,0,0
BRDA:107,18,1,0
BRDA:108,19,0,0
BRDA:108,19,1,0
BRDA:111,20,0,0
BRDA:111,20,1,0
BRDA:115,21,0,0
BRDA:118,22,0,0
BRDA:118,22,1,0
BRDA:119,23,0,0
BRDA:119,23,1,0
BRDA:119,24,0,0
BRDA:119,24,1,0
BRF:45
BRH:0
end_of_record
TN:
SF:src/BuilderPanelTabs/FormBuilder/utils/dnd/utils.ts
FN:12,(anonymous_0)
FN:91,(anonymous_1)
FN:118,(anonymous_2)
FN:120,(anonymous_3)
FN:124,createFieldFromType
FNF:5
FNH:0
FNDA:0,(anonymous_0)
FNDA:0,(anonymous_1)
FNDA:0,(anonymous_2)
FNDA:0,(anonymous_3)
FNDA:0,createFieldFromType
DA:5,0
DA:12,0
DA:27,0
DA:37,0
DA:48,0
DA:57,0
DA:91,0
DA:94,0
DA:95,0
DA:98,0
DA:106,0
DA:110,0
DA:118,0
DA:120,0
DA:121,0
DA:124,0
DA:129,0
DA:130,0
DA:133,0
DA:134,0
DA:140,0
DA:152,0
DA:153,0
DA:163,0
LF:24
LH:0
BRDA:94,0,0,0
BRDA:94,0,1,0
BRDA:98,1,0,0
BRDA:98,1,1,0
BRDA:118,2,0,0
BRDA:127,3,0,0
BRDA:133,4,0,0
BRDA:133,4,1,0
BRDA:133,5,0,0
BRDA:133,5,1,0
BRDA:133,5,2,0
BRDA:152,6,0,0
BRDA:152,6,1,0
BRF:13
BRH:0
end_of_record
TN:
SF:src/BuilderPanelTabs/FormBuilder/validators/field.validators.ts
FN:9,(anonymous_0)
FN:29,(anonymous_1)
FN:50,(anonymous_2)
FN:70,(anonymous_3)
FN:125,(anonymous_4)
FN:151,(anonymous_5)
FN:176,(anonymous_6)
FN:186,(anonymous_7)
FN:200,(anonymous_8)
FN:220,(anonymous_9)
FNF:10
FNH:0
FNDA:0,(anonymous_0)
FNDA:0,(anonymous_1)
FNDA:0,(anonymous_2)
FNDA:0,(anonymous_3)
FNDA:0,(anonymous_4)
FNDA:0,(anonymous_5)
FNDA:0,(anonymous_6)
FNDA:0,(anonymous_7)
FNDA:0,(anonymous_8)
FNDA:0,(anonymous_9)
DA:6,0
DA:9,0
DA:10,0
DA:12,0
DA:13,0
DA:18,0
DA:19,0
DA:26,0
DA:29,0
DA:30,0
DA:31,0
DA:33,0
DA:34,0
DA:39,0
DA:40,0
DA:47,0
DA:50,0
DA:53,0
DA:54,0
DA:55,0
DA:57,0
DA:58,0
DA:59,0
DA:67,0
DA:70,0
DA:73,0
DA:74,0
DA:89,0
DA:91,0
DA:92,0
DA:98,0
DA:100,0
DA:101,0
DA:106,0
DA:107,0
DA:112,0
DA:113,0
DA:122,0
DA:125,0
DA:130,0
DA:132,0
DA:133,0
DA:140,0
DA:141,0
DA:148,0
DA:151,0
DA:154,0
DA:155,0
DA:157,0
DA:158,0
DA:159,0
DA:161,0
DA:162,0
DA:168,0
DA:169,0
DA:176,0
DA:177,0
DA:178,0
DA:183,0
DA:186,0
DA:187,0
DA:189,0
DA:190,0
DA:197,0
DA:200,0
DA:201,0
DA:203,0
DA:204,0
DA:205,0
DA:206,0
DA:207,0
DA:208,0
DA:217,0
DA:220,0
DA:221,0
DA:223,0
DA:224,0
DA:225,0
DA:226,0
DA:227,0
DA:228,0
DA:229,0
DA:231,0
LF:83
LH:0
BRDA:12,0,0,0
BRDA:12,0,1,0
BRDA:12,1,0,0
BRDA:12,1,1,0
BRDA:18,2,0,0
BRDA:18,2,1,0
BRDA:33,3,0,0
BRDA:33,3,1,0
BRDA:33,4,0,0
BRDA:33,4,1,0
BRDA:39,5,0,0
BRDA:39,5,1,0
BRDA:57,6,0,0
BRDA:57,6,1,0
BRDA:57,7,0,0
BRDA:57,7,1,0
BRDA:58,8,0,0
BRDA:58,8,1,0
BRDA:58,9,0,0
BRDA:58,9,1,0
BRDA:89,10,0,0
BRDA:89,10,1,0
BRDA:91,11,0,0
BRDA:91,11,1,0
BRDA:100,12,0,0
BRDA:100,12,1,0
BRDA:100,13,0,0
BRDA:100,13,1,0
BRDA:106,14,0,0
BRDA:106,14,1,0
BRDA:112,15,0,0
BRDA:112,15,1,0
BRDA:132,16,0,0
BRDA:132,16,1,0
BRDA:132,17,0,0
BRDA:132,17,1,0
BRDA:140,18,0,0
BRDA:140,18,1,0
BRDA:140,19,0,0
BRDA:140,19,1,0
BRDA:157,20,0,0
BRDA:157,20,1,0
BRDA:157,21,0,0
BRDA:157,21,1,0
BRDA:161,22,0,0
BRDA:161,22,1,0
BRDA:168,23,0,0
BRDA:168,23,1,0
BRDA:189,24,0,0
BRDA:189,24,1,0
BRDA:189,25,0,0
BRDA:189,25,1,0
BRDA:189,25,2,0
BRDA:203,26,0,0
BRDA:203,26,1,0
BRDA:203,27,0,0
BRDA:203,27,1,0
BRDA:205,28,0,0
BRDA:205,28,1,0
BRDA:207,29,0,0
BRDA:207,29,1,0
BRF:61
BRH:0
end_of_record
TN:
SF:src/BuilderPanelTabs/FormBuilder/validators/form-definition.validators.ts
FN:12,(anonymous_0)
FN:34,(anonymous_1)
FNF:2
FNH:0
FNDA:0,(anonymous_0)
FNDA:0,(anonymous_1)
DA:7,0
DA:8,0
DA:9,0
DA:10,0
DA:12,0
DA:13,0
DA:15,0
DA:16,0
DA:17,0
DA:21,0
DA:24,0
DA:25,0
DA:28,0
DA:29,0
DA:32,0
DA:33,0
DA:34,0
DA:35,0
DA:36,0
DA:42,0
DA:43,0
DA:46,0
DA:47,0
DA:48,0
DA:51,0
LF:25
LH:0
BRDA:15,0,0,0
BRDA:15,0,1,0
BRDA:15,1,0,0
BRDA:15,1,1,0
BRDA:33,2,0,0
BRDA:33,2,1,0
BRDA:33,3,0,0
BRDA:33,3,1,0
BRDA:35,4,0,0
BRDA:35,4,1,0
BRDA:46,5,0,0
BRDA:46,5,1,0
BRDA:46,6,0,0
BRDA:46,6,1,0
BRF:14
BRH:0
end_of_record
TN:
SF:src/BuilderPanelTabs/FormBuilder/validators/form-settings.validators.ts
FN:10,(anonymous_0)
FN:31,(anonymous_1)
FN:51,(anonymous_2)
FN:79,(anonymous_3)
FN:102,(anonymous_4)
FN:115,(anonymous_5)
FNF:6
FNH:0
FNDA:0,(anonymous_0)
FNDA:0,(anonymous_1)
FNDA:0,(anonymous_2)
FNDA:0,(anonymous_3)
FNDA:0,(anonymous_4)
FNDA:0,(anonymous_5)
DA:6,0
DA:8,0
DA:10,0
DA:11,0
DA:12,0
DA:14,0
DA:15,0
DA:20,0
DA:21,0
DA:28,0
DA:31,0
DA:32,0
DA:34,0
DA:35,0
DA:40,0
DA:41,0
DA:48,0
DA:51,0
DA:52,0
DA:54,0
DA:55,0
DA:60,0
DA:63,0
DA:65,0
DA:66,0
DA:68,0
DA:69,0
DA:76,0
DA:79,0
DA:80,0
DA:82,0
DA:83,0
DA:88,0
DA:91,0
DA:92,0
DA:97,0
DA:101,0
DA:102,0
DA:103,0
DA:104,0
DA:109,0
DA:110,0
DA:115,0
DA:116,0
DA:117,0
DA:120,0
LF:46
LH:0
BRDA:14,0,0,0
BRDA:14,0,1,0
BRDA:14,1,0,0
BRDA:14,1,1,0
BRDA:20,2,0,0
BRDA:20,2,1,0
BRDA:34,3,0,0
BRDA:34,3,1,0
BRDA:34,4,0,0
BRDA:34,4,1,0
BRDA:40,5,0,0
BRDA:40,5,1,0
BRDA:54,6,0,0
BRDA:54,6,1,0
BRDA:54,7,0,0
BRDA:54,7,1,0
BRDA:68,8,0,0
BRDA:68,8,1,0
BRDA:68,9,0,0
BRDA:68,9,1,0
BRDA:82,10,0,0
BRDA:82,10,1,0
BRDA:91,11,0,0
BRDA:91,11,1,0
BRDA:103,12,0,0
BRDA:103,12,1,0
BRDA:103,13,0,0
BRDA:103,13,1,0
BRDA:109,14,0,0
BRDA:109,14,1,0
BRF:30
BRH:0
end_of_record
TN:
SF:src/BuilderPanelTabs/FormBuilder/validators/index.ts
FN:8,(anonymous_0)
FN:9,(anonymous_1)
FN:10,(anonymous_2)
FN:11,(anonymous_3)
FN:12,(anonymous_4)
FN:13,(anonymous_5)
FN:14,(anonymous_6)
FN:15,(anonymous_7)
FN:16,(anonymous_8)
FN:21,(anonymous_9)
FN:22,(anonymous_10)
FN:23,(anonymous_11)
FN:24,(anonymous_12)
FN:29,(anonymous_13)
FN:30,(anonymous_14)
FN:31,(anonymous_15)
FN:32,(anonymous_16)
FN:33,(anonymous_17)
FN:34,(anonymous_18)
FN:35,(anonymous_19)
FN:36,(anonymous_20)
FN:41,(anonymous_21)
FN:42,(anonymous_22)
FN:43,(anonymous_23)
FN:44,(anonymous_24)
FN:48,(anonymous_25)
FN:51,(anonymous_26)
FNF:27
FNH:0
FNDA:0,(anonymous_0)
FNDA:0,(anonymous_1)
FNDA:0,(anonymous_2)
FNDA:0,(anonymous_3)
FNDA:0,(anonymous_4)
FNDA:0,(anonymous_5)
FNDA:0,(anonymous_6)
FNDA:0,(anonymous_7)
FNDA:0,(anonymous_8)
FNDA:0,(anonymous_9)
FNDA:0,(anonymous_10)
FNDA:0,(anonymous_11)
FNDA:0,(anonymous_12)
FNDA:0,(anonymous_13)
FNDA:0,(anonymous_14)
FNDA:0,(anonymous_15)
FNDA:0,(anonymous_16)
FNDA:0,(anonymous_17)
FNDA:0,(anonymous_18)
FNDA:0,(anonymous_19)
FNDA:0,(anonymous_20)
FNDA:0,(anonymous_21)
FNDA:0,(anonymous_22)
FNDA:0,(anonymous_23)
FNDA:0,(anonymous_24)
FNDA:0,(anonymous_25)
FNDA:0,(anonymous_26)
DA:7,0
DA:8,0
DA:9,0
DA:10,0
DA:11,0
DA:12,0
DA:13,0
DA:14,0
DA:15,0
DA:16,0
DA:20,0
DA:21,0
DA:22,0
DA:23,0
DA:24,0
DA:28,0
DA:29,0
DA:30,0
DA:31,0
DA:32,0
DA:33,0
DA:34,0
DA:35,0
DA:36,0
DA:40,0
DA:41,0
DA:42,0
DA:43,0
DA:44,0
DA:48,0
DA:51,0
LF:31
LH:0
BRF:0
BRH:0
end_of_record
TN:
SF:src/BuilderPanelTabs/FormBuilder/validators/logic.validators.ts
FN:15,(anonymous_0)
FN:57,(anonymous_1)
FN:82,(anonymous_2)
FN:125,(anonymous_3)
FN:158,(anonymous_4)
FN:185,(anonymous_5)
FN:212,(anonymous_6)
FN:231,(anonymous_7)
FN:268,(anonymous_8)
FN:304,(anonymous_9)
FN:311,(anonymous_10)
FN:320,(anonymous_11)
FN:346,(anonymous_12)
FN:360,(anonymous_13)
FNF:14
FNH:0
FNDA:0,(anonymous_0)
FNDA:0,(anonymous_1)
FNDA:0,(anonymous_2)
FNDA:0,(anonymous_3)
FNDA:0,(anonymous_4)
FNDA:0,(anonymous_5)
FNDA:0,(anonymous_6)
FNDA:0,(anonymous_7)
FNDA:0,(anonymous_8)
FNDA:0,(anonymous_9)
FNDA:0,(anonymous_10)
FNDA:0,(anonymous_11)
FNDA:0,(anonymous_12)
FNDA:0,(anonymous_13)
DA:6,0
DA:15,0
DA:20,0
DA:21,0
DA:23,0
DA:24,0
DA:29,0
DA:32,0
DA:33,0
DA:40,0
DA:41,0
DA:46,0
DA:47,0
DA:54,0
DA:57,0
DA:62,0
DA:63,0
DA:65,0
DA:66,0
DA:71,0
DA:72,0
DA:79,0
DA:82,0
DA:88,0
DA:89,0
DA:91,0
DA:92,0
DA:97,0
DA:100,0
DA:102,0
DA:103,0
DA:111,0
DA:112,0
DA:114,0
DA:115,0
DA:122,0
DA:125,0
DA:130,0
DA:131,0
DA:132,0
DA:134,0
DA:135,0
DA:140,0
DA:143,0
DA:144,0
DA:151,0
DA:152,0
DA:158,0
DA:159,0
DA:162,0
DA:164,0
DA:165,0
DA:166,0
DA:168,0
DA:169,0
DA:172,0
DA:181,0
DA:185,0
DA:192,0
DA:193,0
DA:195,0
DA:196,0
DA:201,0
DA:204,0
DA:205,0
DA:212,0
DA:213,0
DA:214,0
DA:219,0
DA:220,0
DA:228,0
DA:231,0
DA:238,0
DA:239,0
DA:240,0
DA:242,0
DA:243,0
DA:248,0
DA:251,0
DA:252,0
DA:260,0
DA:261,0
DA:262,0
DA:265,0
DA:268,0
DA:273,0
DA:275,0
DA:276,0
DA:281,0
DA:284,0
DA:286,0
DA:287,0
DA:294,0
DA:295,0
DA:297,0
DA:298,0
DA:304,0
DA:305,0
DA:306,0
DA:310,0
DA:311,0
DA:312,0
DA:313,0
DA:317,0
DA:320,0
DA:321,0
DA:323,0
DA:325,0
DA:328,0
DA:329,0
DA:336,0
DA:337,0
DA:342,0
DA:345,0
DA:346,0
DA:347,0
DA:348,0
DA:353,0
DA:354,0
DA:357,0
DA:359,0
DA:360,0
DA:361,0
DA:362,0
DA:363,0
DA:368,0
DA:370,0
DA:373,0
LF:128
LH:0
BRDA:23,0,0,0
BRDA:23,0,1,0
BRDA:23,1,0,0
BRDA:23,1,1,0
BRDA:32,2,0,0
BRDA:32,2,1,0
BRDA:32,3,0,0
BRDA:32,3,1,0
BRDA:40,4,0,0
BRDA:40,4,1,0
BRDA:40,5,0,0
BRDA:40,5,1,0
BRDA:46,6,0,0
BRDA:46,6,1,0
BRDA:46,7,0,0
BRDA:46,7,1,0
BRDA:46,7,2,0
BRDA:65,8,0,0
BRDA:65,8,1,0
BRDA:65,9,0,0
BRDA:65,9,1,0
BRDA:71,10,0,0
BRDA:71,10,1,0
BRDA:86,11,0,0
BRDA:89,12,0,0
BRDA:89,12,1,0
BRDA:91,13,0,0
BRDA:91,13,1,0
BRDA:91,14,0,0
BRDA:91,14,1,0
BRDA:102,15,0,0
BRDA:102,15,1,0
BRDA:102,16,0,0
BRDA:102,16,1,0
BRDA:114,17,0,0
BRDA:114,17,1,0
BRDA:114,18,0,0
BRDA:114,18,1,0
BRDA:114,18,2,0
BRDA:128,19,0,0
BRDA:132,20,0,0
BRDA:132,20,1,0
BRDA:134,21,0,0
BRDA:134,21,1,0
BRDA:134,22,0,0
BRDA:134,22,1,0
BRDA:143,23,0,0
BRDA:143,23,1,0
BRDA:143,24,0,0
BRDA:143,24,1,0
BRDA:151,25,0,0
BRDA:151,25,1,0
BRDA:162,26,0,0
BRDA:162,26,1,0
BRDA:166,27,0,0
BRDA:166,27,1,0
BRDA:189,28,0,0
BRDA:193,29,0,0
BRDA:193,29,1,0
BRDA:195,30,0,0
BRDA:195,30,1,0
BRDA:204,31,0,0
BRDA:204,31,1,0
BRDA:213,32,0,0
BRDA:213,32,1,0
BRDA:219,33,0,0
BRDA:219,33,1,0
BRDA:219,34,0,0
BRDA:219,34,1,0
BRDA:235,35,0,0
BRDA:240,36,0,0
BRDA:240,36,1,0
BRDA:242,37,0,0
BRDA:242,37,1,0
BRDA:242,38,0,0
BRDA:242,38,1,0
BRDA:251,39,0,0
BRDA:251,39,1,0
BRDA:251,40,0,0
BRDA:251,40,1,0
BRDA:260,41,0,0
BRDA:260,41,1,0
BRDA:260,42,0,0
BRDA:260,42,1,0
BRDA:275,43,0,0
BRDA:275,43,1,0
BRDA:275,44,0,0
BRDA:275,44,1,0
BRDA:286,45,0,0
BRDA:286,45,1,0
BRDA:297,46,0,0
BRDA:297,46,1,0
BRDA:310,47,0,0
BRDA:310,47,1,0
BRDA:310,48,0,0
BRDA:310,48,1,0
BRDA:323,49,0,0
BRDA:323,49,1,0
BRDA:323,50,0,0
BRDA:323,50,1,0
BRDA:328,51,0,0
BRDA:328,51,1,0
BRDA:336,52,0,0
BRDA:336,52,1,0
BRDA:347,53,0,0
BRDA:347,53,1,0
BRDA:347,54,0,0
BRDA:347,54,1,0
BRDA:353,55,0,0
BRDA:353,55,1,0
BRDA:361,56,0,0
BRDA:361,56,1,0
BRDA:361,57,0,0
BRDA:361,57,1,0
BRDA:361,57,2,0
BRF:115
BRH:0
end_of_record
TN:
SF:src/BuilderPanelTabs/FormBuilder/validators/utility.validators.ts
FN:13,(anonymous_0)
FN:26,(anonymous_1)
FN:58,(anonymous_2)
FN:82,(anonymous_3)
FN:86,(anonymous_4)
FN:92,(anonymous_5)
FN:103,(anonymous_6)
FN:106,(anonymous_7)
FNF:8
FNH:0
FNDA:0,(anonymous_0)
FNDA:0,(anonymous_1)
FNDA:0,(anonymous_2)
FNDA:0,(anonymous_3)
FNDA:0,(anonymous_4)
FNDA:0,(anonymous_5)
FNDA:0,(anonymous_6)
FNDA:0,(anonymous_7)
DA:13,0
DA:19,0
DA:20,0
DA:26,0
DA:27,0
DA:28,0
DA:29,0
DA:31,0
DA:58,0
DA:67,0
DA:68,0
DA:72,0
DA:73,0
DA:76,0
DA:82,0
DA:85,0
DA:86,0
DA:88,0
DA:89,0
DA:92,0
DA:94,0
DA:95,0
DA:103,0
DA:104,0
DA:106,0
DA:107,0
DA:112,0
DA:119,0
DA:124,0
DA:133,0
DA:136,0
LF:31
LH:0
BRDA:72,0,0,0
BRDA:72,0,1,0
BRDA:72,1,0,0
BRDA:72,1,1,0
BRDA:88,2,0,0
BRDA:88,2,1,0
BRDA:88,3,0,0
BRDA:88,3,1,0
BRDA:94,4,0,0
BRDA:94,4,1,0
BRDA:94,5,0,0
BRDA:94,5,1,0
BRDA:104,6,0,0
BRDA:104,6,1,0
BRDA:104,7,0,0
BRDA:104,7,1,0
BRDA:107,8,0,0
BRDA:107,8,1,0
BRDA:108,9,0,0
BRDA:108,9,1,0
BRDA:108,9,2,0
BRDA:119,10,0,0
BRDA:119,10,1,0
BRDA:120,11,0,0
BRDA:120,11,1,0
BRDA:120,11,2,0
BRF:26
BRH:0
end_of_record
TN:
SF:src/BuilderPanelTabs/FormBuilder/validators/validation-result-builder.ts
FN:8,(anonymous_0)
FN:11,(anonymous_1)
FN:16,(anonymous_2)
FN:21,(anonymous_3)
FNF:4
FNH:0
FNDA:0,(anonymous_0)
FNDA:0,(anonymous_1)
FNDA:0,(anonymous_2)
FNDA:0,(anonymous_3)
DA:8,0
DA:9,0
DA:12,0
DA:13,0
DA:17,0
DA:18,0
DA:22,0
LF:7
LH:0
BRDA:11,0,0,0
BRF:1
BRH:0
end_of_record
TN:
SF:src/components/Breadcrumb.tsx
FN:14,(anonymous_1)
FN:18,(anonymous_2)
FNF:2
FNH:0
FNDA:0,(anonymous_1)
FNDA:0,(anonymous_2)
DA:1,2
DA:14,2
DA:15,0
DA:19,0
LF:4
LH:2
BRDA:20,0,0,0
BRDA:20,0,1,0
BRDA:25,1,0,0
BRDA:25,1,1,0
BRF:4
BRH:0
end_of_record
TN:
SF:src/components/Button.tsx
FN:8,(anonymous_1)
FNF:1
FNH:1
FNDA:24,(anonymous_1)
DA:1,2
DA:8,2
DA:15,24
DA:17,24
DA:26,24
LF:5
LH:5
BRDA:9,0,0,0
BRDA:11,1,0,0
BRF:2
BRH:0
end_of_record
TN:
SF:src/components/Card.tsx
FN:9,(anonymous_1)
FNF:1
FNH:0
FNDA:0,(anonymous_1)
DA:1,2
DA:9,2
DA:10,0
LF:3
LH:2
BRDA:9,0,0,0
BRF:1
BRH:0
end_of_record
TN:
SF:src/components/DefaultDisclosureTransition.tsx
FN:9,(anonymous_9)
FNF:1
FNH:0
FNDA:0,(anonymous_9)
DA:1,2
DA:2,2
DA:9,2
DA:10,0
LF:4
LH:3
BRF:0
BRH:0
end_of_record
TN:
SF:src/components/Dialog.tsx
FN:54,(anonymous_9)
FN:69,(anonymous_10)
FN:77,(anonymous_11)
FN:92,(anonymous_12)
FN:102,(anonymous_13)
FNF:5
FNH:0
FNDA:0,(anonymous_9)
FNDA:0,(anonymous_10)
FNDA:0,(anonymous_11)
FNDA:0,(anonymous_12)
FNDA:0,(anonymous_13)
DA:1,0
DA:2,0
DA:3,0
DA:54,0
DA:69,0
DA:70,0
DA:72,0
DA:74,0
DA:77,0
DA:78,0
DA:84,0
DA:85,0
DA:92,0
DA:94,0
DA:95,0
DA:102,0
DA:103,0
DA:104,0
DA:108,0
LF:19
LH:0
BRDA:61,0,0,0
BRDA:62,1,0,0
BRDA:63,2,0,0
BRDA:70,3,0,0
BRDA:70,3,1,0
BRDA:84,4,0,0
BRDA:84,4,1,0
BRDA:94,5,0,0
BRDA:94,5,1,0
BRDA:94,6,0,0
BRDA:94,6,1,0
BRDA:94,6,2,0
BRDA:103,7,0,0
BRDA:103,7,1,0
BRDA:103,8,0,0
BRDA:103,8,1,0
BRDA:134,9,0,0
BRDA:134,9,1,0
BRDA:143,10,0,0
BRDA:143,10,1,0
BRDA:145,11,0,0
BRDA:145,11,1,0
BRDA:157,12,0,0
BRDA:157,12,1,0
BRDA:174,13,0,0
BRDA:174,13,1,0
BRF:26
BRH:0
end_of_record
TN:
SF:src/components/ErrorBanner.tsx
FN:9,(anonymous_1)
FNF:1
FNH:0
FNDA:0,(anonymous_1)
DA:1,2
DA:9,2
DA:10,0
LF:3
LH:2
BRDA:20,0,0,0
BRDA:20,0,1,0
BRF:2
BRH:0
end_of_record
TN:
SF:src/components/IconInput.tsx
FN:9,(anonymous_1)
FNF:1
FNH:0
FNDA:0,(anonymous_1)
DA:1,2
DA:9,2
DA:16,0
LF:3
LH:2
BRDA:11,0,0,0
BRDA:12,1,0,0
BRDA:13,2,0,0
BRF:3
BRH:0
end_of_record
TN:
SF:src/components/IconSelect.tsx
FN:8,(anonymous_1)
FN:28,(anonymous_2)
FNF:2
FNH:0
FNDA:0,(anonymous_1)
FNDA:0,(anonymous_2)
DA:1,2
DA:8,2
DA:9,0
DA:29,0
LF:4
LH:2
BRDA:8,0,0,0
BRF:1
BRH:0
end_of_record
TN:
SF:src/components/Loading.tsx
FN:3,(anonymous_1)
FNF:1
FNH:0
FNDA:0,(anonymous_1)
DA:1,2
DA:3,2
DA:4,0
LF:3
LH:2
BRF:0
BRH:0
end_of_record
TN:
SF:src/components/PageNav.tsx
FN:9,(anonymous_1)
FN:12,(anonymous_2)
FN:16,(anonymous_3)
FNF:3
FNH:0
FNDA:0,(anonymous_1)
FNDA:0,(anonymous_2)
FNDA:0,(anonymous_3)
DA:1,2
DA:9,2
DA:10,0
DA:13,0
DA:17,0
DA:18,0
LF:6
LH:2
BRDA:23,0,0,0
BRDA:23,0,1,0
BRF:2
BRH:0
end_of_record
TN:
SF:src/components/ProfilePicture.tsx
FN:9,(anonymous_1)
FN:16,(anonymous_2)
FN:19,(anonymous_3)
FN:25,(anonymous_4)
FNF:4
FNH:0
FNDA:0,(anonymous_1)
FNDA:0,(anonymous_2)
FNDA:0,(anonymous_3)
FNDA:0,(anonymous_4)
DA:1,2
DA:9,2
DA:10,0
DA:16,0
DA:17,0
DA:19,0
DA:25,0
DA:26,0
DA:35,0
DA:36,0
DA:39,0
DA:40,0
DA:49,0
LF:13
LH:2
BRDA:9,0,0,0
BRDA:39,1,0,0
BRDA:39,1,1,0
BRF:3
BRH:0
end_of_record
TN:
SF:src/components/SaveButton.tsx
FN:8,(anonymous_1)
FNF:1
FNH:0
FNDA:0,(anonymous_1)
DA:1,2
DA:8,2
DA:15,0
LF:3
LH:2
BRDA:9,0,0,0
BRDA:11,1,0,0
BRDA:26,2,0,0
BRDA:26,2,1,0
BRDA:29,3,0,0
BRDA:29,3,1,0
BRF:6
BRH:0
end_of_record
TN:
SF:src/components/SimplePagination.tsx
FN:9,(anonymous_1)
FN:17,(anonymous_2)
FN:27,(anonymous_3)
FNF:3
FNH:0
FNDA:0,(anonymous_1)
FNDA:0,(anonymous_2)
FNDA:0,(anonymous_3)
DA:1,2
DA:9,2
DA:14,0
DA:17,0
DA:27,0
LF:5
LH:2
BRF:0
BRH:0
end_of_record
TN:
SF:src/components/SlidingPanel.tsx
FN:11,(anonymous_9)
FNF:1
FNH:0
FNDA:0,(anonymous_9)
DA:1,2
DA:2,2
DA:11,2
DA:12,0
LF:4
LH:3
BRF:0
BRH:0
end_of_record
TN:
SF:src/components/SmoothProgressBar.tsx
FN:7,(anonymous_9)
FN:10,(anonymous_10)
FN:11,(anonymous_11)
FN:14,(anonymous_12)
FNF:4
FNH:0
FNDA:0,(anonymous_9)
FNDA:0,(anonymous_10)
FNDA:0,(anonymous_11)
FNDA:0,(anonymous_12)
DA:1,2
DA:7,2
DA:8,0
DA:10,0
DA:11,0
DA:12,0
DA:14,0
DA:17,0
LF:8
LH:2
BRF:0
BRH:0
end_of_record
TN:
SF:src/components/StyledSelect.tsx
FN:7,(anonymous_1)
FN:23,(anonymous_2)
FNF:2
FNH:0
FNDA:0,(anonymous_1)
FNDA:0,(anonymous_2)
DA:1,2
DA:7,2
DA:8,0
DA:24,0
LF:4
LH:2
BRDA:7,0,0,0
BRF:1
BRH:0
end_of_record
TN:
SF:src/components/SubNav.tsx
FN:15,(anonymous_1)
FN:18,(anonymous_2)
FN:21,(anonymous_3)
FNF:3
FNH:0
FNDA:0,(anonymous_1)
FNDA:0,(anonymous_2)
FNDA:0,(anonymous_3)
DA:1,2
DA:15,2
DA:16,0
DA:19,0
DA:21,0
LF:5
LH:2
BRDA:26,0,0,0
BRDA:26,0,1,0
BRDA:32,1,0,0
BRDA:32,1,1,0
BRF:4
BRH:0
end_of_record
TN:
SF:src/components/ThemeToggle.tsx
FN:4,(anonymous_9)
FN:7,(anonymous_10)
FN:22,(anonymous_11)
FNF:3
FNH:0
FNDA:0,(anonymous_9)
FNDA:0,(anonymous_10)
FNDA:0,(anonymous_11)
DA:1,2
DA:2,2
DA:4,2
DA:5,0
DA:7,0
DA:9,0
DA:10,0
DA:12,0
DA:13,0
DA:15,0
DA:16,0
DA:18,0
DA:22,0
DA:23,0
DA:24,0
DA:26,0
DA:27,0
DA:28,0
DA:30,0
DA:31,0
DA:35,0
LF:21
LH:3
BRDA:12,0,0,0
BRDA:12,0,1,0
BRDA:12,0,2,0
BRDA:15,1,0,0
BRDA:15,1,1,0
BRDA:26,2,0,0
BRDA:26,2,1,0
BRDA:39,3,0,0
BRDA:39,3,1,0
BRDA:40,4,0,0
BRDA:40,4,1,0
BRDA:42,5,0,0
BRDA:42,5,1,0
BRF:13
BRH:0
end_of_record
TN:
SF:src/components/Toast.tsx
FN:10,(anonymous_9)
FN:11,(anonymous_10)
FN:12,(anonymous_11)
FN:16,(anonymous_12)
FNF:4
FNH:0
FNDA:0,(anonymous_9)
FNDA:0,(anonymous_10)
FNDA:0,(anonymous_11)
FNDA:0,(anonymous_12)
DA:1,2
DA:10,2
DA:11,0
DA:12,0
DA:13,0
DA:16,0
DA:19,0
LF:7
LH:2
BRDA:10,0,0,0
BRDA:24,1,0,0
BRDA:24,1,1,0
BRF:3
BRH:0
end_of_record
TN:
SF:src/components/TvModal.tsx
FN:11,(anonymous_9)
FNF:1
FNH:0
FNDA:0,(anonymous_9)
DA:1,2
DA:2,2
DA:11,2
DA:12,0
LF:4
LH:3
BRF:0
BRH:0
end_of_record
TN:
SF:src/components/index.ts
FN:2,(anonymous_0)
FN:5,(anonymous_1)
FN:8,(anonymous_2)
FN:11,(anonymous_3)
FN:14,(anonymous_4)
FN:17,(anonymous_5)
FN:20,(anonymous_6)
FN:22,(anonymous_7)
FN:25,(anonymous_8)
FN:28,(anonymous_9)
FN:31,(anonymous_10)
FN:34,(anonymous_11)
FN:37,(anonymous_12)
FN:40,(anonymous_13)
FN:43,(anonymous_14)
FN:46,(anonymous_15)
FN:49,(anonymous_16)
FN:52,(anonymous_17)
FN:54,(anonymous_18)
FN:56,(anonymous_19)
FN:59,(anonymous_20)
FNF:21
FNH:1
FNDA:52,(anonymous_0)
FNDA:0,(anonymous_1)
FNDA:0,(anonymous_2)
FNDA:0,(anonymous_3)
FNDA:0,(anonymous_4)
FNDA:0,(anonymous_5)
FNDA:0,(anonymous_6)
FNDA:0,(anonymous_7)
FNDA:0,(anonymous_8)
FNDA:0,(anonymous_9)
FNDA:0,(anonymous_10)
FNDA:0,(anonymous_11)
FNDA:0,(anonymous_12)
FNDA:0,(anonymous_13)
FNDA:0,(anonymous_14)
FNDA:0,(anonymous_15)
FNDA:0,(anonymous_16)
FNDA:0,(anonymous_17)
FNDA:0,(anonymous_18)
FNDA:0,(anonymous_19)
FNDA:0,(anonymous_20)
DA:2,54
DA:5,2
DA:8,2
DA:11,2
DA:14,2
DA:17,2
DA:20,2
DA:22,2
DA:25,2
DA:28,2
DA:31,2
DA:34,2
DA:37,2
DA:40,2
DA:43,2
DA:46,2
DA:49,2
DA:52,2
DA:54,2
DA:56,2
DA:59,2
LF:21
LH:21
BRF:0
BRH:0
end_of_record
