TN:
SF:src/App.tsx
FN:10,App
FNF:1
FNH:0
FNDA:0,App
DA:1,0
DA:2,0
DA:3,0
DA:4,0
DA:5,0
DA:6,0
DA:7,0
DA:8,0
DA:11,0
DA:27,0
LF:10
LH:0
BRF:0
BRH:0
end_of_record
TN:
SF:src/SidebarLayout.tsx
FN:13,SidebarLayout
FN:19,(anonymous_1)
FN:24,(anonymous_2)
FN:25,(anonymous_3)
FNF:4
FNH:0
FNDA:0,SidebarLayout
FNDA:0,(anonymous_1)
FNDA:0,(anonymous_2)
FNDA:0,(anonymous_3)
DA:1,0
DA:2,0
DA:3,0
DA:4,0
DA:6,0
DA:13,0
DA:14,0
DA:16,0
DA:19,0
DA:25,0
LF:10
LH:0
BRDA:18,0,0,0
BRDA:18,0,1,0
BRDA:20,1,0,0
BRDA:20,1,1,0
BRDA:25,2,0,0
BRDA:25,2,1,0
BRDA:27,3,0,0
BRDA:27,3,1,0
BRF:8
BRH:0
end_of_record
TN:
SF:src/EmailBuilder/EmailBuilder.tsx
FN:9,EmailBuilder
FNF:1
FNH:1
FNDA:1,EmailBuilder
DA:1,1
DA:2,1
DA:4,1
DA:7,1
DA:9,1
DA:10,1
LF:6
LH:6
BRF:0
BRH:0
end_of_record
TN:
SF:src/EmailBuilder/constants.ts
FNF:0
FNH:0
DA:1,26
DA:2,26
DA:11,26
DA:16,26
DA:17,26
DA:18,26
DA:20,26
DA:40,26
DA:69,26
DA:82,26
DA:92,26
DA:101,26
DA:109,26
DA:119,26
DA:123,26
DA:127,26
DA:142,26
DA:146,26
DA:153,26
DA:157,26
DA:161,26
DA:165,26
DA:169,26
LF:23
LH:23
BRF:0
BRH:0
end_of_record
TN:
SF:src/EmailBuilder/index.tsx
FN:1,(anonymous_1)
FNF:1
FNH:0
FNDA:0,(anonymous_1)
DA:1,0
LF:1
LH:0
BRF:0
BRH:0
end_of_record
TN:
SF:src/EmailBuilder/components/EmailBuilderShell.tsx
FN:16,(anonymous_10)
FN:20,(anonymous_11)
FN:24,(anonymous_12)
FN:42,(anonymous_13)
FN:48,(anonymous_14)
FNF:5
FNH:3
FNDA:4,(anonymous_10)
FNDA:0,(anonymous_11)
FNDA:4,(anonymous_12)
FNDA:0,(anonymous_13)
FNDA:4,(anonymous_14)
DA:1,1
DA:3,1
DA:4,1
DA:5,1
DA:6,1
DA:7,1
DA:8,1
DA:9,1
DA:10,1
DA:11,1
DA:12,1
DA:13,1
DA:14,1
DA:16,1
DA:17,4
DA:18,4
DA:20,4
DA:21,0
DA:24,4
DA:25,4
DA:26,1
DA:27,1
DA:28,0
DA:33,4
DA:35,4
DA:43,0
DA:49,4
LF:27
LH:24
BRDA:25,0,0,1
BRDA:25,0,1,3
BRDA:25,1,0,4
BRDA:25,1,1,1
BRDA:27,2,0,0
BRDA:27,2,1,1
BRDA:33,3,0,4
BRDA:33,3,1,4
BRDA:39,4,0,4
BRDA:39,4,1,0
BRDA:51,5,0,4
BRDA:51,5,1,3
BRDA:55,6,0,3
BRDA:55,6,1,1
BRF:14
BRH:12
end_of_record
TN:
SF:src/EmailBuilder/components/Canvas/Canvas.tsx
FN:16,(anonymous_10)
FN:25,(anonymous_11)
FN:27,(anonymous_12)
FNF:3
FNH:3
FNDA:5,(anonymous_10)
FNDA:1,(anonymous_11)
FNDA:10,(anonymous_12)
DA:1,1
DA:2,1
DA:3,1
DA:4,1
DA:5,1
DA:6,1
DA:7,1
DA:8,1
DA:16,1
DA:17,5
DA:18,5
DA:19,5
DA:20,5
DA:22,5
DA:25,1
DA:28,10
DA:29,10
LF:17
LH:17
BRDA:40,0,0,1
BRDA:40,0,1,4
BRDA:42,1,0,4
BRDA:42,1,1,1
BRF:4
BRH:4
end_of_record
TN:
SF:src/EmailBuilder/components/Canvas/CanvasToolbar.tsx
FN:16,(anonymous_1)
FN:24,(anonymous_2)
FN:29,(anonymous_3)
FNF:3
FNH:0
FNDA:0,(anonymous_1)
FNDA:0,(anonymous_2)
FNDA:0,(anonymous_3)
DA:1,0
DA:2,0
DA:3,0
DA:4,0
DA:11,0
DA:16,0
DA:17,0
DA:19,0
DA:25,0
DA:29,0
LF:10
LH:0
BRDA:17,0,0,0
BRDA:17,0,1,0
BRDA:27,1,0,0
BRDA:27,1,1,0
BRDA:28,2,0,0
BRDA:28,2,1,0
BRF:6
BRH:0
end_of_record
TN:
SF:src/EmailBuilder/components/Canvas/EmptyState.tsx
FN:8,(anonymous_1)
FNF:1
FNH:0
FNDA:0,(anonymous_1)
DA:1,0
DA:2,0
DA:8,0
DA:9,0
LF:4
LH:0
BRDA:8,0,0,0
BRDA:10,1,0,0
BRDA:10,1,1,0
BRDA:11,2,0,0
BRDA:11,2,1,0
BRDA:14,3,0,0
BRDA:14,3,1,0
BRDA:15,4,0,0
BRDA:15,4,1,0
BRF:9
BRH:0
end_of_record
TN:
SF:src/EmailBuilder/components/ConfigPanel/BottomActionBar.tsx
FN:13,(anonymous_0)
FNF:1
FNH:1
FNDA:4,(anonymous_0)
DA:1,1
DA:5,1
DA:6,1
DA:13,1
DA:14,4
DA:16,4
LF:6
LH:6
BRDA:18,0,0,1
BRDA:18,0,1,3
BRDA:18,1,0,4
BRDA:18,1,1,1
BRDA:21,2,0,1
BRDA:21,2,1,3
BRDA:21,3,0,4
BRDA:21,3,1,1
BRDA:25,4,0,1
BRDA:25,4,1,3
BRDA:35,5,0,1
BRDA:35,5,1,3
BRF:12
BRH:12
end_of_record
TN:
SF:src/EmailBuilder/components/ConfigPanel/ConfigPanel.tsx
FN:14,(anonymous_9)
FN:31,(anonymous_10)
FNF:2
FNH:2
FNDA:4,(anonymous_9)
FNDA:1,(anonymous_10)
DA:1,1
DA:2,1
DA:3,1
DA:4,1
DA:5,1
DA:7,1
DA:14,1
DA:15,4
DA:17,4
DA:18,1
DA:26,3
DA:31,1
LF:12
LH:12
BRDA:17,0,0,1
BRDA:17,0,1,3
BRDA:17,1,0,4
BRDA:17,1,1,1
BRDA:27,2,0,1
BRDA:27,2,1,2
BRDA:28,3,0,1
BRDA:28,3,1,2
BRDA:29,4,0,3
BRDA:29,4,1,2
BRDA:31,5,0,1
BRDA:31,5,1,2
BRDA:32,6,0,1
BRDA:32,6,1,2
BRF:14
BRH:14
end_of_record
TN:
SF:src/EmailBuilder/components/ElementPalette/ElementPalette.tsx
FN:62,(anonymous_9)
FN:105,(anonymous_10)
FN:108,(anonymous_11)
FN:110,(anonymous_12)
FN:113,(anonymous_13)
FN:123,(anonymous_14)
FN:133,(anonymous_15)
FN:137,(anonymous_16)
FN:154,(anonymous_17)
FN:161,(anonymous_18)
FNF:10
FNH:10
FNDA:49,(anonymous_9)
FNDA:6,(anonymous_10)
FNDA:18,(anonymous_11)
FNDA:72,(anonymous_12)
FNDA:18,(anonymous_13)
FNDA:2,(anonymous_14)
FNDA:10,(anonymous_15)
FNDA:37,(anonymous_16)
FNDA:3,(anonymous_17)
FNDA:12,(anonymous_18)
DA:1,1
DA:2,1
DA:3,1
DA:16,1
DA:17,1
DA:18,1
DA:32,1
DA:62,1
DA:63,49
DA:72,49
DA:73,12
DA:87,37
DA:105,1
DA:106,6
DA:108,18
DA:111,72
DA:113,18
DA:115,6
DA:123,2
DA:134,10
DA:138,37
DA:155,3
DA:162,12
LF:23
LH:23
BRDA:72,0,0,12
BRDA:72,0,1,37
BRDA:78,1,0,0
BRDA:78,1,1,12
BRDA:88,2,0,0
BRDA:88,2,1,37
BRDA:117,3,0,5
BRDA:117,3,1,1
BRDA:132,4,0,4
BRDA:132,4,1,1
BRF:10
BRH:8
end_of_record
TN:
SF:src/EmailBuilder/components/EmailRenderer/BlockRenderer.tsx
FN:12,BlockRenderer
FNF:1
FNH:1
FNDA:5,BlockRenderer
DA:2,4
DA:12,4
DA:13,5
DA:15,5
DA:16,1
DA:19,4
LF:6
LH:6
BRDA:15,0,0,1
BRDA:15,0,1,4
BRF:2
BRH:2
end_of_record
TN:
SF:src/EmailBuilder/components/EmailRenderer/EmailRenderer.tsx
FN:20,EmailRenderer
FN:24,(anonymous_2)
FN:36,(anonymous_3)
FN:41,(anonymous_4)
FNF:4
FNH:0
FNDA:0,EmailRenderer
FNDA:0,(anonymous_2)
FNDA:0,(anonymous_3)
FNDA:0,(anonymous_4)
DA:1,0
DA:4,0
DA:5,0
DA:7,0
DA:8,0
DA:9,0
DA:10,0
DA:20,0
DA:21,0
DA:22,0
DA:24,0
DA:25,0
DA:28,0
DA:29,0
DA:30,0
DA:32,0
DA:37,0
DA:42,0
LF:18
LH:0
BRDA:29,0,0,0
BRDA:29,0,1,0
BRDA:38,1,0,0
BRDA:38,1,1,0
BRDA:49,2,0,0
BRDA:49,2,1,0
BRDA:49,2,2,0
BRF:7
BRH:0
end_of_record
TN:
SF:src/EmailBuilder/components/EmailRenderer/elements/BuilderBlockControls.tsx
FN:19,BuilderBlockControls
FN:31,(anonymous_1)
FN:44,(anonymous_2)
FN:45,(anonymous_3)
FN:46,(anonymous_4)
FN:64,(anonymous_5)
FNF:6
FNH:4
FNDA:7,BuilderBlockControls
FNDA:7,(anonymous_1)
FNDA:0,(anonymous_2)
FNDA:0,(anonymous_3)
FNDA:1,(anonymous_4)
FNDA:1,(anonymous_5)
DA:1,5
DA:2,5
DA:19,5
DA:28,7
DA:29,7
DA:31,7
DA:32,7
DA:35,7
DA:44,0
DA:45,0
DA:47,1
DA:48,1
DA:65,1
DA:66,1
LF:14
LH:12
BRDA:26,0,0,4
BRDA:29,1,0,7
BRDA:29,1,1,7
BRDA:40,2,0,4
BRDA:40,2,1,3
BRDA:40,3,0,7
BRDA:40,3,1,4
BRDA:41,4,0,1
BRDA:41,4,1,6
BRDA:56,5,0,4
BRDA:56,5,1,3
BRDA:56,6,0,7
BRDA:56,6,1,4
BRDA:62,7,0,7
BRDA:62,7,1,2
BRDA:82,8,0,0
BRDA:82,8,1,7
BRF:17
BRH:16
end_of_record
TN:
SF:src/EmailBuilder/components/EmailRenderer/elements/BuilderBlockWrapper.tsx
FN:13,BuilderBlockWrapper
FNF:1
FNH:1
FNDA:37,BuilderBlockWrapper
DA:3,15
DA:4,15
DA:13,15
DA:19,37
DA:21,37
DA:25,37
LF:6
LH:6
BRDA:21,0,0,0
BRDA:21,0,1,37
BRDA:21,1,0,37
BRDA:21,1,1,1
BRF:4
BRH:3
end_of_record
TN:
SF:src/EmailBuilder/components/EmailRenderer/elements/BuilderButton.tsx
FN:12,BuilderButton
FNF:1
FNH:1
FNDA:3,BuilderButton
DA:2,5
DA:3,5
DA:4,5
DA:12,5
DA:13,3
DA:15,3
LF:6
LH:6
BRDA:17,0,0,3
BRDA:17,0,1,3
BRDA:21,1,0,0
BRDA:21,1,1,3
BRDA:21,2,0,3
BRDA:21,2,1,0
BRF:6
BRH:4
end_of_record
TN:
SF:src/EmailBuilder/components/EmailRenderer/elements/BuilderColumns.tsx
FN:16,(anonymous_1)
FN:18,ColumnDropZone
FN:42,(anonymous_3)
FN:53,BuilderColumns
FN:57,(anonymous_5)
FNF:5
FNH:5
FNDA:7,(anonymous_1)
FNDA:7,ColumnDropZone
FNDA:1,(anonymous_3)
FNDA:3,BuilderColumns
FNDA:7,(anonymous_5)
DA:2,4
DA:3,4
DA:4,4
DA:5,4
DA:6,4
DA:16,7
DA:31,7
DA:32,7
DA:34,7
DA:43,1
DA:53,4
DA:54,3
DA:58,7
LF:13
LH:13
BRDA:35,0,0,0
BRDA:35,0,1,7
BRDA:36,1,0,6
BRDA:36,1,1,1
BRF:4
BRH:3
end_of_record
TN:
SF:src/EmailBuilder/components/EmailRenderer/elements/BuilderDiscountCode.tsx
FN:12,BuilderDiscountCode
FNF:1
FNH:1
FNDA:3,BuilderDiscountCode
DA:2,5
DA:3,5
DA:4,5
DA:12,5
DA:13,3
DA:15,3
LF:6
LH:6
BRDA:18,0,0,3
BRDA:18,0,1,1
BRDA:21,1,0,0
BRDA:21,1,1,3
BRDA:21,2,0,3
BRDA:21,2,1,0
BRF:6
BRH:4
end_of_record
TN:
SF:src/EmailBuilder/components/EmailRenderer/elements/BuilderDivider.tsx
FN:12,BuilderDivider
FNF:1
FNH:1
FNDA:2,BuilderDivider
DA:2,5
DA:3,5
DA:4,5
DA:12,5
DA:13,2
DA:15,2
DA:16,2
DA:18,2
LF:8
LH:8
BRDA:16,0,0,2
BRDA:16,0,1,1
BRF:2
BRH:2
end_of_record
TN:
SF:src/EmailBuilder/components/EmailRenderer/elements/BuilderHeading.tsx
FN:13,BuilderHeading
FNF:1
FNH:1
FNDA:4,BuilderHeading
DA:3,5
DA:4,5
DA:5,5
DA:13,5
DA:14,4
DA:15,4
DA:17,4
LF:7
LH:7
BRDA:15,0,0,4
BRDA:15,0,1,2
BRDA:22,1,0,0
BRDA:22,1,1,4
BRDA:22,2,0,4
BRDA:22,2,1,0
BRF:6
BRH:4
end_of_record
TN:
SF:src/EmailBuilder/components/EmailRenderer/elements/BuilderHtml.tsx
FN:10,BuilderHtml
FNF:1
FNH:1
FNDA:2,BuilderHtml
DA:2,5
DA:10,5
DA:11,2
LF:3
LH:3
BRDA:14,0,0,0
BRDA:14,0,1,2
BRDA:14,1,0,2
BRDA:14,1,1,0
BRF:4
BRH:2
end_of_record
TN:
SF:src/EmailBuilder/components/EmailRenderer/elements/BuilderImage.tsx
FN:12,BuilderImage
FNF:1
FNH:1
FNDA:3,BuilderImage
DA:2,5
DA:3,5
DA:4,5
DA:12,5
DA:13,3
DA:15,3
LF:6
LH:6
BRDA:17,0,0,2
BRDA:17,0,1,1
BRDA:18,1,0,2
BRDA:18,1,1,1
BRDA:18,2,0,0
BRDA:18,2,1,2
BRDA:18,3,0,2
BRDA:18,3,1,0
BRDA:20,4,0,0
BRDA:20,4,1,1
BRDA:20,5,0,1
BRDA:20,5,1,0
BRF:12
BRH:8
end_of_record
TN:
SF:src/EmailBuilder/components/EmailRenderer/elements/BuilderMenu.tsx
FN:12,BuilderMenu
FN:18,(anonymous_2)
FNF:2
FNH:2
FNDA:2,BuilderMenu
FNDA:4,(anonymous_2)
DA:2,5
DA:3,5
DA:4,5
DA:12,5
DA:13,2
DA:15,2
DA:19,4
LF:7
LH:7
BRDA:17,0,0,0
BRDA:17,0,1,2
BRDA:17,1,0,2
BRDA:17,1,1,0
BRF:4
BRH:2
end_of_record
TN:
SF:src/EmailBuilder/components/EmailRenderer/elements/BuilderSocialLinks.tsx
FN:10,(anonymous_1)
FN:68,BuilderSocialLinks
FN:72,(anonymous_3)
FNF:3
FNH:3
FNDA:7,(anonymous_1)
FNDA:3,BuilderSocialLinks
FNDA:7,(anonymous_3)
DA:2,5
DA:10,5
DA:11,7
DA:13,7
DA:15,2
DA:21,2
DA:27,1
DA:33,1
DA:39,1
DA:45,0
DA:51,0
DA:57,0
DA:68,5
DA:69,3
DA:73,7
LF:15
LH:12
BRDA:13,0,0,2
BRDA:13,0,1,2
BRDA:13,0,2,1
BRDA:13,0,3,1
BRDA:13,0,4,1
BRDA:13,0,5,0
BRDA:13,0,6,0
BRDA:13,0,7,0
BRDA:71,1,0,0
BRDA:71,1,1,3
BRDA:71,2,0,3
BRDA:71,2,1,0
BRF:12
BRH:7
end_of_record
TN:
SF:src/EmailBuilder/components/EmailRenderer/elements/BuilderSpacer.tsx
FN:10,BuilderSpacer
FNF:1
FNH:1
FNDA:3,BuilderSpacer
DA:2,5
DA:10,5
DA:11,3
LF:3
LH:3
BRDA:14,0,0,1
BRDA:14,0,1,2
BRDA:15,1,0,3
BRDA:15,1,1,0
BRF:4
BRH:3
end_of_record
TN:
SF:src/EmailBuilder/components/EmailRenderer/elements/BuilderText.tsx
FN:12,BuilderText
FNF:1
FNH:1
FNDA:4,BuilderText
DA:2,5
DA:3,5
DA:4,5
DA:12,5
DA:13,4
DA:15,4
LF:6
LH:6
BRDA:20,0,0,0
BRDA:20,0,1,4
BRDA:20,1,0,4
BRDA:20,1,1,0
BRF:4
BRH:2
end_of_record
TN:
SF:src/EmailBuilder/components/EmailRenderer/elements/BuilderVideo.tsx
FN:12,BuilderVideo
FN:15,(anonymous_2)
FNF:2
FNH:2
FNDA:5,BuilderVideo
FNDA:5,(anonymous_2)
DA:2,5
DA:3,5
DA:4,5
DA:12,5
DA:13,5
DA:15,5
DA:16,5
DA:17,4
DA:18,4
DA:19,2
DA:20,2
DA:21,1
DA:24,5
DA:26,5
LF:14
LH:14
BRDA:16,0,0,1
BRDA:16,0,1,4
BRDA:18,1,0,2
BRDA:18,1,1,2
BRDA:20,2,0,1
BRDA:20,2,1,1
BRDA:28,3,0,3
BRDA:28,3,1,2
BRDA:34,4,0,3
BRDA:34,4,1,3
BRDA:39,5,0,0
BRDA:39,5,1,2
BRDA:39,6,0,2
BRDA:39,6,1,0
BRF:14
BRH:12
end_of_record
TN:
SF:src/EmailBuilder/components/EmailRenderer/elements/__tests__/MockEmailBuilderProvider.tsx
FN:41,(anonymous_1)
FNF:1
FNH:1
FNDA:68,(anonymous_1)
DA:1,20
DA:2,20
DA:3,20
DA:5,20
DA:41,20
DA:42,68
LF:6
LH:6
BRF:0
BRH:0
end_of_record
TN:
SF:src/EmailBuilder/components/EmailSettings/EmailSettings.tsx
FN:20,(anonymous_9)
FN:25,(anonymous_10)
FN:32,(anonymous_11)
FN:45,(anonymous_12)
FN:56,(anonymous_13)
FN:57,(anonymous_14)
FN:67,(anonymous_15)
FN:68,(anonymous_16)
FN:80,(anonymous_17)
FN:87,(anonymous_18)
FN:91,(anonymous_19)
FN:92,(anonymous_20)
FN:96,(anonymous_21)
FN:97,(anonymous_22)
FN:123,(anonymous_23)
FN:134,(anonymous_24)
FN:153,(anonymous_25)
FN:164,(anonymous_26)
FN:175,(anonymous_27)
FN:189,(anonymous_28)
FN:201,(anonymous_29)
FN:211,(anonymous_30)
FN:242,(anonymous_31)
FN:249,(anonymous_32)
FN:256,(anonymous_33)
FN:262,(anonymous_34)
FN:284,(anonymous_35)
FN:293,(anonymous_36)
FN:306,(anonymous_37)
FNF:29
FNH:11
FNDA:17,(anonymous_9)
FNDA:1,(anonymous_10)
FNDA:29,(anonymous_11)
FNDA:15,(anonymous_12)
FNDA:3,(anonymous_13)
FNDA:3,(anonymous_14)
FNDA:0,(anonymous_15)
FNDA:0,(anonymous_16)
FNDA:2,(anonymous_17)
FNDA:1,(anonymous_18)
FNDA:0,(anonymous_19)
FNDA:0,(anonymous_20)
FNDA:0,(anonymous_21)
FNDA:0,(anonymous_22)
FNDA:1,(anonymous_23)
FNDA:0,(anonymous_24)
FNDA:0,(anonymous_25)
FNDA:0,(anonymous_26)
FNDA:0,(anonymous_27)
FNDA:1,(anonymous_28)
FNDA:0,(anonymous_29)
FNDA:0,(anonymous_30)
FNDA:1,(anonymous_31)
FNDA:0,(anonymous_32)
FNDA:0,(anonymous_33)
FNDA:0,(anonymous_34)
FNDA:0,(anonymous_35)
FNDA:0,(anonymous_36)
FNDA:0,(anonymous_37)
DA:1,2
DA:2,2
DA:4,2
DA:5,2
DA:6,2
DA:16,2
DA:17,2
DA:18,2
DA:20,2
DA:21,17
DA:25,1
DA:32,2
DA:39,29
DA:44,29
DA:45,29
DA:46,15
DA:47,6
DA:52,15
DA:55,29
DA:57,3
DA:58,3
DA:59,3
DA:60,3
DA:66,29
DA:68,0
DA:69,0
DA:73,0
DA:74,0
DA:80,29
DA:81,2
DA:82,2
DA:85,29
DA:87,29
DA:88,1
DA:91,29
DA:92,0
DA:93,0
DA:96,29
DA:97,0
DA:100,29
DA:102,29
DA:123,1
DA:134,0
DA:153,0
DA:164,0
DA:175,0
DA:189,1
DA:201,0
DA:211,0
DA:243,1
DA:249,0
DA:256,0
DA:262,0
DA:284,0
DA:293,0
DA:306,0
LF:56
LH:37
BRDA:26,0,0,1
BRDA:26,0,1,16
BRDA:28,1,0,1
BRDA:28,1,1,16
BRDA:46,2,0,6
BRDA:46,2,1,9
BRDA:46,3,0,15
BRDA:46,3,1,6
BRDA:85,4,0,29
BRDA:85,4,1,25
BRDA:92,5,0,0
BRDA:92,5,1,0
BRDA:100,6,0,29
BRDA:100,6,1,26
BRDA:122,7,0,29
BRDA:122,7,1,5
BRDA:133,8,0,29
BRDA:133,8,1,29
BRDA:152,9,0,29
BRDA:152,9,1,12
BRDA:163,10,0,29
BRDA:163,10,1,12
BRDA:174,11,0,29
BRDA:174,11,1,29
BRDA:193,12,0,29
BRDA:193,12,1,1
BRDA:200,13,0,1
BRDA:200,13,1,1
BRDA:210,14,0,1
BRDA:210,14,1,1
BRDA:236,15,0,28
BRDA:236,15,1,1
BRDA:283,16,0,29
BRDA:283,16,1,5
BRDA:292,17,0,29
BRDA:292,17,1,5
BRDA:305,18,0,29
BRDA:305,18,1,29
BRF:38
BRH:36
end_of_record
TN:
SF:src/EmailBuilder/components/EmailSettings/EmailSettingsTrigger.tsx
FN:7,(anonymous_0)
FN:12,(anonymous_1)
FN:17,(anonymous_2)
FN:22,(anonymous_3)
FNF:4
FNH:1
FNDA:12,(anonymous_0)
FNDA:0,(anonymous_1)
FNDA:0,(anonymous_2)
FNDA:0,(anonymous_3)
DA:1,1
DA:2,1
DA:3,1
DA:4,1
DA:7,1
DA:8,12
DA:9,12
DA:10,12
DA:12,12
DA:13,0
DA:14,0
DA:17,12
DA:18,0
DA:19,0
DA:22,12
DA:23,0
DA:24,0
DA:26,0
DA:27,0
DA:30,12
LF:20
LH:12
BRDA:23,0,0,0
BRDA:23,0,1,0
BRF:2
BRH:0
end_of_record
TN:
SF:src/EmailBuilder/components/JsonEditorPanel/JsonEditor.tsx
FN:9,(anonymous_9)
FN:13,(anonymous_10)
FN:24,(anonymous_11)
FNF:3
FNH:0
FNDA:0,(anonymous_9)
FNDA:0,(anonymous_10)
FNDA:0,(anonymous_11)
DA:1,0
DA:9,0
DA:10,0
DA:13,0
DA:14,0
DA:15,0
DA:16,0
DA:17,0
DA:20,0
DA:24,0
DA:25,0
DA:26,0
DA:28,0
DA:29,0
DA:30,0
DA:36,0
LF:16
LH:0
BRDA:16,0,0,0
BRDA:16,0,1,0
BRF:2
BRH:0
end_of_record
TN:
SF:src/EmailBuilder/components/JsonEditorPanel/JsonEditorPanel.tsx
FN:6,(anonymous_9)
FN:22,(anonymous_10)
FN:38,(anonymous_11)
FNF:3
FNH:3
FNDA:8,(anonymous_9)
FNDA:1,(anonymous_10)
FNDA:3,(anonymous_11)
DA:1,1
DA:2,1
DA:3,1
DA:4,1
DA:6,1
DA:7,8
DA:8,8
DA:10,8
DA:22,1
DA:38,3
LF:10
LH:10
BRDA:12,0,0,3
BRDA:12,0,1,5
BRF:2
BRH:2
end_of_record
TN:
SF:src/EmailBuilder/components/PropertyEditor/PropertyEditor.tsx
FN:15,(anonymous_1)
FN:28,(anonymous_2)
FN:32,(anonymous_3)
FNF:3
FNH:3
FNDA:3,(anonymous_1)
FNDA:2,(anonymous_2)
FNDA:1,(anonymous_3)
DA:1,1
DA:2,1
DA:3,1
DA:4,1
DA:5,1
DA:6,1
DA:8,1
DA:15,1
DA:16,3
DA:18,3
DA:20,3
DA:21,1
DA:28,2
DA:29,2
DA:30,1
DA:32,1
DA:36,2
LF:17
LH:17
BRDA:20,0,0,1
BRDA:20,0,1,2
BRDA:29,1,0,1
BRDA:29,1,1,1
BRF:4
BRH:4
end_of_record
TN:
SF:src/EmailBuilder/components/PropertyEditor/components/ColorControl.tsx
FN:11,(anonymous_9)
FN:47,(anonymous_10)
FN:58,(anonymous_11)
FNF:3
FNH:1
FNDA:20,(anonymous_9)
FNDA:0,(anonymous_10)
FNDA:0,(anonymous_11)
DA:1,3
DA:11,3
DA:18,20
DA:19,20
DA:22,20
DA:26,20
DA:47,0
DA:58,0
LF:8
LH:6
BRDA:15,0,0,20
BRDA:16,1,0,18
BRDA:19,2,0,20
BRDA:19,2,1,2
BRDA:22,3,0,18
BRDA:22,3,1,2
BRDA:28,4,0,20
BRDA:28,4,1,20
BRF:8
BRH:8
end_of_record
TN:
SF:src/EmailBuilder/components/PropertyEditor/components/ColorPickerField.tsx
FN:9,(anonymous_1)
FN:25,(anonymous_2)
FN:33,(anonymous_3)
FNF:3
FNH:0
FNDA:0,(anonymous_1)
FNDA:0,(anonymous_2)
FNDA:0,(anonymous_3)
DA:1,0
DA:9,0
DA:10,0
DA:25,0
DA:33,0
LF:5
LH:0
BRF:0
BRH:0
end_of_record
TN:
SF:src/EmailBuilder/components/PropertyEditor/components/SpacingControl.tsx
FN:22,(anonymous_1)
FN:32,(anonymous_2)
FN:62,(anonymous_3)
FN:84,(anonymous_4)
FN:88,(anonymous_5)
FN:101,(anonymous_6)
FNF:6
FNH:2
FNDA:4,(anonymous_1)
FNDA:0,(anonymous_2)
FNDA:0,(anonymous_3)
FNDA:16,(anonymous_4)
FNDA:0,(anonymous_5)
FNDA:0,(anonymous_6)
DA:1,1
DA:2,1
DA:22,1
DA:32,4
DA:33,0
DA:34,0
DA:35,0
DA:42,0
DA:49,0
DA:50,0
DA:51,0
DA:52,0
DA:53,0
DA:55,0
DA:56,0
DA:57,0
DA:58,0
DA:62,4
DA:63,0
DA:64,0
DA:67,4
DA:74,4
DA:75,4
DA:76,4
DA:78,4
DA:85,16
DA:88,0
DA:101,0
LF:28
LH:11
BRDA:27,0,0,0
BRDA:28,1,0,4
BRDA:29,2,0,4
BRDA:33,3,0,0
BRDA:33,3,1,0
BRDA:34,4,0,0
BRDA:34,4,1,0
BRDA:49,5,0,0
BRDA:49,5,1,0
BRDA:63,6,0,0
BRDA:63,6,1,0
BRDA:99,7,0,0
BRDA:99,7,1,16
BRDA:100,8,0,16
BRDA:100,8,1,16
BRF:15
BRH:5
end_of_record
TN:
SF:src/EmailBuilder/components/PropertyEditor/tabs/ContentTab/index.tsx
FN:10,(anonymous_1)
FN:13,(anonymous_2)
FN:17,(anonymous_3)
FN:40,(anonymous_4)
FN:44,(anonymous_5)
FN:45,(anonymous_6)
FN:59,(anonymous_7)
FN:68,(anonymous_8)
FN:72,(anonymous_9)
FN:76,(anonymous_10)
FN:86,(anonymous_11)
FN:90,(anonymous_12)
FN:100,(anonymous_13)
FN:104,(anonymous_14)
FN:113,(anonymous_15)
FN:121,(anonymous_16)
FN:130,(anonymous_17)
FN:134,(anonymous_18)
FN:143,(anonymous_19)
FN:149,(anonymous_20)
FN:161,(anonymous_21)
FN:173,(anonymous_22)
FN:196,(anonymous_23)
FN:200,(anonymous_24)
FN:207,(anonymous_25)
FN:216,(anonymous_26)
FN:237,(anonymous_27)
FNF:27
FNH:2
FNDA:2,(anonymous_1)
FNDA:0,(anonymous_2)
FNDA:0,(anonymous_3)
FNDA:0,(anonymous_4)
FNDA:0,(anonymous_5)
FNDA:6,(anonymous_6)
FNDA:0,(anonymous_7)
FNDA:0,(anonymous_8)
FNDA:0,(anonymous_9)
FNDA:0,(anonymous_10)
FNDA:0,(anonymous_11)
FNDA:0,(anonymous_12)
FNDA:0,(anonymous_13)
FNDA:0,(anonymous_14)
FNDA:0,(anonymous_15)
FNDA:0,(anonymous_16)
FNDA:0,(anonymous_17)
FNDA:0,(anonymous_18)
FNDA:0,(anonymous_19)
FNDA:0,(anonymous_20)
FNDA:0,(anonymous_21)
FNDA:0,(anonymous_22)
FNDA:0,(anonymous_23)
FNDA:0,(anonymous_24)
FNDA:0,(anonymous_25)
FNDA:0,(anonymous_26)
FNDA:0,(anonymous_27)
DA:1,1
DA:2,1
DA:3,1
DA:4,1
DA:10,1
DA:11,2
DA:13,2
DA:14,0
DA:17,2
DA:18,0
DA:19,0
DA:20,0
DA:21,0
DA:25,2
DA:26,2
DA:27,2
DA:28,2
DA:29,2
DA:31,2
DA:40,0
DA:44,0
DA:46,6
DA:59,0
DA:68,0
DA:72,0
DA:76,0
DA:86,0
DA:90,0
DA:100,0
DA:104,0
DA:113,0
DA:121,0
DA:130,0
DA:134,0
DA:144,0
DA:150,0
DA:151,0
DA:152,0
DA:162,0
DA:163,0
DA:164,0
DA:174,0
DA:175,0
DA:183,0
DA:197,0
DA:201,0
DA:202,0
DA:203,0
DA:208,0
DA:217,0
DA:218,0
DA:219,0
DA:238,0
DA:239,0
LF:54
LH:15
BRDA:20,0,0,0
BRDA:20,0,1,0
BRDA:36,1,0,2
BRDA:36,1,1,1
BRDA:44,2,0,1
BRDA:44,2,1,1
BRDA:56,3,0,2
BRDA:56,3,1,0
BRDA:64,4,0,2
BRDA:64,4,1,0
BRDA:72,5,0,0
BRDA:72,5,1,0
BRDA:76,6,0,0
BRDA:76,6,1,0
BRDA:82,7,0,2
BRDA:82,7,1,0
BRDA:90,8,0,0
BRDA:90,8,1,0
BRDA:96,9,0,2
BRDA:96,9,1,0
BRDA:110,10,0,2
BRDA:110,10,1,0
BRDA:113,11,0,0
BRDA:113,11,1,0
BRDA:113,12,0,0
BRDA:113,12,1,0
BRDA:118,13,0,2
BRDA:118,13,1,1
BRDA:126,14,0,2
BRDA:126,14,1,0
BRDA:134,15,0,0
BRDA:134,15,1,0
BRDA:140,16,0,2
BRDA:140,16,1,0
BRDA:193,17,0,2
BRDA:193,17,1,0
BRDA:223,18,0,0
BRDA:223,18,1,0
BRDA:224,19,0,0
BRDA:224,19,1,0
BRDA:225,20,0,0
BRDA:225,20,1,0
BRDA:226,21,0,0
BRDA:226,21,1,0
BRDA:227,22,0,0
BRDA:227,22,1,0
BRDA:228,23,0,0
BRDA:228,23,1,0
BRDA:229,24,0,0
BRDA:229,24,1,0
BRDA:249,25,0,2
BRDA:249,25,1,0
BRDA:252,26,0,2
BRDA:252,26,1,0
BRF:54
BRH:16
end_of_record
TN:
SF:src/EmailBuilder/components/PropertyEditor/tabs/StyleTab/index.tsx
FN:17,(anonymous_9)
FN:20,(anonymous_10)
FN:22,(anonymous_11)
FN:26,(anonymous_12)
FN:30,(anonymous_13)
FNF:5
FNH:3
FNDA:2,(anonymous_9)
FNDA:2,(anonymous_10)
FNDA:0,(anonymous_11)
FNDA:0,(anonymous_12)
FNDA:30,(anonymous_13)
DA:1,1
DA:2,1
DA:3,1
DA:4,1
DA:5,1
DA:6,1
DA:7,1
DA:8,1
DA:9,1
DA:17,1
DA:18,2
DA:20,2
DA:22,2
DA:23,0
DA:26,2
DA:27,0
DA:30,2
DA:31,30
DA:32,30
DA:33,30
DA:36,30
DA:37,21
DA:38,21
DA:39,21
DA:42,25
DA:46,2
DA:48,2
LF:27
LH:25
BRDA:30,0,0,17
BRDA:33,1,0,0
BRDA:33,1,1,30
BRDA:33,2,0,30
BRDA:33,2,1,0
BRDA:33,2,2,0
BRDA:36,3,0,21
BRDA:36,3,1,9
BRDA:37,4,0,21
BRDA:37,4,1,21
BRDA:39,5,0,5
BRDA:39,5,1,16
BRDA:46,6,0,2
BRDA:46,6,1,2
BRDA:58,7,0,2
BRDA:58,7,1,1
BRF:16
BRH:13
end_of_record
TN:
SF:src/EmailBuilder/components/PropertyEditor/tabs/StyleTab/components/DecorationSection.tsx
FN:17,(anonymous_1)
FN:36,(anonymous_2)
FN:49,(anonymous_3)
FN:66,(anonymous_4)
FN:75,(anonymous_5)
FNF:5
FNH:1
FNDA:2,(anonymous_1)
FNDA:0,(anonymous_2)
FNDA:0,(anonymous_3)
FNDA:0,(anonymous_4)
FNDA:0,(anonymous_5)
DA:1,1
DA:4,1
DA:5,1
DA:17,1
DA:26,2
DA:36,0
DA:49,0
DA:66,0
DA:75,0
LF:9
LH:5
BRDA:32,0,0,2
BRDA:32,0,1,2
BRDA:42,1,0,2
BRDA:42,1,1,0
BRDA:101,2,0,2
BRDA:101,2,1,2
BRDA:117,3,0,2
BRDA:117,3,1,2
BRF:8
BRH:7
end_of_record
TN:
SF:src/EmailBuilder/components/PropertyEditor/tabs/StyleTab/components/LayoutSection.tsx
FN:11,(anonymous_1)
FNF:1
FNH:1
FNDA:2,(anonymous_1)
DA:1,1
DA:3,1
DA:11,1
DA:12,2
LF:4
LH:4
BRF:0
BRH:0
end_of_record
TN:
SF:src/EmailBuilder/components/PropertyEditor/tabs/StyleTab/components/StyleSwitcher.tsx
FN:12,(anonymous_9)
FN:13,(anonymous_10)
FN:31,(anonymous_11)
FN:35,(anonymous_12)
FN:39,(anonymous_13)
FN:54,(anonymous_14)
FN:59,(anonymous_15)
FN:61,(anonymous_16)
FN:64,(anonymous_17)
FN:76,(anonymous_18)
FN:87,(anonymous_19)
FN:94,(anonymous_20)
FN:132,(anonymous_21)
FN:140,(anonymous_22)
FNF:14
FNH:7
FNDA:4,(anonymous_9)
FNDA:4,(anonymous_10)
FNDA:0,(anonymous_11)
FNDA:4,(anonymous_12)
FNDA:8,(anonymous_13)
FNDA:2,(anonymous_14)
FNDA:4,(anonymous_15)
FNDA:0,(anonymous_16)
FNDA:0,(anonymous_17)
FNDA:0,(anonymous_18)
FNDA:0,(anonymous_19)
FNDA:0,(anonymous_20)
FNDA:8,(anonymous_21)
FNDA:0,(anonymous_22)
DA:1,1
DA:3,1
DA:4,1
DA:12,1
DA:13,4
DA:14,4
DA:15,4
DA:17,4
DA:18,0
DA:19,0
DA:20,0
DA:21,0
DA:22,0
DA:23,0
DA:26,4
DA:29,4
DA:30,4
DA:31,0
DA:35,4
DA:36,4
DA:37,4
DA:39,4
DA:40,8
DA:41,4
DA:42,4
DA:43,0
DA:47,4
DA:50,4
DA:51,4
DA:54,4
DA:55,2
DA:56,2
DA:59,4
DA:61,4
DA:62,0
DA:64,0
DA:65,0
DA:66,0
DA:67,0
DA:69,0
DA:71,0
DA:73,0
DA:76,4
DA:77,0
DA:79,0
DA:82,0
DA:84,0
DA:87,4
DA:88,0
DA:89,0
DA:92,0
DA:94,0
DA:95,0
DA:97,0
DA:99,0
DA:102,0
DA:103,0
DA:104,0
DA:110,0
DA:111,0
DA:114,4
DA:133,8
DA:134,8
DA:135,8
DA:137,8
DA:140,0
LF:66
LH:33
BRDA:19,0,0,0
BRDA:19,0,1,0
BRDA:22,1,0,0
BRDA:22,1,1,0
BRDA:30,2,0,0
BRDA:30,2,1,4
BRDA:31,3,0,0
BRDA:31,3,1,0
BRDA:40,4,0,4
BRDA:40,4,1,4
BRDA:42,5,0,0
BRDA:42,5,1,4
BRDA:62,6,0,0
BRDA:62,6,1,0
BRDA:66,7,0,0
BRDA:66,7,1,0
BRDA:77,8,0,0
BRDA:77,8,1,0
BRDA:95,9,0,0
BRDA:95,9,1,0
BRDA:97,10,0,0
BRDA:97,10,1,0
BRDA:103,11,0,0
BRDA:103,11,1,0
BRDA:141,12,0,4
BRDA:141,12,1,4
BRDA:144,13,0,4
BRDA:144,13,1,4
BRDA:145,14,0,4
BRDA:145,14,1,4
BRDA:155,15,0,0
BRDA:155,15,1,4
BRDA:158,16,0,4
BRDA:158,16,1,0
BRF:34
BRH:12
end_of_record
TN:
SF:src/EmailBuilder/components/PropertyEditor/tabs/StyleTab/components/TypographySection.tsx
FN:16,(anonymous_1)
FN:23,(anonymous_2)
FN:50,(anonymous_3)
FN:52,(anonymous_4)
FN:64,(anonymous_5)
FN:75,(anonymous_6)
FN:76,(anonymous_7)
FN:86,(anonymous_8)
FN:87,(anonymous_9)
FN:99,(anonymous_10)
FN:106,(anonymous_11)
FN:109,(anonymous_12)
FN:119,(anonymous_13)
FN:120,(anonymous_14)
FN:131,(anonymous_15)
FN:132,(anonymous_16)
FN:141,(anonymous_17)
FNF:17
FNH:5
FNDA:2,(anonymous_1)
FNDA:1,(anonymous_2)
FNDA:0,(anonymous_3)
FNDA:0,(anonymous_4)
FNDA:10,(anonymous_5)
FNDA:0,(anonymous_6)
FNDA:0,(anonymous_7)
FNDA:0,(anonymous_8)
FNDA:2,(anonymous_9)
FNDA:0,(anonymous_10)
FNDA:0,(anonymous_11)
FNDA:0,(anonymous_12)
FNDA:3,(anonymous_13)
FNDA:0,(anonymous_14)
FNDA:0,(anonymous_15)
FNDA:0,(anonymous_16)
FNDA:0,(anonymous_17)
DA:1,1
DA:4,1
DA:5,1
DA:16,1
DA:17,2
DA:19,1
DA:20,1
DA:22,1
DA:23,1
DA:24,1
DA:27,1
DA:28,1
DA:29,1
DA:30,1
DA:31,1
DA:32,1
DA:37,1
DA:38,1
DA:40,1
DA:51,0
DA:52,0
DA:54,0
DA:55,0
DA:60,0
DA:65,10
DA:75,0
DA:76,0
DA:86,0
DA:88,2
DA:100,0
DA:101,0
DA:102,0
DA:106,0
DA:109,0
DA:120,3
DA:131,0
DA:132,0
DA:141,0
LF:38
LH:22
BRDA:17,0,0,1
BRDA:17,0,1,1
BRDA:23,1,0,1
BRDA:23,1,1,0
BRDA:29,2,0,1
BRDA:29,2,1,0
BRDA:30,3,0,0
BRDA:30,3,1,1
BRDA:31,4,0,0
BRDA:31,4,1,1
BRDA:32,5,0,1
BRDA:32,5,1,0
BRDA:37,6,0,1
BRDA:37,6,1,0
BRDA:52,7,0,0
BRDA:52,7,1,0
BRDA:54,8,0,0
BRDA:54,8,1,0
BRDA:89,9,0,2
BRDA:89,9,1,0
BRDA:100,10,0,0
BRDA:100,10,1,0
BRDA:102,11,0,0
BRDA:102,11,1,0
BRDA:103,12,0,1
BRDA:103,12,1,0
BRDA:106,13,0,0
BRDA:106,13,1,0
BRDA:106,14,0,0
BRDA:106,14,1,1
BRDA:109,15,0,0
BRDA:109,15,1,0
BRDA:109,16,0,0
BRDA:109,16,1,1
BRDA:120,17,0,1
BRDA:120,17,1,2
BRF:36
BRH:14
end_of_record
TN:
SF:src/EmailBuilder/components/TopBar/TopBar.tsx
FN:9,(anonymous_9)
FN:10,(anonymous_10)
FN:15,(anonymous_11)
FN:31,(anonymous_12)
FN:32,(anonymous_13)
FN:48,(anonymous_14)
FN:51,(anonymous_15)
FN:61,(anonymous_16)
FN:78,(anonymous_17)
FN:83,(anonymous_18)
FN:83,(anonymous_19)
FN:89,(anonymous_20)
FN:94,(anonymous_21)
FN:100,(anonymous_22)
FN:114,(anonymous_23)
FN:117,(anonymous_24)
FNF:16
FNH:11
FNDA:12,(anonymous_9)
FNDA:1,(anonymous_10)
FNDA:14,(anonymous_11)
FNDA:9,(anonymous_12)
FNDA:9,(anonymous_13)
FNDA:9,(anonymous_14)
FNDA:1,(anonymous_15)
FNDA:1,(anonymous_16)
FNDA:1,(anonymous_17)
FNDA:0,(anonymous_18)
FNDA:0,(anonymous_19)
FNDA:1,(anonymous_20)
FNDA:1,(anonymous_21)
FNDA:0,(anonymous_22)
FNDA:0,(anonymous_23)
FNDA:0,(anonymous_24)
DA:1,1
DA:2,1
DA:3,1
DA:4,1
DA:5,1
DA:6,1
DA:7,1
DA:9,1
DA:10,12
DA:15,1
DA:16,14
DA:17,14
DA:18,14
DA:19,14
DA:21,14
DA:22,14
DA:26,14
DA:27,14
DA:29,14
DA:31,14
DA:32,9
DA:33,9
DA:34,8
DA:35,8
DA:37,1
DA:38,1
DA:39,0
DA:41,0
DA:42,0
DA:43,0
DA:46,9
DA:47,9
DA:48,9
DA:51,14
DA:52,1
DA:53,1
DA:56,14
DA:61,1
DA:79,1
DA:80,1
DA:83,0
DA:89,1
DA:94,1
DA:100,0
DA:114,0
DA:117,0
LF:46
LH:38
BRDA:10,0,0,1
BRDA:10,0,1,11
BRDA:11,1,0,1
BRDA:11,1,1,11
BRDA:17,2,0,14
BRDA:17,2,1,4
BRDA:18,3,0,14
BRDA:18,3,1,13
BRDA:33,4,0,8
BRDA:33,4,1,1
BRDA:38,5,0,1
BRDA:38,5,1,0
BRDA:39,6,0,0
BRDA:39,6,1,0
BRDA:42,7,0,0
BRDA:42,7,1,0
BRDA:65,8,0,2
BRDA:65,8,1,12
BRDA:66,9,0,2
BRDA:66,9,1,12
BRDA:80,10,0,1
BRDA:80,10,1,0
BRDA:85,11,0,14
BRDA:85,11,1,0
BRDA:89,12,0,1
BRDA:89,12,1,13
BRDA:89,13,0,0
BRDA:89,13,1,1
BRDA:90,14,0,1
BRDA:90,14,1,13
BRDA:91,15,0,1
BRDA:91,15,1,13
BRF:32
BRH:24
end_of_record
TN:
SF:src/EmailBuilder/components/dnd/DndProvider.tsx
FN:24,DndProvider
FN:28,(anonymous_10)
FN:33,(anonymous_11)
FN:37,(anonymous_12)
FN:42,(anonymous_13)
FN:45,(anonymous_14)
FN:56,(anonymous_15)
FN:57,(anonymous_16)
FN:58,(anonymous_17)
FN:68,(anonymous_18)
FN:86,(anonymous_19)
FN:90,(anonymous_20)
FN:95,(anonymous_21)
FN:108,(anonymous_22)
FN:108,(anonymous_23)
FN:110,(anonymous_24)
FNF:16
FNH:4
FNDA:4,DndProvider
FNDA:0,(anonymous_10)
FNDA:0,(anonymous_11)
FNDA:0,(anonymous_12)
FNDA:0,(anonymous_13)
FNDA:0,(anonymous_14)
FNDA:0,(anonymous_15)
FNDA:0,(anonymous_16)
FNDA:0,(anonymous_17)
FNDA:0,(anonymous_18)
FNDA:0,(anonymous_19)
FNDA:0,(anonymous_20)
FNDA:0,(anonymous_21)
FNDA:3,(anonymous_22)
FNDA:1,(anonymous_23)
FNDA:3,(anonymous_24)
DA:5,1
DA:6,1
DA:9,1
DA:11,1
DA:12,1
DA:24,1
DA:25,4
DA:26,4
DA:28,4
DA:29,0
DA:30,0
DA:33,4
DA:34,0
DA:37,4
DA:38,0
DA:41,4
DA:43,0
DA:45,0
DA:46,0
DA:47,0
DA:49,0
DA:50,0
DA:55,4
DA:57,0
DA:58,0
DA:60,0
DA:62,0
DA:67,4
DA:69,0
DA:70,0
DA:72,0
DA:74,0
DA:75,0
DA:77,0
DA:78,0
DA:79,0
DA:80,0
DA:86,4
DA:87,0
DA:90,4
DA:91,0
DA:92,0
DA:94,0
DA:95,0
DA:96,0
DA:97,0
DA:101,0
DA:102,0
DA:105,0
DA:108,4
DA:110,4
DA:111,3
DA:112,0
DA:114,3
DA:117,4
DA:119,4
LF:56
LH:22
BRDA:38,0,0,0
BRDA:38,0,1,0
BRDA:43,1,0,0
BRDA:43,1,1,0
BRDA:47,2,0,0
BRDA:47,2,1,0
BRDA:47,3,0,0
BRDA:47,3,1,0
BRDA:49,4,0,0
BRDA:49,4,1,0
BRDA:60,5,0,0
BRDA:60,5,1,0
BRDA:60,6,0,0
BRDA:60,6,1,0
BRDA:60,6,2,0
BRDA:72,7,0,0
BRDA:72,7,1,0
BRDA:77,8,0,0
BRDA:77,8,1,0
BRDA:79,9,0,0
BRDA:79,9,1,0
BRDA:94,10,0,0
BRDA:94,10,1,0
BRDA:96,11,0,0
BRDA:96,11,1,0
BRDA:101,12,0,0
BRDA:101,12,1,0
BRDA:111,13,0,0
BRDA:111,13,1,3
BRDA:111,14,0,3
BRDA:111,14,1,0
BRDA:111,14,2,0
BRDA:117,15,0,4
BRDA:117,15,1,4
BRDA:123,16,0,4
BRDA:123,16,1,4
BRDA:123,16,2,0
BRDA:123,16,3,0
BRDA:123,17,0,0
BRDA:123,17,1,0
BRDA:123,18,0,0
BRDA:123,18,1,0
BRF:42
BRH:6
end_of_record
TN:
SF:src/EmailBuilder/components/dnd/DropIndicator.tsx
FN:3,(anonymous_1)
FNF:1
FNH:0
FNDA:0,(anonymous_1)
DA:1,1
DA:3,1
LF:2
LH:2
BRDA:3,0,0,0
BRDA:3,0,1,0
BRF:2
BRH:0
end_of_record
TN:
SF:src/EmailBuilder/components/dnd/SortableItem.tsx
FN:17,SortableItem
FNF:1
FNH:0
FNDA:0,SortableItem
DA:1,1
DA:2,1
DA:17,1
DA:25,0
DA:27,0
DA:31,0
DA:37,0
LF:7
LH:3
BRDA:27,0,0,0
BRDA:27,0,1,0
BRDA:34,1,0,0
BRDA:34,1,1,0
BRF:4
BRH:0
end_of_record
TN:
SF:src/EmailBuilder/components/dnd/SortableList.tsx
FN:9,SortableList
FN:11,(anonymous_2)
FNF:2
FNH:0
FNDA:0,SortableList
FNDA:0,(anonymous_2)
DA:1,1
DA:2,1
DA:9,1
DA:10,0
DA:11,0
LF:5
LH:3
BRF:0
BRH:0
end_of_record
TN:
SF:src/EmailBuilder/components/dnd/index.ts
FN:1,(anonymous_0)
FN:2,(anonymous_1)
FN:3,(anonymous_2)
FN:4,(anonymous_3)
FNF:4
FNH:1
FNDA:4,(anonymous_0)
FNDA:0,(anonymous_1)
FNDA:0,(anonymous_2)
FNDA:0,(anonymous_3)
DA:1,5
DA:2,1
DA:3,1
DA:4,1
LF:4
LH:4
BRF:0
BRH:0
end_of_record
TN:
SF:src/EmailBuilder/context/EmailBuilderContext.tsx
FN:43,(anonymous_9)
FN:56,(anonymous_10)
FN:63,(anonymous_11)
FN:66,(anonymous_12)
FN:73,(anonymous_13)
FN:74,(anonymous_14)
FN:86,(anonymous_15)
FN:87,(anonymous_16)
FN:99,(anonymous_17)
FN:100,(anonymous_18)
FN:112,(anonymous_19)
FN:120,(anonymous_20)
FN:130,(anonymous_21)
FN:147,(anonymous_22)
FN:148,(anonymous_23)
FN:156,(anonymous_24)
FN:166,(anonymous_25)
FN:167,(anonymous_26)
FN:192,(anonymous_27)
FN:202,(anonymous_28)
FN:204,(anonymous_29)
FN:205,(anonymous_30)
FN:210,(anonymous_31)
FN:221,(anonymous_32)
FN:222,(anonymous_33)
FN:231,(anonymous_34)
FN:232,(anonymous_35)
FN:241,(anonymous_36)
FN:242,(anonymous_37)
FN:255,(anonymous_38)
FN:256,(anonymous_39)
FN:265,(anonymous_40)
FNF:32
FNH:25
FNDA:155,(anonymous_9)
FNDA:28,(anonymous_10)
FNDA:16,(anonymous_11)
FNDA:0,(anonymous_12)
FNDA:2,(anonymous_13)
FNDA:2,(anonymous_14)
FNDA:1,(anonymous_15)
FNDA:1,(anonymous_16)
FNDA:3,(anonymous_17)
FNDA:3,(anonymous_18)
FNDA:0,(anonymous_19)
FNDA:0,(anonymous_20)
FNDA:1,(anonymous_21)
FNDA:1,(anonymous_22)
FNDA:1,(anonymous_23)
FNDA:0,(anonymous_24)
FNDA:1,(anonymous_25)
FNDA:1,(anonymous_26)
FNDA:0,(anonymous_27)
FNDA:1,(anonymous_28)
FNDA:1,(anonymous_29)
FNDA:0,(anonymous_30)
FNDA:0,(anonymous_31)
FNDA:1,(anonymous_32)
FNDA:1,(anonymous_33)
FNDA:1,(anonymous_34)
FNDA:1,(anonymous_35)
FNDA:1,(anonymous_36)
FNDA:1,(anonymous_37)
FNDA:1,(anonymous_38)
FNDA:1,(anonymous_39)
FNDA:28,(anonymous_40)
DA:1,23
DA:3,23
DA:4,23
DA:5,23
DA:6,23
DA:41,23
DA:43,23
DA:44,155
DA:45,155
DA:46,4
DA:48,151
DA:56,23
DA:57,28
DA:59,28
DA:60,28
DA:61,28
DA:63,28
DA:65,28
DA:67,0
DA:72,28
DA:74,2
DA:85,28
DA:87,1
DA:98,28
DA:100,3
DA:101,3
DA:103,3
DA:104,1
DA:107,2
DA:108,1
DA:109,0
DA:110,0
DA:112,0
DA:113,0
DA:114,0
DA:117,0
DA:118,0
DA:121,0
DA:122,0
DA:127,0
DA:130,1
DA:131,1
DA:132,1
DA:135,1
DA:136,1
DA:137,1
DA:140,0
DA:147,28
DA:148,1
DA:149,1
DA:150,1
DA:152,0
DA:153,0
DA:154,0
DA:156,0
DA:162,0
DA:166,28
DA:167,1
DA:168,1
DA:169,1
DA:170,1
DA:173,1
DA:174,0
DA:175,0
DA:177,1
DA:180,1
DA:188,0
DA:189,0
DA:190,0
DA:192,0
DA:198,0
DA:202,28
DA:203,1
DA:204,1
DA:206,0
DA:207,0
DA:208,0
DA:210,0
DA:216,0
DA:220,28
DA:222,1
DA:230,28
DA:232,1
DA:240,28
DA:242,1
DA:247,1
DA:248,0
DA:254,28
DA:256,1
DA:264,28
DA:265,28
DA:291,28
LF:92
LH:62
BRDA:45,0,0,4
BRDA:45,0,1,151
BRDA:101,1,0,3
BRDA:101,1,1,0
BRDA:103,2,0,1
BRDA:103,2,1,2
BRDA:103,3,0,3
BRDA:103,3,1,2
BRDA:107,4,0,1
BRDA:107,4,1,1
BRDA:108,5,0,0
BRDA:108,5,1,1
BRDA:110,6,0,0
BRDA:110,6,1,0
BRDA:110,7,0,0
BRDA:110,7,1,0
BRDA:113,8,0,0
BRDA:113,8,1,0
BRDA:113,9,0,0
BRDA:113,9,1,0
BRDA:121,10,0,0
BRDA:121,10,1,0
BRDA:122,11,0,0
BRDA:122,11,1,0
BRDA:131,12,0,1
BRDA:131,12,1,0
BRDA:135,13,0,1
BRDA:135,13,1,0
BRDA:149,14,0,1
BRDA:149,14,1,0
BRDA:152,15,0,0
BRDA:152,15,1,0
BRDA:168,16,0,1
BRDA:168,16,1,0
BRDA:169,17,0,1
BRDA:169,17,1,0
BRDA:173,18,0,0
BRDA:173,18,1,1
BRDA:177,19,0,1
BRDA:177,19,1,1
BRDA:188,20,0,0
BRDA:188,20,1,0
BRDA:206,21,0,0
BRDA:206,21,1,0
BRDA:247,22,0,0
BRDA:247,22,1,1
BRF:46
BRH:19
end_of_record
TN:
SF:src/EmailBuilder/context/index.ts
FNF:0
FNH:0
DA:1,21
LF:1
LH:1
BRF:0
BRH:0
end_of_record
TN:
SF:src/EmailBuilder/hooks/useHistory.ts
FN:26,useHistory
FN:38,(anonymous_1)
FN:39,(anonymous_2)
FN:50,(anonymous_3)
FN:51,(anonymous_4)
FN:62,(anonymous_5)
FN:63,(anonymous_6)
FNF:7
FNH:7
FNDA:47,useHistory
FNDA:5,(anonymous_1)
FNDA:5,(anonymous_2)
FNDA:3,(anonymous_3)
FNDA:3,(anonymous_4)
FNDA:18,(anonymous_5)
FNDA:18,(anonymous_6)
DA:1,24
DA:26,24
DA:27,47
DA:32,47
DA:34,47
DA:35,47
DA:36,47
DA:38,47
DA:39,5
DA:40,5
DA:41,4
DA:46,1
DA:50,47
DA:51,3
DA:52,3
DA:53,2
DA:58,1
DA:62,47
DA:63,18
DA:64,18
DA:65,18
DA:67,18
DA:68,1
DA:71,17
DA:72,17
DA:74,17
DA:75,1
DA:78,17
DA:85,47
LF:29
LH:29
BRDA:26,0,0,44
BRDA:40,1,0,4
BRDA:40,1,1,1
BRDA:52,2,0,2
BRDA:52,2,1,1
BRDA:65,3,0,11
BRDA:65,3,1,7
BRDA:67,4,0,1
BRDA:67,4,1,17
BRDA:74,5,0,1
BRDA:74,5,1,16
BRF:11
BRH:11
end_of_record
TN:
SF:src/EmailBuilder/types/block-capabilities.ts
FN:155,getBlockCapabilities
FNF:1
FNH:1
FNDA:8,getBlockCapabilities
DA:6,7
DA:20,7
DA:155,7
DA:156,8
LF:4
LH:4
BRF:0
BRH:0
end_of_record
TN:
SF:src/EmailBuilder/types/dnd.ts
FNF:0
FNH:0
DA:16,7
LF:1
LH:1
BRF:0
BRH:0
end_of_record
TN:
SF:src/EmailBuilder/types/enums.ts
FN:6,(anonymous_0)
FN:14,(anonymous_1)
FN:29,(anonymous_2)
FN:38,(anonymous_3)
FN:44,(anonymous_4)
FN:50,(anonymous_5)
FN:60,(anonymous_6)
FNF:7
FNH:7
FNDA:29,(anonymous_0)
FNDA:29,(anonymous_1)
FNDA:29,(anonymous_2)
FNDA:29,(anonymous_3)
FNDA:29,(anonymous_4)
FNDA:29,(anonymous_5)
FNDA:29,(anonymous_6)
DA:6,29
DA:7,29
DA:8,29
DA:9,29
DA:10,29
DA:11,29
DA:14,29
DA:15,29
DA:16,29
DA:17,29
DA:18,29
DA:19,29
DA:20,29
DA:21,29
DA:22,29
DA:23,29
DA:24,29
DA:25,29
DA:26,29
DA:29,29
DA:30,29
DA:31,29
DA:32,29
DA:33,29
DA:34,29
DA:35,29
DA:38,29
DA:39,29
DA:40,29
DA:41,29
DA:44,29
DA:45,29
DA:46,29
DA:47,29
DA:50,29
DA:51,29
DA:52,29
DA:53,29
DA:54,29
DA:55,29
DA:56,29
DA:57,29
DA:60,29
DA:61,29
DA:62,29
LF:45
LH:45
BRDA:6,0,0,29
BRDA:6,0,1,29
BRDA:14,1,0,29
BRDA:14,1,1,29
BRDA:29,2,0,29
BRDA:29,2,1,29
BRDA:38,3,0,29
BRDA:38,3,1,29
BRDA:44,4,0,29
BRDA:44,4,1,29
BRDA:50,5,0,29
BRDA:50,5,1,29
BRDA:60,6,0,29
BRDA:60,6,1,29
BRF:14
BRH:14
end_of_record
TN:
SF:src/EmailBuilder/types/index.ts
FNF:0
FNH:0
DA:5,6
DA:6,6
DA:7,6
DA:8,6
DA:9,6
DA:10,6
LF:6
LH:6
BRF:0
BRH:0
end_of_record
TN:
SF:src/EmailBuilder/utils/blockRegistry.ts
FNF:0
FNH:0
DA:3,4
DA:4,4
DA:5,4
DA:6,4
DA:7,4
DA:8,4
DA:9,4
DA:10,4
DA:11,4
DA:12,4
DA:13,4
DA:14,4
DA:25,4
LF:13
LH:13
BRF:0
BRH:0
end_of_record
TN:
SF:src/EmailBuilder/utils/blockUtils.ts
FN:6,(anonymous_0)
FNF:1
FNH:1
FNDA:15,(anonymous_0)
DA:1,3
DA:6,3
DA:7,15
DA:8,17
DA:10,11
DA:11,3
DA:12,3
DA:13,5
DA:14,5
DA:18,8
LF:10
LH:10
BRDA:8,0,0,6
BRDA:8,0,1,11
BRDA:10,1,0,3
BRDA:10,1,1,8
BRDA:12,2,0,3
BRDA:12,2,1,0
BRDA:13,3,0,5
BRDA:13,3,1,0
BRDA:14,4,0,1
BRDA:14,4,1,4
BRF:10
BRH:8
end_of_record
TN:
SF:src/EmailBuilder/utils/json-to-html.ts
FN:23,(anonymous_0)
FN:25,(anonymous_1)
FN:26,(anonymous_2)
FN:36,(anonymous_3)
FN:46,(anonymous_4)
FN:77,(anonymous_5)
FN:123,(anonymous_6)
FN:124,(anonymous_7)
FN:132,(anonymous_8)
FN:140,(anonymous_9)
FN:168,(anonymous_10)
FN:176,(anonymous_11)
FNF:12
FNH:12
FNDA:102,(anonymous_0)
FNDA:1224,(anonymous_1)
FNDA:62,(anonymous_2)
FNDA:48,(anonymous_3)
FNDA:48,(anonymous_4)
FNDA:48,(anonymous_5)
FNDA:8,(anonymous_6)
FNDA:4,(anonymous_7)
FNDA:4,(anonymous_8)
FNDA:4,(anonymous_9)
FNDA:6,(anonymous_10)
FNDA:44,(anonymous_11)
DA:2,2
DA:18,2
DA:23,2
DA:24,102
DA:25,1224
DA:27,62
DA:28,62
DA:36,2
DA:37,48
DA:38,48
DA:39,48
DA:40,0
DA:46,2
DA:47,48
DA:49,48
DA:53,16
DA:54,16
DA:56,4
DA:57,4
DA:59,4
DA:60,4
DA:62,4
DA:63,4
DA:65,4
DA:66,4
DA:68,16
DA:71,48
DA:77,2
DA:78,48
DA:79,48
DA:80,48
DA:82,48
DA:84,48
DA:86,4
DA:87,4
DA:88,4
DA:89,4
DA:92,8
DA:93,8
DA:94,8
DA:97,4
DA:98,4
DA:99,4
DA:100,4
DA:103,4
DA:104,4
DA:105,4
DA:108,4
DA:109,4
DA:112,4
DA:113,4
DA:114,4
DA:117,4
DA:118,4
DA:119,4
DA:122,4
DA:123,4
DA:124,8
DA:125,8
DA:127,4
DA:128,4
DA:131,4
DA:132,4
DA:133,4
DA:135,4
DA:136,4
DA:139,4
DA:140,4
DA:141,4
DA:143,4
DA:144,4
DA:147,4
DA:148,4
DA:152,4
DA:155,0
DA:158,48
DA:168,2
DA:169,6
DA:172,6
DA:173,6
DA:174,6
DA:176,44
DA:180,6
LF:83
LH:81
BRDA:25,0,0,1224
BRDA:25,0,1,62
BRDA:25,0,2,62
BRDA:36,1,0,48
BRDA:37,2,0,0
BRDA:37,2,1,48
BRDA:39,3,0,48
BRDA:39,3,1,0
BRDA:49,4,0,4
BRDA:49,4,1,12
BRDA:49,4,2,16
BRDA:49,4,3,4
BRDA:49,4,4,4
BRDA:49,4,5,4
BRDA:49,4,6,4
BRDA:49,4,7,16
BRDA:53,5,0,16
BRDA:53,5,1,0
BRDA:56,6,0,4
BRDA:56,6,1,0
BRDA:59,7,0,4
BRDA:59,7,1,0
BRDA:59,7,2,0
BRDA:62,8,0,4
BRDA:62,8,1,0
BRDA:65,9,0,4
BRDA:65,9,1,0
BRDA:84,10,0,4
BRDA:84,10,1,8
BRDA:84,10,2,4
BRDA:84,10,3,4
BRDA:84,10,4,4
BRDA:84,10,5,4
BRDA:84,10,6,4
BRDA:84,10,7,4
BRDA:84,10,8,4
BRDA:84,10,9,4
BRDA:84,10,10,4
BRDA:84,10,11,0
BRDA:87,11,0,4
BRDA:87,11,1,0
BRDA:98,12,0,4
BRDA:98,12,1,0
BRDA:99,13,0,4
BRDA:99,13,1,0
BRDA:113,14,0,4
BRDA:113,14,1,0
BRDA:113,15,0,4
BRDA:113,15,1,0
BRDA:123,16,0,4
BRDA:123,16,1,0
BRDA:132,17,0,4
BRDA:132,17,1,0
BRDA:140,18,0,4
BRDA:140,18,1,0
BRDA:149,19,0,4
BRDA:149,19,1,0
BRDA:172,20,0,6
BRDA:172,20,1,3
BRDA:174,21,0,6
BRDA:174,21,1,1
BRDA:185,22,0,6
BRDA:185,22,1,2
BRDA:187,23,0,6
BRDA:187,23,1,2
BRDA:191,24,0,6
BRDA:191,24,1,2
BRF:67
BRH:49
end_of_record
TN:
SF:src/EmailBuilder/utils/styleUtils.ts
FN:8,(anonymous_0)
FN:16,(anonymous_1)
FN:42,(anonymous_2)
FN:49,(anonymous_3)
FN:62,(anonymous_4)
FN:76,(anonymous_5)
FN:99,(anonymous_6)
FN:114,(anonymous_7)
FNF:8
FNH:8
FNDA:21,(anonymous_0)
FNDA:211,(anonymous_1)
FNDA:1182,(anonymous_2)
FNDA:79,(anonymous_3)
FNDA:79,(anonymous_4)
FNDA:93,(anonymous_5)
FNDA:79,(anonymous_6)
FNDA:11,(anonymous_7)
DA:3,25
DA:8,25
DA:9,21
DA:10,17
DA:16,25
DA:21,211
DA:23,210
DA:24,1
DA:25,1
DA:27,209
DA:29,209
DA:31,209
DA:33,50
DA:34,4
DA:35,4
DA:36,3
DA:39,46
DA:42,25
DA:43,1182
DA:44,40
DA:45,40
DA:46,1
DA:49,25
DA:50,79
DA:51,1
DA:52,1
DA:53,0
DA:54,0
DA:55,0
DA:56,0
DA:57,0
DA:58,0
DA:62,25
DA:63,79
DA:64,6
DA:65,6
DA:66,6
DA:67,1
DA:68,1
DA:69,1
DA:70,1
DA:71,2
DA:72,0
DA:76,25
DA:77,93
DA:79,93
DA:99,25
DA:100,79
DA:102,79
DA:114,25
DA:115,11
LF:51
LH:44
BRDA:9,0,0,4
BRDA:9,0,1,17
BRDA:19,1,0,208
BRDA:21,2,0,1
BRDA:21,2,1,210
BRDA:23,3,0,1
BRDA:23,3,1,209
BRDA:31,4,0,159
BRDA:31,4,1,50
BRDA:33,5,0,4
BRDA:33,5,1,46
BRDA:35,6,0,1
BRDA:35,6,1,3
BRDA:42,7,0,1182
BRDA:43,8,0,1142
BRDA:43,8,1,40
BRDA:43,9,0,1182
BRDA:43,9,1,40
BRDA:43,9,2,40
BRDA:45,10,0,39
BRDA:45,10,1,1
BRDA:50,11,0,78
BRDA:50,11,1,1
BRDA:50,12,0,79
BRDA:50,12,1,2
BRDA:51,13,0,1
BRDA:51,13,1,0
BRDA:51,13,2,0
BRDA:51,13,3,0
BRDA:51,13,4,0
BRDA:51,13,5,0
BRDA:51,13,6,0
BRDA:63,14,0,73
BRDA:63,14,1,6
BRDA:64,15,0,0
BRDA:64,15,1,6
BRDA:65,16,0,0
BRDA:65,16,1,6
BRDA:66,17,0,1
BRDA:66,17,1,1
BRDA:66,17,2,1
BRDA:66,17,3,1
BRDA:66,17,4,2
BRDA:66,17,5,0
BRDA:76,18,0,54
BRDA:99,19,0,58
BRDA:104,20,0,6
BRDA:104,20,1,73
BRDA:104,21,0,6
BRDA:104,21,1,5
BRDA:110,22,0,1
BRDA:110,22,1,78
BRDA:110,23,0,1
BRDA:110,23,1,1
BRDA:114,24,0,0
BRDA:116,25,0,5
BRDA:116,25,1,6
BRF:57
BRH:47
end_of_record
TN:
SF:src/EmailBuilder/utils/dnd/utils.ts
FN:9,(anonymous_0)
FN:11,(anonymous_1)
FN:42,(anonymous_2)
FN:44,(anonymous_3)
FN:54,(anonymous_4)
FN:57,(anonymous_5)
FN:58,(anonymous_6)
FN:62,(anonymous_7)
FN:73,(anonymous_8)
FN:77,(anonymous_9)
FN:89,createBlockFromType
FNF:11
FNH:11
FNDA:10,(anonymous_0)
FNDA:21,(anonymous_1)
FNDA:21,(anonymous_2)
FNDA:42,(anonymous_3)
FNDA:21,(anonymous_4)
FNDA:23,(anonymous_5)
FNDA:6,(anonymous_6)
FNDA:2,(anonymous_7)
FNDA:21,(anonymous_8)
FNDA:6,(anonymous_9)
FNDA:21,createBlockFromType
DA:5,2
DA:7,2
DA:9,10
DA:11,2
DA:12,21
DA:14,2
DA:16,9
DA:18,1
DA:20,0
DA:22,1
DA:24,2
DA:26,1
DA:28,1
DA:30,1
DA:32,1
DA:34,1
DA:36,1
DA:38,0
DA:42,2
DA:43,21
DA:44,21
DA:45,42
DA:46,21
DA:48,21
DA:51,21
DA:54,2
DA:55,21
DA:57,21
DA:58,23
DA:59,6
DA:61,6
DA:62,1
DA:63,2
DA:69,21
DA:70,21
DA:73,2
DA:74,21
DA:75,21
DA:77,21
DA:78,6
DA:80,3
DA:81,3
DA:83,3
DA:86,21
DA:89,2
DA:96,21
DA:97,21
DA:98,21
DA:100,21
DA:102,2
DA:103,2
DA:113,9
DA:121,1
DA:130,0
DA:139,1
DA:148,2
DA:159,1
DA:166,1
DA:174,1
DA:182,1
DA:191,1
DA:203,1
DA:215,0
LF:63
LH:59
BRDA:12,0,0,2
BRDA:12,0,1,9
BRDA:12,0,2,1
BRDA:12,0,3,0
BRDA:12,0,4,1
BRDA:12,0,5,2
BRDA:12,0,6,1
BRDA:12,0,7,1
BRDA:12,0,8,1
BRDA:12,0,9,1
BRDA:12,0,10,1
BRDA:12,0,11,1
BRDA:12,0,12,0
BRDA:45,1,0,21
BRDA:45,1,1,21
BRDA:61,2,0,1
BRDA:61,2,1,5
BRDA:63,3,0,2
BRDA:63,3,1,0
BRDA:73,4,0,0
BRDA:78,5,0,3
BRDA:78,5,1,3
BRDA:81,6,0,0
BRDA:81,6,1,3
BRDA:81,7,0,3
BRDA:81,7,1,3
BRDA:92,8,0,15
BRDA:93,9,0,19
BRDA:98,10,0,0
BRDA:98,10,1,21
BRDA:100,11,0,2
BRDA:100,11,1,9
BRDA:100,11,2,1
BRDA:100,11,3,0
BRDA:100,11,4,1
BRDA:100,11,5,2
BRDA:100,11,6,1
BRDA:100,11,7,1
BRDA:100,11,8,1
BRDA:100,11,9,1
BRDA:100,11,10,1
BRDA:100,11,11,1
BRDA:100,11,12,0
BRDA:107,12,0,2
BRDA:107,12,1,0
BRF:45
BRH:36
end_of_record
TN:
SF:src/FileExplorer/FileExplorer.tsx
FN:18,(anonymous_9)
FN:34,(anonymous_10)
FN:38,(anonymous_11)
FN:39,(anonymous_12)
FN:40,(anonymous_13)
FN:60,(anonymous_14)
FNF:6
FNH:0
FNDA:0,(anonymous_9)
FNDA:0,(anonymous_10)
FNDA:0,(anonymous_11)
FNDA:0,(anonymous_12)
FNDA:0,(anonymous_13)
FNDA:0,(anonymous_14)
DA:1,0
DA:2,0
DA:3,0
DA:4,0
DA:5,0
DA:6,0
DA:18,0
DA:19,0
DA:20,0
DA:21,0
DA:22,0
DA:24,0
DA:34,0
DA:38,0
DA:39,0
DA:40,0
DA:60,0
DA:61,0
DA:68,0
LF:19
LH:0
BRF:0
BRH:0
end_of_record
TN:
SF:src/FileExplorer/index.ts
FN:2,(anonymous_5)
FNF:1
FNH:0
FNDA:0,(anonymous_5)
DA:1,0
DA:2,0
LF:2
LH:0
BRF:0
BRH:0
end_of_record
TN:
SF:src/FileExplorer/components/BaseExplorerRow.tsx
FN:30,(anonymous_1)
FN:63,(anonymous_2)
FN:71,(anonymous_3)
FN:75,(anonymous_4)
FNF:4
FNH:0
FNDA:0,(anonymous_1)
FNDA:0,(anonymous_2)
FNDA:0,(anonymous_3)
FNDA:0,(anonymous_4)
DA:1,0
DA:2,0
DA:3,0
DA:4,0
DA:10,0
DA:30,0
DA:39,0
DA:63,0
DA:72,0
DA:76,0
DA:77,0
LF:11
LH:0
BRDA:48,0,0,0
BRDA:48,0,1,0
BRDA:81,1,0,0
BRDA:81,1,1,0
BRF:4
BRH:0
end_of_record
TN:
SF:src/FileExplorer/components/CreateItemDialog.tsx
FN:25,(anonymous_9)
FN:44,(anonymous_10)
FN:49,(anonymous_11)
FN:65,(anonymous_12)
FN:80,(anonymous_13)
FN:95,(anonymous_14)
FN:120,(anonymous_15)
FN:125,(anonymous_16)
FN:146,(anonymous_17)
FNF:9
FNH:0
FNDA:0,(anonymous_9)
FNDA:0,(anonymous_10)
FNDA:0,(anonymous_11)
FNDA:0,(anonymous_12)
FNDA:0,(anonymous_13)
FNDA:0,(anonymous_14)
FNDA:0,(anonymous_15)
FNDA:0,(anonymous_16)
FNDA:0,(anonymous_17)
DA:1,0
DA:2,0
DA:3,0
DA:4,0
DA:25,0
DA:26,0
DA:27,0
DA:44,0
DA:45,0
DA:46,0
DA:47,0
DA:49,0
DA:51,0
DA:52,0
DA:53,0
DA:56,0
DA:59,0
DA:65,0
DA:80,0
DA:95,0
DA:121,0
DA:125,0
DA:146,0
DA:158,0
DA:175,0
LF:25
LH:0
BRDA:29,0,0,0
BRDA:29,0,1,0
BRDA:33,1,0,0
BRDA:33,1,1,0
BRDA:51,2,0,0
BRDA:51,2,1,0
BRDA:52,3,0,0
BRDA:52,3,1,0
BRDA:63,4,0,0
BRDA:63,4,1,0
BRDA:67,5,0,0
BRDA:67,5,1,0
BRDA:78,6,0,0
BRDA:78,6,1,0
BRDA:82,7,0,0
BRDA:82,7,1,0
BRDA:93,8,0,0
BRDA:93,8,1,0
BRDA:97,9,0,0
BRDA:97,9,1,0
BRDA:111,10,0,0
BRDA:111,10,1,0
BRDA:118,11,0,0
BRDA:118,11,1,0
BRDA:120,12,0,0
BRDA:120,12,1,0
BRDA:135,13,0,0
BRDA:135,13,1,0
BRDA:164,14,0,0
BRDA:164,14,1,0
BRDA:164,14,2,0
BRDA:164,14,3,0
BRDA:169,15,0,0
BRDA:169,15,1,0
BRF:34
BRH:0
end_of_record
TN:
SF:src/FileExplorer/components/FileExplorerBreadCrumb.tsx
FN:8,(anonymous_1)
FN:27,(anonymous_2)
FN:33,(anonymous_3)
FN:39,(anonymous_4)
FNF:4
FNH:0
FNDA:0,(anonymous_1)
FNDA:0,(anonymous_2)
FNDA:0,(anonymous_3)
FNDA:0,(anonymous_4)
DA:1,0
DA:2,0
DA:3,0
DA:4,0
DA:5,0
DA:6,0
DA:8,0
DA:15,0
DA:17,0
DA:18,0
DA:21,0
DA:27,0
DA:34,0
DA:39,0
LF:14
LH:0
BRDA:17,0,0,0
BRDA:17,0,1,0
BRDA:17,1,0,0
BRDA:17,1,1,0
BRDA:38,2,0,0
BRDA:38,2,1,0
BRF:6
BRH:0
end_of_record
TN:
SF:src/FileExplorer/components/FileExplorerHeader.tsx
FN:11,(anonymous_1)
FNF:1
FNH:0
FNDA:0,(anonymous_1)
DA:1,0
DA:2,0
DA:3,0
DA:11,0
DA:12,0
LF:5
LH:0
BRF:0
BRH:0
end_of_record
TN:
SF:src/FileExplorer/components/FileExplorerModals.tsx
FN:26,(anonymous_1)
FN:45,(anonymous_2)
FN:64,(anonymous_3)
FN:73,(anonymous_4)
FN:74,(anonymous_5)
FN:74,(anonymous_6)
FN:83,(anonymous_7)
FN:91,(anonymous_8)
FN:92,(anonymous_9)
FN:92,(anonymous_10)
FN:108,(anonymous_11)
FN:113,(anonymous_12)
FN:127,(anonymous_13)
FN:141,(anonymous_14)
FN:145,(anonymous_15)
FN:147,(anonymous_16)
FN:149,(anonymous_17)
FN:159,(anonymous_18)
FN:168,(anonymous_19)
FN:176,(anonymous_20)
FNF:20
FNH:0
FNDA:0,(anonymous_1)
FNDA:0,(anonymous_2)
FNDA:0,(anonymous_3)
FNDA:0,(anonymous_4)
FNDA:0,(anonymous_5)
FNDA:0,(anonymous_6)
FNDA:0,(anonymous_7)
FNDA:0,(anonymous_8)
FNDA:0,(anonymous_9)
FNDA:0,(anonymous_10)
FNDA:0,(anonymous_11)
FNDA:0,(anonymous_12)
FNDA:0,(anonymous_13)
FNDA:0,(anonymous_14)
FNDA:0,(anonymous_15)
FNDA:0,(anonymous_16)
FNDA:0,(anonymous_17)
FNDA:0,(anonymous_18)
FNDA:0,(anonymous_19)
FNDA:0,(anonymous_20)
DA:1,0
DA:2,0
DA:3,0
DA:4,0
DA:5,0
DA:6,0
DA:7,0
DA:8,0
DA:9,0
DA:10,0
DA:11,0
DA:26,0
DA:43,0
DA:45,0
DA:46,0
DA:48,0
DA:49,0
DA:52,0
DA:64,0
DA:72,0
DA:73,0
DA:74,0
DA:79,0
DA:83,0
DA:90,0
DA:91,0
DA:92,0
DA:96,0
DA:99,0
DA:108,0
DA:114,0
DA:115,0
DA:116,0
DA:118,0
DA:119,0
DA:127,0
DA:140,0
DA:142,0
DA:143,0
DA:146,0
DA:147,0
DA:149,0
DA:155,0
DA:159,0
DA:168,0
DA:177,0
DA:178,0
LF:47
LH:0
BRDA:45,0,0,0
BRDA:45,0,1,0
BRDA:49,1,0,0
BRDA:49,1,1,0
BRDA:106,2,0,0
BRDA:106,2,1,0
BRDA:111,3,0,0
BRDA:111,3,1,0
BRDA:114,4,0,0
BRDA:114,4,1,0
BRDA:114,5,0,0
BRDA:114,5,1,0
BRDA:116,6,0,0
BRDA:116,6,1,0
BRDA:125,7,0,0
BRDA:125,7,1,0
BRDA:131,8,0,0
BRDA:131,8,1,0
BRDA:146,9,0,0
BRDA:146,9,1,0
BRDA:175,10,0,0
BRDA:175,10,1,0
BRDA:180,11,0,0
BRDA:180,11,1,0
BRDA:183,12,0,0
BRDA:183,12,1,0
BRF:26
BRH:0
end_of_record
TN:
SF:src/FileExplorer/components/FileExplorerPagination.tsx
FN:15,(anonymous_1)
FN:30,(anonymous_2)
FN:39,(anonymous_3)
FN:57,(anonymous_4)
FN:57,(anonymous_5)
FN:62,(anonymous_6)
FN:73,(anonymous_7)
FN:95,(anonymous_8)
FN:95,(anonymous_9)
FNF:9
FNH:0
FNDA:0,(anonymous_1)
FNDA:0,(anonymous_2)
FNDA:0,(anonymous_3)
FNDA:0,(anonymous_4)
FNDA:0,(anonymous_5)
FNDA:0,(anonymous_6)
FNDA:0,(anonymous_7)
FNDA:0,(anonymous_8)
FNDA:0,(anonymous_9)
DA:1,0
DA:2,0
DA:11,0
DA:12,0
DA:13,0
DA:15,0
DA:22,0
DA:24,0
DA:31,0
DA:32,0
DA:40,0
DA:57,0
DA:63,0
DA:64,0
DA:69,0
DA:73,0
DA:80,0
DA:84,0
DA:90,0
DA:95,0
LF:20
LH:0
BRDA:48,0,0,0
BRDA:48,0,1,0
BRDA:58,1,0,0
BRDA:58,1,1,0
BRDA:64,2,0,0
BRDA:64,2,1,0
BRDA:65,3,0,0
BRDA:65,3,1,0
BRDA:65,3,2,0
BRDA:65,3,3,0
BRDA:80,4,0,0
BRDA:80,4,1,0
BRDA:81,5,0,0
BRDA:81,5,1,0
BRDA:96,6,0,0
BRDA:96,6,1,0
BRF:16
BRH:0
end_of_record
TN:
SF:src/FileExplorer/components/FileExplorerTable.tsx
FN:25,(anonymous_1)
FN:45,(anonymous_2)
FN:54,(anonymous_3)
FN:68,(anonymous_4)
FN:79,(anonymous_5)
FN:92,(anonymous_6)
FNF:6
FNH:0
FNDA:0,(anonymous_1)
FNDA:0,(anonymous_2)
FNDA:0,(anonymous_3)
FNDA:0,(anonymous_4)
FNDA:0,(anonymous_5)
FNDA:0,(anonymous_6)
DA:1,0
DA:2,0
DA:3,0
DA:11,0
DA:12,0
DA:13,0
DA:14,0
DA:15,0
DA:16,0
DA:25,0
DA:37,0
DA:39,0
DA:45,0
DA:54,0
DA:68,0
DA:79,0
DA:93,0
LF:17
LH:0
BRDA:48,0,0,0
BRDA:48,0,1,0
BRDA:49,1,0,0
BRDA:49,1,1,0
BRDA:53,2,0,0
BRDA:53,2,1,0
BRDA:57,3,0,0
BRDA:57,3,1,0
BRDA:58,4,0,0
BRDA:58,4,1,0
BRDA:66,5,0,0
BRDA:66,5,1,0
BRDA:68,6,0,0
BRDA:68,6,1,0
BRDA:72,7,0,0
BRDA:72,7,1,0
BRDA:73,8,0,0
BRDA:73,8,1,0
BRDA:74,9,0,0
BRDA:74,9,1,0
BRDA:82,10,0,0
BRDA:82,10,1,0
BRDA:83,11,0,0
BRDA:83,11,1,0
BRDA:91,12,0,0
BRDA:91,12,1,0
BRDA:93,13,0,0
BRDA:93,13,1,0
BRDA:111,14,0,0
BRDA:111,14,1,0
BRDA:118,15,0,0
BRDA:118,15,1,0
BRDA:120,16,0,0
BRDA:120,16,1,0
BRF:34
BRH:0
end_of_record
TN:
SF:src/FileExplorer/components/FileExplorerToolbar.tsx
FN:18,(anonymous_1)
FN:36,(anonymous_2)
FN:44,(anonymous_3)
FN:53,(anonymous_4)
FNF:4
FNH:0
FNDA:0,(anonymous_1)
FNDA:0,(anonymous_2)
FNDA:0,(anonymous_3)
FNDA:0,(anonymous_4)
DA:1,0
DA:2,0
DA:8,0
DA:9,0
DA:10,0
DA:11,0
DA:12,0
DA:18,0
DA:25,0
DA:27,0
DA:36,0
DA:44,0
DA:53,0
LF:13
LH:0
BRDA:43,0,0,0
BRDA:43,0,1,0
BRDA:52,1,0,0
BRDA:52,1,1,0
BRDA:62,2,0,0
BRDA:62,2,1,0
BRF:6
BRH:0
end_of_record
TN:
SF:src/FileExplorer/components/FileItemRow.tsx
FN:24,(anonymous_1)
FN:40,(anonymous_2)
FN:44,(anonymous_3)
FN:60,(anonymous_4)
FN:65,(anonymous_5)
FN:70,(anonymous_6)
FN:80,(anonymous_7)
FN:84,(anonymous_8)
FN:86,(anonymous_9)
FNF:9
FNH:0
FNDA:0,(anonymous_1)
FNDA:0,(anonymous_2)
FNDA:0,(anonymous_3)
FNDA:0,(anonymous_4)
FNDA:0,(anonymous_5)
FNDA:0,(anonymous_6)
FNDA:0,(anonymous_7)
FNDA:0,(anonymous_8)
FNDA:0,(anonymous_9)
DA:1,0
DA:2,0
DA:3,0
DA:10,0
DA:11,0
DA:12,0
DA:13,0
DA:14,0
DA:15,0
DA:16,0
DA:24,0
DA:37,0
DA:38,0
DA:40,0
DA:41,0
DA:44,0
DA:45,0
DA:46,0
DA:47,0
DA:48,0
DA:49,0
DA:50,0
DA:52,0
DA:56,0
DA:60,0
DA:65,0
DA:71,0
DA:72,0
DA:73,0
DA:80,0
DA:84,0
DA:85,0
DA:86,0
DA:101,0
DA:112,0
LF:35
LH:0
BRDA:26,0,0,0
BRDA:45,1,0,0
BRDA:45,1,1,0
BRDA:47,2,0,0
BRDA:47,2,1,0
BRDA:49,3,0,0
BRDA:49,3,1,0
BRDA:91,4,0,0
BRDA:91,4,1,0
BRDA:91,4,2,0
BRDA:91,4,3,0
BRDA:101,5,0,0
BRDA:101,5,1,0
BRDA:102,6,0,0
BRDA:102,6,1,0
BRDA:118,7,0,0
BRDA:118,7,1,0
BRF:17
BRH:0
end_of_record
TN:
SF:src/FileExplorer/components/FolderRow.tsx
FN:21,(anonymous_1)
FN:37,(anonymous_2)
FN:46,(anonymous_3)
FN:55,(anonymous_4)
FN:60,(anonymous_5)
FN:70,(anonymous_6)
FN:86,(anonymous_7)
FNF:7
FNH:0
FNDA:0,(anonymous_1)
FNDA:0,(anonymous_2)
FNDA:0,(anonymous_3)
FNDA:0,(anonymous_4)
FNDA:0,(anonymous_5)
FNDA:0,(anonymous_6)
FNDA:0,(anonymous_7)
DA:1,0
DA:2,0
DA:9,0
DA:11,0
DA:12,0
DA:13,0
DA:21,0
DA:33,0
DA:35,0
DA:37,0
DA:38,0
DA:39,0
DA:42,0
DA:47,0
DA:48,0
DA:49,0
DA:55,0
DA:61,0
DA:62,0
DA:63,0
DA:70,0
DA:74,0
DA:87,0
LF:23
LH:0
BRDA:84,0,0,0
BRDA:84,0,1,0
BRF:2
BRH:0
end_of_record
TN:
SF:src/FileExplorer/context/FileExplorerContext.tsx
FN:71,(anonymous_9)
FN:90,(anonymous_10)
FN:98,(anonymous_11)
FN:117,(anonymous_12)
FN:119,(anonymous_13)
FN:125,(anonymous_14)
FN:127,(anonymous_15)
FN:128,(anonymous_16)
FN:133,(anonymous_17)
FN:134,(anonymous_18)
FN:140,(anonymous_19)
FN:148,(anonymous_20)
FN:165,(anonymous_21)
FN:174,(anonymous_22)
FN:175,(anonymous_23)
FN:189,(anonymous_24)
FN:199,(anonymous_25)
FN:205,(anonymous_26)
FN:217,(anonymous_27)
FN:218,(anonymous_28)
FN:221,(anonymous_29)
FN:223,(anonymous_30)
FN:231,(anonymous_31)
FN:232,(anonymous_32)
FN:237,(anonymous_33)
FN:239,(anonymous_34)
FN:239,(anonymous_35)
FN:249,(anonymous_36)
FN:253,(anonymous_37)
FN:257,(anonymous_38)
FN:260,(anonymous_39)
FN:263,(anonymous_40)
FN:296,(anonymous_41)
FN:324,(anonymous_42)
FNF:34
FNH:0
FNDA:0,(anonymous_9)
FNDA:0,(anonymous_10)
FNDA:0,(anonymous_11)
FNDA:0,(anonymous_12)
FNDA:0,(anonymous_13)
FNDA:0,(anonymous_14)
FNDA:0,(anonymous_15)
FNDA:0,(anonymous_16)
FNDA:0,(anonymous_17)
FNDA:0,(anonymous_18)
FNDA:0,(anonymous_19)
FNDA:0,(anonymous_20)
FNDA:0,(anonymous_21)
FNDA:0,(anonymous_22)
FNDA:0,(anonymous_23)
FNDA:0,(anonymous_24)
FNDA:0,(anonymous_25)
FNDA:0,(anonymous_26)
FNDA:0,(anonymous_27)
FNDA:0,(anonymous_28)
FNDA:0,(anonymous_29)
FNDA:0,(anonymous_30)
FNDA:0,(anonymous_31)
FNDA:0,(anonymous_32)
FNDA:0,(anonymous_33)
FNDA:0,(anonymous_34)
FNDA:0,(anonymous_35)
FNDA:0,(anonymous_36)
FNDA:0,(anonymous_37)
FNDA:0,(anonymous_38)
FNDA:0,(anonymous_39)
FNDA:0,(anonymous_40)
FNDA:0,(anonymous_41)
FNDA:0,(anonymous_42)
DA:1,0
DA:10,0
DA:62,0
DA:71,0
DA:72,0
DA:73,0
DA:74,0
DA:75,0
DA:76,0
DA:79,0
DA:80,0
DA:81,0
DA:84,0
DA:85,0
DA:86,0
DA:87,0
DA:88,0
DA:90,0
DA:91,0
DA:92,0
DA:93,0
DA:95,0
DA:98,0
DA:99,0
DA:100,0
DA:101,0
DA:102,0
DA:103,0
DA:105,0
DA:107,0
DA:112,0
DA:113,0
DA:114,0
DA:117,0
DA:118,0
DA:119,0
DA:120,0
DA:121,0
DA:122,0
DA:125,0
DA:126,0
DA:127,0
DA:128,0
DA:129,0
DA:133,0
DA:134,0
DA:135,0
DA:136,0
DA:137,0
DA:138,0
DA:139,0
DA:140,0
DA:141,0
DA:142,0
DA:144,0
DA:147,0
DA:148,0
DA:149,0
DA:151,0
DA:152,0
DA:153,0
DA:154,0
DA:155,0
DA:156,0
DA:157,0
DA:162,0
DA:165,0
DA:166,0
DA:167,0
DA:174,0
DA:175,0
DA:185,0
DA:186,0
DA:189,0
DA:190,0
DA:191,0
DA:193,0
DA:194,0
DA:195,0
DA:196,0
DA:199,0
DA:200,0
DA:201,0
DA:202,0
DA:205,0
DA:206,0
DA:214,0
DA:217,0
DA:218,0
DA:221,0
DA:222,0
DA:223,0
DA:224,0
DA:226,0
DA:227,0
DA:228,0
DA:231,0
DA:232,0
DA:233,0
DA:237,0
DA:239,0
DA:240,0
DA:241,0
DA:243,0
DA:244,0
DA:246,0
DA:249,0
DA:250,0
DA:252,0
DA:253,0
DA:254,0
DA:255,0
DA:257,0
DA:260,0
DA:262,0
DA:263,0
DA:264,0
DA:265,0
DA:268,0
DA:269,0
DA:270,0
DA:272,0
DA:273,0
DA:274,0
DA:278,0
DA:279,0
DA:280,0
DA:282,0
DA:283,0
DA:284,0
DA:287,0
DA:288,0
DA:291,0
DA:292,0
DA:296,0
DA:297,0
DA:298,0
DA:302,0
DA:305,0
DA:306,0
DA:311,0
DA:324,0
DA:325,0
DA:326,0
DA:327,0
LF:145
LH:0
BRDA:71,0,0,0
BRDA:71,1,0,0
BRDA:92,2,0,0
BRDA:92,2,1,0
BRDA:92,3,0,0
BRDA:92,3,1,0
BRDA:92,3,2,0
BRDA:99,4,0,0
BRDA:99,4,1,0
BRDA:101,5,0,0
BRDA:101,5,1,0
BRDA:105,6,0,0
BRDA:105,6,1,0
BRDA:118,7,0,0
BRDA:118,7,1,0
BRDA:118,8,0,0
BRDA:118,8,1,0
BRDA:119,9,0,0
BRDA:119,9,1,0
BRDA:127,10,0,0
BRDA:127,10,1,0
BRDA:129,11,0,0
BRDA:129,11,1,0
BRDA:129,12,0,0
BRDA:129,12,1,0
BRDA:129,12,2,0
BRDA:138,13,0,0
BRDA:138,13,1,0
BRDA:141,14,0,0
BRDA:141,14,1,0
BRDA:141,15,0,0
BRDA:141,15,1,0
BRDA:148,16,0,0
BRDA:148,16,1,0
BRDA:153,17,0,0
BRDA:153,17,1,0
BRDA:155,18,0,0
BRDA:155,18,1,0
BRDA:157,19,0,0
BRDA:157,19,1,0
BRDA:190,20,0,0
BRDA:190,20,1,0
BRDA:191,21,0,0
BRDA:191,21,1,0
BRDA:194,22,0,0
BRDA:194,22,1,0
BRDA:194,23,0,0
BRDA:194,23,1,0
BRDA:199,24,0,0
BRDA:199,24,1,0
BRDA:222,25,0,0
BRDA:222,25,1,0
BRDA:224,26,0,0
BRDA:224,26,1,0
BRDA:233,27,0,0
BRDA:233,27,1,0
BRDA:233,28,0,0
BRDA:233,28,1,0
BRDA:240,29,0,0
BRDA:240,29,1,0
BRDA:243,30,0,0
BRDA:243,30,1,0
BRDA:252,31,0,0
BRDA:252,31,1,0
BRDA:254,32,0,0
BRDA:254,32,1,0
BRDA:262,33,0,0
BRDA:262,33,1,0
BRDA:268,34,0,0
BRDA:268,34,1,0
BRDA:269,35,0,0
BRDA:269,35,1,0
BRDA:270,36,0,0
BRDA:270,36,1,0
BRDA:272,37,0,0
BRDA:272,37,1,0
BRDA:273,38,0,0
BRDA:273,38,1,0
BRDA:274,39,0,0
BRDA:274,39,1,0
BRDA:278,40,0,0
BRDA:278,40,1,0
BRDA:279,41,0,0
BRDA:279,41,1,0
BRDA:280,42,0,0
BRDA:280,42,1,0
BRDA:282,43,0,0
BRDA:282,43,1,0
BRDA:283,44,0,0
BRDA:283,44,1,0
BRDA:284,45,0,0
BRDA:284,45,1,0
BRDA:287,46,0,0
BRDA:287,46,1,0
BRDA:287,47,0,0
BRDA:287,47,1,0
BRDA:288,48,0,0
BRDA:288,48,1,0
BRDA:288,49,0,0
BRDA:288,49,1,0
BRDA:291,50,0,0
BRDA:291,50,1,0
BRDA:291,51,0,0
BRDA:291,51,1,0
BRDA:297,52,0,0
BRDA:297,52,1,0
BRDA:297,53,0,0
BRDA:297,53,1,0
BRDA:326,54,0,0
BRDA:326,54,1,0
BRF:110
BRH:0
end_of_record
TN:
SF:src/FileExplorer/types/index.ts
FN:8,(anonymous_0)
FNF:1
FNH:0
FNDA:0,(anonymous_0)
DA:8,0
DA:9,0
DA:10,0
DA:11,0
LF:4
LH:0
BRDA:8,0,0,0
BRDA:8,0,1,0
BRF:2
BRH:0
end_of_record
TN:
SF:src/FileExplorer/utils/helpers.ts
FN:3,(anonymous_0)
FN:5,(anonymous_1)
FN:10,(anonymous_2)
FN:11,(anonymous_3)
FN:12,(anonymous_4)
FN:15,(anonymous_5)
FN:18,(anonymous_6)
FN:35,(anonymous_7)
FN:51,(anonymous_8)
FN:57,(anonymous_9)
FN:80,(anonymous_10)
FNF:11
FNH:0
FNDA:0,(anonymous_0)
FNDA:0,(anonymous_1)
FNDA:0,(anonymous_2)
FNDA:0,(anonymous_3)
FNDA:0,(anonymous_4)
FNDA:0,(anonymous_5)
FNDA:0,(anonymous_6)
FNDA:0,(anonymous_7)
FNDA:0,(anonymous_8)
FNDA:0,(anonymous_9)
FNDA:0,(anonymous_10)
DA:3,0
DA:4,0
DA:5,0
DA:6,0
DA:7,0
DA:10,0
DA:11,0
DA:12,0
DA:15,0
DA:16,0
DA:17,0
DA:18,0
DA:21,0
DA:35,0
DA:36,0
DA:37,0
DA:38,0
DA:40,0
DA:41,0
DA:42,0
DA:43,0
DA:44,0
DA:45,0
DA:48,0
DA:51,0
DA:52,0
DA:53,0
DA:54,0
DA:55,0
DA:57,0
DA:58,0
DA:59,0
DA:60,0
DA:61,0
DA:63,0
DA:65,0
DA:66,0
DA:67,0
DA:68,0
DA:73,0
DA:80,0
DA:81,0
DA:82,0
DA:83,0
DA:85,0
DA:86,0
DA:88,0
LF:47
LH:0
BRDA:4,0,0,0
BRDA:4,0,1,0
BRDA:6,1,0,0
BRDA:6,1,1,0
BRDA:16,2,0,0
BRDA:16,2,1,0
BRDA:36,3,0,0
BRDA:36,3,1,0
BRDA:38,4,0,0
BRDA:38,4,1,0
BRDA:41,5,0,0
BRDA:41,5,1,0
BRDA:44,6,0,0
BRDA:44,6,1,0
BRDA:44,7,0,0
BRDA:44,7,1,0
BRDA:58,8,0,0
BRDA:58,8,1,0
BRDA:58,9,0,0
BRDA:58,9,1,0
BRDA:60,10,0,0
BRDA:60,10,1,0
BRDA:66,11,0,0
BRDA:66,11,1,0
BRDA:75,12,0,0
BRDA:75,12,1,0
BRDA:82,13,0,0
BRDA:82,13,1,0
BRDA:85,14,0,0
BRDA:85,14,1,0
BRF:30
BRH:0
end_of_record
TN:
SF:src/FormBuilder/FormBuilder.tsx
FN:11,FormBuilder
FNF:1
FNH:0
FNDA:0,FormBuilder
DA:1,0
DA:2,0
DA:3,0
DA:5,0
DA:9,0
DA:11,0
DA:12,0
LF:7
LH:0
BRF:0
BRH:0
end_of_record
TN:
SF:src/FormBuilder/constants.ts
FNF:0
FNH:0
DA:3,43
DA:4,43
DA:7,43
DA:16,43
DA:17,43
DA:18,43
DA:20,43
LF:7
LH:7
BRF:0
BRH:0
end_of_record
TN:
SF:src/FormBuilder/foundation.ts
FNF:0
FNH:0
DA:7,0
DA:10,0
DA:12,0
LF:3
LH:0
BRF:0
BRH:0
end_of_record
TN:
SF:src/FormBuilder/index.tsx
FN:1,(anonymous_1)
FN:2,(anonymous_2)
FN:3,(anonymous_3)
FN:4,(anonymous_4)
FN:5,(anonymous_5)
FN:6,(anonymous_6)
FN:7,(anonymous_7)
FN:8,(anonymous_8)
FNF:8
FNH:0
FNDA:0,(anonymous_1)
FNDA:0,(anonymous_2)
FNDA:0,(anonymous_3)
FNDA:0,(anonymous_4)
FNDA:0,(anonymous_5)
FNDA:0,(anonymous_6)
FNDA:0,(anonymous_7)
FNDA:0,(anonymous_8)
DA:1,0
DA:2,0
DA:3,0
DA:4,0
DA:5,0
DA:6,0
DA:7,0
DA:8,0
LF:8
LH:0
BRF:0
BRH:0
end_of_record
TN:
SF:src/FormBuilder/components/BuilderShell.tsx
FN:11,(anonymous_10)
FN:15,(anonymous_11)
FN:20,(anonymous_12)
FN:22,(anonymous_13)
FN:35,(anonymous_14)
FN:41,(anonymous_15)
FNF:6
FNH:0
FNDA:0,(anonymous_10)
FNDA:0,(anonymous_11)
FNDA:0,(anonymous_12)
FNDA:0,(anonymous_13)
FNDA:0,(anonymous_14)
FNDA:0,(anonymous_15)
DA:1,0
DA:3,0
DA:4,0
DA:5,0
DA:6,0
DA:7,0
DA:8,0
DA:9,0
DA:11,0
DA:12,0
DA:13,0
DA:15,0
DA:16,0
DA:20,0
DA:21,0
DA:22,0
DA:23,0
DA:24,0
DA:29,0
DA:36,0
DA:42,0
LF:21
LH:0
BRDA:21,0,0,0
BRDA:21,0,1,0
BRDA:21,1,0,0
BRDA:21,1,1,0
BRDA:23,2,0,0
BRDA:23,2,1,0
BRDA:33,3,0,0
BRDA:33,3,1,0
BRF:8
BRH:0
end_of_record
TN:
SF:src/FormBuilder/components/LinkModal.tsx
FN:13,(anonymous_9)
FN:26,(anonymous_10)
FN:30,(anonymous_11)
FN:47,(anonymous_12)
FN:61,(anonymous_13)
FN:96,(anonymous_14)
FN:97,(anonymous_15)
FN:98,(anonymous_16)
FNF:8
FNH:7
FNDA:129,(anonymous_9)
FNDA:30,(anonymous_10)
FNDA:8,(anonymous_11)
FNDA:14,(anonymous_12)
FNDA:72,(anonymous_13)
FNDA:1,(anonymous_14)
FNDA:0,(anonymous_15)
FNDA:1,(anonymous_16)
DA:1,1
DA:2,1
DA:3,1
DA:4,1
DA:13,1
DA:19,129
DA:20,129
DA:21,129
DA:22,129
DA:23,129
DA:26,129
DA:27,30
DA:30,129
DA:32,8
DA:33,8
DA:34,8
DA:38,129
DA:47,14
DA:61,72
DA:96,1
DA:97,0
DA:98,1
DA:109,129
DA:127,129
LF:24
LH:23
BRDA:91,0,0,2
BRDA:91,0,1,127
BRF:2
BRH:2
end_of_record
TN:
SF:src/FormBuilder/components/Canvas/AddLinkButton.tsx
FN:12,(anonymous_9)
FN:18,(anonymous_10)
FN:19,(anonymous_11)
FN:40,(anonymous_12)
FN:43,(anonymous_13)
FN:49,(anonymous_14)
FN:52,(anonymous_15)
FN:64,(anonymous_16)
FN:70,(anonymous_17)
FNF:9
FNH:9
FNDA:40,(anonymous_9)
FNDA:18,(anonymous_10)
FNDA:12,(anonymous_11)
FNDA:18,(anonymous_12)
FNDA:7,(anonymous_13)
FNDA:3,(anonymous_14)
FNDA:3,(anonymous_15)
FNDA:1,(anonymous_16)
FNDA:60,(anonymous_17)
DA:1,1
DA:2,1
DA:3,1
DA:4,1
DA:5,1
DA:6,1
DA:12,1
DA:13,40
DA:14,40
DA:15,40
DA:18,40
DA:19,18
DA:20,12
DA:21,12
DA:24,12
DA:25,12
DA:26,12
DA:27,12
DA:28,1
DA:32,11
DA:34,11
DA:35,11
DA:39,18
DA:40,18
DA:43,40
DA:44,7
DA:45,7
DA:49,40
DA:50,3
DA:52,3
DA:53,3
DA:56,3
DA:57,3
DA:59,3
DA:60,3
DA:61,3
DA:64,40
DA:65,1
DA:66,1
DA:70,60
DA:71,40
DA:75,40
DA:77,40
LF:43
LH:43
BRDA:21,0,0,0
BRDA:21,0,1,12
BRDA:25,1,0,12
BRDA:25,1,1,0
BRDA:27,2,0,1
BRDA:27,2,1,11
BRDA:34,3,0,11
BRDA:34,3,1,0
BRDA:34,4,0,11
BRDA:34,4,1,11
BRDA:44,5,0,7
BRDA:44,5,1,0
BRDA:50,6,0,0
BRDA:50,6,1,3
BRDA:53,7,0,0
BRDA:53,7,1,3
BRDA:53,8,0,3
BRDA:53,8,1,3
BRDA:56,9,0,3
BRDA:56,9,1,0
BRDA:71,10,0,40
BRDA:71,10,1,34
BRDA:71,10,2,5
BRDA:75,11,0,40
BRDA:75,11,1,18
BRF:25
BRH:18
end_of_record
TN:
SF:src/FormBuilder/components/Canvas/Canvas.tsx
FN:20,(anonymous_10)
FN:37,(anonymous_11)
FN:40,(anonymous_12)
FNF:3
FNH:0
FNDA:0,(anonymous_10)
FNDA:0,(anonymous_11)
FNDA:0,(anonymous_12)
DA:1,0
DA:2,0
DA:3,0
DA:5,0
DA:6,0
DA:7,0
DA:8,0
DA:9,0
DA:10,0
DA:11,0
DA:20,0
DA:21,0
DA:22,0
DA:25,0
DA:27,0
DA:29,0
DA:37,0
DA:41,0
DA:42,0
LF:19
LH:0
BRDA:54,0,0,0
BRDA:54,0,1,0
BRF:2
BRH:0
end_of_record
TN:
SF:src/FormBuilder/components/Canvas/CanvasResizer.tsx
FN:12,(anonymous_9)
FN:21,(anonymous_10)
FN:26,(anonymous_11)
FN:27,(anonymous_12)
FN:39,(anonymous_13)
FN:54,(anonymous_14)
FNF:6
FNH:0
FNDA:0,(anonymous_9)
FNDA:0,(anonymous_10)
FNDA:0,(anonymous_11)
FNDA:0,(anonymous_12)
FNDA:0,(anonymous_13)
FNDA:0,(anonymous_14)
DA:1,0
DA:2,0
DA:12,0
DA:19,0
DA:21,0
DA:22,0
DA:23,0
DA:26,0
DA:27,0
DA:28,0
DA:30,0
DA:31,0
DA:34,0
DA:35,0
DA:39,0
DA:40,0
DA:41,0
DA:42,0
DA:43,0
DA:47,0
DA:48,0
DA:49,0
DA:50,0
DA:51,0
DA:54,0
DA:55,0
DA:56,0
DA:57,0
DA:58,0
DA:62,0
LF:30
LH:0
BRDA:28,0,0,0
BRDA:28,0,1,0
BRDA:28,1,0,0
BRDA:28,1,1,0
BRDA:34,2,0,0
BRDA:34,2,1,0
BRDA:34,3,0,0
BRDA:34,3,1,0
BRDA:41,4,0,0
BRDA:41,4,1,0
BRDA:41,5,0,0
BRDA:41,5,1,0
BRDA:47,6,0,0
BRDA:47,6,1,0
BRF:14
BRH:0
end_of_record
TN:
SF:src/FormBuilder/components/Canvas/CanvasToolbar.tsx
FN:12,(anonymous_1)
FN:14,(anonymous_2)
FN:28,(anonymous_3)
FN:29,(anonymous_4)
FNF:4
FNH:4
FNDA:29,(anonymous_1)
FNDA:29,(anonymous_2)
FNDA:174,(anonymous_3)
FNDA:7,(anonymous_4)
DA:1,1
DA:2,1
DA:3,1
DA:4,1
DA:12,1
DA:14,29
DA:15,29
DA:16,28
DA:17,27
DA:18,4
DA:19,2
DA:20,1
DA:23,29
DA:29,174
LF:14
LH:14
BRDA:15,0,0,1
BRDA:15,0,1,28
BRDA:16,1,0,1
BRDA:16,1,1,27
BRDA:17,2,0,23
BRDA:17,2,1,4
BRDA:18,3,0,2
BRDA:18,3,1,2
BRDA:19,4,0,1
BRDA:19,4,1,1
BRDA:29,5,0,29
BRDA:29,5,1,145
BRF:12
BRH:12
end_of_record
TN:
SF:src/FormBuilder/components/Canvas/EmptyState.tsx
FN:8,(anonymous_1)
FNF:1
FNH:0
FNDA:0,(anonymous_1)
DA:1,0
DA:2,0
DA:8,0
DA:11,0
LF:4
LH:0
BRDA:9,0,0,0
BRDA:12,1,0,0
BRDA:12,1,1,0
BRDA:13,2,0,0
BRDA:13,2,1,0
BRDA:16,3,0,0
BRDA:16,3,1,0
BRDA:17,4,0,0
BRDA:17,4,1,0
BRF:9
BRH:0
end_of_record
TN:
SF:src/FormBuilder/components/ConfigPanel/BottomActionBar.tsx
FN:28,(anonymous_0)
FNF:1
FNH:0
FNDA:0,(anonymous_0)
DA:1,0
DA:5,0
DA:6,0
DA:28,0
DA:29,0
DA:31,0
LF:6
LH:0
BRDA:33,0,0,0
BRDA:33,0,1,0
BRDA:33,1,0,0
BRDA:33,1,1,0
BRDA:38,2,0,0
BRDA:38,2,1,0
BRDA:38,3,0,0
BRDA:38,3,1,0
BRDA:42,4,0,0
BRDA:42,4,1,0
BRDA:52,5,0,0
BRDA:52,5,1,0
BRF:12
BRH:0
end_of_record
TN:
SF:src/FormBuilder/components/ConfigPanel/ConfigPanel.tsx
FN:13,(anonymous_9)
FN:32,(anonymous_10)
FNF:2
FNH:0
FNDA:0,(anonymous_9)
FNDA:0,(anonymous_10)
DA:1,0
DA:2,0
DA:3,0
DA:4,0
DA:5,0
DA:6,0
DA:13,0
DA:14,0
DA:17,0
DA:18,0
DA:27,0
DA:32,0
LF:12
LH:0
BRDA:17,0,0,0
BRDA:17,0,1,0
BRDA:17,1,0,0
BRDA:17,1,1,0
BRDA:28,2,0,0
BRDA:28,2,1,0
BRDA:29,3,0,0
BRDA:29,3,1,0
BRDA:30,4,0,0
BRDA:30,4,1,0
BRDA:32,5,0,0
BRDA:32,5,1,0
BRDA:33,6,0,0
BRDA:33,6,1,0
BRF:14
BRH:0
end_of_record
TN:
SF:src/FormBuilder/components/ElementPalette/ElementPalette.tsx
FN:93,(anonymous_9)
FN:136,(anonymous_10)
FN:141,(anonymous_11)
FN:143,(anonymous_12)
FN:146,(anonymous_13)
FN:158,(anonymous_14)
FN:168,(anonymous_15)
FN:172,(anonymous_16)
FN:192,(anonymous_17)
FN:200,(anonymous_18)
FNF:10
FNH:0
FNDA:0,(anonymous_9)
FNDA:0,(anonymous_10)
FNDA:0,(anonymous_11)
FNDA:0,(anonymous_12)
FNDA:0,(anonymous_13)
FNDA:0,(anonymous_14)
FNDA:0,(anonymous_15)
FNDA:0,(anonymous_16)
FNDA:0,(anonymous_17)
FNDA:0,(anonymous_18)
DA:1,0
DA:2,0
DA:3,0
DA:4,0
DA:24,0
DA:25,0
DA:26,0
DA:41,0
DA:93,0
DA:94,0
DA:103,0
DA:104,0
DA:118,0
DA:136,0
DA:139,0
DA:141,0
DA:144,0
DA:146,0
DA:148,0
DA:158,0
DA:169,0
DA:173,0
DA:193,0
DA:201,0
LF:24
LH:0
BRDA:103,0,0,0
BRDA:103,0,1,0
BRDA:109,1,0,0
BRDA:109,1,1,0
BRDA:119,2,0,0
BRDA:119,2,1,0
BRDA:150,3,0,0
BRDA:150,3,1,0
BRDA:167,4,0,0
BRDA:167,4,1,0
BRF:10
BRH:0
end_of_record
TN:
SF:src/FormBuilder/components/FormRenderer/FieldRenderer.tsx
FN:10,FieldRenderer
FNF:1
FNH:1
FNDA:53,FieldRenderer
DA:2,3
DA:10,3
DA:11,53
DA:13,53
DA:14,1
DA:17,52
LF:6
LH:6
BRDA:13,0,0,1
BRDA:13,0,1,52
BRF:2
BRH:2
end_of_record
TN:
SF:src/FormBuilder/components/FormRenderer/FormRenderer.tsx
FN:26,FormRenderer
FN:30,(anonymous_2)
FN:37,(anonymous_3)
FN:63,(anonymous_4)
FN:81,(anonymous_5)
FN:91,(anonymous_6)
FN:97,(anonymous_7)
FNF:7
FNH:5
FNDA:16,FormRenderer
FNDA:0,(anonymous_2)
FNDA:32,(anonymous_3)
FNDA:0,(anonymous_4)
FNDA:32,(anonymous_5)
FNDA:32,(anonymous_6)
FNDA:32,(anonymous_7)
DA:5,2
DA:8,2
DA:9,2
DA:11,2
DA:12,2
DA:13,2
DA:14,2
DA:15,2
DA:26,2
DA:27,16
DA:28,16
DA:30,16
DA:31,0
DA:35,16
DA:37,16
DA:38,32
DA:39,32
DA:41,32
DA:43,32
DA:44,0
DA:47,32
DA:49,32
DA:51,0
DA:53,0
DA:55,0
DA:57,0
DA:59,0
DA:63,16
DA:64,0
DA:65,0
DA:67,0
DA:69,0
DA:71,0
DA:73,0
DA:75,0
DA:77,0
DA:81,16
DA:82,32
DA:83,32
DA:86,16
DA:92,32
DA:98,32
LF:42
LH:27
BRDA:39,0,0,32
BRDA:39,0,1,32
BRDA:43,1,0,0
BRDA:43,1,1,32
BRDA:47,2,0,32
BRDA:47,2,1,0
BRDA:47,2,2,0
BRDA:47,2,3,0
BRDA:47,2,4,0
BRDA:47,2,5,0
BRDA:65,3,0,0
BRDA:65,3,1,0
BRDA:67,4,0,0
BRDA:67,4,1,0
BRDA:67,4,2,0
BRDA:67,4,3,0
BRDA:67,4,4,0
BRDA:83,5,0,32
BRDA:83,5,1,1
BRDA:94,6,0,32
BRDA:94,6,1,0
BRDA:96,7,0,0
BRDA:96,7,1,32
BRDA:106,8,0,16
BRDA:106,8,1,0
BRDA:106,8,2,0
BRF:26
BRH:9
end_of_record
TN:
SF:src/FormBuilder/components/FormRenderer/elements/BuilderButton.tsx
FN:16,BuilderButton
FNF:1
FNH:1
FNDA:3,BuilderButton
DA:6,5
DA:7,5
DA:8,5
DA:16,5
DA:21,3
DA:22,3
LF:6
LH:6
BRDA:27,0,0,0
BRDA:27,0,1,3
BRDA:27,1,0,3
BRDA:27,1,1,0
BRF:4
BRH:2
end_of_record
TN:
SF:src/FormBuilder/components/FormRenderer/elements/BuilderCaptcha.tsx
FN:15,BuilderCaptcha
FNF:1
FNH:1
FNDA:3,BuilderCaptcha
DA:7,5
DA:15,5
DA:16,3
LF:3
LH:3
BRF:0
BRH:0
end_of_record
TN:
SF:src/FormBuilder/components/FormRenderer/elements/BuilderCheckbox.tsx
FN:18,BuilderCheckbox
FN:34,(anonymous_2)
FNF:2
FNH:2
FNDA:3,BuilderCheckbox
FNDA:6,(anonymous_2)
DA:8,5
DA:9,5
DA:10,5
DA:18,5
DA:23,3
DA:24,3
DA:35,6
LF:7
LH:7
BRDA:27,0,0,3
BRDA:27,0,1,3
BRDA:28,1,0,0
BRDA:28,1,1,3
BRDA:28,2,0,3
BRDA:28,2,1,0
BRDA:30,3,0,3
BRDA:30,3,1,0
BRDA:33,4,0,0
BRDA:33,4,1,3
BRDA:33,5,0,3
BRDA:33,5,1,0
BRDA:33,6,0,0
BRDA:33,6,1,0
BRDA:42,7,0,6
BRDA:42,7,1,0
BRDA:56,8,0,3
BRDA:56,8,1,0
BRDA:58,9,0,0
BRDA:58,9,1,0
BRDA:58,10,0,0
BRDA:58,10,1,0
BRF:22
BRH:9
end_of_record
TN:
SF:src/FormBuilder/components/FormRenderer/elements/BuilderDate.tsx
FN:19,BuilderDate
FNF:1
FNH:1
FNDA:3,BuilderDate
DA:8,5
DA:9,5
DA:10,5
DA:11,5
DA:19,5
DA:20,3
DA:21,3
LF:7
LH:7
BRDA:25,0,0,3
BRDA:25,0,1,3
BRDA:28,1,0,0
BRDA:28,1,1,3
BRDA:28,2,0,3
BRDA:28,2,1,0
BRDA:32,3,0,3
BRDA:32,3,1,1
BRDA:37,4,0,0
BRDA:37,4,1,3
BRDA:37,5,0,3
BRDA:37,5,1,0
BRDA:37,6,0,0
BRDA:37,6,1,0
BRDA:41,7,0,0
BRDA:41,7,1,3
BRDA:58,8,0,3
BRDA:58,8,1,0
BRDA:60,9,0,0
BRDA:60,9,1,0
BRDA:60,10,0,0
BRDA:60,10,1,0
BRF:22
BRH:10
end_of_record
TN:
SF:src/FormBuilder/components/FormRenderer/elements/BuilderDivider.tsx
FN:18,BuilderDivider
FNF:1
FNH:1
FNDA:3,BuilderDivider
DA:8,5
DA:9,5
DA:10,5
DA:18,5
DA:23,3
DA:25,3
DA:26,3
DA:27,3
DA:30,3
LF:9
LH:9
BRDA:26,0,0,3
BRDA:26,0,1,0
BRF:2
BRH:1
end_of_record
TN:
SF:src/FormBuilder/components/FormRenderer/elements/BuilderDropdown.tsx
FN:18,BuilderDropdown
FN:51,(anonymous_2)
FNF:2
FNH:2
FNDA:3,BuilderDropdown
FNDA:8,(anonymous_2)
DA:8,5
DA:9,5
DA:10,5
DA:18,5
DA:23,3
DA:24,3
DA:52,8
LF:7
LH:7
BRDA:27,0,0,3
BRDA:27,0,1,3
BRDA:30,1,0,0
BRDA:30,1,1,3
BRDA:30,2,0,3
BRDA:30,2,1,0
BRDA:34,3,0,3
BRDA:34,3,1,2
BRDA:42,4,0,0
BRDA:42,4,1,3
BRDA:42,5,0,3
BRDA:42,5,1,0
BRDA:42,6,0,0
BRDA:42,6,1,0
BRDA:45,7,0,0
BRDA:45,7,1,3
BRDA:48,8,0,3
BRDA:48,8,1,0
BRDA:57,9,0,3
BRDA:57,9,1,0
BRDA:59,10,0,0
BRDA:59,10,1,0
BRDA:59,11,0,0
BRDA:59,11,1,0
BRF:24
BRH:11
end_of_record
TN:
SF:src/FormBuilder/components/FormRenderer/elements/BuilderEmail.tsx
FN:19,BuilderEmail
FNF:1
FNH:1
FNDA:6,BuilderEmail
DA:8,5
DA:9,5
DA:10,5
DA:11,5
DA:19,5
DA:20,6
DA:22,6
LF:7
LH:7
BRDA:26,0,0,6
BRDA:26,0,1,6
BRDA:29,1,0,0
BRDA:29,1,1,6
BRDA:29,2,0,6
BRDA:29,2,1,0
BRDA:33,3,0,6
BRDA:33,3,1,5
BRDA:43,4,0,0
BRDA:43,4,1,6
BRDA:43,5,0,6
BRDA:43,5,1,0
BRDA:43,6,0,0
BRDA:43,6,1,0
BRDA:46,7,0,6
BRDA:46,7,1,0
BRDA:48,8,0,0
BRDA:48,8,1,0
BRDA:48,9,0,0
BRDA:48,9,1,0
BRF:20
BRH:9
end_of_record
TN:
SF:src/FormBuilder/components/FormRenderer/elements/BuilderFieldControls.tsx
FN:27,BuilderFieldControls
FN:39,(anonymous_1)
FN:63,(anonymous_2)
FN:64,(anonymous_3)
FN:65,(anonymous_4)
FN:84,(anonymous_5)
FNF:6
FNH:3
FNDA:40,BuilderFieldControls
FNDA:40,(anonymous_1)
FNDA:0,(anonymous_2)
FNDA:0,(anonymous_3)
FNDA:0,(anonymous_4)
FNDA:1,(anonymous_5)
DA:4,3
DA:5,3
DA:27,3
DA:36,40
DA:37,40
DA:39,40
DA:40,40
DA:42,40
DA:43,1
DA:46,39
DA:47,5
DA:50,40
DA:53,40
DA:63,0
DA:64,0
DA:66,0
DA:67,0
DA:85,1
DA:86,1
LF:19
LH:15
BRDA:34,0,0,40
BRDA:37,1,0,40
BRDA:37,1,1,40
BRDA:40,2,0,40
BRDA:40,2,1,1
BRDA:42,3,0,1
BRDA:42,3,1,39
BRDA:46,4,0,5
BRDA:46,4,1,34
BRDA:58,5,0,0
BRDA:58,5,1,40
BRDA:58,6,0,40
BRDA:58,6,1,40
BRDA:59,7,0,0
BRDA:59,7,1,40
BRDA:76,8,0,0
BRDA:76,8,1,40
BRDA:76,9,0,40
BRDA:76,9,1,40
BRDA:82,10,0,40
BRDA:82,10,1,39
BRDA:103,11,0,36
BRDA:103,11,1,4
BRF:23
BRH:20
end_of_record
TN:
SF:src/FormBuilder/components/FormRenderer/elements/BuilderFieldWrapper.tsx
FN:20,BuilderFieldWrapper
FNF:1
FNH:1
FNDA:71,BuilderFieldWrapper
DA:8,23
DA:9,23
DA:20,23
DA:26,71
DA:29,71
DA:33,71
LF:6
LH:6
BRDA:29,0,0,0
BRDA:29,0,1,71
BRDA:29,1,0,71
BRDA:29,1,1,0
BRF:4
BRH:2
end_of_record
TN:
SF:src/FormBuilder/components/FormRenderer/elements/BuilderHeading.tsx
FN:21,BuilderHeading
FNF:1
FNH:1
FNDA:7,BuilderHeading
DA:10,5
DA:11,5
DA:12,5
DA:21,5
DA:26,7
DA:27,7
DA:29,7
LF:7
LH:7
BRDA:27,0,0,7
BRDA:27,0,1,0
BRDA:34,1,0,0
BRDA:34,1,1,7
BRDA:34,2,0,7
BRDA:34,2,1,0
BRF:6
BRH:3
end_of_record
TN:
SF:src/FormBuilder/components/FormRenderer/elements/BuilderImage.tsx
FN:18,BuilderImage
FNF:1
FNH:1
FNDA:3,BuilderImage
DA:8,5
DA:9,5
DA:10,5
DA:18,5
DA:19,3
DA:20,3
LF:6
LH:6
BRDA:23,0,0,3
BRDA:23,0,1,3
BRDA:25,1,0,0
BRDA:25,1,1,3
BRDA:25,2,0,3
BRDA:25,2,1,0
BRDA:33,3,0,3
BRDA:33,3,1,0
BRDA:33,3,2,0
BRDA:35,4,0,0
BRDA:35,4,1,3
BRDA:35,5,0,3
BRDA:35,5,1,0
BRDA:35,6,0,0
BRDA:35,6,1,0
BRDA:37,7,0,3
BRDA:37,7,1,0
BRDA:39,8,0,0
BRDA:39,8,1,0
BRDA:39,9,0,0
BRDA:39,9,1,0
BRDA:39,9,2,0
BRF:22
BRH:8
end_of_record
TN:
SF:src/FormBuilder/components/FormRenderer/elements/BuilderNumber.tsx
FN:20,BuilderNumber
FNF:1
FNH:1
FNDA:3,BuilderNumber
DA:8,5
DA:9,5
DA:10,5
DA:11,5
DA:12,5
DA:20,5
DA:21,3
DA:22,3
LF:8
LH:8
BRDA:26,0,0,3
BRDA:26,0,1,3
BRDA:29,1,0,0
BRDA:29,1,1,3
BRDA:29,2,0,3
BRDA:29,2,1,0
BRDA:33,3,0,3
BRDA:33,3,1,0
BRDA:46,4,0,0
BRDA:46,4,1,3
BRDA:46,5,0,3
BRDA:46,5,1,0
BRDA:46,6,0,0
BRDA:46,6,1,0
BRDA:49,7,0,3
BRDA:49,7,1,0
BRDA:51,8,0,0
BRDA:51,8,1,0
BRDA:51,9,0,0
BRDA:51,9,1,0
BRF:20
BRH:8
end_of_record
TN:
SF:src/FormBuilder/components/FormRenderer/elements/BuilderParagraph.tsx
FN:18,BuilderParagraph
FNF:1
FNH:1
FNDA:3,BuilderParagraph
DA:8,5
DA:9,5
DA:10,5
DA:18,5
DA:23,3
DA:25,3
LF:6
LH:6
BRDA:30,0,0,0
BRDA:30,0,1,3
BRDA:30,1,0,3
BRDA:30,1,1,0
BRF:4
BRH:2
end_of_record
TN:
SF:src/FormBuilder/components/FormRenderer/elements/BuilderPhone.tsx
FN:19,BuilderPhone
FNF:1
FNH:1
FNDA:3,BuilderPhone
DA:8,5
DA:9,5
DA:10,5
DA:11,5
DA:19,5
DA:20,3
DA:21,3
LF:7
LH:7
BRDA:25,0,0,3
BRDA:25,0,1,3
BRDA:28,1,0,0
BRDA:28,1,1,3
BRDA:28,2,0,3
BRDA:28,2,1,0
BRDA:32,3,0,3
BRDA:32,3,1,1
BRDA:42,4,0,0
BRDA:42,4,1,3
BRDA:42,5,0,3
BRDA:42,5,1,0
BRDA:42,6,0,0
BRDA:42,6,1,0
BRDA:45,7,0,3
BRDA:45,7,1,0
BRDA:47,8,0,0
BRDA:47,8,1,0
BRDA:47,9,0,0
BRDA:47,9,1,0
BRF:20
BRH:9
end_of_record
TN:
SF:src/FormBuilder/components/FormRenderer/elements/BuilderRadio.tsx
FN:18,BuilderRadio
FN:30,(anonymous_2)
FNF:2
FNH:2
FNDA:3,BuilderRadio
FNDA:6,(anonymous_2)
DA:8,5
DA:9,5
DA:10,5
DA:18,5
DA:19,3
DA:20,3
DA:31,6
LF:7
LH:7
BRDA:23,0,0,3
BRDA:23,0,1,3
BRDA:24,1,0,0
BRDA:24,1,1,3
BRDA:24,2,0,3
BRDA:24,2,1,0
BRDA:26,3,0,3
BRDA:26,3,1,1
BRDA:29,4,0,0
BRDA:29,4,1,3
BRDA:29,5,0,3
BRDA:29,5,1,0
BRDA:29,6,0,0
BRDA:29,6,1,0
BRDA:50,7,0,3
BRDA:50,7,1,0
BRDA:52,8,0,0
BRDA:52,8,1,0
BRDA:52,9,0,0
BRDA:52,9,1,0
BRF:20
BRH:9
end_of_record
TN:
SF:src/FormBuilder/components/FormRenderer/elements/BuilderText.tsx
FN:19,BuilderText
FNF:1
FNH:1
FNDA:10,BuilderText
DA:8,5
DA:9,5
DA:10,5
DA:11,5
DA:19,5
DA:20,10
DA:21,10
LF:7
LH:7
BRDA:25,0,0,10
BRDA:25,0,1,10
BRDA:28,1,0,0
BRDA:28,1,1,10
BRDA:28,2,0,10
BRDA:28,2,1,0
BRDA:33,3,0,10
BRDA:33,3,1,6
BRDA:43,4,0,0
BRDA:43,4,1,10
BRDA:43,5,0,10
BRDA:43,5,1,0
BRDA:43,6,0,0
BRDA:43,6,1,0
BRDA:47,7,0,10
BRDA:47,7,1,2
BRDA:49,8,0,0
BRDA:49,8,1,2
BRDA:49,9,0,2
BRDA:49,9,1,0
BRF:20
BRH:12
end_of_record
TN:
SF:src/FormBuilder/components/FormRenderer/elements/BuilderTextArea.tsx
FN:19,BuilderTextArea
FNF:1
FNH:1
FNDA:3,BuilderTextArea
DA:8,5
DA:9,5
DA:10,5
DA:11,5
DA:19,5
DA:24,3
DA:25,3
LF:7
LH:7
BRDA:29,0,0,3
BRDA:29,0,1,3
BRDA:32,1,0,0
BRDA:32,1,1,3
BRDA:32,2,0,3
BRDA:32,2,1,0
BRDA:36,3,0,3
BRDA:36,3,1,1
BRDA:45,4,0,3
BRDA:45,4,1,0
BRDA:48,5,0,0
BRDA:48,5,1,3
BRDA:48,6,0,3
BRDA:48,6,1,0
BRDA:48,7,0,0
BRDA:48,7,1,0
BRDA:51,8,0,3
BRDA:51,8,1,0
BRDA:53,9,0,0
BRDA:53,9,1,0
BRDA:53,10,0,0
BRDA:53,10,1,0
BRF:22
BRH:10
end_of_record
TN:
SF:src/FormBuilder/components/FormRenderer/elements/BuilderTime.tsx
FN:19,BuilderTime
FNF:1
FNH:1
FNDA:3,BuilderTime
DA:8,5
DA:9,5
DA:10,5
DA:11,5
DA:19,5
DA:20,3
DA:21,3
LF:7
LH:7
BRDA:25,0,0,3
BRDA:25,0,1,3
BRDA:28,1,0,0
BRDA:28,1,1,3
BRDA:28,2,0,3
BRDA:28,2,1,0
BRDA:32,3,0,3
BRDA:32,3,1,1
BRDA:37,4,0,0
BRDA:37,4,1,3
BRDA:37,5,0,3
BRDA:37,5,1,0
BRDA:37,6,0,0
BRDA:37,6,1,0
BRDA:41,7,0,0
BRDA:41,7,1,3
BRDA:56,8,0,3
BRDA:56,8,1,0
BRDA:58,9,0,0
BRDA:58,9,1,0
BRDA:58,10,0,0
BRDA:58,10,1,0
BRF:22
BRH:10
end_of_record
TN:
SF:src/FormBuilder/components/FormRenderer/elements/BuilderUpload.tsx
FN:19,BuilderUpload
FN:24,(anonymous_2)
FNF:2
FNH:1
FNDA:3,BuilderUpload
FNDA:0,(anonymous_2)
DA:7,5
DA:9,5
DA:10,5
DA:11,5
DA:19,5
DA:20,3
DA:21,3
DA:23,3
DA:25,0
DA:26,0
DA:29,0
DA:33,3
DA:38,3
DA:43,3
DA:49,3
LF:15
LH:12
BRDA:25,0,0,0
BRDA:25,0,1,0
BRDA:26,1,0,0
BRDA:26,1,1,0
BRDA:33,2,0,0
BRDA:33,2,1,3
BRDA:38,3,0,0
BRDA:38,3,1,3
BRDA:38,4,0,3
BRDA:38,4,1,0
BRDA:39,5,0,0
BRDA:39,5,1,0
BRDA:43,6,0,0
BRDA:43,6,1,3
BRDA:44,7,0,0
BRDA:44,7,1,0
BRDA:45,8,0,0
BRDA:45,8,1,3
BRDA:52,9,0,3
BRDA:52,9,1,3
BRDA:56,10,0,0
BRDA:56,10,1,3
BRDA:56,11,0,3
BRDA:56,11,1,0
BRDA:59,12,0,3
BRDA:59,12,1,1
BRDA:76,13,0,0
BRDA:76,13,1,3
BRDA:79,14,0,0
BRDA:79,14,1,3
BRDA:79,15,0,3
BRDA:79,15,1,0
BRDA:79,16,0,0
BRDA:79,16,1,0
BRDA:95,17,0,3
BRDA:95,17,1,3
BRDA:95,17,2,2
BRDA:97,18,0,0
BRDA:97,18,1,2
BRDA:97,19,0,2
BRDA:97,19,1,0
BRDA:100,20,0,2
BRDA:100,20,1,2
BRF:43
BRH:21
end_of_record
TN:
SF:src/FormBuilder/components/FormRenderer/elements/BuilderUrl.tsx
FN:19,BuilderUrl
FNF:1
FNH:1
FNDA:3,BuilderUrl
DA:8,5
DA:9,5
DA:10,5
DA:11,5
DA:19,5
DA:20,3
DA:21,3
LF:7
LH:7
BRDA:25,0,0,3
BRDA:25,0,1,3
BRDA:28,1,0,0
BRDA:28,1,1,3
BRDA:28,2,0,3
BRDA:28,2,1,0
BRDA:32,3,0,3
BRDA:32,3,1,0
BRDA:42,4,0,0
BRDA:42,4,1,3
BRDA:42,5,0,3
BRDA:42,5,1,0
BRDA:42,6,0,0
BRDA:42,6,1,0
BRDA:45,7,0,3
BRDA:45,7,1,0
BRDA:47,8,0,0
BRDA:47,8,1,0
BRDA:47,9,0,0
BRDA:47,9,1,0
BRF:20
BRH:8
end_of_record
TN:
SF:src/FormBuilder/components/FormRenderer/elements/BuilderVideo.tsx
FN:18,BuilderVideo
FN:21,(anonymous_2)
FN:52,(anonymous_3)
FNF:3
FNH:3
FNDA:3,BuilderVideo
FNDA:3,(anonymous_2)
FNDA:3,(anonymous_3)
DA:8,5
DA:9,5
DA:10,5
DA:18,5
DA:19,3
DA:21,3
DA:22,3
DA:25,3
DA:26,3
DA:27,3
DA:29,0
DA:30,0
DA:31,0
DA:35,0
DA:36,0
DA:38,0
DA:39,0
DA:44,0
DA:45,0
DA:46,0
DA:49,0
DA:52,3
DA:53,3
DA:54,3
DA:57,3
DA:58,3
DA:59,3
DA:61,3
LF:28
LH:17
BRDA:22,0,0,0
BRDA:22,0,1,3
BRDA:25,1,0,3
BRDA:25,1,1,0
BRDA:29,2,0,0
BRDA:29,2,1,0
BRDA:35,3,0,0
BRDA:35,3,1,0
BRDA:38,4,0,0
BRDA:38,4,1,0
BRDA:44,5,0,0
BRDA:44,5,1,0
BRDA:53,6,0,0
BRDA:53,6,1,3
BRDA:59,7,0,3
BRDA:59,7,1,0
BRDA:64,8,0,3
BRDA:64,8,1,3
BRDA:65,9,0,0
BRDA:65,9,1,3
BRDA:65,10,0,3
BRDA:65,10,1,0
BRDA:69,11,0,0
BRDA:69,11,1,3
BRDA:69,12,0,3
BRDA:69,12,1,0
BRDA:69,13,0,0
BRDA:69,13,1,0
BRDA:70,14,0,3
BRDA:70,14,1,0
BRDA:71,15,0,0
BRDA:71,15,1,3
BRDA:79,16,0,3
BRDA:79,16,1,3
BRDA:82,17,0,3
BRDA:82,17,1,0
BRDA:82,17,2,0
BRDA:96,18,0,3
BRDA:96,18,1,3
BRDA:98,19,0,3
BRDA:98,19,1,0
BRDA:100,20,0,0
BRDA:100,20,1,0
BRDA:100,21,0,0
BRDA:100,21,1,0
BRDA:100,21,2,0
BRF:46
BRH:18
end_of_record
TN:
SF:src/FormBuilder/components/FormRenderer/elements/PlaceholderStyles.tsx
FN:10,(anonymous_1)
FN:19,(anonymous_2)
FN:20,(anonymous_3)
FNF:3
FNH:2
FNDA:34,(anonymous_1)
FNDA:20,(anonymous_2)
FNDA:0,(anonymous_3)
DA:1,12
DA:2,12
DA:3,12
DA:10,12
DA:11,34
DA:13,34
DA:15,4
DA:18,4
DA:19,20
DA:23,0
DA:26,0
DA:30,4
DA:32,0
LF:13
LH:10
BRDA:13,0,0,30
BRDA:13,0,1,4
BRDA:19,1,0,20
BRDA:19,1,1,0
BRDA:19,1,2,0
BRDA:30,2,0,4
BRDA:30,2,1,0
BRF:7
BRH:4
end_of_record
TN:
SF:src/FormBuilder/components/FormRenderer/elements/RichText.tsx
FN:65,(anonymous_1)
FN:72,(anonymous_2)
FN:73,(anonymous_3)
FN:86,(anonymous_4)
FN:93,(anonymous_5)
FN:94,(anonymous_6)
FN:111,(anonymous_7)
FN:130,(anonymous_8)
FN:133,(anonymous_9)
FN:138,getVideoEmbedInfo
FN:186,Toolbar
FN:196,(anonymous_12)
FN:198,(anonymous_13)
FN:198,(anonymous_14)
FN:201,(anonymous_15)
FN:220,(anonymous_16)
FN:223,(anonymous_17)
FN:231,(anonymous_18)
FN:237,(anonymous_19)
FN:246,(anonymous_20)
FN:251,(anonymous_21)
FN:256,(anonymous_22)
FN:260,(anonymous_23)
FN:266,(anonymous_24)
FN:277,(anonymous_25)
FN:305,(anonymous_26)
FN:314,(anonymous_27)
FN:326,(anonymous_28)
FN:337,(anonymous_29)
FN:346,(anonymous_30)
FN:357,(anonymous_31)
FN:365,(anonymous_32)
FN:374,(anonymous_33)
FN:386,(anonymous_34)
FN:395,(anonymous_35)
FN:404,(anonymous_36)
FN:414,(anonymous_37)
FN:423,(anonymous_38)
FN:432,(anonymous_39)
FN:454,(anonymous_40)
FN:464,(anonymous_41)
FN:476,(anonymous_42)
FN:486,(anonymous_43)
FN:487,(anonymous_44)
FN:504,(anonymous_45)
FN:524,(anonymous_46)
FN:534,(anonymous_47)
FN:535,(anonymous_48)
FN:544,(anonymous_49)
FN:563,(anonymous_50)
FN:573,(anonymous_51)
FN:574,(anonymous_52)
FN:583,(anonymous_53)
FN:603,(anonymous_54)
FN:612,(anonymous_55)
FN:623,RichText
FN:668,(anonymous_57)
FNF:57
FNH:8
FNDA:0,(anonymous_1)
FNDA:0,(anonymous_2)
FNDA:0,(anonymous_3)
FNDA:0,(anonymous_4)
FNDA:0,(anonymous_5)
FNDA:0,(anonymous_6)
FNDA:0,(anonymous_7)
FNDA:0,(anonymous_8)
FNDA:0,(anonymous_9)
FNDA:0,getVideoEmbedInfo
FNDA:7,Toolbar
FNDA:7,(anonymous_12)
FNDA:0,(anonymous_13)
FNDA:0,(anonymous_14)
FNDA:7,(anonymous_15)
FNDA:91,(anonymous_16)
FNDA:0,(anonymous_17)
FNDA:0,(anonymous_18)
FNDA:0,(anonymous_19)
FNDA:0,(anonymous_20)
FNDA:0,(anonymous_21)
FNDA:0,(anonymous_22)
FNDA:0,(anonymous_23)
FNDA:0,(anonymous_24)
FNDA:0,(anonymous_25)
FNDA:0,(anonymous_26)
FNDA:0,(anonymous_27)
FNDA:0,(anonymous_28)
FNDA:98,(anonymous_29)
FNDA:0,(anonymous_30)
FNDA:119,(anonymous_31)
FNDA:0,(anonymous_32)
FNDA:0,(anonymous_33)
FNDA:0,(anonymous_34)
FNDA:0,(anonymous_35)
FNDA:0,(anonymous_36)
FNDA:0,(anonymous_37)
FNDA:0,(anonymous_38)
FNDA:0,(anonymous_39)
FNDA:0,(anonymous_40)
FNDA:0,(anonymous_41)
FNDA:0,(anonymous_42)
FNDA:0,(anonymous_43)
FNDA:0,(anonymous_44)
FNDA:0,(anonymous_45)
FNDA:0,(anonymous_46)
FNDA:0,(anonymous_47)
FNDA:0,(anonymous_48)
FNDA:0,(anonymous_49)
FNDA:0,(anonymous_50)
FNDA:0,(anonymous_51)
FNDA:0,(anonymous_52)
FNDA:0,(anonymous_53)
FNDA:0,(anonymous_54)
FNDA:0,(anonymous_55)
FNDA:8,RichText
FNDA:1,(anonymous_57)
DA:1,3
DA:2,3
DA:3,3
DA:4,3
DA:5,3
DA:6,3
DA:7,3
DA:8,3
DA:9,3
DA:10,3
DA:11,3
DA:12,3
DA:26,3
DA:43,3
DA:63,3
DA:66,0
DA:72,0
DA:74,0
DA:75,0
DA:84,3
DA:87,0
DA:93,0
DA:95,0
DA:96,0
DA:105,3
DA:112,0
DA:131,0
DA:134,0
DA:139,0
DA:142,0
DA:143,0
DA:144,0
DA:145,0
DA:151,0
DA:152,0
DA:153,0
DA:154,0
DA:162,0
DA:163,0
DA:164,0
DA:165,0
DA:173,0
DA:174,0
DA:175,0
DA:176,0
DA:183,0
DA:187,7
DA:188,7
DA:189,7
DA:190,7
DA:191,7
DA:192,7
DA:193,7
DA:194,7
DA:196,7
DA:197,7
DA:198,7
DA:199,7
DA:200,7
DA:201,7
DA:202,7
DA:203,7
DA:207,7
DA:209,7
DA:210,7
DA:211,7
DA:212,7
DA:213,7
DA:214,7
DA:217,7
DA:218,7
DA:220,7
DA:221,91
DA:223,7
DA:224,0
DA:225,0
DA:226,0
DA:227,0
DA:228,0
DA:231,7
DA:232,0
DA:233,0
DA:234,0
DA:235,0
DA:236,0
DA:237,0
DA:238,0
DA:239,0
DA:241,0
DA:246,7
DA:247,0
DA:248,0
DA:249,0
DA:250,0
DA:251,0
DA:252,0
DA:256,7
DA:257,0
DA:258,0
DA:259,0
DA:260,0
DA:261,0
DA:263,0
DA:266,7
DA:267,0
DA:268,0
DA:269,0
DA:271,0
DA:272,0
DA:273,0
DA:274,0
DA:277,0
DA:278,0
DA:279,0
DA:280,0
DA:283,0
DA:294,0
DA:297,7
DA:305,0
DA:314,0
DA:327,0
DA:328,0
DA:332,0
DA:338,98
DA:347,0
DA:348,0
DA:352,0
DA:358,119
DA:365,0
DA:374,0
DA:386,0
DA:395,0
DA:404,0
DA:414,0
DA:423,0
DA:432,0
DA:455,0
DA:465,0
DA:476,0
DA:486,0
DA:487,0
DA:504,0
DA:524,0
DA:534,0
DA:535,0
DA:544,0
DA:563,0
DA:573,0
DA:574,0
DA:583,0
DA:603,0
DA:612,0
DA:623,3
DA:630,8
DA:669,1
DA:673,8
LF:156
LH:56
BRDA:72,0,0,0
BRDA:72,0,1,0
BRDA:74,1,0,0
BRDA:74,1,1,0
BRDA:93,2,0,0
BRDA:93,2,1,0
BRDA:95,3,0,0
BRDA:95,3,1,0
BRDA:139,4,0,0
BRDA:139,4,1,0
BRDA:142,5,0,0
BRDA:142,5,1,0
BRDA:144,6,0,0
BRDA:144,6,1,0
BRDA:151,7,0,0
BRDA:151,7,1,0
BRDA:153,8,0,0
BRDA:153,8,1,0
BRDA:162,9,0,0
BRDA:162,9,1,0
BRDA:164,10,0,0
BRDA:164,10,1,0
BRDA:164,11,0,0
BRDA:164,11,1,0
BRDA:173,12,0,0
BRDA:173,12,1,0
BRDA:175,13,0,0
BRDA:175,13,1,0
BRDA:197,14,0,0
BRDA:197,14,1,7
BRDA:207,15,0,0
BRDA:207,15,1,7
BRDA:211,16,0,7
BRDA:211,16,1,7
BRDA:213,17,0,7
BRDA:213,17,1,7
BRDA:214,18,0,7
BRDA:214,18,1,7
BRDA:221,19,0,0
BRDA:221,19,1,91
BRDA:226,20,0,0
BRDA:226,20,1,0
BRDA:232,21,0,0
BRDA:232,21,1,0
BRDA:238,22,0,0
BRDA:238,22,1,0
BRDA:247,23,0,0
BRDA:247,23,1,0
BRDA:259,24,0,0
BRDA:259,24,1,0
BRDA:269,25,0,0
BRDA:269,25,1,0
BRDA:272,26,0,0
BRDA:272,26,1,0
BRDA:278,27,0,0
BRDA:278,27,1,0
BRDA:329,28,0,0
BRDA:329,28,1,0
BRDA:330,29,0,0
BRDA:330,29,1,0
BRDA:349,30,0,0
BRDA:349,30,1,0
BRDA:350,31,0,0
[...]
BRF:18
BRH:13
end_of_record
TN:
SF:src/FormBuilder/validators/field.validators.ts
FN:9,(anonymous_0)
FN:29,(anonymous_1)
FN:50,(anonymous_2)
FN:70,(anonymous_3)
FN:125,(anonymous_4)
FN:151,(anonymous_5)
FN:176,(anonymous_6)
FN:186,(anonymous_7)
FN:200,(anonymous_8)
FN:220,(anonymous_9)
FNF:10
FNH:10
FNDA:13,(anonymous_0)
FNDA:12,(anonymous_1)
FNDA:14,(anonymous_2)
FNDA:13,(anonymous_3)
FNDA:3,(anonymous_4)
FNDA:13,(anonymous_5)
FNDA:3,(anonymous_6)
FNDA:15,(anonymous_7)
FNDA:13,(anonymous_8)
FNDA:9,(anonymous_9)
DA:6,6
DA:9,6
DA:10,13
DA:12,13
DA:13,3
DA:18,10
DA:19,1
DA:26,13
DA:29,6
DA:30,12
DA:31,12
DA:33,12
DA:34,1
DA:39,11
DA:40,3
DA:47,12
DA:50,6
DA:53,14
DA:54,14
DA:55,14
DA:57,14
DA:58,12
DA:59,1
DA:67,14
DA:70,6
DA:73,13
DA:74,13
DA:89,13
DA:91,10
DA:92,0
DA:98,10
DA:100,10
DA:101,1
DA:106,9
DA:107,0
DA:112,9
DA:113,1
DA:122,13
DA:125,6
DA:130,3
DA:132,3
DA:133,0
DA:140,3
DA:141,1
DA:148,3
DA:151,6
DA:154,13
DA:155,13
DA:157,13
DA:158,3
DA:159,3
DA:161,3
DA:162,0
DA:168,3
DA:169,1
DA:176,3
DA:177,3
DA:178,3
DA:183,13
DA:186,6
DA:187,15
DA:189,15
DA:190,3
DA:197,15
DA:200,6
DA:201,13
DA:203,13
DA:204,3
DA:205,3
DA:206,2
DA:207,2
DA:208,1
DA:217,13
DA:220,6
DA:221,9
DA:223,9
DA:224,9
DA:225,9
DA:226,9
DA:227,9
DA:228,9
DA:229,9
DA:231,9
LF:83
LH:79
BRDA:12,0,0,3
BRDA:12,0,1,10
BRDA:12,1,0,13
BRDA:12,1,1,10
BRDA:18,2,0,1
BRDA:18,2,1,9
BRDA:33,3,0,1
BRDA:33,3,1,11
BRDA:33,4,0,12
BRDA:33,4,1,11
BRDA:39,5,0,3
BRDA:39,5,1,8
BRDA:57,6,0,12
BRDA:57,6,1,2
BRDA:57,7,0,14
BRDA:57,7,1,13
BRDA:58,8,0,1
BRDA:58,8,1,11
BRDA:58,9,0,12
BRDA:58,9,1,11
BRDA:89,10,0,10
BRDA:89,10,1,3
BRDA:91,11,0,0
BRDA:91,11,1,10
BRDA:100,12,0,1
BRDA:100,12,1,9
BRDA:100,13,0,10
BRDA:100,13,1,9
BRDA:106,14,0,0
BRDA:106,14,1,9
BRDA:112,15,0,1
BRDA:112,15,1,8
BRDA:132,16,0,0
BRDA:132,16,1,3
BRDA:132,17,0,3
BRDA:132,17,1,3
BRDA:140,18,0,1
BRDA:140,18,1,2
BRDA:140,19,0,3
BRDA:140,19,1,2
BRDA:157,20,0,3
BRDA:157,20,1,10
BRDA:157,21,0,13
BRDA:157,21,1,3
BRDA:161,22,0,0
BRDA:161,22,1,3
BRDA:168,23,0,1
BRDA:168,23,1,2
BRDA:189,24,0,3
BRDA:189,24,1,12
BRDA:189,25,0,15
BRDA:189,25,1,5
BRDA:189,25,2,3
BRDA:203,26,0,3
BRDA:203,26,1,10
BRDA:203,27,0,13
BRDA:203,27,1,3
BRDA:205,28,0,2
BRDA:205,28,1,1
BRDA:207,29,0,1
BRDA:207,29,1,1
BRF:61
BRH:57
end_of_record
TN:
SF:src/FormBuilder/validators/form-definition.validators.ts
FN:12,(anonymous_0)
FN:34,(anonymous_1)
FNF:2
FNH:2
FNDA:6,(anonymous_0)
FNDA:4,(anonymous_1)
DA:7,6
DA:8,6
DA:9,6
DA:10,6
DA:12,6
DA:13,6
DA:15,6
DA:16,1
DA:17,1
DA:21,5
DA:24,5
DA:25,5
DA:28,5
DA:29,5
DA:32,5
DA:33,5
DA:34,4
DA:35,4
DA:36,3
DA:42,5
DA:43,5
DA:46,5
DA:47,4
DA:48,4
DA:51,5
LF:25
LH:25
BRDA:15,0,0,1
BRDA:15,0,1,5
BRDA:15,1,0,6
BRDA:15,1,1,5
BRDA:33,2,0,4
BRDA:33,2,1,1
BRDA:33,3,0,5
BRDA:33,3,1,4
BRDA:35,4,0,3
BRDA:35,4,1,1
BRDA:46,5,0,4
BRDA:46,5,1,1
BRDA:46,6,0,5
BRDA:46,6,1,4
BRF:14
BRH:14
end_of_record
TN:
SF:src/FormBuilder/validators/form-settings.validators.ts
FN:10,(anonymous_0)
FN:31,(anonymous_1)
FN:51,(anonymous_2)
FN:79,(anonymous_3)
FN:102,(anonymous_4)
FN:115,(anonymous_5)
FNF:6
FNH:6
FNDA:11,(anonymous_0)
FNDA:11,(anonymous_1)
FNDA:9,(anonymous_2)
FNDA:10,(anonymous_3)
FNDA:9,(anonymous_4)
FNDA:9,(anonymous_5)
DA:6,6
DA:8,6
DA:10,6
DA:11,11
DA:12,11
DA:14,11
DA:15,1
DA:20,10
DA:21,3
DA:28,11
DA:31,6
DA:32,11
DA:34,11
DA:35,3
DA:40,8
DA:41,1
DA:48,11
DA:51,6
DA:52,9
DA:54,9
DA:55,1
DA:60,1
DA:63,8
DA:65,8
DA:66,8
DA:68,8
DA:69,2
DA:76,8
DA:79,6
DA:80,10
DA:82,10
DA:83,2
DA:88,2
DA:91,8
DA:92,1
DA:97,1
DA:101,7
DA:102,7
DA:103,9
DA:104,2
DA:109,7
DA:110,6
DA:115,7
DA:116,9
DA:117,9
DA:120,7
LF:46
LH:46
BRDA:14,0,0,1
BRDA:14,0,1,10
BRDA:14,1,0,11
BRDA:14,1,1,10
BRDA:20,2,0,3
BRDA:20,2,1,7
BRDA:34,3,0,3
BRDA:34,3,1,8
BRDA:34,4,0,11
BRDA:34,4,1,8
BRDA:40,5,0,1
BRDA:40,5,1,7
BRDA:54,6,0,1
BRDA:54,6,1,8
BRDA:54,7,0,9
BRDA:54,7,1,8
BRDA:68,8,0,2
BRDA:68,8,1,6
BRDA:68,9,0,8
BRDA:68,9,1,6
BRDA:82,10,0,2
BRDA:82,10,1,8
BRDA:91,11,0,1
BRDA:91,11,1,7
BRDA:103,12,0,2
BRDA:103,12,1,7
BRDA:103,13,0,9
BRDA:103,13,1,8
BRDA:109,14,0,6
BRDA:109,14,1,1
BRF:30
BRH:30
end_of_record
TN:
SF:src/FormBuilder/validators/index.ts
FN:8,(anonymous_0)
FN:9,(anonymous_1)
FN:10,(anonymous_2)
FN:11,(anonymous_3)
FN:12,(anonymous_4)
FN:13,(anonymous_5)
FN:14,(anonymous_6)
FN:15,(anonymous_7)
FN:16,(anonymous_8)
FN:21,(anonymous_9)
FN:22,(anonymous_10)
FN:23,(anonymous_11)
FN:24,(anonymous_12)
FN:29,(anonymous_13)
FN:30,(anonymous_14)
FN:31,(anonymous_15)
FN:32,(anonymous_16)
FN:33,(anonymous_17)
FN:34,(anonymous_18)
FN:35,(anonymous_19)
FN:36,(anonymous_20)
FN:41,(anonymous_21)
FN:42,(anonymous_22)
FN:43,(anonymous_23)
FN:44,(anonymous_24)
FN:48,(anonymous_25)
FN:51,(anonymous_26)
FNF:27
FNH:25
FNDA:4,(anonymous_0)
FNDA:3,(anonymous_1)
FNDA:5,(anonymous_2)
FNDA:4,(anonymous_3)
FNDA:0,(anonymous_4)
FNDA:4,(anonymous_5)
FNDA:6,(anonymous_6)
FNDA:4,(anonymous_7)
FNDA:0,(anonymous_8)
FNDA:3,(anonymous_9)
FNDA:3,(anonymous_10)
FNDA:4,(anonymous_11)
FNDA:5,(anonymous_12)
FNDA:6,(anonymous_13)
FNDA:2,(anonymous_14)
FNDA:6,(anonymous_15)
FNDA:8,(anonymous_16)
FNDA:8,(anonymous_17)
FNDA:7,(anonymous_18)
FNDA:5,(anonymous_19)
FNDA:7,(anonymous_20)
FNDA:4,(anonymous_21)
FNDA:4,(anonymous_22)
FNDA:5,(anonymous_23)
FNDA:3,(anonymous_24)
FNDA:10,(anonymous_25)
FNDA:6,(anonymous_26)
DA:7,6
DA:8,10
DA:9,9
DA:10,11
DA:11,10
DA:12,6
DA:13,10
DA:14,12
DA:15,10
DA:16,6
DA:20,6
DA:21,9
DA:22,9
DA:23,10
DA:24,11
DA:28,6
DA:29,12
DA:30,8
DA:31,12
DA:32,14
DA:33,14
DA:34,13
DA:35,11
DA:36,13
DA:40,6
DA:41,10
DA:42,10
DA:43,11
DA:44,9
DA:48,16
DA:51,12
LF:31
LH:31
BRF:0
BRH:0
end_of_record
TN:
SF:src/FormBuilder/validators/logic.validators.ts
FN:15,(anonymous_0)
FN:57,(anonymous_1)
FN:82,(anonymous_2)
FN:125,(anonymous_3)
FN:158,(anonymous_4)
FN:185,(anonymous_5)
FN:212,(anonymous_6)
FN:231,(anonymous_7)
FN:268,(anonymous_8)
FN:304,(anonymous_9)
FN:311,(anonymous_10)
FN:320,(anonymous_11)
FN:346,(anonymous_12)
FN:360,(anonymous_13)
FNF:14
FNH:13
FNDA:16,(anonymous_0)
FNDA:34,(anonymous_1)
FNDA:32,(anonymous_2)
FNDA:24,(anonymous_3)
FNDA:33,(anonymous_4)
FNDA:20,(anonymous_5)
FNDA:26,(anonymous_6)
FNDA:17,(anonymous_7)
FNDA:11,(anonymous_8)
FNDA:10,(anonymous_9)
FNDA:0,(anonymous_10)
FNDA:12,(anonymous_11)
FNDA:6,(anonymous_12)
FNDA:2,(anonymous_13)
DA:6,6
DA:15,6
DA:20,16
DA:21,16
DA:23,16
DA:24,0
DA:29,0
DA:32,16
DA:33,3
DA:40,16
DA:41,1
DA:46,15
DA:47,2
DA:54,16
DA:57,6
DA:62,34
DA:63,34
DA:65,34
DA:66,0
DA:71,34
DA:72,2
DA:79,34
DA:82,6
DA:88,32
DA:89,32
DA:91,32
DA:92,0
DA:97,0
DA:100,32
DA:102,32
DA:103,1
DA:111,32
DA:112,32
DA:114,32
DA:115,2
DA:122,32
DA:125,6
DA:130,24
DA:131,24
DA:132,24
DA:134,24
DA:135,0
DA:140,0
DA:143,24
DA:144,2
DA:151,24
DA:152,1
DA:158,23
DA:159,33
DA:162,33
DA:164,6
DA:165,6
DA:166,27
DA:168,26
DA:169,26
DA:172,1
DA:181,24
DA:185,6
DA:192,20
DA:193,20
DA:195,20
DA:196,1
DA:201,1
DA:204,19
DA:205,2
DA:212,19
DA:213,26
DA:214,3
DA:219,23
DA:220,3
DA:228,19
DA:231,6
DA:238,17
DA:239,17
DA:240,17
DA:242,17
DA:243,2
DA:248,2
DA:251,15
DA:252,3
DA:260,15
DA:261,12
DA:262,12
DA:265,15
DA:268,6
DA:273,11
DA:275,11
DA:276,1
DA:281,1
DA:284,10
DA:286,10
DA:287,1
DA:294,10
DA:295,10
DA:297,10
DA:298,0
DA:304,10
DA:305,10
DA:306,10
DA:310,10
DA:311,0
DA:312,0
DA:313,0
DA:317,10
DA:320,6
DA:321,12
DA:323,12
DA:325,6
DA:328,6
DA:329,0
DA:336,6
DA:337,0
DA:342,0
DA:345,6
DA:346,6
DA:347,6
DA:348,1
DA:353,5
DA:354,5
DA:357,6
DA:359,6
DA:360,6
DA:361,2
DA:362,0
DA:363,0
DA:368,2
DA:370,6
DA:373,6
LF:128
LH:112
BRDA:23,0,0,0
BRDA:23,0,1,16
BRDA:23,1,0,16
BRDA:23,1,1,16
BRDA:32,2,0,3
BRDA:32,2,1,13
BRDA:32,3,0,16
BRDA:32,3,1,15
BRDA:40,4,0,1
BRDA:40,4,1,15
BRDA:40,5,0,16
BRDA:40,5,1,15
BRDA:46,6,0,2
BRDA:46,6,1,13
BRDA:46,7,0,15
BRDA:46,7,1,14
BRDA:46,7,2,5
BRDA:65,8,0,0
BRDA:65,8,1,34
BRDA:65,9,0,34
BRDA:65,9,1,34
BRDA:71,10,0,2
BRDA:71,10,1,32
BRDA:86,11,0,6
BRDA:89,12,0,32
BRDA:89,12,1,6
BRDA:91,13,0,0
BRDA:91,13,1,32
BRDA:91,14,0,32
BRDA:91,14,1,32
BRDA:102,15,0,1
BRDA:102,15,1,31
BRDA:102,16,0,32
BRDA:102,16,1,31
BRDA:114,17,0,2
BRDA:114,17,1,30
BRDA:114,18,0,32
BRDA:114,18,1,30
BRDA:114,18,2,28
BRDA:128,19,0,18
BRDA:132,20,0,24
BRDA:132,20,1,18
BRDA:134,21,0,0
BRDA:134,21,1,24
BRDA:134,22,0,24
BRDA:134,22,1,24
BRDA:143,23,0,2
BRDA:143,23,1,22
BRDA:143,24,0,24
BRDA:143,24,1,24
BRDA:151,25,0,1
BRDA:151,25,1,23
BRDA:162,26,0,6
BRDA:162,26,1,27
BRDA:166,27,0,26
BRDA:166,27,1,1
BRDA:189,28,0,5
BRDA:193,29,0,1
BRDA:193,29,1,19
BRDA:195,30,0,1
BRDA:195,30,1,19
BRDA:204,31,0,2
BRDA:204,31,1,17
BRDA:213,32,0,3
BRDA:213,32,1,23
BRDA:219,33,0,3
BRDA:219,33,1,20
BRDA:219,34,0,23
BRDA:219,34,1,8
BRDA:235,35,0,5
BRDA:240,36,0,1
BRDA:240,36,1,16
BRDA:242,37,0,2
BRDA:242,37,1,15
BRDA:242,38,0,17
BRDA:242,38,1,16
BRDA:251,39,0,3
BRDA:251,39,1,12
BRDA:251,40,0,15
BRDA:251,40,1,14
BRDA:260,41,0,12
BRDA:260,41,1,3
BRDA:260,42,0,15
BRDA:260,42,1,12
BRDA:275,43,0,1
BRDA:275,43,1,10
BRDA:275,44,0,11
BRDA:275,44,1,10
BRDA:286,45,0,1
BRDA:286,45,1,9
BRDA:297,46,0,0
BRDA:297,46,1,10
BRDA:310,47,0,0
BRDA:310,47,1,10
BRDA:310,48,0,10
BRDA:310,48,1,0
BRDA:323,49,0,6
BRDA:323,49,1,6
BRDA:323,50,0,12
BRDA:323,50,1,6
BRDA:328,51,0,0
BRDA:328,51,1,6
BRDA:336,52,0,0
BRDA:336,52,1,6
BRDA:347,53,0,1
BRDA:347,53,1,5
BRDA:347,54,0,6
BRDA:347,54,1,6
BRDA:353,55,0,5
BRDA:353,55,1,0
BRDA:361,56,0,0
BRDA:361,56,1,2
BRDA:361,57,0,2
BRDA:361,57,1,2
BRDA:361,57,2,2
BRF:115
BRH:104
end_of_record
TN:
SF:src/FormBuilder/validators/utility.validators.ts
FN:13,(anonymous_0)
FN:26,(anonymous_1)
FN:58,(anonymous_2)
FN:82,(anonymous_3)
FN:86,(anonymous_4)
FN:92,(anonymous_5)
FN:104,(anonymous_6)
FNF:7
FNH:7
FNDA:4,(anonymous_0)
FNDA:4,(anonymous_1)
FNDA:5,(anonymous_2)
FNDA:7,(anonymous_3)
FNDA:8,(anonymous_4)
FNDA:3,(anonymous_5)
FNDA:3,(anonymous_6)
DA:13,6
DA:19,4
DA:20,4
DA:26,6
DA:27,4
DA:28,4
DA:29,2
DA:31,2
DA:58,6
DA:67,5
DA:68,5
DA:72,5
DA:73,2
DA:76,3
DA:82,6
DA:85,7
DA:86,8
DA:88,7
DA:89,4
DA:92,3
DA:94,3
DA:95,1
DA:103,3
DA:104,3
DA:105,3
DA:110,1
DA:117,3
DA:122,0
DA:132,3
LF:29
LH:28
BRDA:72,0,0,2
BRDA:72,0,1,3
BRDA:72,1,0,5
BRDA:72,1,1,3
BRDA:88,2,0,4
BRDA:88,2,1,3
BRDA:88,3,0,7
BRDA:88,3,1,3
BRDA:94,4,0,1
BRDA:94,4,1,2
BRDA:94,5,0,3
BRDA:94,5,1,3
BRDA:103,6,0,3
BRDA:103,6,1,0
BRDA:103,7,0,3
BRDA:103,7,1,3
BRDA:105,8,0,1
BRDA:105,8,1,2
BRDA:106,9,0,3
BRDA:106,9,1,3
BRDA:106,9,2,3
BRDA:117,10,0,0
BRDA:117,10,1,3
BRDA:118,11,0,3
BRDA:118,11,1,3
BRDA:118,11,2,0
BRF:26
BRH:23
end_of_record
TN:
SF:src/FormBuilder/validators/validation-result-builder.ts
FN:8,(anonymous_0)
FN:11,(anonymous_1)
FN:16,(anonymous_2)
FN:21,(anonymous_3)
FNF:4
FNH:4
FNDA:16,(anonymous_0)
FNDA:14,(anonymous_1)
FNDA:22,(anonymous_2)
FNDA:17,(anonymous_3)
DA:8,6
DA:9,16
DA:12,14
DA:13,14
DA:17,22
DA:18,22
DA:22,17
LF:7
LH:7
BRDA:11,0,0,0
BRF:1
BRH:0
end_of_record
TN:
SF:src/components/Button.tsx
FN:39,(anonymous_9)
FNF:1
FNH:1
FNDA:208,(anonymous_9)
DA:1,10
DA:2,10
DA:4,10
DA:6,10
DA:38,10
DA:42,208
DA:43,208
DA:45,208
DA:54,10
DA:56,10
LF:10
LH:10
BRDA:43,0,0,208
BRDA:43,0,1,208
BRDA:43,0,2,0
BRDA:43,1,0,208
BRDA:43,1,1,0
BRDA:47,2,0,208
BRDA:47,2,1,0
BRF:7
BRH:4
end_of_record
TN:
SF:src/components/Card.tsx
FN:9,(anonymous_1)
FNF:1
FNH:1
FNDA:37,(anonymous_1)
DA:1,9
DA:9,9
DA:10,37
LF:3
LH:3
BRDA:9,0,0,0
BRF:1
BRH:0
end_of_record
TN:
SF:src/components/Dialog.tsx
FN:56,(anonymous_9)
FN:60,(anonymous_10)
FN:63,(anonymous_11)
FN:68,(anonymous_12)
FN:72,(anonymous_13)
FN:79,(anonymous_14)
FN:87,(anonymous_15)
FN:102,(anonymous_16)
FN:112,(anonymous_17)
FN:135,(anonymous_18)
FNF:10
FNH:7
FNDA:81,(anonymous_9)
FNDA:52,(anonymous_10)
FNDA:0,(anonymous_11)
FNDA:0,(anonymous_12)
FNDA:43,(anonymous_13)
FNDA:50,(anonymous_14)
FNDA:9,(anonymous_15)
FNDA:0,(anonymous_16)
FNDA:1,(anonymous_17)
FNDA:8,(anonymous_18)
DA:1,9
DA:2,9
DA:3,9
DA:5,9
DA:56,9
DA:57,81
DA:58,81
DA:60,81
DA:61,52
DA:62,9
DA:63,9
DA:64,9
DA:67,43
DA:68,43
DA:69,0
DA:72,43
DA:79,81
DA:80,50
DA:82,9
DA:84,9
DA:87,9
DA:88,9
DA:94,81
DA:95,52
DA:102,29
DA:104,0
DA:105,0
DA:112,29
DA:113,1
DA:114,1
DA:118,29
DA:135,8
LF:32
LH:29
BRDA:56,0,0,50
BRDA:56,1,0,14
BRDA:56,2,0,81
BRDA:61,3,0,9
BRDA:61,3,1,43
BRDA:80,4,0,9
BRDA:80,4,1,41
BRDA:94,5,0,52
BRDA:94,5,1,29
BRDA:104,6,0,0
BRDA:104,6,1,0
BRDA:104,7,0,0
BRDA:104,7,1,0
BRDA:104,7,2,0
BRDA:113,8,0,1
BRDA:113,8,1,0
BRDA:113,9,0,1
BRDA:113,9,1,1
BRDA:121,10,0,17
BRDA:121,10,1,12
BRDA:132,11,0,17
BRDA:132,11,1,12
BRDA:143,12,0,29
BRDA:143,12,1,0
BRDA:146,13,0,29
BRDA:146,13,1,18
BRDA:154,14,0,29
BRDA:154,14,1,29
BRDA:165,15,0,29
BRDA:165,15,1,29
BRF:30
BRH:23
end_of_record
TN:
SF:src/components/IconInput.tsx
FN:9,(anonymous_1)
FNF:1
FNH:1
FNDA:5,(anonymous_1)
DA:1,9
DA:9,9
DA:16,5
LF:3
LH:3
BRDA:11,0,0,5
BRDA:12,1,0,0
BRDA:13,2,0,0
BRF:3
BRH:1
end_of_record
TN:
SF:src/components/SubNav.tsx
FN:15,(anonymous_1)
FN:18,(anonymous_2)
FN:21,(anonymous_3)
FNF:3
FNH:0
FNDA:0,(anonymous_1)
FNDA:0,(anonymous_2)
FNDA:0,(anonymous_3)
DA:1,9
DA:15,9
DA:16,0
DA:19,0
DA:21,0
LF:5
LH:2
BRDA:25,0,0,0
BRDA:25,0,1,0
BRDA:31,1,0,0
BRDA:31,1,1,0
BRF:4
BRH:0
end_of_record
TN:
SF:src/components/ThemeToggle.tsx
FN:4,(anonymous_9)
FN:7,(anonymous_10)
FN:22,(anonymous_11)
FNF:3
FNH:0
FNDA:0,(anonymous_9)
FNDA:0,(anonymous_10)
FNDA:0,(anonymous_11)
DA:1,9
DA:2,9
DA:4,9
DA:5,0
DA:7,0
DA:9,0
DA:10,0
DA:12,0
DA:13,0
DA:15,0
DA:16,0
DA:18,0
DA:22,0
DA:23,0
DA:24,0
DA:26,0
DA:27,0
DA:28,0
DA:30,0
DA:31,0
DA:35,0
LF:21
LH:3
BRDA:12,0,0,0
BRDA:12,0,1,0
BRDA:12,0,2,0
BRDA:15,1,0,0
BRDA:15,1,1,0
BRDA:26,2,0,0
BRDA:26,2,1,0
BRDA:39,3,0,0
BRDA:39,3,1,0
BRDA:40,4,0,0
BRDA:40,4,1,0
BRDA:42,5,0,0
BRDA:42,5,1,0
BRF:13
BRH:0
end_of_record
TN:
SF:src/components/TvModal.tsx
FN:11,(anonymous_9)
FNF:1
FNH:0
FNDA:0,(anonymous_9)
DA:1,9
DA:2,9
DA:11,9
DA:12,0
LF:4
LH:3
BRF:0
BRH:0
end_of_record
TN:
SF:src/components/badge.tsx
FN:34,Badge
FNF:1
FNH:0
FNDA:0,Badge
DA:1,0
DA:2,0
DA:4,0
DA:6,0
DA:35,0
DA:40,0
LF:6
LH:0
BRF:0
BRH:0
end_of_record
TN:
SF:src/components/dropdown-menu.tsx
FN:6,(anonymous_9)
FN:13,(anonymous_10)
FN:26,(anonymous_11)
FN:49,(anonymous_12)
FN:52,(anonymous_13)
FNF:5
FNH:0
FNDA:0,(anonymous_9)
FNDA:0,(anonymous_10)
FNDA:0,(anonymous_11)
FNDA:0,(anonymous_12)
FNDA:0,(anonymous_13)
DA:1,0
DA:2,0
DA:3,0
DA:6,0
DA:7,0
DA:12,0
DA:14,0
DA:24,0
DA:26,0
DA:27,0
DA:49,0
DA:50,0
DA:53,0
DA:69,0
DA:72,0
DA:73,0
DA:74,0
DA:75,0
LF:18
LH:0
BRDA:17,0,0,0
BRDA:17,0,1,0
BRDA:26,1,0,0
BRDA:40,2,0,0
BRDA:40,2,1,0
BRDA:40,3,0,0
BRDA:40,3,1,0
BRDA:58,4,0,0
BRDA:58,4,1,0
BRF:9
BRH:0
end_of_record
TN:
SF:src/components/index.ts
FN:2,(anonymous_0)
FN:5,(anonymous_1)
FN:8,(anonymous_2)
FN:11,(anonymous_3)
FN:14,(anonymous_4)
FN:17,(anonymous_5)
FN:19,(anonymous_6)
FN:21,(anonymous_7)
FNF:8
FNH:3
FNDA:203,(anonymous_0)
FNDA:37,(anonymous_1)
FNDA:0,(anonymous_2)
FNDA:5,(anonymous_3)
FNDA:0,(anonymous_4)
FNDA:0,(anonymous_5)
FNDA:0,(anonymous_6)
FNDA:0,(anonymous_7)
DA:2,212
DA:5,46
DA:8,9
DA:11,14
DA:14,9
DA:17,9
DA:19,9
DA:21,9
LF:8
LH:8
BRF:0
BRH:0
end_of_record
TN:
SF:src/components/input.tsx
FN:6,(anonymous_9)
FNF:1
FNH:0
FNDA:0,(anonymous_9)
DA:1,0
DA:3,0
DA:5,0
DA:7,0
DA:20,0
DA:22,0
LF:6
LH:0
BRF:0
BRH:0
end_of_record
TN:
SF:src/components/label.tsx
FN:15,(anonymous_9)
FNF:1
FNH:0
FNDA:0,(anonymous_9)
DA:1,0
DA:2,0
DA:4,0
DA:6,0
DA:14,0
DA:16,0
DA:23,0
DA:25,0
LF:8
LH:0
BRF:0
BRH:0
end_of_record
TN:
SF:src/components/pagination.tsx
FN:7,(anonymous_9)
FN:20,(anonymous_10)
FN:32,(anonymous_11)
FN:42,(anonymous_12)
FN:58,(anonymous_13)
FN:74,(anonymous_14)
FN:90,(anonymous_15)
FNF:7
FNH:0
FNDA:0,(anonymous_9)
FNDA:0,(anonymous_10)
FNDA:0,(anonymous_11)
FNDA:0,(anonymous_12)
FNDA:0,(anonymous_13)
FNDA:0,(anonymous_14)
FNDA:0,(anonymous_15)
DA:1,0
DA:2,0
DA:4,0
DA:5,0
DA:7,0
DA:8,0
DA:15,0
DA:17,0
DA:21,0
DA:27,0
DA:29,0
DA:33,0
DA:35,0
DA:42,0
DA:48,0
DA:56,0
DA:58,0
DA:62,0
DA:72,0
DA:74,0
DA:78,0
DA:88,0
DA:90,0
DA:94,0
DA:103,0
DA:106,0
DA:107,0
DA:108,0
DA:109,0
DA:110,0
DA:111,0
DA:112,0
LF:32
LH:0
BRDA:45,0,0,0
BRDA:49,1,0,0
BRDA:49,1,1,0
BRDA:50,2,0,0
BRDA:50,2,1,0
BRF:5
BRH:0
end_of_record
TN:
SF:src/components/scroll-area.tsx
FN:8,(anonymous_9)
FN:26,(anonymous_10)
FNF:2
FNH:0
FNDA:0,(anonymous_9)
FNDA:0,(anonymous_10)
DA:1,0
DA:3,0
DA:7,0
DA:9,0
DA:18,0
DA:25,0
DA:27,0
DA:34,0
DA:36,0
LF:9
LH:0
BRDA:26,0,0,0
BRF:1
BRH:0
end_of_record
TN:
SF:src/components/select.tsx
FN:6,(anonymous_9)
FN:14,(anonymous_10)
FN:29,(anonymous_11)
FN:37,(anonymous_12)
FN:55,(anonymous_13)
FN:59,(anonymous_14)
FN:68,(anonymous_15)
FNF:7
FNH:0
FNDA:0,(anonymous_9)
FNDA:0,(anonymous_10)
FNDA:0,(anonymous_11)
FNDA:0,(anonymous_12)
FNDA:0,(anonymous_13)
FNDA:0,(anonymous_14)
FNDA:0,(anonymous_15)
DA:1,0
DA:2,0
DA:3,0
DA:4,0
DA:6,0
DA:7,0
DA:14,0
DA:15,0
DA:27,0
DA:29,0
DA:30,0
DA:37,0
DA:38,0
DA:55,0
DA:56,0
DA:60,0
DA:69,0
DA:82,0
LF:18
LH:0
BRDA:62,0,0,0
BRDA:62,0,1,0
BRDA:70,1,0,0
BRDA:70,1,1,0
BRDA:73,2,0,0
BRDA:73,2,1,0
BRF:6
BRH:0
end_of_record
TN:
SF:src/components/table.tsx
FN:8,(anonymous_9)
FN:22,(anonymous_10)
FN:30,(anonymous_11)
FN:42,(anonymous_12)
FN:57,(anonymous_13)
FN:72,(anonymous_14)
FN:87,(anonymous_15)
FN:102,(anonymous_16)
FNF:8
FNH:0
FNDA:0,(anonymous_9)
FNDA:0,(anonymous_10)
FNDA:0,(anonymous_11)
FNDA:0,(anonymous_12)
FNDA:0,(anonymous_13)
FNDA:0,(anonymous_14)
FNDA:0,(anonymous_15)
FNDA:0,(anonymous_16)
DA:1,0
DA:3,0
DA:5,0
DA:9,0
DA:17,0
DA:19,0
DA:23,0
DA:25,0
DA:27,0
DA:31,0
DA:37,0
DA:39,0
DA:43,0
DA:52,0
DA:54,0
DA:58,0
DA:67,0
DA:69,0
DA:73,0
DA:82,0
DA:84,0
DA:88,0
DA:97,0
DA:99,0
DA:103,0
DA:109,0
DA:112,0
DA:113,0
DA:114,0
DA:115,0
DA:116,0
DA:117,0
DA:118,0
DA:119,0
LF:34
LH:0
BRF:0
BRH:0
end_of_record
TN:
SF:src/components/textarea.tsx
FN:8,(anonymous_9)
FNF:1
FNH:0
FNDA:0,(anonymous_9)
DA:1,0
DA:3,0
DA:5,0
DA:9,0
DA:20,0
DA:22,0
LF:6
LH:0
BRF:0
BRH:0
end_of_record
TN:
SF:src/data/parseMockData.ts
FN:15,(anonymous_1)
FN:28,(anonymous_2)
FN:43,(anonymous_3)
FN:45,(anonymous_4)
FN:47,(anonymous_5)
FNF:5
FNH:0
FNDA:0,(anonymous_1)
FNDA:0,(anonymous_2)
FNDA:0,(anonymous_3)
FNDA:0,(anonymous_4)
FNDA:0,(anonymous_5)
DA:1,0
DA:2,0
DA:3,0
DA:6,0
DA:7,0
DA:9,0
DA:10,0
DA:12,0
DA:13,0
DA:15,0
DA:21,0
DA:22,0
DA:27,0
DA:28,0
DA:31,0
DA:43,0
DA:45,0
DA:47,0
LF:18
LH:0
BRDA:19,0,0,0
BRDA:21,1,0,0
BRDA:21,1,1,0
BRDA:27,2,0,0
BRDA:27,2,1,0
BRDA:35,3,0,0
BRDA:35,3,1,0
BRDA:36,4,0,0
BRDA:36,4,1,0
BRF:9
BRH:0
end_of_record
TN:
SF:src/lib/utils.ts
FN:4,cn
FNF:1
FNH:1
FNDA:208,cn
DA:1,10
DA:2,10
DA:4,10
DA:5,208
LF:4
LH:4
BRF:0
BRH:0
end_of_record
TN:
SF:src/pages/Automations.tsx
FN:16,Automations
FN:25,(anonymous_2)
FN:29,(anonymous_3)
FN:47,(anonymous_4)
FNF:4
FNH:0
FNDA:0,Automations
FNDA:0,(anonymous_2)
FNDA:0,(anonymous_3)
FNDA:0,(anonymous_4)
DA:1,0
DA:2,0
DA:3,0
DA:4,0
DA:5,0
DA:6,0
DA:7,0
DA:9,0
DA:16,0
DA:17,0
DA:18,0
DA:22,0
DA:23,0
DA:25,0
DA:26,0
DA:29,0
DA:30,0
DA:31,0
DA:32,0
DA:35,0
DA:47,0
LF:21
LH:0
BRF:0
BRH:0
end_of_record
TN:
SF:src/pages/EmailBuilder.tsx
FN:5,EmailBuilder
FNF:1
FNH:0
FNDA:0,EmailBuilder
DA:1,0
DA:2,0
DA:3,0
DA:5,0
DA:6,0
DA:8,0
LF:6
LH:0
BRDA:15,0,0,0
BRDA:15,0,1,0
BRF:2
BRH:0
end_of_record
TN:
SF:src/pages/Emails.tsx
FN:20,Emails
FN:25,(anonymous_2)
FN:28,(anonymous_3)
FN:32,(anonymous_4)
FN:51,(anonymous_5)
FNF:5
FNH:0
FNDA:0,Emails
FNDA:0,(anonymous_2)
FNDA:0,(anonymous_3)
FNDA:0,(anonymous_4)
FNDA:0,(anonymous_5)
DA:1,0
DA:2,0
DA:3,0
DA:4,0
DA:5,0
DA:6,0
DA:7,0
DA:9,0
DA:20,0
DA:21,0
DA:22,0
DA:25,0
DA:26,0
DA:28,0
DA:29,0
DA:32,0
DA:33,0
DA:34,0
DA:36,0
DA:39,0
DA:51,0
LF:21
LH:0
BRF:0
BRH:0
end_of_record
TN:
SF:src/pages/FormBuilder.tsx
FN:5,FormBuilder
FNF:1
FNH:0
FNDA:0,FormBuilder
DA:1,0
DA:2,0
DA:3,0
DA:5,0
DA:6,0
DA:8,0
LF:6
LH:0
BRDA:15,0,0,0
BRDA:15,0,1,0
BRF:2
BRH:0
end_of_record
TN:
SF:src/pages/Forms.tsx
FN:16,Forms
FN:21,(anonymous_2)
FN:24,(anonymous_3)
FN:28,(anonymous_4)
FN:46,(anonymous_5)
FNF:5
FNH:0
FNDA:0,Forms
FNDA:0,(anonymous_2)
FNDA:0,(anonymous_3)
FNDA:0,(anonymous_4)
FNDA:0,(anonymous_5)
DA:1,0
DA:2,0
DA:3,0
DA:4,0
DA:5,0
DA:6,0
DA:7,0
DA:9,0
DA:16,0
DA:17,0
DA:18,0
DA:21,0
DA:22,0
DA:24,0
DA:25,0
DA:28,0
DA:29,0
DA:30,0
DA:31,0
DA:34,0
DA:46,0
LF:21
LH:0
BRF:0
BRH:0
end_of_record
TN:
SF:src/pages/Home.tsx
FN:1,Home
FNF:1
FNH:0
FNDA:0,Home
DA:1,0
DA:2,0
LF:2
LH:0
BRF:0
BRH:0
end_of_record
